2024-11-20 05:33:53.737 [info] Reading sessions from keychain...
2024-11-20 05:33:53.737 [info] Getting sessions for all scopes...
2024-11-20 05:33:53.737 [info] Getting sessions for all scopes...
2024-11-20 05:33:53.737 [info] Getting sessions for user:email...
2024-11-20 05:33:53.737 [info] Got stored sessions!
2024-11-20 05:33:53.737 [info] Got 6 verified sessions.
2024-11-20 05:33:53.737 [info] Got 6 sessions for ...
2024-11-20 05:33:53.737 [info] Got 6 sessions for ...
2024-11-20 05:33:53.737 [info] Got 1 sessions for user:email...
2024-11-20 05:33:53.839 [info] Getting sessions for codespace,read:user,repo,user:email...
2024-11-20 05:33:53.839 [info] Getting sessions for all scopes...
2024-11-20 05:33:53.840 [info] Got 1 sessions for codespace,read:user,repo,user:email...
2024-11-20 05:33:53.840 [info] Got 6 sessions for ...
2024-11-20 05:33:53.928 [info] Getting sessions for all scopes...
2024-11-20 05:33:53.928 [info] Got 6 sessions for ...
2024-11-20 05:33:54.081 [info] Getting sessions for all scopes...
2024-11-20 05:33:54.081 [info] Got 6 sessions for ...
2024-11-20 05:33:54.174 [info] Getting sessions for all scopes...
2024-11-20 05:33:54.174 [info] Got 6 sessions for ...
2024-11-20 05:33:54.357 [info] Getting sessions for all scopes...
2024-11-20 05:33:54.358 [info] Got 6 sessions for ...
2024-11-20 05:33:56.260 [info] Getting sessions for all scopes...
2024-11-20 05:33:56.260 [info] Got 6 sessions for ...
2024-11-20 05:33:57.652 [info] Getting sessions for read:user,repo,user:email,workflow...
2024-11-20 05:33:57.652 [info] Got 1 sessions for read:user,repo,user:email,workflow...
2024-11-20 05:33:57.978 [info] Getting sessions for all scopes...
2024-11-20 05:33:57.978 [info] Getting sessions for all scopes...
2024-11-20 05:33:57.978 [info] Got 6 sessions for ...
2024-11-20 05:33:57.978 [info] Got 6 sessions for ...
2024-11-20 05:33:58.275 [info] Getting sessions for project,read:org,read:user,repo,user:email,workflow...
2024-11-20 05:33:58.275 [info] Got 0 sessions for project,read:org,read:user,repo,user:email,workflow...
2024-11-20 05:33:58.507 [info] Getting sessions for read:user,repo,user:email,workflow...
2024-11-20 05:33:58.507 [info] Got 1 sessions for read:user,repo,user:email,workflow...
2024-11-20 05:33:58.591 [info] Getting sessions for read:user,repo,user:email,workflow...
2024-11-20 05:33:58.591 [info] Got 1 sessions for read:user,repo,user:email,workflow...
2024-11-20 05:34:00.945 [info] Getting sessions for all scopes...
2024-11-20 05:34:00.945 [info] Getting sessions for all scopes...
2024-11-20 05:34:00.945 [info] Got 6 sessions for ...
2024-11-20 05:34:00.945 [info] Got 6 sessions for ...
2024-11-20 05:34:02.572 [info] Getting sessions for read:user,repo,user:email,workflow...
2024-11-20 05:34:02.572 [info] Got 1 sessions for read:user,repo,user:email,workflow...
2024-11-20 05:34:06.748 [info] Getting sessions for read:user,repo,user:email,workflow...
2024-11-20 05:34:06.748 [info] Got 1 sessions for read:user,repo,user:email,workflow...
