2024-11-20 10:50:36.094 [info] Reading sessions from keychain...
2024-11-20 10:50:36.094 [info] Getting sessions for all scopes...
2024-11-20 10:50:36.094 [info] Getting sessions for all scopes...
2024-11-20 10:50:36.094 [info] Getting sessions for user:email...
2024-11-20 10:50:36.094 [info] Got stored sessions!
2024-11-20 10:50:36.094 [info] Got 6 verified sessions.
2024-11-20 10:50:36.094 [info] Got 6 sessions for ...
2024-11-20 10:50:36.094 [info] Got 6 sessions for ...
2024-11-20 10:50:36.094 [info] Got 1 sessions for user:email...
2024-11-20 10:50:36.168 [info] Getting sessions for codespace,read:user,repo,user:email...
2024-11-20 10:50:36.168 [info] Getting sessions for all scopes...
2024-11-20 10:50:36.168 [info] Got 1 sessions for codespace,read:user,repo,user:email...
2024-11-20 10:50:36.169 [info] Got 6 sessions for ...
2024-11-20 10:50:36.285 [info] Getting sessions for all scopes...
2024-11-20 10:50:36.285 [info] Got 6 sessions for ...
2024-11-20 10:50:36.602 [info] Getting sessions for all scopes...
2024-11-20 10:50:36.602 [info] Got 6 sessions for ...
2024-11-20 10:50:36.829 [info] Getting sessions for all scopes...
2024-11-20 10:50:36.830 [info] Got 6 sessions for ...
2024-11-20 10:50:37.504 [info] Getting sessions for all scopes...
2024-11-20 10:50:37.504 [info] Got 6 sessions for ...
2024-11-20 10:50:37.876 [info] Getting sessions for all scopes...
2024-11-20 10:50:37.876 [info] Got 6 sessions for ...
2024-11-20 10:50:39.163 [info] Getting sessions for read:user,repo,user:email,workflow...
2024-11-20 10:50:39.163 [info] Got 1 sessions for read:user,repo,user:email,workflow...
2024-11-20 10:50:39.628 [info] Getting sessions for all scopes...
2024-11-20 10:50:39.629 [info] Getting sessions for all scopes...
2024-11-20 10:50:39.629 [info] Getting sessions for read:user,repo,user:email,workflow...
2024-11-20 10:50:39.629 [info] Got 6 sessions for ...
2024-11-20 10:50:39.630 [info] Got 6 sessions for ...
2024-11-20 10:50:39.630 [info] Got 1 sessions for read:user,repo,user:email,workflow...
2024-11-20 10:50:40.354 [info] Getting sessions for project,read:org,read:user,repo,user:email,workflow...
2024-11-20 10:50:40.354 [info] Got 0 sessions for project,read:org,read:user,repo,user:email,workflow...
2024-11-20 10:50:40.662 [info] Getting sessions for read:user,repo,user:email,workflow...
2024-11-20 10:50:40.662 [info] Got 1 sessions for read:user,repo,user:email,workflow...
2024-11-20 10:50:40.748 [info] Getting sessions for read:user,repo,user:email,workflow...
2024-11-20 10:50:40.749 [info] Got 1 sessions for read:user,repo,user:email,workflow...
2024-11-20 10:50:42.368 [info] Getting sessions for all scopes...
2024-11-20 10:50:42.368 [info] Getting sessions for all scopes...
2024-11-20 10:50:42.369 [info] Got 6 sessions for ...
2024-11-20 10:50:42.369 [info] Got 6 sessions for ...
2024-11-20 10:50:42.479 [info] Getting sessions for read:user,repo,user:email,workflow...
2024-11-20 10:50:42.480 [info] Got 1 sessions for read:user,repo,user:email,workflow...
2024-11-20 10:50:43.246 [info] Getting sessions for read:user,repo,user:email,workflow...
2024-11-20 10:50:43.246 [info] Got 1 sessions for read:user,repo,user:email,workflow...
2024-11-20 10:50:45.828 [info] Getting sessions for read:user,repo,user:email,workflow...
2024-11-20 10:50:45.828 [info] Got 1 sessions for read:user,repo,user:email,workflow...
2024-11-20 11:07:24.423 [info] Getting sessions for all scopes...
2024-11-20 11:07:24.423 [info] Got 6 sessions for ...
2024-11-20 11:08:56.995 [info] Getting sessions for read:user,repo,user:email,workflow...
2024-11-20 11:08:56.995 [info] Got 1 sessions for read:user,repo,user:email,workflow...
2024-11-20 11:08:57.753 [info] Getting sessions for all scopes...
2024-11-20 11:08:57.753 [info] Got 6 sessions for ...
2024-11-20 11:08:58.007 [info] Getting sessions for read:user,repo,user:email,workflow...
2024-11-20 11:08:58.007 [info] Got 1 sessions for read:user,repo,user:email,workflow...
