[Client I] GitHub Codespaces version 1.17.3
[Client I] isRunningInWeb: "true"
[Client V] Initializing authentication
[API I] Successfully signed in
[Client:extension:db5e I] initializing
[Client:extension:db5e:resolver I] created with protocol "codespaces"
[RemoteExplorer I] Updating codespace performance info
[RemoteExplorer I] Updating codespace performance info
[DevContainerJsonSupport I] Initializing devcontainer.json support package
[DevContainerJsonSupport V] [2024-11-20T10:46:44.407Z] Internal initialization of dev container support package...

[Client I] Connecting to current codespace: psychic-tribble-qj5qxrjpx7q3x6gq
[Command:Connect I] Decorator starting: ErrorNotification
[Command:Connect I] Decorator starting: Telemetry
[Client I] Jupyter API registered? false
[API:retries-left-2 I] making GET request for "https://api.github.com/user/codespaces/psychic-tribble-qj5qxrjpx7q3x6gq"
[RemoteExplorer I] Updating codespace performance info
[Client:extension:db5e:resolver:resolve:1 I] resolve retry #3
[Client:extension:db5e:resolver:resolve:1 I] resolving "codespaces+psychic-tribble-qj5qxrjpx7q3x6gq"
[Client:extension:db5e:resolver:resolve:1 I] codespace: "psychic-tribble-qj5qxrjpx7q3x6gq", fetching details
[Client:extension:db5e:resolver:resolve:1:fetch-codespace-info I] fetching codespace details for "psychic-tribble-qj5qxrjpx7q3x6gq"
[Client:extension:db5e:resolver:resolve:1:fetch-codespace-info I] signed in, getting the details
[Client:extension:db5e:resolver:resolve:1:fetch-codespace-info I] fetching codespace "psychic-tribble-qj5qxrjpx7q3x6gq" (retries left: 2)
[API:retries-left-2 I] making GET request for "https://api.github.com/user/codespaces/psychic-tribble-qj5qxrjpx7q3x6gq"
[RemoteExplorer I] Updating codespace performance info
[Client:extension:db5e:resolver I] successfully fetched codespace details> object #0: {
  "id": 22014744,
  "name": "<32:<redacted>>",
  "environment_id": "5fd3b7a4-c66d-4604-a428-f9671c133a3e",
  "owner": "<undefined:<redacted>>",
  "billable_owner": {
    "login": "ukahiro",
    "id": 113424737,
    "node_id": "U_kgDOBsK5YQ",
    "avatar_url": "https://avatars.githubusercontent.com/u/113424737?v=4",
    "gravatar_id": "",
    "url": "https://api.github.com/users/ukahiro",
    "html_url": "https://github.com/ukahiro",
    "followers_url": "https://api.github.com/users/ukahiro/followers",
    "following_url": "https://api.github.com/users/ukahiro/following{/other_user}",
    "gists_url": "https://api.github.com/users/ukahiro/gists{/gist_id}",
    "starred_url": "https://api.github.com/users/ukahiro/starred{/owner}{/repo}",
    "subscriptions_url": "https://api.github.com/users/ukahiro/subscriptions",
    "organizations_url": "https://api.github.com/users/ukahiro/orgs",
    "repos_url": "https://api.github.com/users/ukahiro/repos",
    "events_url": "https://api.github.com/users/ukahiro/events{/privacy}",
    "received_events_url": "https://api.github.com/users/ukahiro/received_events",
    "type": "User",
    "user_view_type": "public",
    "site_admin": false
  },
  "repository": {
    "id": 587537775,
    "node_id": "R_kgDOIwUdbw",
    "name": "<22:<redacted>>",
    "full_name": "Progate/path-study-environment",
    "private": false,
    "owner": "<undefined:<redacted>>",
    "html_url": "https://github.com/Progate/path-study-environment",
    "description": null,
    "fork": false,
    "url": "https://api.github.com/repos/Progate/path-study-environment",
    "forks_url": "https://api.github.com/repos/Progate/path-study-environment/forks",
    "keys_url": "https://api.github.com/repos/Progate/path-study-environment/keys{/key_id}",
    "collaborators_url": "https://api.github.com/repos/Progate/path-study-environment/collaborators{/collaborator}",
    "teams_url": "https://api.github.com/repos/Progate/path-study-environment/teams",
    "hooks_url": "https://api.github.com/repos/Progate/path-study-environment/hooks",
    "issue_events_url": "https://api.github.com/repos/Progate/path-study-environment/issues/events{/number}",
    "events_url": "https://api.github.com/repos/Progate/path-study-environment/events",
    "assignees_url": "https://api.github.com/repos/Progate/path-study-environment/assignees{/user}",
    "branches_url": "https://api.github.com/repos/Progate/path-study-environment/branches{/branch}",
    "tags_url": "https://api.github.com/repos/Progate/path-study-environment/tags",
    "blobs_url": "https://api.github.com/repos/Progate/path-study-environment/git/blobs{/sha}",
    "git_tags_url": "https://api.github.com/repos/Progate/path-study-environment/git/tags{/sha}",
    "git_refs_url": "https://api.github.com/repos/Progate/path-study-environment/git/refs{/sha}",
    "trees_url": "https://api.github.com/repos/Progate/path-study-environment/git/trees{/sha}",
    "statuses_url": "https://api.github.com/repos/Progate/path-study-environment/statuses/{sha}",
    "languages_url": "https://api.github.com/repos/Progate/path-study-environment/languages",
    "stargazers_url": "https://api.github.com/repos/Progate/path-study-environment/stargazers",
    "contributors_url": "https://api.github.com/repos/Progate/path-study-environment/contributors",
    "subscribers_url": "https://api.github.com/repos/Progate/path-study-environment/subscribers",
    "subscription_url": "https://api.github.com/repos/Progate/path-study-environment/subscription",
    "commits_url": "https://api.github.com/repos/Progate/path-study-environment/commits{/sha}",
    "git_commits_url": "https://api.github.com/repos/Progate/path-study-environment/git/commits{/sha}",
    "comments_url": "https://api.github.com/repos/Progate/path-study-environment/comments{/number}",
    "issue_comment_url": "https://api.github.com/repos/Progate/path-study-environment/issues/comments{/number}",
    "contents_url": "https://api.github.com/repos/Progate/path-study-environment/contents/{+path}",
    "compare_url": "https://api.github.com/repos/Progate/path-study-environment/compare/{base}...{head}",
    "merges_url": "https://api.github.com/repos/Progate/path-study-environment/merges",
    "archive_url": "https://api.github.com/repos/Progate/path-study-environment/{archive_format}{/ref}",
    "downloads_url": "https://api.github.com/repos/Progate/path-study-environment/downloads",
    "issues_url": "https://api.github.com/repos/Progate/path-study-environment/issues{/number}",
    "pulls_url": "https://api.github.com/repos/Progate/path-study-environment/pulls{/number}",
    "milestones_url": "https://api.github.com/repos/Progate/path-study-environment/milestones{/number}",
    "notifications_url": "https://api.github.com/repos/Progate/path-study-environment/notifications{?since,all,participating}",
    "labels_url": "https://api.github.com/repos/Progate/path-study-environment/labels{/name}",
    "releases_url": "https://api.github.com/repos/Progate/path-study-environment/releases{/id}",
    "deployments_url": "https://api.github.com/repos/Progate/path-study-environment/deployments"
  },
  "machine": {
    "name": "<14:<redacted>>",
    "display_name": "2 cores, 8 GB RAM, 32 GB storage",
    "operating_system": "linux",
    "storage_in_bytes": 34359738368,
    "memory_in_bytes": 8589934592,
    "cpus": 2,
    "prebuild_availability": null
  },
  "prebuild": null,
  "created_at": "2024-11-17T21:15:30+09:00",
  "updated_at": "2024-11-20T19:46:47+09:00",
  "last_used_at": "2024-11-20T19:41:29+09:00",
  "state": "Available",
  "url": "https://api.github.com/user/codespaces/psychic-tribble-qj5qxrjpx7q3x6gq",
  "git_status": {
    "ahead": 0,
    "behind": 0,
    "has_unpushed_changes": false,
    "has_uncommitted_changes": false,
    "ref": "main"
  },
  "location": "SouthEastAsia",
  "idle_timeout_minutes": 30,
  "web_url": "https://psychic-tribble-qj5qxrjpx7q3x6gq.github.dev",
  "machines_url": "https://api.github.com/user/codespaces/psychic-tribble-qj5qxrjpx7q3x6gq/machines",
  "start_url": "https://api.github.com/user/codespaces/psychic-tribble-qj5qxrjpx7q3x6gq/start",
  "stop_url": "https://api.github.com/user/codespaces/psychic-tribble-qj5qxrjpx7q3x6gq/stop",
  "pulls_url": null,
  "recent_folders": [
    "/home/vscode/.git/",
    "/home/vscode/progate_path/self_introduction_push/self_introduction",
    "/home/vscode/progate_path/self_introduction_branch/self_introduction",
    "/home/vscode/progate_path/self_introduction_commit/self_introduction",
    "/home/vscode"
  ],
  "runtime_constraints": {
    "allowed_port_privacy_settings": [
      "private",
      "public"
    ]
  },
  "connection": {
    "sessionPath": "/home/vscode",
    "tunnelProperties": {
      "tunnelId": "puzzled-ocean-zp79ml2",
      "clusterId": "asse",
      "domain": "app.github.dev",
      "connectAccessToken": "<392:<redacted>>",
      "managePortsAccessToken": "<398:<redacted>>",
      "serviceUri": "https://global.rel.tunnels.api.visualstudio.com/"
    }
  },
  "container_id": "df9fbea83b7f2c646b1e6d494db3bb0261a2b680e581ebba530e079aee7dedb7",
  "display_name": "psychic tribble",
  "devcontainer_path": ".devcontainer/devcontainer.json",
  "pending_operation": false,
  "feature_flags": {
    "developer": false,
    "detailedActivityMonitor": false,
    "vscodeAccountSwitching": false,
    "enableSmbDiagnosticContinuousMonitoring": false,
    "enableSmbDiagnosticOnAnomalyMonitoring": false,
    "useEarlyWorkbenchWebClient": true,
    "useCoiWebClient": false,
    "remapUserNamespace": false,
    "removeConnectRetriesWebClient": true,
    "storageV2ExhaustiveValidation": false,
    "forcePushShutdownTelemetry": true,
    "useNewJupyterApi": true,
    "improvedWarmupContainerReuse": true,
    "storageV2ComprehensiveDiagnosticsCollection": false,
    "usingCopilotWorkspaceConfig": true,
    "copilotWorkspace": false,
    "hostnameSpecificGitCredentialHelper": false,
    "Basis": true,
    "Skuheapscaling": true,
    "CacheIde": true,
    "Developer": false,
    "Eap": false
  },
  "retention_period_minutes": 43200,
  "retention_expires_at": null,
  "template": null,
  "publish_url": null
}
[RemoteExplorer I] Updating codespace performance info
[Client:extension:db5e:resolver:resolve:1:check-codespace-state I] codespace psychic-tribble-qj5qxrjpx7q3x6gq (id: 5fd3b7a4-c66d-4604-a428-f9671c133a3e) is in the "Default" state
[Client:extension:db5e:resolver:resolve:1:check-codespace-state I] noop
[Client:extension:db5e:resolver I] Initializing RPC client
[Client:extension:db5e:resolver I] Running in web, using unix socket for communication
[Client:extension:db5e:resolver I] Initializing Node-based codespace host service client
[Client:extension:db5e:resolver I] Initializing Node-based VS Code server host service client
[Client:extension:db5e:resolver I] Initializing Node-based Jupyter server host service client
[Client:extension:db5e:resolver:resolve:1:check-codespace-state I] vscode connection options: > object #0: {
  "environmentId": "5fd3b7a4-c66d-4604-a428-f9671c133a3e",
  "vsCodeCommit": "f1a4fb101478ce6ec82fe9627c43efbf9e98c813",
  "vsCodeQuality": "stable",
  "extensions": [
    "GitHub.codespaces",
    "GitHub.vscode-pull-request-github"
  ],
  "telemetry": true
}
[RemoteExplorer I] Updating codespace details
[Client:extension:db5e:resolver I] Executed start-remote-server using gRPC
[Client:extension:db5e:resolver:resolve:1 I] vscode server remote port: "33965", local port: "undefined"}
[Client V] connect duration: 4167 ms
[Client:extension:db5e:resolver:resolve:1 I] Progress: Done
[Client:extension:db5e:resolver I] Subscribed to event stream
[Client:extension:db5e:resolver:resolve:1:background-tasks I] launching background configuration tasks
[Client:extension:db5e:resolver:resolve:1:background-tasks I] Running in web, starting post attach command listener without disposable
[Client:extension:db5e:resolver:resolve:1:background-tasks:post-attach-command-manager I] PostAttachCommandManager: addEnvironmentConfiguredEventCallback()
[Client:extension:db5e:resolver:resolve:1:background-tasks I] no max idle timeout notice
[Client:extension:db5e:resolver:resolve:1:background-tasks V] checking correctness of the codespace session path> object #0: [
  {
    "uri": {
      "$mid": 1,
      "fsPath": "/home/vscode/progate_path/self_introduction_push/self_introduction",
      "external": "file:///home/vscode/progate_path/self_introduction_push/self_introduction",
      "path": "/home/vscode/progate_path/self_introduction_push/self_introduction",
      "scheme": "file"
    },
    "name": "<17:<redacted>>",
    "index": 0
  }
]
[Client:extension:db5e:resolver:resolve:1:background-tasks I] session path correction - progressType: "0"
[Client:extension:db5e:resolver:resolve:1:background-tasks I] Running in web, starting dev container change event listener without disposable
[Client:extension:db5e:resolver:resolve:1:background-tasks I] Running in web, starting secrets updated event listener without disposable
[Client:extension:db5e:resolver:resolve:1:background-tasks I] Running in web, starting codespace stopping event listener without disposable
[Client:extension:db5e:resolver:resolve:1:background-tasks I] starting activity monitor, isRunningInWeb: "true"
[Client:extension:db5e:resolver:resolve:1:background-tasks:activity-monitor:vscode-activity-provider I] isRunningInWeb: true
[Client:extension:db5e:resolver:resolve:1:background-tasks:activity-monitor:vscode-activity-provider I] starting activity monitor
[Client:extension:db5e:resolver:resolve:1:background-tasks:activity-monitor:vscode-activity-provider V] sending activity heartbeat
[Client:extension:db5e:resolver:resolve:1:background-tasks I] Running in web, starting user notification event listener without disposable
[Client:extension:db5e:resolver:resolve:1:background-tasks:openDefaultFiles I] Skipping openFiles because it's not the first activation
[Command:Connect I] Command [Connect to Codespace]: Connect to Codespace Success (6084ms)
[Command:Connect I] Decorator finishing: Telemetry. Duration: 3ms (1 + 2)
[Command:Connect I] Decorator finishing: ErrorNotification. Duration: 45ms (0 + 45)
[Performance I] Executed get-container-persisted-folder using gRPC
[Client:extension:db5e:resolver I] Received event: Subscribed
[Client:extension:db5e:resolver I] Client 62763b7f-7c04-4de3-a5fd-e23621be98a2 subscribed to event stream
[Client:extension:db5e:resolver I] Received event: EnvironmentConfigured
[Client:extension:db5e:resolver:resolve:1:background-tasks:post-attach-command-manager I] PostAttachCommandManager: handleEnvironmentConfiguredEvent()
[Client:extension:db5e:resolver:resolve:1:background-tasks I] GetRemotePid: Echoing $PPID to /tmp/codespace_pids/.pid-83b4ba06-6796-4b84-89f5-9f433bf51614...
[Client:extension:db5e:resolver:resolve:1:background-tasks I] GetRemotePid: Start polling for existance of PID file at file:///tmp/codespace_pids/.pid-83b4ba06-6796-4b84-89f5-9f433bf51614 took 6 ms...
[Client:extension:db5e:resolver:resolve:1:background-tasks I] Executed get-container-persisted-folder using gRPC
[Client:extension:db5e:resolver:resolve:1:background-tasks V] container folder path: "/workspaces/.codespaces/.persistedshare"
[Client:extension:db5e:resolver:resolve:1:background-tasks V] shared folder path: "/workspaces/.codespaces/shared/postCreateOutput.json"
[Client:extension:db5e:resolver:resolve:1:background-tasks V] shared file path: "/workspaces/.codespaces/shared/postCreateOutput.json"
[ResourceUsage I] Executed get-container-persisted-folder using gRPC
[ResourceUsage V] container folder path: "/workspaces/.codespaces/.persistedshare"
[ResourceUsage V] shared folder path: "/workspaces/.codespaces/shared/resource-usage.json"
[ResourceUsage V] shared file path: "/workspaces/.codespaces/shared/resource-usage.json"
[ResourceUsage I] Starting monitor
[ResourceUsage I] Checking if the codespace connection exists
[ResourceUsage I] Running in web, starting monitor without disposable
[Client:extension:db5e:resolver:resolve:1:background-tasks I] Executed is-recovery-container using gRPC
[Client:extension:db5e:resolver:resolve:1:background-tasks V] not in recovery container
[Client:extension:db5e:resolver:resolve:1:background-tasks:activity-monitor:vscode-activity-provider I] Executed notify-codespace-of-client-activity using gRPC
[Client:extension:db5e:resolver:resolve:1:background-tasks:activity-monitor:vscode-activity-provider I] Activity signal sent with result true
[Client:extension:db5e:resolver:resolve:1:background-tasks I] Executed configure-environment using gRPC
[Performance I] Starting monitor
[Performance I] Checking if the codespace connection exists
[Performance I] Running in web, starting monitor without disposable
[Client:extension:db5e:resolver:resolve:1:background-tasks:post-attach-command-manager I] PostAttachCommandManager: commandsKey: codespaces.1003.runningPostAttachCommands
[Client:extension:db5e:resolver:resolve:1:background-tasks:post-attach-command-manager I] PostAttachCommandManager: Skipping /bin/bash ~/environment/.devcontainer/postAttachCommand.sh (already running)
[RemoteExplorer I] Updating codespace performance info
[RemoteExplorer I] Updating codespace details
[Performance I] Executed get-performance-data using gRPC
[Client:extension:db5e:resolver:resolve:1:background-tasks:activity-monitor:vscode-activity-provider V] sending activity heartbeat
[Client:extension:db5e:resolver:resolve:1:background-tasks:activity-monitor:vscode-activity-provider I] Executed notify-codespace-of-client-activity using gRPC
[Client:extension:db5e:resolver:resolve:1:background-tasks:activity-monitor:vscode-activity-provider I] Activity signal sent with result true
[Performance I] Executed get-performance-data using gRPC
[Performance I] Executed get-performance-data using gRPC
[Performance I] Executed get-performance-data using gRPC
[Client:extension:db5e:resolver:resolve:1:background-tasks:activity-monitor:vscode-activity-provider V] sending activity heartbeat
[Client:extension:db5e:resolver:resolve:1:background-tasks:activity-monitor:vscode-activity-provider I] Executed notify-codespace-of-client-activity using gRPC
[Client:extension:db5e:resolver:resolve:1:background-tasks:activity-monitor:vscode-activity-provider I] Activity signal sent with result true
[Performance I] Executed get-performance-data using gRPC
[Performance I] Executed get-performance-data using gRPC
[Performance I] Executed get-performance-data using gRPC
[Performance I] Executed get-performance-data using gRPC
[Performance I] Executed get-performance-data using gRPC
[Performance I] Executed get-performance-data using gRPC
[Performance I] Executed get-performance-data using gRPC
[Performance I] Executed get-performance-data using gRPC
[Performance I] Executed get-performance-data using gRPC
[Performance I] Executed get-performance-data using gRPC
[Performance I] Executed get-performance-data using gRPC
[Performance I] Executed get-performance-data using gRPC
[Performance I] Executed get-performance-data using gRPC
[Client:extension:db5e:resolver V] disposing reason: 'vscode disposed the resolver', disposing 1 objects
[ResourceUsage I] Failed to read resource usage file.> object #0: Canceled code:Unknown
  at Function.e (file:///vscode/bin/linux-x64/f1a4fb101478ce6ec82fe9627c43efbf9e98c813/out/vs/workbench/api/node/extensionHostProcess.js:114:9853)
  at Object.readFile (file:///vscode/bin/linux-x64/f1a4fb101478ce6ec82fe9627c43efbf9e98c813/out/vs/workbench/api/node/extensionHostProcess.js:114:7581)
  at processTicksAndRejections (node:internal/process/task_queues:95:5)
[ResourceUsage I] Failed to read resource usage file.> object #0: Canceled code:Unknown
  at Function.e (file:///vscode/bin/linux-x64/f1a4fb101478ce6ec82fe9627c43efbf9e98c813/out/vs/workbench/api/node/extensionHostProcess.js:114:9853)
  at Object.readFile (file:///vscode/bin/linux-x64/f1a4fb101478ce6ec82fe9627c43efbf9e98c813/out/vs/workbench/api/node/extensionHostProcess.js:114:7581)
  at processTicksAndRejections (node:internal/process/task_queues:95:5)
[ResourceUsage I] Failed to read resource usage file.> object #0: Canceled code:Unknown
  at Function.e (file:///vscode/bin/linux-x64/f1a4fb101478ce6ec82fe9627c43efbf9e98c813/out/vs/workbench/api/node/extensionHostProcess.js:114:9853)
  at Object.readFile (file:///vscode/bin/linux-x64/f1a4fb101478ce6ec82fe9627c43efbf9e98c813/out/vs/workbench/api/node/extensionHostProcess.js:114:7581)
  at processTicksAndRejections (node:internal/process/task_queues:95:5)
[ResourceUsage I] Failed to read resource usage file.> object #0: Canceled code:Unknown
  at Function.e (file:///vscode/bin/linux-x64/f1a4fb101478ce6ec82fe9627c43efbf9e98c813/out/vs/workbench/api/node/extensionHostProcess.js:114:9853)
  at Object.readFile (file:///vscode/bin/linux-x64/f1a4fb101478ce6ec82fe9627c43efbf9e98c813/out/vs/workbench/api/node/extensionHostProcess.js:114:7581)
  at processTicksAndRejections (node:internal/process/task_queues:95:5)
[ResourceUsage I] Failed to read resource usage file.> object #0: Canceled code:Unknown
  at Function.e (file:///vscode/bin/linux-x64/f1a4fb101478ce6ec82fe9627c43efbf9e98c813/out/vs/workbench/api/node/extensionHostProcess.js:114:9853)
  at Object.readFile (file:///vscode/bin/linux-x64/f1a4fb101478ce6ec82fe9627c43efbf9e98c813/out/vs/workbench/api/node/extensionHostProcess.js:114:7581)
  at processTicksAndRejections (node:internal/process/task_queues:95:5)
