2024-11-20 10:46:40.857 [info] Reading sessions from keychain...
2024-11-20 10:46:40.857 [info] Getting sessions for all scopes...
2024-11-20 10:46:40.857 [info] Getting sessions for all scopes...
2024-11-20 10:46:40.857 [info] Getting sessions for user:email...
2024-11-20 10:46:40.857 [info] Got stored sessions!
2024-11-20 10:46:40.857 [info] Got 6 verified sessions.
2024-11-20 10:46:40.857 [info] Got 6 sessions for ...
2024-11-20 10:46:40.857 [info] Got 6 sessions for ...
2024-11-20 10:46:40.857 [info] Got 1 sessions for user:email...
2024-11-20 10:46:41.264 [info] Getting sessions for codespace,read:user,repo,user:email...
2024-11-20 10:46:41.264 [info] Getting sessions for all scopes...
2024-11-20 10:46:41.264 [info] Got 1 sessions for codespace,read:user,repo,user:email...
2024-11-20 10:46:41.264 [info] Got 6 sessions for ...
2024-11-20 10:46:42.008 [info] Getting sessions for all scopes...
2024-11-20 10:46:42.009 [info] Got 6 sessions for ...
2024-11-20 10:46:42.401 [info] Getting sessions for all scopes...
2024-11-20 10:46:42.402 [info] Got 6 sessions for ...
2024-11-20 10:46:42.968 [info] Getting sessions for all scopes...
2024-11-20 10:46:42.968 [info] Got 6 sessions for ...
2024-11-20 10:46:44.129 [info] Getting sessions for read:user,repo,user:email,workflow...
2024-11-20 10:46:44.129 [info] Getting sessions for all scopes...
2024-11-20 10:46:44.129 [info] Getting sessions for read:user,repo,user:email,workflow...
2024-11-20 10:46:44.143 [info] Got 1 sessions for read:user,repo,user:email,workflow...
2024-11-20 10:46:44.143 [info] Got 6 sessions for ...
2024-11-20 10:46:44.143 [info] Got 1 sessions for read:user,repo,user:email,workflow...
2024-11-20 10:46:44.475 [info] Getting sessions for all scopes...
2024-11-20 10:46:44.476 [info] Got 6 sessions for ...
2024-11-20 10:46:45.110 [info] Getting sessions for all scopes...
2024-11-20 10:46:45.110 [info] Getting sessions for all scopes...
2024-11-20 10:46:45.111 [info] Got 6 sessions for ...
2024-11-20 10:46:45.111 [info] Got 6 sessions for ...
2024-11-20 10:46:45.270 [info] Getting sessions for project,read:org,read:user,repo,user:email,workflow...
2024-11-20 10:46:45.270 [info] Got 0 sessions for project,read:org,read:user,repo,user:email,workflow...
2024-11-20 10:46:45.538 [info] Getting sessions for read:user,repo,user:email,workflow...
2024-11-20 10:46:45.538 [info] Got 1 sessions for read:user,repo,user:email,workflow...
2024-11-20 10:46:45.539 [info] Getting sessions for read:user,repo,user:email,workflow...
2024-11-20 10:46:45.540 [info] Got 1 sessions for read:user,repo,user:email,workflow...
2024-11-20 10:46:47.002 [info] Getting sessions for read:user,repo,user:email,workflow...
2024-11-20 10:46:47.003 [info] Got 1 sessions for read:user,repo,user:email,workflow...
2024-11-20 10:46:47.227 [info] Getting sessions for all scopes...
2024-11-20 10:46:47.227 [info] Getting sessions for all scopes...
2024-11-20 10:46:47.227 [info] Got 6 sessions for ...
2024-11-20 10:46:47.227 [info] Got 6 sessions for ...
2024-11-20 10:46:47.800 [info] Getting sessions for read:user,repo,user:email,workflow...
2024-11-20 10:46:47.801 [info] Got 1 sessions for read:user,repo,user:email,workflow...
2024-11-20 10:46:50.693 [info] Getting sessions for read:user,repo,user:email,workflow...
2024-11-20 10:46:50.693 [info] Got 1 sessions for read:user,repo,user:email,workflow...
