2024-11-17 13:04:26.579 [info] Reading sessions from keychain...
2024-11-17 13:04:26.579 [info] Getting sessions for all scopes...
2024-11-17 13:04:26.579 [info] Getting sessions for all scopes...
2024-11-17 13:04:26.585 [info] Getting sessions for user:email...
2024-11-17 13:04:26.586 [info] Got stored sessions!
2024-11-17 13:04:26.586 [info] Got 6 verified sessions.
2024-11-17 13:04:26.586 [info] Got 6 sessions for ...
2024-11-17 13:04:26.586 [info] Got 6 sessions for ...
2024-11-17 13:04:26.586 [info] Got 1 sessions for user:email...
2024-11-17 13:04:26.812 [info] Getting sessions for codespace,read:user,repo,user:email...
2024-11-17 13:04:26.814 [info] Getting sessions for all scopes...
2024-11-17 13:04:26.815 [info] Got 1 sessions for codespace,read:user,repo,user:email...
2024-11-17 13:04:26.815 [info] Got 6 sessions for ...
2024-11-17 13:04:27.151 [info] Getting sessions for all scopes...
2024-11-17 13:04:27.151 [info] Got 6 sessions for ...
2024-11-17 13:04:28.178 [info] Getting sessions for all scopes...
2024-11-17 13:04:28.178 [info] Got 6 sessions for ...
2024-11-17 13:04:28.633 [info] Getting sessions for all scopes...
2024-11-17 13:04:28.634 [info] Got 6 sessions for ...
2024-11-17 13:04:29.421 [info] Getting sessions for all scopes...
2024-11-17 13:04:29.421 [info] Getting sessions for read:user,repo,user:email,workflow...
2024-11-17 13:04:29.422 [info] Got 6 sessions for ...
2024-11-17 13:04:29.422 [info] Got 1 sessions for read:user,repo,user:email,workflow...
2024-11-17 13:04:29.697 [info] Getting sessions for read:user,repo,user:email,workflow...
2024-11-17 13:04:29.697 [info] Getting sessions for all scopes...
2024-11-17 13:04:29.698 [info] Got 1 sessions for read:user,repo,user:email,workflow...
2024-11-17 13:04:29.698 [info] Got 6 sessions for ...
2024-11-17 13:04:29.957 [info] Getting sessions for all scopes...
2024-11-17 13:04:29.958 [info] Getting sessions for all scopes...
2024-11-17 13:04:29.971 [info] Got 6 sessions for ...
2024-11-17 13:04:29.972 [info] Got 6 sessions for ...
2024-11-17 13:04:30.673 [info] Getting sessions for project,read:org,read:user,repo,user:email,workflow...
2024-11-17 13:04:30.674 [info] Got 0 sessions for project,read:org,read:user,repo,user:email,workflow...
2024-11-17 13:04:30.875 [info] Getting sessions for read:user,repo,user:email,workflow...
2024-11-17 13:04:30.875 [info] Got 1 sessions for read:user,repo,user:email,workflow...
2024-11-17 13:04:32.409 [info] Getting sessions for read:user,repo,user:email,workflow...
2024-11-17 13:04:32.409 [info] Got 1 sessions for read:user,repo,user:email,workflow...
2024-11-17 13:04:32.626 [info] Getting sessions for all scopes...
2024-11-17 13:04:32.627 [info] Getting sessions for all scopes...
2024-11-17 13:04:32.627 [info] Got 6 sessions for ...
2024-11-17 13:04:32.627 [info] Got 6 sessions for ...
2024-11-17 13:04:33.178 [info] Getting sessions for read:user,repo,user:email,workflow...
2024-11-17 13:04:33.178 [info] Got 1 sessions for read:user,repo,user:email,workflow...
2024-11-17 13:04:36.447 [info] Getting sessions for read:user,repo,user:email,workflow...
2024-11-17 13:04:36.447 [info] Got 1 sessions for read:user,repo,user:email,workflow...
2024-11-17 13:21:11.971 [info] Getting sessions for all scopes...
2024-11-17 13:21:11.971 [info] Got 6 sessions for ...
2024-11-17 13:24:11.973 [info] Getting sessions for read:user,repo,user:email,workflow...
2024-11-17 13:24:11.973 [info] Got 1 sessions for read:user,repo,user:email,workflow...
2024-11-17 13:27:12.409 [info] Getting sessions for all scopes...
2024-11-17 13:27:12.409 [info] Got 6 sessions for ...
2024-11-17 13:30:12.091 [info] Getting sessions for read:user,repo,user:email,workflow...
2024-11-17 13:30:12.091 [info] Got 1 sessions for read:user,repo,user:email,workflow...
2024-11-17 13:48:12.486 [info] Getting sessions for all scopes...
2024-11-17 13:48:12.487 [info] Got 6 sessions for ...
2024-11-17 13:51:12.050 [info] Getting sessions for read:user,repo,user:email,workflow...
2024-11-17 13:51:12.050 [info] Got 1 sessions for read:user,repo,user:email,workflow...
2024-11-17 13:54:11.976 [info] Getting sessions for all scopes...
2024-11-17 13:54:11.977 [info] Got 6 sessions for ...
2024-11-17 13:57:12.092 [info] Getting sessions for read:user,repo,user:email,workflow...
2024-11-17 13:57:12.092 [info] Got 1 sessions for read:user,repo,user:email,workflow...
