2024-11-17 12:19:15.800 [info] Reading sessions from keychain...
2024-11-17 12:19:15.800 [info] Getting sessions for all scopes...
2024-11-17 12:19:15.800 [info] Getting sessions for all scopes...
2024-11-17 12:19:15.800 [info] Getting sessions for user:email...
2024-11-17 12:19:15.800 [info] Got stored sessions!
2024-11-17 12:19:15.800 [info] Got 6 verified sessions.
2024-11-17 12:19:15.800 [info] Got 6 sessions for ...
2024-11-17 12:19:15.800 [info] Got 6 sessions for ...
2024-11-17 12:19:15.800 [info] Got 1 sessions for user:email...
2024-11-17 12:19:15.880 [info] Getting sessions for codespace,read:user,repo,user:email...
2024-11-17 12:19:15.888 [info] Got 1 sessions for codespace,read:user,repo,user:email...
2024-11-17 12:19:15.890 [info] Getting sessions for all scopes...
2024-11-17 12:19:15.890 [info] Got 6 sessions for ...
2024-11-17 12:19:16.089 [info] Getting sessions for all scopes...
2024-11-17 12:19:16.089 [info] Got 6 sessions for ...
2024-11-17 12:19:17.025 [info] Getting sessions for all scopes...
2024-11-17 12:19:17.027 [info] Got 6 sessions for ...
2024-11-17 12:19:17.834 [info] Getting sessions for all scopes...
2024-11-17 12:19:17.844 [info] Got 6 sessions for ...
2024-11-17 12:19:18.247 [info] Getting sessions for all scopes...
2024-11-17 12:19:18.269 [info] Got 6 sessions for ...
2024-11-17 12:19:18.978 [info] Getting sessions for all scopes...
2024-11-17 12:19:18.979 [info] Got 6 sessions for ...
2024-11-17 12:19:19.485 [info] Getting sessions for project,read:org,read:user,repo,user:email,workflow...
2024-11-17 12:19:19.485 [info] Got 0 sessions for project,read:org,read:user,repo,user:email,workflow...
2024-11-17 12:19:20.017 [info] Getting sessions for read:user,repo,user:email,workflow...
2024-11-17 12:19:20.017 [info] Got 1 sessions for read:user,repo,user:email,workflow...
2024-11-17 12:19:21.822 [info] Getting sessions for read:user,repo,user:email,workflow...
2024-11-17 12:19:21.828 [info] Got 1 sessions for read:user,repo,user:email,workflow...
2024-11-17 12:19:28.453 [info] Getting sessions for read:user,repo,user:email,workflow...
2024-11-17 12:19:28.457 [info] Got 1 sessions for read:user,repo,user:email,workflow...
2024-11-17 12:19:50.461 [info] Getting sessions for all scopes...
2024-11-17 12:19:50.462 [info] Getting sessions for all scopes...
2024-11-17 12:19:50.462 [info] Getting sessions for read:user,repo,user:email,workflow...
2024-11-17 12:19:50.462 [info] Got 6 sessions for ...
2024-11-17 12:19:50.462 [info] Got 6 sessions for ...
2024-11-17 12:19:50.462 [info] Got 1 sessions for read:user,repo,user:email,workflow...
2024-11-17 12:19:51.536 [info] Getting sessions for read:user,repo,user:email,workflow...
2024-11-17 12:19:51.536 [info] Got 1 sessions for read:user,repo,user:email,workflow...
2024-11-17 12:19:55.466 [info] Getting sessions for all scopes...
2024-11-17 12:19:55.466 [info] Getting sessions for all scopes...
2024-11-17 12:19:55.466 [info] Got 6 sessions for ...
2024-11-17 12:19:55.466 [info] Got 6 sessions for ...
2024-11-17 12:19:55.998 [info] Getting sessions for read:user,repo,user:email,workflow...
2024-11-17 12:19:55.998 [info] Got 1 sessions for read:user,repo,user:email,workflow...
