2024-11-17 13:00:13.879 [info] Reading sessions from keychain...
2024-11-17 13:00:13.879 [info] Getting sessions for all scopes...
2024-11-17 13:00:13.880 [info] Getting sessions for all scopes...
2024-11-17 13:00:13.880 [info] Getting sessions for user:email...
2024-11-17 13:00:13.880 [info] Got stored sessions!
2024-11-17 13:00:13.881 [info] Got 6 verified sessions.
2024-11-17 13:00:13.881 [info] Got 6 sessions for ...
2024-11-17 13:00:13.881 [info] Got 6 sessions for ...
2024-11-17 13:00:13.881 [info] Got 1 sessions for user:email...
2024-11-17 13:00:15.444 [info] Getting sessions for codespace,read:user,repo,user:email...
2024-11-17 13:00:15.445 [info] Got 1 sessions for codespace,read:user,repo,user:email...
2024-11-17 13:00:15.447 [info] Getting sessions for all scopes...
2024-11-17 13:00:15.447 [info] Got 6 sessions for ...
2024-11-17 13:00:16.439 [info] Getting sessions for all scopes...
2024-11-17 13:00:16.439 [info] Got 6 sessions for ...
2024-11-17 13:00:17.691 [info] Getting sessions for all scopes...
2024-11-17 13:00:17.692 [info] Got 6 sessions for ...
2024-11-17 13:00:18.794 [info] Getting sessions for all scopes...
2024-11-17 13:00:18.794 [info] Got 6 sessions for ...
2024-11-17 13:00:18.801 [info] Getting sessions for read:user,repo,user:email,workflow...
2024-11-17 13:00:18.801 [info] Got 1 sessions for read:user,repo,user:email,workflow...
2024-11-17 13:00:19.488 [info] Getting sessions for read:user,repo,user:email,workflow...
2024-11-17 13:00:19.489 [info] Getting sessions for all scopes...
2024-11-17 13:00:19.489 [info] Got 1 sessions for read:user,repo,user:email,workflow...
2024-11-17 13:00:19.489 [info] Got 6 sessions for ...
2024-11-17 13:00:20.507 [info] Getting sessions for all scopes...
2024-11-17 13:00:20.508 [info] Got 6 sessions for ...
2024-11-17 13:00:21.087 [info] Getting sessions for all scopes...
2024-11-17 13:00:21.088 [info] Getting sessions for all scopes...
2024-11-17 13:00:21.088 [info] Got 6 sessions for ...
2024-11-17 13:00:21.088 [info] Got 6 sessions for ...
2024-11-17 13:00:21.320 [info] Getting sessions for project,read:org,read:user,repo,user:email,workflow...
2024-11-17 13:00:21.320 [info] Got 0 sessions for project,read:org,read:user,repo,user:email,workflow...
2024-11-17 13:00:23.369 [info] Getting sessions for read:user,repo,user:email,workflow...
2024-11-17 13:00:23.369 [info] Got 1 sessions for read:user,repo,user:email,workflow...
2024-11-17 13:00:23.842 [info] Getting sessions for read:user,repo,user:email,workflow...
2024-11-17 13:00:23.842 [info] Got 1 sessions for read:user,repo,user:email,workflow...
2024-11-17 13:00:25.426 [info] Getting sessions for all scopes...
2024-11-17 13:00:25.426 [info] Getting sessions for all scopes...
2024-11-17 13:00:25.426 [info] Got 6 sessions for ...
2024-11-17 13:00:25.426 [info] Got 6 sessions for ...
2024-11-17 13:00:26.123 [info] Getting sessions for read:user,repo,user:email,workflow...
2024-11-17 13:00:26.124 [info] Got 1 sessions for read:user,repo,user:email,workflow...
2024-11-17 13:00:28.684 [info] Getting sessions for read:user,repo,user:email,workflow...
2024-11-17 13:00:28.685 [info] Got 1 sessions for read:user,repo,user:email,workflow...
