2024-11-18 12:15:57.192 [info] Reading sessions from keychain...
2024-11-18 12:15:57.192 [info] Getting sessions for all scopes...
2024-11-18 12:15:57.192 [info] Getting sessions for all scopes...
2024-11-18 12:15:57.192 [info] Getting sessions for user:email...
2024-11-18 12:15:57.192 [info] Got stored sessions!
2024-11-18 12:15:57.192 [info] Got 6 verified sessions.
2024-11-18 12:15:57.192 [info] Got 6 sessions for ...
2024-11-18 12:15:57.192 [info] Got 6 sessions for ...
2024-11-18 12:15:57.192 [info] Got 1 sessions for user:email...
2024-11-18 12:15:57.557 [info] Getting sessions for codespace,read:user,repo,user:email...
2024-11-18 12:15:57.557 [info] Got 1 sessions for codespace,read:user,repo,user:email...
2024-11-18 12:15:57.565 [info] Getting sessions for all scopes...
2024-11-18 12:15:57.565 [info] Got 6 sessions for ...
2024-11-18 12:15:57.675 [info] Getting sessions for all scopes...
2024-11-18 12:15:57.675 [info] Got 6 sessions for ...
2024-11-18 12:15:57.867 [info] Getting sessions for all scopes...
2024-11-18 12:15:57.867 [info] Got 6 sessions for ...
2024-11-18 12:15:58.390 [info] Getting sessions for all scopes...
2024-11-18 12:15:58.391 [info] Got 6 sessions for ...
2024-11-18 12:15:58.520 [info] Getting sessions for all scopes...
2024-11-18 12:15:58.521 [info] Got 6 sessions for ...
2024-11-18 12:16:00.590 [info] Getting sessions for all scopes...
2024-11-18 12:16:00.590 [info] Got 6 sessions for ...
2024-11-18 12:16:01.968 [info] Getting sessions for read:user,repo,user:email,workflow...
2024-11-18 12:16:01.968 [info] Getting sessions for all scopes...
2024-11-18 12:16:01.968 [info] Getting sessions for all scopes...
2024-11-18 12:16:01.968 [info] Got 1 sessions for read:user,repo,user:email,workflow...
2024-11-18 12:16:01.969 [info] Got 6 sessions for ...
2024-11-18 12:16:01.969 [info] Got 6 sessions for ...
2024-11-18 12:16:02.430 [info] Getting sessions for project,read:org,read:user,repo,user:email,workflow...
2024-11-18 12:16:02.430 [info] Got 0 sessions for project,read:org,read:user,repo,user:email,workflow...
2024-11-18 12:16:02.519 [info] Getting sessions for read:user,repo,user:email,workflow...
2024-11-18 12:16:02.519 [info] Got 1 sessions for read:user,repo,user:email,workflow...
2024-11-18 12:16:02.692 [info] Getting sessions for read:user,repo,user:email,workflow...
2024-11-18 12:16:02.693 [info] Got 1 sessions for read:user,repo,user:email,workflow...
2024-11-18 12:16:05.052 [info] Getting sessions for all scopes...
2024-11-18 12:16:05.052 [info] Getting sessions for all scopes...
2024-11-18 12:16:05.052 [info] Got 6 sessions for ...
2024-11-18 12:16:05.052 [info] Got 6 sessions for ...
2024-11-18 12:16:07.777 [info] Getting sessions for read:user,repo,user:email,workflow...
2024-11-18 12:16:07.777 [info] Got 1 sessions for read:user,repo,user:email,workflow...
2024-11-18 12:16:10.321 [info] Getting sessions for read:user,repo,user:email,workflow...
2024-11-18 12:16:10.321 [info] Got 1 sessions for read:user,repo,user:email,workflow...
2024-11-18 12:31:22.459 [info] Getting sessions for all scopes...
2024-11-18 12:31:22.459 [info] Got 6 sessions for ...
2024-11-18 12:31:22.718 [info] Getting sessions for read:user,repo,user:email,workflow...
2024-11-18 12:31:22.719 [info] Got 1 sessions for read:user,repo,user:email,workflow...
2024-11-18 12:31:22.978 [info] Getting sessions for all scopes...
2024-11-18 12:31:22.978 [info] Got 6 sessions for ...
2024-11-18 12:31:23.233 [info] Getting sessions for read:user,repo,user:email,workflow...
2024-11-18 12:31:23.234 [info] Got 1 sessions for read:user,repo,user:email,workflow...
