2024-11-17 13:09:23.612 [warning] /home/vscode/.ssh/config: ENOENT: no such file or directory, open '/home/vscode/.ssh/config'
2024-11-17 13:09:23.612 [info] Activation> Extension version: 0.100.1
2024-11-17 13:09:28.365 [info] Looking for git repository
2024-11-17 13:09:28.365 [info] Found 0 repositories during activation
2024-11-17 13:09:28.365 [info] Git repository found, initializing review manager and pr tree view.
2024-11-17 13:09:28.366 [info] Registering git provider
2024-11-17 13:16:59.893 [info] Repository file:///home/vscode/progate_path/self_introduction_commit/self_introduction has been opened
2024-11-17 13:16:59.893 [info] Review+0> Validate state in progress
2024-11-17 13:16:59.893 [info] Review+0> Validating state...
2024-11-17 13:16:59.895 [warning] No remotes found. The following remotes are missing: origin, upstream
2024-11-17 13:16:59.895 [info] No GitHub remotes found for folder /home/vscode/progate_path/self_introduction_commit/self_introduction
2024-11-17 13:16:59.926 [info] Review+0> Queuing additional validate state
2024-11-17 13:16:59.926 [info] Repo state for file:///home/vscode/progate_path/self_introduction_commit/self_introduction changed.
2024-11-17 13:16:59.926 [info] Repo file:///home/vscode/progate_path/self_introduction_commit/self_introduction has already been setup.
2024-11-17 13:17:00.277 [info] Review+0> Validating state...
2024-11-17 13:17:00.277 [warning] No remotes found. The following remotes are missing: origin, upstream
2024-11-17 13:17:00.277 [info] No GitHub remotes found for folder /home/vscode/progate_path/self_introduction_commit/self_introduction
2024-11-17 13:17:00.289 [info] Review+0> No matching pull request metadata found locally for current branch main
2024-11-17 13:17:00.298 [info] Review+0> No matching pull request metadata found on GitHub for current branch main
2024-11-17 13:26:54.269 [info] Review+0> Validate state in progress
2024-11-17 13:26:54.269 [info] Review+0> Validating state...
2024-11-17 13:26:54.270 [warning] No remotes found. The following remotes are missing: origin, upstream
2024-11-17 13:26:54.271 [info] No GitHub remotes found for folder /home/vscode/progate_path/self_introduction_commit/self_introduction
2024-11-17 13:26:54.287 [info] Review+0> No matching pull request metadata found locally for current branch main
2024-11-17 13:26:54.295 [info] Review+0> No matching pull request metadata found on GitHub for current branch main
