2024-11-24 12:45:24.932 [info] Reading sessions from keychain...
2024-11-24 12:45:24.932 [info] Getting sessions for all scopes...
2024-11-24 12:45:24.932 [info] Getting sessions for all scopes...
2024-11-24 12:45:24.932 [info] Getting sessions for user:email...
2024-11-24 12:45:24.932 [info] Got stored sessions!
2024-11-24 12:45:24.932 [info] Got 6 verified sessions.
2024-11-24 12:45:24.932 [info] Got 6 sessions for ...
2024-11-24 12:45:24.932 [info] Got 6 sessions for ...
2024-11-24 12:45:24.932 [info] Got 1 sessions for user:email...
2024-11-24 12:45:25.100 [info] Getting sessions for codespace,read:user,repo,user:email...
2024-11-24 12:45:25.100 [info] Got 1 sessions for codespace,read:user,repo,user:email...
2024-11-24 12:45:25.582 [info] Getting sessions for all scopes...
2024-11-24 12:45:25.582 [info] Got 6 sessions for ...
2024-11-24 12:45:25.758 [info] Getting sessions for all scopes...
2024-11-24 12:45:25.760 [info] Got 6 sessions for ...
2024-11-24 12:45:26.553 [info] Getting sessions for all scopes...
2024-11-24 12:45:26.553 [info] Got 6 sessions for ...
2024-11-24 12:45:26.890 [info] Getting sessions for all scopes...
2024-11-24 12:45:26.890 [info] Got 6 sessions for ...
2024-11-24 12:45:28.810 [info] Getting sessions for all scopes...
2024-11-24 12:45:28.811 [info] Got 6 sessions for ...
2024-11-24 12:45:35.002 [info] Getting sessions for read:user,repo,user:email,workflow...
2024-11-24 12:45:35.002 [info] Getting sessions for read:user,repo,user:email,workflow...
2024-11-24 12:45:35.002 [info] Getting sessions for all scopes...
2024-11-24 12:45:35.015 [info] Got 1 sessions for read:user,repo,user:email,workflow...
2024-11-24 12:45:35.015 [info] Got 1 sessions for read:user,repo,user:email,workflow...
2024-11-24 12:45:35.016 [info] Got 6 sessions for ...
2024-11-24 12:45:44.568 [info] Getting sessions for all scopes...
2024-11-24 12:45:44.568 [info] Getting sessions for all scopes...
2024-11-24 12:45:44.568 [info] Got 6 sessions for ...
2024-11-24 12:45:44.569 [info] Got 6 sessions for ...
2024-11-24 12:45:44.881 [info] Getting sessions for project,read:org,read:user,repo,user:email,workflow...
2024-11-24 12:45:44.881 [info] Got 0 sessions for project,read:org,read:user,repo,user:email,workflow...
2024-11-24 12:45:45.068 [info] Getting sessions for read:user,repo,user:email,workflow...
2024-11-24 12:45:45.068 [info] Got 1 sessions for read:user,repo,user:email,workflow...
2024-11-24 12:45:45.147 [info] Getting sessions for read:user,repo,user:email,workflow...
2024-11-24 12:45:45.147 [info] Got 1 sessions for read:user,repo,user:email,workflow...
2024-11-24 12:45:45.155 [info] Getting sessions for read:user,repo,user:email,workflow...
2024-11-24 12:45:45.155 [info] Got 1 sessions for read:user,repo,user:email,workflow...
2024-11-24 12:45:46.558 [info] Getting sessions for all scopes...
2024-11-24 12:45:46.558 [info] Getting sessions for all scopes...
2024-11-24 12:45:46.558 [info] Got 6 sessions for ...
2024-11-24 12:45:46.558 [info] Got 6 sessions for ...
2024-11-24 12:45:47.587 [info] Getting sessions for read:user,repo,user:email,workflow...
2024-11-24 12:45:47.587 [info] Got 1 sessions for read:user,repo,user:email,workflow...
2024-11-24 12:45:50.472 [info] Getting sessions for read:user,repo,user:email,workflow...
2024-11-24 12:45:50.472 [info] Got 1 sessions for read:user,repo,user:email,workflow...
