2024-11-20 10:50:37.622 [info] [main] ログ レベル: Info
2024-11-20 10:50:37.623 [info] [main] Git の検証が検出されました: "git"
2024-11-20 10:50:37.623 [info] [main] "git" から Git "2.46.2" を使用しています
2024-11-20 10:50:37.623 [info] [Model][doInitialScan] Initial repository scan started
2024-11-20 10:50:37.623 [info] > git rev-parse --show-toplevel [96ms]
2024-11-20 10:50:37.624 [info] > git rev-parse --git-dir --git-common-dir [5ms]
2024-11-20 10:50:37.624 [info] [Model][openRepository] Opened repository: /home/vscode
2024-11-20 10:50:37.625 [info] > git config --get commit.template [8ms]
2024-11-20 10:50:37.626 [info] > git rev-parse --show-toplevel [4ms]
2024-11-20 10:50:37.636 [info] > git for-each-ref --format=%(refname)%00%(upstream:short)%00%(objectname)%00%(upstream:track)%00%(upstream:remotename)%00%(upstream:remoteref) refs/heads/main refs/remotes/main [6ms]
2024-11-20 10:50:37.653 [info] > git rev-parse --show-toplevel [17ms]
2024-11-20 10:50:37.662 [info] > git for-each-ref --sort -committerdate --format %(refname) %(objectname) %(*objectname) [10ms]
2024-11-20 10:50:37.665 [info] > git rev-parse --show-toplevel [4ms]
2024-11-20 10:50:37.672 [info] > git rev-parse --show-toplevel [2ms]
2024-11-20 10:50:37.676 [info] [Model][doInitialScan] Initial repository scan completed - repositories (1), closed repositories (0), parent repositories (0), unsafe repositories (0)
2024-11-20 10:50:38.209 [info] > git status -z -uall [567ms]
2024-11-20 10:50:38.513 [info] > git check-ignore -v -z --stdin [218ms]
2024-11-20 10:50:38.516 [info] > git for-each-ref --format=%(refname)%00%(upstream:short)%00%(objectname)%00%(upstream:track)%00%(upstream:remotename)%00%(upstream:remoteref) refs/heads/main refs/remotes/main [241ms]
2024-11-20 10:50:38.630 [info] > git config --local branch.main.vscode-merge-base [105ms]
2024-11-20 10:50:38.630 [warning] [Git][config] git config failed: Failed to execute git
2024-11-20 10:50:38.648 [info] > git config --get commit.template [137ms]
2024-11-20 10:50:38.748 [info] > git for-each-ref --format=%(refname)%00%(upstream:short)%00%(objectname)%00%(upstream:track)%00%(upstream:remotename)%00%(upstream:remoteref) refs/heads/main refs/remotes/main [79ms]
2024-11-20 10:50:38.764 [info] > git reflog main --grep-reflog=branch: Created from *. [116ms]
2024-11-20 10:50:39.156 [info] > git status -z -uall [402ms]
2024-11-20 10:50:39.156 [info] > git show --textconv :progate_path/self_introduction_push/self_introduction/src/favorite_food.md [261ms]
2024-11-20 10:50:39.158 [info] > git for-each-ref --sort -committerdate --format %(refname) %(objectname) %(*objectname) [393ms]
2024-11-20 10:50:39.186 [info] > git ls-files --stage -- /home/vscode/progate_path/self_introduction_push/self_introduction/src/favorite_food.md [276ms]
2024-11-20 10:50:39.212 [info] > git symbolic-ref --short refs/remotes/origin/HEAD [433ms]
2024-11-20 10:50:39.212 [info] fatal: ref refs/remotes/origin/HEAD is not a symbolic ref
2024-11-20 10:50:39.212 [warning] [Repository][getDefaultBranch] Failed to get default branch details: Failed to execute git.
2024-11-20 10:50:39.218 [info] > git cat-file -s f5033617eeed106b96d7206b522114e8323b4198 [25ms]
2024-11-20 10:50:39.272 [info] > git for-each-ref --format=%(refname)%00%(upstream:short)%00%(objectname)%00%(upstream:track)%00%(upstream:remotename)%00%(upstream:remoteref) refs/heads/main refs/remotes/main [61ms]
2024-11-20 10:50:39.504 [info] > git config --local branch.main.vscode-merge-base [215ms]
2024-11-20 10:50:39.504 [warning] [Git][config] git config failed: Failed to execute git
2024-11-20 10:50:39.542 [info] > git reflog main --grep-reflog=branch: Created from *. [23ms]
2024-11-20 10:50:39.580 [info] > git symbolic-ref --short refs/remotes/origin/HEAD [15ms]
2024-11-20 10:50:39.586 [info] fatal: ref refs/remotes/origin/HEAD is not a symbolic ref
2024-11-20 10:50:39.586 [warning] [Repository][getDefaultBranch] Failed to get default branch details: Failed to execute git.
2024-11-20 10:50:40.450 [info] > git log --format=%H%n%aN%n%aE%n%at%n%ct%n%P%n%D%n%B -z -n163 --follow -- /home/vscode/progate_path/self_introduction_push/self_introduction/src/favorite_food.md [1191ms]
2024-11-20 10:50:42.378 [info] > git config --get commit.template [13ms]
2024-11-20 10:50:42.448 [info] > git for-each-ref --format=%(refname)%00%(upstream:short)%00%(objectname)%00%(upstream:track)%00%(upstream:remotename)%00%(upstream:remoteref) refs/heads/main refs/remotes/main [65ms]
2024-11-20 10:50:42.915 [info] > git status -z -uall [463ms]
2024-11-20 10:50:42.916 [info] > git for-each-ref --sort -committerdate --format %(refname) %(objectname) %(*objectname) [456ms]
2024-11-20 10:50:43.924 [info] > git config --local branch.main.github-pr-owner-number [152ms]
2024-11-20 10:50:43.924 [warning] [Git][config] git config failed: Failed to execute git
2024-11-20 10:50:43.933 [info] > git config --local branch.main.remote [4ms]
2024-11-20 10:50:43.933 [warning] [Git][config] git config failed: Failed to execute git
2024-11-20 10:50:43.955 [info] > git config --local branch.main.merge [17ms]
2024-11-20 10:50:43.955 [warning] [Git][config] git config failed: Failed to execute git
2024-11-20 10:50:47.936 [info] > git config --get commit.template [5ms]
2024-11-20 10:50:47.937 [info] > git for-each-ref --format=%(refname)%00%(upstream:short)%00%(objectname)%00%(upstream:track)%00%(upstream:remotename)%00%(upstream:remoteref) refs/heads/main refs/remotes/main [2ms]
2024-11-20 10:50:47.953 [info] > git for-each-ref --sort -committerdate --format %(refname) %(objectname) %(*objectname) [4ms]
2024-11-20 10:50:48.031 [info] > git status -z -uall [89ms]
2024-11-20 10:51:08.432 [info] > git config --get commit.template [6ms]
2024-11-20 10:51:08.433 [info] > git for-each-ref --format=%(refname)%00%(upstream:short)%00%(objectname)%00%(upstream:track)%00%(upstream:remotename)%00%(upstream:remoteref) refs/heads/main refs/remotes/main [2ms]
2024-11-20 10:51:08.445 [info] > git for-each-ref --sort -committerdate --format %(refname) %(objectname) %(*objectname) [3ms]
2024-11-20 10:51:08.521 [info] > git status -z -uall [84ms]
2024-11-20 10:51:13.545 [info] > git config --get commit.template [5ms]
2024-11-20 10:51:13.547 [info] > git for-each-ref --format=%(refname)%00%(upstream:short)%00%(objectname)%00%(upstream:track)%00%(upstream:remotename)%00%(upstream:remoteref) refs/heads/main refs/remotes/main [2ms]
2024-11-20 10:51:13.564 [info] > git for-each-ref --sort -committerdate --format %(refname) %(objectname) %(*objectname) [6ms]
2024-11-20 10:51:13.641 [info] > git status -z -uall [88ms]
2024-11-20 10:51:28.630 [info] > git config --get commit.template [5ms]
2024-11-20 10:51:28.632 [info] > git for-each-ref --format=%(refname)%00%(upstream:short)%00%(objectname)%00%(upstream:track)%00%(upstream:remotename)%00%(upstream:remoteref) refs/heads/main refs/remotes/main [1ms]
2024-11-20 10:51:28.645 [info] > git for-each-ref --sort -committerdate --format %(refname) %(objectname) %(*objectname) [2ms]
2024-11-20 10:51:28.722 [info] > git status -z -uall [86ms]
2024-11-20 10:51:31.717 [info] > git rev-list --count 61f951c0311141563af9361c18cb0118c58eb74c.. -- /home/vscode/progate_path/self_introduction_push/self_introduction/src/favorite_food.md [2ms]
2024-11-20 10:51:31.889 [info] > git log --format=%H%n%aN%n%aE%n%at%n%ct%n%P%n%D%n%B -z -n3 --follow -- /home/vscode/progate_path/self_introduction_push/self_introduction/src/favorite_food.md [167ms]
2024-11-20 10:51:32.309 [info] > git ls-files --stage -- /home/vscode/progate_path/self_introduction_push/self_introduction/src/favorite_food.md [2ms]
2024-11-20 10:51:32.315 [info] > git cat-file -s f5033617eeed106b96d7206b522114e8323b4198 [1ms]
2024-11-20 10:51:32.408 [info] > git show --textconv :progate_path/self_introduction_push/self_introduction/src/favorite_food.md [3ms]
2024-11-20 10:52:20.117 [info] > git config --get commit.template [8ms]
2024-11-20 10:52:20.119 [info] > git for-each-ref --format=%(refname)%00%(upstream:short)%00%(objectname)%00%(upstream:track)%00%(upstream:remotename)%00%(upstream:remoteref) refs/heads/main refs/remotes/main [3ms]
2024-11-20 10:52:20.155 [info] > git for-each-ref --sort -committerdate --format %(refname) %(objectname) %(*objectname) [4ms]
2024-11-20 10:52:20.213 [info] > git status -z -uall [88ms]
2024-11-20 10:52:46.107 [info] > git config --get commit.template [6ms]
2024-11-20 10:52:46.108 [info] > git for-each-ref --format=%(refname)%00%(upstream:short)%00%(objectname)%00%(upstream:track)%00%(upstream:remotename)%00%(upstream:remoteref) refs/heads/main refs/remotes/main [2ms]
2024-11-20 10:52:46.134 [info] > git for-each-ref --sort -committerdate --format %(refname) %(objectname) %(*objectname) [2ms]
2024-11-20 10:52:46.200 [info] > git status -z -uall [86ms]
2024-11-20 10:52:52.803 [info] > git config --get commit.template [5ms]
2024-11-20 10:52:52.805 [info] > git for-each-ref --format=%(refname)%00%(upstream:short)%00%(objectname)%00%(upstream:track)%00%(upstream:remotename)%00%(upstream:remoteref) refs/heads/main refs/remotes/main [2ms]
2024-11-20 10:52:52.837 [info] > git for-each-ref --sort -committerdate --format %(refname) %(objectname) %(*objectname) [0ms]
2024-11-20 10:52:52.893 [info] > git status -z -uall [84ms]
2024-11-20 10:52:57.173 [info] > git config --get commit.template [5ms]
2024-11-20 10:52:57.174 [info] > git for-each-ref --format=%(refname)%00%(upstream:short)%00%(objectname)%00%(upstream:track)%00%(upstream:remotename)%00%(upstream:remoteref) refs/heads/main refs/remotes/main [2ms]
2024-11-20 10:52:57.191 [info] > git for-each-ref --sort -committerdate --format %(refname) %(objectname) %(*objectname) [6ms]
2024-11-20 10:52:57.262 [info] > git status -z -uall [83ms]
2024-11-20 10:52:57.914 [info] > git config --get commit.template [5ms]
2024-11-20 10:52:57.915 [info] > git for-each-ref --format=%(refname)%00%(upstream:short)%00%(objectname)%00%(upstream:track)%00%(upstream:remotename)%00%(upstream:remoteref) refs/heads/main refs/remotes/main [2ms]
2024-11-20 10:52:57.944 [info] > git for-each-ref --sort -committerdate --format %(refname) %(objectname) %(*objectname) [3ms]
2024-11-20 10:52:58.008 [info] > git status -z -uall [89ms]
2024-11-20 10:53:05.338 [info] > git config --get commit.template [8ms]
2024-11-20 10:53:05.339 [info] > git for-each-ref --format=%(refname)%00%(upstream:short)%00%(objectname)%00%(upstream:track)%00%(upstream:remotename)%00%(upstream:remoteref) refs/heads/main refs/remotes/main [3ms]
2024-11-20 10:53:05.353 [info] > git for-each-ref --sort -committerdate --format %(refname) %(objectname) %(*objectname) [4ms]
2024-11-20 10:53:05.428 [info] > git status -z -uall [85ms]
2024-11-20 10:53:11.749 [info] > git config --get commit.template [7ms]
2024-11-20 10:53:11.752 [info] > git for-each-ref --format=%(refname)%00%(upstream:short)%00%(objectname)%00%(upstream:track)%00%(upstream:remotename)%00%(upstream:remoteref) refs/heads/main refs/remotes/main [3ms]
2024-11-20 10:53:11.791 [info] > git for-each-ref --sort -committerdate --format %(refname) %(objectname) %(*objectname) [4ms]
2024-11-20 10:53:11.862 [info] > git status -z -uall [105ms]
2024-11-20 10:53:21.764 [info] > git config --get commit.template [8ms]
2024-11-20 10:53:21.765 [info] > git for-each-ref --format=%(refname)%00%(upstream:short)%00%(objectname)%00%(upstream:track)%00%(upstream:remotename)%00%(upstream:remoteref) refs/heads/main refs/remotes/main [3ms]
2024-11-20 10:53:21.778 [info] > git for-each-ref --sort -committerdate --format %(refname) %(objectname) %(*objectname) [3ms]
2024-11-20 10:53:21.854 [info] > git status -z -uall [84ms]
2024-11-20 10:53:26.874 [info] > git config --get commit.template [6ms]
2024-11-20 10:53:26.875 [info] > git for-each-ref --format=%(refname)%00%(upstream:short)%00%(objectname)%00%(upstream:track)%00%(upstream:remotename)%00%(upstream:remoteref) refs/heads/main refs/remotes/main [2ms]
2024-11-20 10:53:26.901 [info] > git for-each-ref --sort -committerdate --format %(refname) %(objectname) %(*objectname) [16ms]
2024-11-20 10:53:26.984 [info] > git status -z -uall [104ms]
2024-11-20 10:55:08.086 [info] > git log --format=%H%n%aN%n%aE%n%at%n%ct%n%P%n%D%n%B -z -n163 --follow -- /home/vscode/progate_path/self_introduction_push/self_introduction/src/favorite_food.md [185ms]
2024-11-20 10:55:26.725 [info] > git rev-list --count 61f951c0311141563af9361c18cb0118c58eb74c.. -- /home/vscode/progate_path/self_introduction_push/self_introduction/src/favorite_food.md [2ms]
2024-11-20 10:55:26.875 [info] > git log --format=%H%n%aN%n%aE%n%at%n%ct%n%P%n%D%n%B -z -n3 --follow -- /home/vscode/progate_path/self_introduction_push/self_introduction/src/favorite_food.md [145ms]
2024-11-20 10:55:27.348 [info] > git ls-files --stage -- /home/vscode/progate_path/self_introduction_push/self_introduction/src/favorite_food.md [2ms]
2024-11-20 10:55:27.355 [info] > git cat-file -s f5033617eeed106b96d7206b522114e8323b4198 [1ms]
2024-11-20 10:55:27.466 [info] > git show --textconv :progate_path/self_introduction_push/self_introduction/src/favorite_food.md [4ms]
2024-11-20 10:55:32.814 [info] > git config --get commit.template [5ms]
2024-11-20 10:55:32.816 [info] > git for-each-ref --format=%(refname)%00%(upstream:short)%00%(objectname)%00%(upstream:track)%00%(upstream:remotename)%00%(upstream:remoteref) refs/heads/main refs/remotes/main [2ms]
2024-11-20 10:55:32.844 [info] > git for-each-ref --sort -committerdate --format %(refname) %(objectname) %(*objectname) [8ms]
2024-11-20 10:55:32.917 [info] > git status -z -uall [97ms]
2024-11-20 11:08:56.906 [info] > git config --get commit.template [6ms]
2024-11-20 11:08:56.915 [info] > git for-each-ref --format=%(refname)%00%(upstream:short)%00%(objectname)%00%(upstream:track)%00%(upstream:remotename)%00%(upstream:remoteref) refs/heads/main refs/remotes/main [2ms]
2024-11-20 11:08:56.934 [info] > git for-each-ref --sort -committerdate --format %(refname) %(objectname) %(*objectname) [3ms]
2024-11-20 11:08:57.058 [info] > git status -z -uall [134ms]
2024-11-20 11:09:02.086 [info] > git config --get commit.template [5ms]
2024-11-20 11:09:02.087 [info] > git for-each-ref --format=%(refname)%00%(upstream:short)%00%(objectname)%00%(upstream:track)%00%(upstream:remotename)%00%(upstream:remoteref) refs/heads/main refs/remotes/main [2ms]
2024-11-20 11:09:02.128 [info] > git for-each-ref --sort -committerdate --format %(refname) %(objectname) %(*objectname) [31ms]
2024-11-20 11:09:02.241 [info] > git status -z -uall [150ms]
2024-11-20 11:09:07.959 [info] > git config --get commit.template [6ms]
2024-11-20 11:09:07.962 [info] > git for-each-ref --format=%(refname)%00%(upstream:short)%00%(objectname)%00%(upstream:track)%00%(upstream:remotename)%00%(upstream:remoteref) refs/heads/main refs/remotes/main [3ms]
2024-11-20 11:09:07.985 [info] > git for-each-ref --sort -committerdate --format %(refname) %(objectname) %(*objectname) [13ms]
2024-11-20 11:09:08.048 [info] > git status -z -uall [82ms]
2024-11-20 11:09:13.067 [info] > git config --get commit.template [5ms]
2024-11-20 11:09:13.068 [info] > git for-each-ref --format=%(refname)%00%(upstream:short)%00%(objectname)%00%(upstream:track)%00%(upstream:remotename)%00%(upstream:remoteref) refs/heads/main refs/remotes/main [2ms]
2024-11-20 11:09:13.088 [info] > git for-each-ref --sort -committerdate --format %(refname) %(objectname) %(*objectname) [10ms]
2024-11-20 11:09:13.203 [info] > git status -z -uall [131ms]
2024-11-20 11:09:18.224 [info] > git config --get commit.template [5ms]
2024-11-20 11:09:18.225 [info] > git for-each-ref --format=%(refname)%00%(upstream:short)%00%(objectname)%00%(upstream:track)%00%(upstream:remotename)%00%(upstream:remoteref) refs/heads/main refs/remotes/main [1ms]
2024-11-20 11:09:18.239 [info] > git for-each-ref --sort -committerdate --format %(refname) %(objectname) %(*objectname) [4ms]
2024-11-20 11:09:18.311 [info] > git status -z -uall [81ms]
2024-11-20 11:09:23.333 [info] > git config --get commit.template [6ms]
2024-11-20 11:09:23.333 [info] > git for-each-ref --format=%(refname)%00%(upstream:short)%00%(objectname)%00%(upstream:track)%00%(upstream:remotename)%00%(upstream:remoteref) refs/heads/main refs/remotes/main [2ms]
2024-11-20 11:09:23.359 [info] > git for-each-ref --sort -committerdate --format %(refname) %(objectname) %(*objectname) [16ms]
2024-11-20 11:09:23.420 [info] > git status -z -uall [82ms]
2024-11-20 11:09:28.439 [info] > git config --get commit.template [7ms]
2024-11-20 11:09:28.440 [info] > git for-each-ref --format=%(refname)%00%(upstream:short)%00%(objectname)%00%(upstream:track)%00%(upstream:remotename)%00%(upstream:remoteref) refs/heads/main refs/remotes/main [2ms]
2024-11-20 11:09:28.467 [info] > git for-each-ref --sort -committerdate --format %(refname) %(objectname) %(*objectname) [16ms]
2024-11-20 11:09:28.528 [info] > git status -z -uall [83ms]
2024-11-20 11:09:34.965 [info] > git config --get commit.template [6ms]
2024-11-20 11:09:34.966 [info] > git for-each-ref --format=%(refname)%00%(upstream:short)%00%(objectname)%00%(upstream:track)%00%(upstream:remotename)%00%(upstream:remoteref) refs/heads/main refs/remotes/main [2ms]
2024-11-20 11:09:34.993 [info] > git for-each-ref --sort -committerdate --format %(refname) %(objectname) %(*objectname) [17ms]
2024-11-20 11:09:35.067 [info] > git status -z -uall [96ms]
2024-11-20 11:09:40.085 [info] > git config --get commit.template [5ms]
2024-11-20 11:09:40.086 [info] > git for-each-ref --format=%(refname)%00%(upstream:short)%00%(objectname)%00%(upstream:track)%00%(upstream:remotename)%00%(upstream:remoteref) refs/heads/main refs/remotes/main [1ms]
2024-11-20 11:09:40.114 [info] > git for-each-ref --sort -committerdate --format %(refname) %(objectname) %(*objectname) [17ms]
2024-11-20 11:09:40.171 [info] > git status -z -uall [80ms]
2024-11-20 11:09:45.188 [info] > git config --get commit.template [6ms]
2024-11-20 11:09:45.189 [info] > git for-each-ref --format=%(refname)%00%(upstream:short)%00%(objectname)%00%(upstream:track)%00%(upstream:remotename)%00%(upstream:remoteref) refs/heads/main refs/remotes/main [2ms]
2024-11-20 11:09:45.202 [info] > git for-each-ref --sort -committerdate --format %(refname) %(objectname) %(*objectname) [3ms]
2024-11-20 11:09:45.276 [info] > git status -z -uall [83ms]
2024-11-20 11:09:52.970 [info] > git config --get commit.template [6ms]
2024-11-20 11:09:52.971 [info] > git for-each-ref --format=%(refname)%00%(upstream:short)%00%(objectname)%00%(upstream:track)%00%(upstream:remotename)%00%(upstream:remoteref) refs/heads/main refs/remotes/main [2ms]
2024-11-20 11:09:52.995 [info] > git for-each-ref --sort -committerdate --format %(refname) %(objectname) %(*objectname) [13ms]
2024-11-20 11:09:53.070 [info] > git status -z -uall [95ms]
2024-11-20 11:09:58.091 [info] > git config --get commit.template [5ms]
2024-11-20 11:09:58.093 [info] > git for-each-ref --format=%(refname)%00%(upstream:short)%00%(objectname)%00%(upstream:track)%00%(upstream:remotename)%00%(upstream:remoteref) refs/heads/main refs/remotes/main [2ms]
2024-11-20 11:09:58.105 [info] > git for-each-ref --sort -committerdate --format %(refname) %(objectname) %(*objectname) [2ms]
2024-11-20 11:09:58.178 [info] > git status -z -uall [81ms]
2024-11-20 11:10:03.194 [info] > git config --get commit.template [6ms]
2024-11-20 11:10:03.195 [info] > git for-each-ref --format=%(refname)%00%(upstream:short)%00%(objectname)%00%(upstream:track)%00%(upstream:remotename)%00%(upstream:remoteref) refs/heads/main refs/remotes/main [2ms]
2024-11-20 11:10:03.228 [info] > git for-each-ref --sort -committerdate --format %(refname) %(objectname) %(*objectname) [23ms]
2024-11-20 11:10:03.297 [info] > git status -z -uall [98ms]
2024-11-20 11:10:08.314 [info] > git config --get commit.template [6ms]
2024-11-20 11:10:08.315 [info] > git for-each-ref --format=%(refname)%00%(upstream:short)%00%(objectname)%00%(upstream:track)%00%(upstream:remotename)%00%(upstream:remoteref) refs/heads/main refs/remotes/main [2ms]
2024-11-20 11:10:08.342 [info] > git for-each-ref --sort -committerdate --format %(refname) %(objectname) %(*objectname) [17ms]
2024-11-20 11:10:08.401 [info] > git status -z -uall [82ms]
2024-11-20 11:10:13.417 [info] > git config --get commit.template [5ms]
2024-11-20 11:10:13.425 [info] > git for-each-ref --format=%(refname)%00%(upstream:short)%00%(objectname)%00%(upstream:track)%00%(upstream:remotename)%00%(upstream:remoteref) refs/heads/main refs/remotes/main [5ms]
2024-11-20 11:10:13.463 [info] > git for-each-ref --sort -committerdate --format %(refname) %(objectname) %(*objectname) [19ms]
2024-11-20 11:10:13.529 [info] > git status -z -uall [98ms]
2024-11-20 11:10:18.550 [info] > git config --get commit.template [6ms]
2024-11-20 11:10:18.551 [info] > git for-each-ref --format=%(refname)%00%(upstream:short)%00%(objectname)%00%(upstream:track)%00%(upstream:remotename)%00%(upstream:remoteref) refs/heads/main refs/remotes/main [1ms]
2024-11-20 11:10:18.602 [info] > git for-each-ref --sort -committerdate --format %(refname) %(objectname) %(*objectname) [8ms]
2024-11-20 11:10:18.673 [info] > git status -z -uall [116ms]
2024-11-20 11:10:23.691 [info] > git config --get commit.template [6ms]
2024-11-20 11:10:23.692 [info] > git for-each-ref --format=%(refname)%00%(upstream:short)%00%(objectname)%00%(upstream:track)%00%(upstream:remotename)%00%(upstream:remoteref) refs/heads/main refs/remotes/main [2ms]
2024-11-20 11:10:23.725 [info] > git for-each-ref --sort -committerdate --format %(refname) %(objectname) %(*objectname) [10ms]
2024-11-20 11:10:23.785 [info] > git status -z -uall [88ms]
2024-11-20 11:10:28.802 [info] > git config --get commit.template [6ms]
2024-11-20 11:10:28.804 [info] > git for-each-ref --format=%(refname)%00%(upstream:short)%00%(objectname)%00%(upstream:track)%00%(upstream:remotename)%00%(upstream:remoteref) refs/heads/main refs/remotes/main [2ms]
2024-11-20 11:10:28.830 [info] > git for-each-ref --sort -committerdate --format %(refname) %(objectname) %(*objectname) [16ms]
2024-11-20 11:10:28.890 [info] > git status -z -uall [82ms]
2024-11-20 11:11:50.692 [info] > git config --get commit.template [6ms]
2024-11-20 11:11:50.693 [info] > git for-each-ref --format=%(refname)%00%(upstream:short)%00%(objectname)%00%(upstream:track)%00%(upstream:remotename)%00%(upstream:remoteref) refs/heads/main refs/remotes/main [2ms]
2024-11-20 11:11:50.720 [info] > git for-each-ref --sort -committerdate --format %(refname) %(objectname) %(*objectname) [17ms]
2024-11-20 11:11:50.782 [info] > git status -z -uall [84ms]
