2024-11-24 13:42:43.008 [info] [main] ログ レベル: Info
2024-11-24 13:42:43.008 [info] [main] Git の検証が検出されました: "git"
2024-11-24 13:42:43.008 [info] [main] "git" から Git "2.46.2" を使用しています
2024-11-24 13:42:43.008 [info] [Model][doInitialScan] Initial repository scan started
2024-11-24 13:42:43.008 [info] > git rev-parse --show-toplevel [5ms]
2024-11-24 13:42:43.008 [info] > git rev-parse --git-dir --git-common-dir [3ms]
2024-11-24 13:42:43.008 [info] [Model][openRepository] Opened repository: /home/vscode
2024-11-24 13:42:43.146 [info] > git config --get commit.template [133ms]
2024-11-24 13:42:43.272 [info] > git rev-parse --show-toplevel [254ms]
2024-11-24 13:42:44.695 [info] > git check-ignore -v -z --stdin [516ms]
2024-11-24 13:42:44.697 [info] > git for-each-ref --format=%(refname)%00%(upstream:short)%00%(objectname)%00%(upstream:track)%00%(upstream:remotename)%00%(upstream:remoteref) refs/heads/main refs/remotes/main [1417ms]
2024-11-24 13:42:44.759 [info] > git rev-parse --git-dir --git-common-dir [566ms]
2024-11-24 13:42:44.767 [info] [Model][openRepository] Opened repository: /home/vscode/progate_path/self_introduction_push/self_introduction
2024-11-24 13:42:44.776 [info] [Model][doInitialScan] Initial repository scan completed - repositories (2), closed repositories (0), parent repositories (0), unsafe repositories (0)
2024-11-24 13:42:45.097 [info] > git config --get commit.template [303ms]
2024-11-24 13:42:45.149 [info] > git ls-files --stage -- /home/vscode/progate_path/self_introduction_push/self_introduction/src/favorite_food.md [252ms]
2024-11-24 13:42:45.353 [info] > git cat-file -s ed240f012eab321a8be8227f4c3f61ae75168ed4 [192ms]
2024-11-24 13:42:45.386 [info] > git show --textconv :src/favorite_food.md [495ms]
2024-11-24 13:42:45.395 [info] > git for-each-ref --format=%(refname)%00%(upstream:short)%00%(objectname)%00%(upstream:track)%00%(upstream:remotename)%00%(upstream:remoteref) refs/heads/update-favorite-food refs/remotes/update-favorite-food [290ms]
2024-11-24 13:42:45.986 [info] > git status -z -uall [584ms]
2024-11-24 13:42:45.986 [info] > git check-ignore -v -z --stdin [49ms]
2024-11-24 13:42:45.987 [info] > git for-each-ref --sort -committerdate --format %(refname) %(objectname) %(*objectname) [1261ms]
2024-11-24 13:42:45.987 [info] > git for-each-ref --sort -committerdate --format %(refname) %(objectname) %(*objectname) [579ms]
2024-11-24 13:42:46.007 [info] > git config --get commit.template [3ms]
2024-11-24 13:42:46.007 [info] > git for-each-ref --format=%(refname)%00%(upstream:short)%00%(objectname)%00%(upstream:track)%00%(upstream:remotename)%00%(upstream:remoteref) refs/heads/update-favorite-food refs/remotes/update-favorite-food [11ms]
2024-11-24 13:42:46.035 [info] > git config --local branch.update-favorite-food.vscode-merge-base [23ms]
2024-11-24 13:42:46.051 [info] > git for-each-ref --format=%(refname)%00%(upstream:short)%00%(objectname)%00%(upstream:track)%00%(upstream:remotename)%00%(upstream:remoteref) refs/heads/origin/main refs/remotes/origin/main [10ms]
2024-11-24 13:42:46.061 [info] > git for-each-ref --format=%(refname)%00%(upstream:short)%00%(objectname)%00%(upstream:track)%00%(upstream:remotename)%00%(upstream:remoteref) refs/heads/update-favorite-food refs/remotes/update-favorite-food [32ms]
2024-11-24 13:42:46.065 [info] > git merge-base refs/heads/update-favorite-food refs/remotes/origin/update-favorite-food [7ms]
2024-11-24 13:42:46.086 [info] > git status -z -uall [6ms]
2024-11-24 13:42:46.086 [info] > git diff --name-status -z --diff-filter=ADMR d412eb3a88040127a98dfd8e115f94f37e2b1feb...refs/remotes/origin/update-favorite-food [13ms]
2024-11-24 13:42:46.094 [info] > git for-each-ref --sort -committerdate --format %(refname) %(objectname) %(*objectname) [9ms]
2024-11-24 13:42:50.117 [info] > git status -z -uall [5414ms]
2024-11-24 13:42:50.186 [info] > git for-each-ref --format=%(refname)%00%(upstream:short)%00%(objectname)%00%(upstream:track)%00%(upstream:remotename)%00%(upstream:remoteref) refs/heads/main refs/remotes/main [27ms]
2024-11-24 13:42:50.209 [info] > git config --get commit.template [29ms]
2024-11-24 13:42:50.447 [info] > git for-each-ref --format=%(refname)%00%(upstream:short)%00%(objectname)%00%(upstream:track)%00%(upstream:remotename)%00%(upstream:remoteref) refs/heads/main refs/remotes/main [209ms]
2024-11-24 13:42:50.531 [info] > git config --local branch.main.vscode-merge-base [324ms]
2024-11-24 13:42:50.531 [warning] [Git][config] git config failed: Failed to execute git
2024-11-24 13:42:50.579 [info] > git for-each-ref --sort -committerdate --format %(refname) %(objectname) %(*objectname) [48ms]
2024-11-24 13:42:50.594 [info] > git reflog main --grep-reflog=branch: Created from *. [19ms]
2024-11-24 13:42:50.605 [info] > git symbolic-ref --short refs/remotes/origin/HEAD [1ms]
2024-11-24 13:42:50.605 [info] fatal: ref refs/remotes/origin/HEAD is not a symbolic ref
2024-11-24 13:42:50.605 [warning] [Repository][getDefaultBranch] Failed to get default branch details: Failed to execute git.
2024-11-24 13:42:50.760 [info] > git status -z -uall [297ms]
2024-11-24 13:42:55.730 [info] > git config --local branch.update-favorite-food.github-pr-owner-number [145ms]
2024-11-24 13:42:55.730 [warning] [Git][config] git config failed: Failed to execute git
2024-11-24 13:42:55.798 [info] > git config --local branch.main.github-pr-owner-number [585ms]
2024-11-24 13:42:55.798 [warning] [Git][config] git config failed: Failed to execute git
2024-11-24 13:42:55.835 [info] > git config --local branch.main.remote [30ms]
2024-11-24 13:42:55.836 [warning] [Git][config] git config failed: Failed to execute git
2024-11-24 13:42:55.924 [info] > git config --local branch.main.merge [80ms]
2024-11-24 13:42:55.924 [warning] [Git][config] git config failed: Failed to execute git
2024-11-24 13:42:56.622 [info] > git config --local branch.update-favorite-food.github-pr-owner-number ukahiro#pull_request_practice#1 [10ms]
2024-11-24 13:42:56.643 [info] > git config --get commit.template [7ms]
2024-11-24 13:42:56.651 [info] > git for-each-ref --format=%(refname)%00%(upstream:short)%00%(objectname)%00%(upstream:track)%00%(upstream:remotename)%00%(upstream:remoteref) refs/heads/update-favorite-food refs/remotes/update-favorite-food [8ms]
2024-11-24 13:42:56.667 [info] > git status -z -uall [11ms]
2024-11-24 13:42:56.671 [info] > git for-each-ref --sort -committerdate --format %(refname) %(objectname) %(*objectname) [4ms]
2024-11-24 13:42:58.468 [info] > git config --local branch.update-favorite-food.github-pr-owner-number ukahiro#pull_request_practice#1 [8ms]
2024-11-24 13:42:58.481 [info] > git config --get commit.template [7ms]
2024-11-24 13:42:58.484 [info] > git for-each-ref --format=%(refname)%00%(upstream:short)%00%(objectname)%00%(upstream:track)%00%(upstream:remotename)%00%(upstream:remoteref) refs/heads/update-favorite-food refs/remotes/update-favorite-food [4ms]
2024-11-24 13:42:58.500 [info] > git status -z -uall [11ms]
2024-11-24 13:42:58.506 [info] > git for-each-ref --sort -committerdate --format %(refname) %(objectname) %(*objectname) [7ms]
2024-11-24 14:07:57.995 [info] > git config --get commit.template [6ms]
2024-11-24 14:07:58.005 [info] > git for-each-ref --format=%(refname)%00%(upstream:short)%00%(objectname)%00%(upstream:track)%00%(upstream:remotename)%00%(upstream:remoteref) refs/heads/main refs/remotes/main [5ms]
2024-11-24 14:07:58.019 [info] > git config --get commit.template [24ms]
2024-11-24 14:07:58.019 [info] > git for-each-ref --format=%(refname)%00%(upstream:short)%00%(objectname)%00%(upstream:track)%00%(upstream:remotename)%00%(upstream:remoteref) refs/heads/update-favorite-food refs/remotes/update-favorite-food [15ms]
2024-11-24 14:07:58.050 [info] > git status -z -uall [11ms]
2024-11-24 14:07:58.051 [info] > git for-each-ref --sort -committerdate --format %(refname) %(objectname) %(*objectname) [32ms]
2024-11-24 14:07:58.055 [info] > git for-each-ref --sort -committerdate --format %(refname) %(objectname) %(*objectname) [5ms]
2024-11-24 14:07:58.123 [info] > git status -z -uall [113ms]
2024-11-24 14:07:58.333 [info] > git ls-files --stage -- /home/vscode/progate_path/self_introduction_push/self_introduction/src/favorite_food.md [2ms]
2024-11-24 14:07:58.343 [info] > git cat-file -s ed240f012eab321a8be8227f4c3f61ae75168ed4 [5ms]
2024-11-24 14:07:58.513 [info] > git show --textconv :src/favorite_food.md [2ms]
2024-11-24 14:08:03.065 [info] > git config --get commit.template [2ms]
2024-11-24 14:08:03.074 [info] > git for-each-ref --format=%(refname)%00%(upstream:short)%00%(objectname)%00%(upstream:track)%00%(upstream:remotename)%00%(upstream:remoteref) refs/heads/update-favorite-food refs/remotes/update-favorite-food [3ms]
2024-11-24 14:08:03.086 [info] > git status -z -uall [7ms]
2024-11-24 14:08:03.086 [info] > git for-each-ref --sort -committerdate --format %(refname) %(objectname) %(*objectname) [3ms]
2024-11-24 14:08:03.149 [info] > git config --get commit.template [6ms]
2024-11-24 14:08:03.150 [info] > git for-each-ref --format=%(refname)%00%(upstream:short)%00%(objectname)%00%(upstream:track)%00%(upstream:remotename)%00%(upstream:remoteref) refs/heads/main refs/remotes/main [1ms]
2024-11-24 14:08:03.163 [info] > git for-each-ref --sort -committerdate --format %(refname) %(objectname) %(*objectname) [3ms]
2024-11-24 14:08:03.251 [info] > git status -z -uall [96ms]
2024-11-24 14:08:11.250 [info] > git config --get commit.template [5ms]
2024-11-24 14:08:11.251 [info] > git for-each-ref --format=%(refname)%00%(upstream:short)%00%(objectname)%00%(upstream:track)%00%(upstream:remotename)%00%(upstream:remoteref) refs/heads/main refs/remotes/main [1ms]
2024-11-24 14:08:11.269 [info] > git for-each-ref --sort -committerdate --format %(refname) %(objectname) %(*objectname) [9ms]
2024-11-24 14:08:11.348 [info] > git status -z -uall [93ms]
2024-11-24 14:08:16.368 [info] > git config --get commit.template [5ms]
2024-11-24 14:08:16.369 [info] > git for-each-ref --format=%(refname)%00%(upstream:short)%00%(objectname)%00%(upstream:track)%00%(upstream:remotename)%00%(upstream:remoteref) refs/heads/main refs/remotes/main [1ms]
2024-11-24 14:08:16.386 [info] > git for-each-ref --sort -committerdate --format %(refname) %(objectname) %(*objectname) [8ms]
2024-11-24 14:08:16.473 [info] > git status -z -uall [100ms]
2024-11-24 14:08:21.491 [info] > git config --get commit.template [5ms]
2024-11-24 14:08:21.492 [info] > git for-each-ref --format=%(refname)%00%(upstream:short)%00%(objectname)%00%(upstream:track)%00%(upstream:remotename)%00%(upstream:remoteref) refs/heads/main refs/remotes/main [2ms]
2024-11-24 14:08:21.520 [info] > git for-each-ref --sort -committerdate --format %(refname) %(objectname) %(*objectname) [18ms]
2024-11-24 14:08:21.589 [info] > git status -z -uall [92ms]
2024-11-24 14:08:26.608 [info] > git config --get commit.template [5ms]
2024-11-24 14:08:26.609 [info] > git for-each-ref --format=%(refname)%00%(upstream:short)%00%(objectname)%00%(upstream:track)%00%(upstream:remotename)%00%(upstream:remoteref) refs/heads/main refs/remotes/main [2ms]
2024-11-24 14:08:26.635 [info] > git for-each-ref --sort -committerdate --format %(refname) %(objectname) %(*objectname) [17ms]
2024-11-24 14:08:26.705 [info] > git status -z -uall [92ms]
2024-11-24 14:08:31.723 [info] > git config --get commit.template [6ms]
2024-11-24 14:08:31.724 [info] > git for-each-ref --format=%(refname)%00%(upstream:short)%00%(objectname)%00%(upstream:track)%00%(upstream:remotename)%00%(upstream:remoteref) refs/heads/main refs/remotes/main [2ms]
2024-11-24 14:08:31.750 [info] > git for-each-ref --sort -committerdate --format %(refname) %(objectname) %(*objectname) [17ms]
2024-11-24 14:08:31.820 [info] > git status -z -uall [92ms]
2024-11-24 14:09:09.507 [info] > git config --get commit.template [5ms]
2024-11-24 14:09:09.509 [info] > git for-each-ref --format=%(refname)%00%(upstream:short)%00%(objectname)%00%(upstream:track)%00%(upstream:remotename)%00%(upstream:remoteref) refs/heads/main refs/remotes/main [1ms]
2024-11-24 14:09:09.538 [info] > git for-each-ref --sort -committerdate --format %(refname) %(objectname) %(*objectname) [20ms]
2024-11-24 14:09:09.607 [info] > git status -z -uall [94ms]
2024-11-24 14:09:13.679 [info] > git ls-files --stage -- /home/vscode/progate_path/self_introduction_push/self_introduction/src/favorite_food.md [1ms]
2024-11-24 14:09:13.688 [info] > git cat-file -s ed240f012eab321a8be8227f4c3f61ae75168ed4 [4ms]
2024-11-24 14:09:13.783 [info] > git show --textconv :src/favorite_food.md [3ms]
2024-11-24 14:09:14.626 [info] > git config --get commit.template [5ms]
2024-11-24 14:09:14.627 [info] > git for-each-ref --format=%(refname)%00%(upstream:short)%00%(objectname)%00%(upstream:track)%00%(upstream:remotename)%00%(upstream:remoteref) refs/heads/main refs/remotes/main [2ms]
2024-11-24 14:09:14.653 [info] > git for-each-ref --sort -committerdate --format %(refname) %(objectname) %(*objectname) [17ms]
2024-11-24 14:09:14.727 [info] > git status -z -uall [96ms]
2024-11-24 14:09:16.488 [info] > git ls-files --stage -- /home/vscode/progate_path/self_introduction_push/self_introduction/src/favorite_food.md [1ms]
2024-11-24 14:09:16.495 [info] > git cat-file -s ed240f012eab321a8be8227f4c3f61ae75168ed4 [1ms]
2024-11-24 14:09:16.586 [info] > git show --textconv :src/favorite_food.md [2ms]
2024-11-24 14:09:19.746 [info] > git config --get commit.template [7ms]
2024-11-24 14:09:19.748 [info] > git for-each-ref --format=%(refname)%00%(upstream:short)%00%(objectname)%00%(upstream:track)%00%(upstream:remotename)%00%(upstream:remoteref) refs/heads/main refs/remotes/main [3ms]
2024-11-24 14:09:19.766 [info] > git for-each-ref --sort -committerdate --format %(refname) %(objectname) %(*objectname) [3ms]
2024-11-24 14:09:19.852 [info] > git status -z -uall [95ms]
2024-11-24 14:09:24.880 [info] > git config --get commit.template [5ms]
2024-11-24 14:09:24.881 [info] > git for-each-ref --format=%(refname)%00%(upstream:short)%00%(objectname)%00%(upstream:track)%00%(upstream:remotename)%00%(upstream:remoteref) refs/heads/main refs/remotes/main [1ms]
2024-11-24 14:09:24.894 [info] > git for-each-ref --sort -committerdate --format %(refname) %(objectname) %(*objectname) [4ms]
2024-11-24 14:09:24.978 [info] > git status -z -uall [93ms]
2024-11-24 14:10:05.853 [info] > git config --get commit.template [5ms]
2024-11-24 14:10:05.855 [info] > git for-each-ref --format=%(refname)%00%(upstream:short)%00%(objectname)%00%(upstream:track)%00%(upstream:remotename)%00%(upstream:remoteref) refs/heads/main refs/remotes/main [2ms]
2024-11-24 14:10:05.883 [info] > git for-each-ref --sort -committerdate --format %(refname) %(objectname) %(*objectname) [19ms]
2024-11-24 14:10:05.957 [info] > git status -z -uall [98ms]
2024-11-24 14:10:15.400 [info] > git config --get commit.template [5ms]
2024-11-24 14:10:15.401 [info] > git for-each-ref --format=%(refname)%00%(upstream:short)%00%(objectname)%00%(upstream:track)%00%(upstream:remotename)%00%(upstream:remoteref) refs/heads/main refs/remotes/main [2ms]
2024-11-24 14:10:15.425 [info] > git for-each-ref --sort -committerdate --format %(refname) %(objectname) %(*objectname) [15ms]
2024-11-24 14:10:15.497 [info] > git status -z -uall [92ms]
2024-11-24 14:10:20.517 [info] > git config --get commit.template [5ms]
2024-11-24 14:10:20.518 [info] > git for-each-ref --format=%(refname)%00%(upstream:short)%00%(objectname)%00%(upstream:track)%00%(upstream:remotename)%00%(upstream:remoteref) refs/heads/main refs/remotes/main [1ms]
2024-11-24 14:10:20.547 [info] > git for-each-ref --sort -committerdate --format %(refname) %(objectname) %(*objectname) [20ms]
2024-11-24 14:10:20.615 [info] > git status -z -uall [93ms]
2024-11-24 14:10:31.708 [info] > git config --get commit.template [2ms]
2024-11-24 14:10:31.713 [info] > git for-each-ref --format=%(refname)%00%(upstream:short)%00%(objectname)%00%(upstream:track)%00%(upstream:remotename)%00%(upstream:remoteref) refs/heads/main refs/remotes/main [1ms]
2024-11-24 14:10:31.745 [info] > git for-each-ref --sort -committerdate --format %(refname) %(objectname) %(*objectname) [22ms]
2024-11-24 14:10:31.825 [info] > git status -z -uall [108ms]
2024-11-24 14:10:36.033 [info] > git ls-files --stage -- /home/vscode/progate_path/self_introduction_push/self_introduction/src/favorite_food.md [2ms]
2024-11-24 14:10:36.038 [info] > git cat-file -s ed240f012eab321a8be8227f4c3f61ae75168ed4 [1ms]
2024-11-24 14:10:36.130 [info] > git show --textconv :src/favorite_food.md [2ms]
2024-11-24 14:10:36.845 [info] > git config --get commit.template [6ms]
2024-11-24 14:10:36.846 [info] > git for-each-ref --format=%(refname)%00%(upstream:short)%00%(objectname)%00%(upstream:track)%00%(upstream:remotename)%00%(upstream:remoteref) refs/heads/main refs/remotes/main [2ms]
2024-11-24 14:10:36.873 [info] > git for-each-ref --sort -committerdate --format %(refname) %(objectname) %(*objectname) [18ms]
2024-11-24 14:10:36.948 [info] > git status -z -uall [98ms]
2024-11-24 14:10:38.234 [info] > git show --textconv :.git/MERGE_MSG [5ms]
2024-11-24 14:10:38.237 [info] > git ls-files --stage -- /home/vscode/.git/MERGE_MSG [3ms]
2024-11-24 14:10:38.305 [info] > git check-ignore -v -z --stdin [3ms]
2024-11-24 14:10:38.957 [info] > git ls-files --stage -- /home/vscode/.git/MERGE_MSG [2ms]
2024-11-24 14:10:39.049 [info] > git show --textconv :.git/MERGE_MSG [3ms]
2024-11-24 14:10:41.966 [info] > git for-each-ref --format=%(refname)%00%(upstream:short)%00%(objectname)%00%(upstream:track)%00%(upstream:remotename)%00%(upstream:remoteref) refs/heads/main refs/remotes/main [1ms]
2024-11-24 14:10:41.994 [info] > git for-each-ref --sort -committerdate --format %(refname) %(objectname) %(*objectname) [18ms]
2024-11-24 14:10:42.053 [info] > git status -z -uall [82ms]
2024-11-24 14:10:47.066 [info] > git for-each-ref --format=%(refname)%00%(upstream:short)%00%(objectname)%00%(upstream:track)%00%(upstream:remotename)%00%(upstream:remoteref) refs/heads/main refs/remotes/main [1ms]
2024-11-24 14:10:47.079 [info] > git for-each-ref --sort -committerdate --format %(refname) %(objectname) %(*objectname) [3ms]
2024-11-24 14:10:47.155 [info] > git status -z -uall [85ms]
2024-11-24 14:10:52.169 [info] > git for-each-ref --format=%(refname)%00%(upstream:short)%00%(objectname)%00%(upstream:track)%00%(upstream:remotename)%00%(upstream:remoteref) refs/heads/main refs/remotes/main [2ms]
2024-11-24 14:10:52.195 [info] > git for-each-ref --sort -committerdate --format %(refname) %(objectname) %(*objectname) [17ms]
2024-11-24 14:10:52.257 [info] > git status -z -uall [84ms]
2024-11-24 14:11:00.634 [info] > git for-each-ref --format=%(refname)%00%(upstream:short)%00%(objectname)%00%(upstream:track)%00%(upstream:remotename)%00%(upstream:remoteref) refs/heads/main refs/remotes/main [2ms]
2024-11-24 14:11:00.646 [info] > git for-each-ref --sort -committerdate --format %(refname) %(objectname) %(*objectname) [3ms]
2024-11-24 14:11:00.720 [info] > git status -z -uall [82ms]
2024-11-24 14:11:05.735 [info] > git for-each-ref --format=%(refname)%00%(upstream:short)%00%(objectname)%00%(upstream:track)%00%(upstream:remotename)%00%(upstream:remoteref) refs/heads/main refs/remotes/main [2ms]
2024-11-24 14:11:05.747 [info] > git for-each-ref --sort -committerdate --format %(refname) %(objectname) %(*objectname) [2ms]
2024-11-24 14:11:05.822 [info] > git status -z -uall [83ms]
2024-11-24 14:11:20.971 [info] > git for-each-ref --format=%(refname)%00%(upstream:short)%00%(objectname)%00%(upstream:track)%00%(upstream:remotename)%00%(upstream:remoteref) refs/heads/main refs/remotes/main [2ms]
2024-11-24 14:11:20.991 [info] > git for-each-ref --sort -committerdate --format %(refname) %(objectname) %(*objectname) [10ms]
2024-11-24 14:11:21.061 [info] > git status -z -uall [86ms]
2024-11-24 14:11:23.759 [info] > git ls-files --stage -- /home/vscode/.git/MERGE_MSG [2ms]
2024-11-24 14:11:23.851 [info] > git show --textconv :.git/MERGE_MSG [3ms]
2024-11-24 14:11:26.079 [info] > git for-each-ref --format=%(refname)%00%(upstream:short)%00%(objectname)%00%(upstream:track)%00%(upstream:remotename)%00%(upstream:remoteref) refs/heads/main refs/remotes/main [4ms]
2024-11-24 14:11:26.112 [info] > git for-each-ref --sort -committerdate --format %(refname) %(objectname) %(*objectname) [22ms]
2024-11-24 14:11:26.198 [info] > git status -z -uall [114ms]
2024-11-24 14:11:31.214 [info] > git for-each-ref --format=%(refname)%00%(upstream:short)%00%(objectname)%00%(upstream:track)%00%(upstream:remotename)%00%(upstream:remoteref) refs/heads/main refs/remotes/main [3ms]
2024-11-24 14:11:31.228 [info] > git for-each-ref --sort -committerdate --format %(refname) %(objectname) %(*objectname) [5ms]
2024-11-24 14:11:31.319 [info] > git status -z -uall [101ms]
2024-11-24 14:11:45.616 [info] > git for-each-ref --format=%(refname)%00%(upstream:short)%00%(objectname)%00%(upstream:track)%00%(upstream:remotename)%00%(upstream:remoteref) refs/heads/main refs/remotes/main [6ms]
2024-11-24 14:11:45.642 [info] > git for-each-ref --sort -committerdate --format %(refname) %(objectname) %(*objectname) [17ms]
2024-11-24 14:11:45.705 [info] > git status -z -uall [85ms]
