2024-11-24 12:41:28.869 [info] [main] ログ レベル: Info
2024-11-24 12:41:28.870 [info] [main] Git の検証が検出されました: "git"
2024-11-24 12:41:28.870 [info] [main] "git" から Git "2.46.2" を使用しています
2024-11-24 12:41:28.870 [info] [Model][doInitialScan] Initial repository scan started
2024-11-24 12:41:28.870 [info] > git rev-parse --show-toplevel [7ms]
2024-11-24 12:41:28.870 [info] > git rev-parse --git-dir --git-common-dir [3ms]
2024-11-24 12:41:28.870 [info] [Model][openRepository] Opened repository: /home/vscode/progate_path/self_introduction_push/self_introduction
2024-11-24 12:41:28.875 [info] > git config --get commit.template [6ms]
2024-11-24 12:41:28.887 [info] > git rev-parse --show-toplevel [13ms]
2024-11-24 12:41:28.893 [info] > git for-each-ref --format=%(refname)%00%(upstream:short)%00%(objectname)%00%(upstream:track)%00%(upstream:remotename)%00%(upstream:remoteref) refs/heads/branch-a refs/remotes/branch-a [13ms]
2024-11-24 12:41:28.906 [info] > git rev-parse --show-toplevel [14ms]
2024-11-24 12:41:28.912 [info] > git rev-parse --show-toplevel [2ms]
2024-11-24 12:41:28.918 [info] > git rev-parse --show-toplevel [2ms]
2024-11-24 12:41:28.927 [info] > git rev-parse --show-toplevel [4ms]
2024-11-24 12:41:28.933 [info] > git rev-parse --show-toplevel [2ms]
2024-11-24 12:41:28.939 [info] > git rev-parse --show-toplevel [2ms]
2024-11-24 12:41:28.943 [info] [Model][doInitialScan] Initial repository scan completed - repositories (1), closed repositories (0), parent repositories (0), unsafe repositories (0)
2024-11-24 12:41:30.346 [info] > git check-ignore -v -z --stdin [356ms]
2024-11-24 12:41:30.347 [info] > git for-each-ref --sort -committerdate --format %(refname) %(objectname) %(*objectname) [1443ms]
2024-11-24 12:41:30.377 [info] > git status -z -uall [1479ms]
2024-11-24 12:41:31.830 [info] > git for-each-ref --format=%(refname)%00%(upstream:short)%00%(objectname)%00%(upstream:track)%00%(upstream:remotename)%00%(upstream:remoteref) refs/heads/branch-a refs/remotes/branch-a [995ms]
2024-11-24 12:41:31.935 [info] > git config --local branch.branch-a.vscode-merge-base [99ms]
2024-11-24 12:41:31.935 [warning] [Git][config] git config failed: Failed to execute git
2024-11-24 12:41:31.944 [info] > git config --get commit.template [225ms]
2024-11-24 12:41:32.312 [info] > git reflog branch-a --grep-reflog=branch: Created from *. [368ms]
2024-11-24 12:41:32.317 [info] > git for-each-ref --format=%(refname)%00%(upstream:short)%00%(objectname)%00%(upstream:track)%00%(upstream:remotename)%00%(upstream:remoteref) refs/heads/branch-a refs/remotes/branch-a [342ms]
2024-11-24 12:41:32.339 [info] > git for-each-ref --format=%(refname)%00%(upstream:short)%00%(objectname)%00%(upstream:track)%00%(upstream:remotename)%00%(upstream:remoteref) refs/heads/main refs/remotes/main [22ms]
2024-11-24 12:41:32.357 [info] > git symbolic-ref --short refs/remotes/origin/HEAD [7ms]
2024-11-24 12:41:32.357 [info] fatal: ref refs/remotes/origin/HEAD is not a symbolic ref
2024-11-24 12:41:32.357 [warning] [Repository][getDefaultBranch] Failed to get default branch details: Failed to execute git.
2024-11-24 12:41:32.358 [info] > git for-each-ref --sort -committerdate --format %(refname) %(objectname) %(*objectname) [28ms]
2024-11-24 12:41:32.416 [info] > git status -z -uall [93ms]
2024-11-24 12:41:41.411 [info] > git ls-files --stage -- /home/vscode/progate_path/self_introduction_push/self_introduction/src/favorite_food.md [73ms]
2024-11-24 12:41:41.519 [info] > git show --textconv :src/favorite_food.md [190ms]
2024-11-24 12:41:41.520 [info] > git cat-file -s 54d6a16a5fd3cf66e6e81d166982c96d644f5b7e [102ms]
2024-11-24 12:41:52.069 [info] > git config --local branch.branch-a.github-pr-owner-number [478ms]
2024-11-24 12:41:52.069 [warning] [Git][config] git config failed: Failed to execute git
2024-11-24 12:41:52.122 [info] > git config --local branch.branch-a.remote [21ms]
2024-11-24 12:41:52.122 [warning] [Git][config] git config failed: Failed to execute git
2024-11-24 12:41:52.145 [info] > git config --local branch.branch-a.merge [11ms]
2024-11-24 12:41:52.145 [warning] [Git][config] git config failed: Failed to execute git
2024-11-24 12:41:55.634 [info] > git show --textconv :.gitignore [18ms]
2024-11-24 12:41:55.639 [info] > git ls-files --stage -- /home/vscode/progate_path/self_introduction_push/self_introduction/.gitignore [6ms]
2024-11-24 12:42:02.719 [info] > git check-ignore -v -z --stdin [11ms]
2024-11-24 12:42:03.011 [info] > git config --get commit.template [12ms]
2024-11-24 12:42:03.015 [info] > git for-each-ref --format=%(refname)%00%(upstream:short)%00%(objectname)%00%(upstream:track)%00%(upstream:remotename)%00%(upstream:remoteref) refs/heads/branch-a refs/remotes/branch-a [3ms]
2024-11-24 12:42:03.075 [info] > git for-each-ref --sort -committerdate --format %(refname) %(objectname) %(*objectname) [6ms]
2024-11-24 12:42:03.139 [info] > git status -z -uall [116ms]
2024-11-24 12:42:14.359 [info] > git check-ignore -v -z --stdin [6ms]
2024-11-24 12:42:14.623 [info] > git config --get commit.template [6ms]
2024-11-24 12:42:14.624 [info] > git for-each-ref --format=%(refname)%00%(upstream:short)%00%(objectname)%00%(upstream:track)%00%(upstream:remotename)%00%(upstream:remoteref) refs/heads/branch-a refs/remotes/branch-a [2ms]
2024-11-24 12:42:14.644 [info] > git for-each-ref --sort -committerdate --format %(refname) %(objectname) %(*objectname) [5ms]
2024-11-24 12:42:14.673 [info] > git status -z -uall [44ms]
2024-11-24 12:42:18.696 [info] > git check-ignore -v -z --stdin [4ms]
2024-11-24 12:42:20.299 [info] > git config --get commit.template [8ms]
2024-11-24 12:42:20.300 [info] > git for-each-ref --format=%(refname)%00%(upstream:short)%00%(objectname)%00%(upstream:track)%00%(upstream:remotename)%00%(upstream:remoteref) refs/heads/branch-a refs/remotes/branch-a [3ms]
2024-11-24 12:42:20.321 [info] > git for-each-ref --sort -committerdate --format %(refname) %(objectname) %(*objectname) [5ms]
2024-11-24 12:42:20.373 [info] > git status -z -uall [67ms]
2024-11-24 12:42:25.514 [info] > git check-ignore -v -z --stdin [7ms]
2024-11-24 12:42:31.197 [info] > git show --textconv :src/favorite_food.md [10ms]
2024-11-24 12:42:31.201 [info] > git ls-files --stage -- /home/vscode/progate_path/self_introduction_push/self_introduction/src/favorite_food.md [5ms]
2024-11-24 12:42:31.211 [info] > git cat-file -s 54d6a16a5fd3cf66e6e81d166982c96d644f5b7e [2ms]
2024-11-24 12:42:31.661 [info] > git log --format=%H%n%aN%n%aE%n%at%n%ct%n%P%n%D%n%B -z -n120 --follow -- /home/vscode/progate_path/self_introduction_push/self_introduction/.gitignore [499ms]
2024-11-24 12:42:33.075 [info] > git log --format=%H%n%aN%n%aE%n%at%n%ct%n%P%n%D%n%B -z -n120 --follow -- /home/vscode/progate_path/self_introduction_push/self_introduction/src/favorite_food.md [1902ms]
2024-11-24 12:42:33.968 [info] > git log --format=%H%n%aN%n%aE%n%at%n%ct%n%P%n%D%n%B -z -n120 --follow -- /home/vscode/progate_path/self_introduction_push/self_introduction/test/test_push.sh [8ms]
2024-11-24 12:42:34.211 [info] > git show --textconv :test/test_push.sh [7ms]
2024-11-24 12:42:34.218 [info] > git ls-files --stage -- /home/vscode/progate_path/self_introduction_push/self_introduction/test/test_push.sh [8ms]
2024-11-24 12:42:35.224 [info] > git log --format=%H%n%aN%n%aE%n%at%n%ct%n%P%n%D%n%B -z -n120 --follow -- /home/vscode/progate_path/self_introduction_push/self_introduction/.gitignore [4ms]
2024-11-24 12:42:39.278 [info] > git check-ignore -v -z --stdin [6ms]
2024-11-24 12:42:39.581 [info] > git config --get commit.template [12ms]
2024-11-24 12:42:39.584 [info] > git for-each-ref --format=%(refname)%00%(upstream:short)%00%(objectname)%00%(upstream:track)%00%(upstream:remotename)%00%(upstream:remoteref) refs/heads/branch-a refs/remotes/branch-a [4ms]
2024-11-24 12:42:39.626 [info] > git for-each-ref --sort -committerdate --format %(refname) %(objectname) %(*objectname) [6ms]
2024-11-24 12:42:39.671 [info] > git status -z -uall [78ms]
2024-11-24 12:42:43.338 [info] > git log --format=%H%n%aN%n%aE%n%at%n%ct%n%P%n%D%n%B -z -n120 --follow -- /home/vscode/progate_path/self_introduction_push/self_introduction/test/test_push.sh [3ms]
2024-11-24 12:42:44.963 [info] > git log --format=%H%n%aN%n%aE%n%at%n%ct%n%P%n%D%n%B -z -n120 --follow -- /home/vscode/progate_path/self_introduction_push/self_introduction/.gitignore [4ms]
2024-11-24 12:42:46.523 [info] > git log --format=%H%n%aN%n%aE%n%at%n%ct%n%P%n%D%n%B -z -n120 --follow -- /home/vscode/progate_path/self_introduction_push/self_introduction/LICENSE [1ms]
2024-11-24 12:42:48.030 [info] > git log --format=%H%n%aN%n%aE%n%at%n%ct%n%P%n%D%n%B -z -n120 --follow -- /home/vscode/progate_path/self_introduction_push/self_introduction/.gitignore [1ms]
2024-11-24 12:42:48.818 [info] > git log --format=%H%n%aN%n%aE%n%at%n%ct%n%P%n%D%n%B -z -n120 --follow -- /home/vscode/progate_path/self_introduction_push/self_introduction/test/test_push.sh [8ms]
2024-11-24 12:42:50.457 [info] > git log --format=%H%n%aN%n%aE%n%at%n%ct%n%P%n%D%n%B -z -n120 --follow -- /home/vscode/progate_path/self_introduction_push/self_introduction/src/favorite_food.md [37ms]
2024-11-24 12:42:53.257 [info] > git log --format=%H%n%aN%n%aE%n%at%n%ct%n%P%n%D%n%B -z -n120 --follow -- /home/vscode/progate_path/self_introduction_push/self_introduction/test/test_push.sh [5ms]
2024-11-24 12:43:29.396 [info] > git log --format=%H%n%aN%n%aE%n%at%n%ct%n%P%n%D%n%B -z -n120 --follow -- /home/vscode/progate_path/self_introduction_push/self_introduction/.gitignore [8ms]
2024-11-24 12:43:31.051 [info] > git log --format=%H%n%aN%n%aE%n%at%n%ct%n%P%n%D%n%B -z -n120 --follow -- /home/vscode/progate_path/self_introduction_push/self_introduction/test/test_push.sh [5ms]
