2024-11-20 10:41:59.451 [info] Reading sessions from keychain...
2024-11-20 10:41:59.451 [info] Getting sessions for all scopes...
2024-11-20 10:41:59.451 [info] Getting sessions for all scopes...
2024-11-20 10:41:59.451 [info] Getting sessions for user:email...
2024-11-20 10:41:59.451 [info] Got stored sessions!
2024-11-20 10:41:59.451 [info] Got 6 verified sessions.
2024-11-20 10:41:59.451 [info] Got 6 sessions for ...
2024-11-20 10:41:59.451 [info] Got 6 sessions for ...
2024-11-20 10:41:59.451 [info] Got 1 sessions for user:email...
2024-11-20 10:41:59.675 [info] Getting sessions for codespace,read:user,repo,user:email...
2024-11-20 10:41:59.675 [info] Got 1 sessions for codespace,read:user,repo,user:email...
2024-11-20 10:41:59.938 [info] Getting sessions for all scopes...
2024-11-20 10:41:59.938 [info] Got 6 sessions for ...
2024-11-20 10:42:02.384 [info] Getting sessions for all scopes...
2024-11-20 10:42:02.384 [info] Got 6 sessions for ...
2024-11-20 10:42:02.572 [info] Getting sessions for all scopes...
2024-11-20 10:42:02.573 [info] Got 6 sessions for ...
2024-11-20 10:42:03.625 [info] Getting sessions for all scopes...
2024-11-20 10:42:03.626 [info] Got 6 sessions for ...
2024-11-20 10:42:04.527 [info] Getting sessions for read:user,repo,user:email,workflow...
2024-11-20 10:42:04.527 [info] Getting sessions for all scopes...
2024-11-20 10:42:04.527 [info] Got 1 sessions for read:user,repo,user:email,workflow...
2024-11-20 10:42:04.527 [info] Got 6 sessions for ...
2024-11-20 10:42:04.586 [info] Getting sessions for all scopes...
2024-11-20 10:42:04.586 [info] Getting sessions for all scopes...
2024-11-20 10:42:04.586 [info] Got 6 sessions for ...
2024-11-20 10:42:04.586 [info] Got 6 sessions for ...
2024-11-20 10:42:04.751 [info] Getting sessions for all scopes...
2024-11-20 10:42:04.751 [info] Got 6 sessions for ...
2024-11-20 10:42:05.441 [info] Getting sessions for project,read:org,read:user,repo,user:email,workflow...
2024-11-20 10:42:05.441 [info] Got 0 sessions for project,read:org,read:user,repo,user:email,workflow...
2024-11-20 10:42:05.724 [info] Getting sessions for read:user,repo,user:email,workflow...
2024-11-20 10:42:05.724 [info] Got 1 sessions for read:user,repo,user:email,workflow...
2024-11-20 10:42:05.991 [info] Getting sessions for read:user,repo,user:email,workflow...
2024-11-20 10:42:05.991 [info] Got 1 sessions for read:user,repo,user:email,workflow...
2024-11-20 10:42:08.552 [info] Getting sessions for read:user,repo,user:email,workflow...
2024-11-20 10:42:08.553 [info] Got 1 sessions for read:user,repo,user:email,workflow...
2024-11-20 10:42:08.922 [info] Getting sessions for all scopes...
2024-11-20 10:42:08.922 [info] Getting sessions for all scopes...
2024-11-20 10:42:08.922 [info] Got 6 sessions for ...
2024-11-20 10:42:08.922 [info] Got 6 sessions for ...
2024-11-20 10:42:10.028 [info] Getting sessions for read:user,repo,user:email,workflow...
2024-11-20 10:42:10.028 [info] Got 1 sessions for read:user,repo,user:email,workflow...
2024-11-20 10:42:10.115 [info] Getting sessions for read:user,repo,user:email,workflow...
2024-11-20 10:42:10.115 [info] Got 1 sessions for read:user,repo,user:email,workflow...
2024-11-20 10:42:15.527 [info] Getting sessions for read:user,repo,user:email,workflow...
2024-11-20 10:42:15.527 [info] Got 1 sessions for read:user,repo,user:email,workflow...
