2024-11-17 13:00:20.879 [warning] /home/vscode/.ssh/config: ENOENT: no such file or directory, open '/home/vscode/.ssh/config'
2024-11-17 13:00:20.879 [info] Activation> Extension version: 0.100.1
2024-11-17 13:00:26.014 [info] Looking for git repository
2024-11-17 13:00:26.014 [info] Found 0 repositories during activation
2024-11-17 13:00:26.014 [info] Git repository found, initializing review manager and pr tree view.
2024-11-17 13:00:26.019 [info] Registering git provider
2024-11-17 13:00:26.019 [info] Review+0> Validate state in progress
2024-11-17 13:00:26.019 [info] Review+0> Validating state...
2024-11-17 13:00:26.019 [info] Review+1> Validate state in progress
2024-11-17 13:00:26.019 [info] Review+1> Validating state...
2024-11-17 13:00:26.019 [info] Review+2> Validate state in progress
2024-11-17 13:00:26.019 [info] Review+2> Validating state...
2024-11-17 13:00:26.135 [info] Found GitHub remote for folder /home/vscode/environment
2024-11-17 13:00:26.136 [info] Found GitHub remote for folder /home/vscode/.oh-my-zsh
2024-11-17 13:00:26.136 [info] Found GitHub remote for folder /home/vscode/.nodenv
2024-11-17 13:00:27.341 [info] Trying to use globalState for assignableUsers.
2024-11-17 13:00:27.580 [info] Trying to use globalState for assignableUsers.
2024-11-17 13:00:27.664 [info] Trying to use globalState for assignableUsers.
2024-11-17 13:00:27.819 [info] Review+1> No matching pull request metadata found locally for current branch master
2024-11-17 13:00:27.865 [info] Review+2> No matching pull request metadata found locally for current branch main
2024-11-17 13:00:27.917 [info] Review+0> No matching pull request metadata found locally for current branch main
2024-11-17 13:00:28.120 [info] Using globalState assignableUsers for 1.
2024-11-17 13:00:28.147 [info] Using globalState assignableUsers for 1.
2024-11-17 13:00:28.173 [info] Using globalState assignableUsers for 1.
2024-11-17 13:00:28.450 [info] Review+0> No matching pull request metadata found on GitHub for current branch main
2024-11-17 13:00:28.457 [info] Review+2> No matching pull request metadata found on GitHub for current branch main
2024-11-17 13:00:28.920 [info] Review+1> No matching pull request metadata found on GitHub for current branch master
