2024-11-17 14:31:32.539 [info] [main] ログ レベル: Info
2024-11-17 14:31:32.539 [info] [main] Git の検証が検出されました: "git"
2024-11-17 14:31:32.539 [info] [main] "git" から Git "2.46.2" を使用しています
2024-11-17 14:31:32.539 [info] [Model][doInitialScan] Initial repository scan started
2024-11-17 14:31:32.539 [info] > git rev-parse --show-toplevel [3ms]
2024-11-17 14:31:32.540 [info] > git rev-parse --show-toplevel [2ms]
2024-11-17 14:31:32.546 [info] > git rev-parse --show-toplevel [2ms]
2024-11-17 14:31:32.552 [info] > git rev-parse --show-toplevel [2ms]
2024-11-17 14:31:32.555 [info] [Model][doInitialScan] Initial repository scan completed - repositories (0), closed repositories (0), parent repositories (1), unsafe repositories (0)
2024-11-17 14:31:34.511 [info] > git rev-parse --show-toplevel [3ms]
2024-11-17 14:33:53.188 [info] > git rev-parse --show-toplevel [2ms]
2024-11-17 14:33:53.196 [info] > git rev-parse --show-toplevel [1ms]
2024-11-17 14:33:58.443 [info] > git rev-parse --show-toplevel [2ms]
2024-11-17 14:39:57.940 [info] > git rev-parse --show-toplevel [2ms]
2024-11-17 14:39:57.945 [info] > git rev-parse --git-dir --git-common-dir [1ms]
2024-11-17 14:39:57.956 [info] [Model][openRepository] Opened repository: /home/vscode/progate_path/self_introduction_branch/self_introduction
2024-11-17 14:39:57.970 [info] [Git][getRemotes] No remotes found in the git config file
2024-11-17 14:39:57.971 [info] > git config --get commit.template [6ms]
2024-11-17 14:39:57.972 [info] > git for-each-ref --format=%(refname)%00%(upstream:short)%00%(objectname)%00%(upstream:track)%00%(upstream:remotename)%00%(upstream:remoteref) refs/heads/main refs/remotes/main [2ms]
2024-11-17 14:39:57.972 [warning] [Git][getBranch] No such branch: main
2024-11-17 14:39:57.984 [info] > git status -z -uall [8ms]
2024-11-17 14:39:57.984 [info] > git for-each-ref --sort -committerdate --format %(refname) %(objectname) %(*objectname) [3ms]
2024-11-17 14:39:58.001 [info] > git for-each-ref --format=%(refname)%00%(upstream:short)%00%(objectname)%00%(upstream:track)%00%(upstream:remotename)%00%(upstream:remoteref) refs/heads/main refs/remotes/main [9ms]
2024-11-17 14:39:58.001 [warning] [Git][getBranch] No such branch: main
2024-11-17 14:39:58.001 [error] [GitHistoryProvider][resolveHEADMergeBase] Failed to resolve merge base for main: Error: No such branch: main.
2024-11-17 14:39:58.003 [info] > git config --get commit.template [2ms]
2024-11-17 14:39:58.007 [info] [Git][getRemotes] No remotes found in the git config file
2024-11-17 14:39:58.008 [info] > git for-each-ref --format=%(refname)%00%(upstream:short)%00%(objectname)%00%(upstream:track)%00%(upstream:remotename)%00%(upstream:remoteref) refs/heads/main refs/remotes/main [1ms]
2024-11-17 14:39:58.008 [warning] [Git][getBranch] No such branch: main
2024-11-17 14:39:58.017 [info] > git status -z -uall [4ms]
2024-11-17 14:39:58.018 [info] > git for-each-ref --sort -committerdate --format %(refname) %(objectname) %(*objectname) [2ms]
2024-11-17 14:39:58.350 [info] > git config --local branch.main.github-pr-owner-number [2ms]
2024-11-17 14:39:58.350 [warning] [Git][config] git config failed: Failed to execute git
2024-11-17 14:39:58.355 [info] > git config --local branch.main.remote [1ms]
2024-11-17 14:39:58.355 [warning] [Git][config] git config failed: Failed to execute git
2024-11-17 14:39:58.360 [info] > git config --local branch.main.merge [1ms]
2024-11-17 14:39:58.360 [warning] [Git][config] git config failed: Failed to execute git
2024-11-17 14:39:58.458 [info] > git show --textconv :src/favorite_food.md [8ms]
2024-11-17 14:39:58.460 [info] > git ls-files --stage -- /home/vscode/progate_path/self_introduction_branch/self_introduction/src/favorite_food.md [3ms]
2024-11-17 14:39:58.582 [info] > git check-ignore -v -z --stdin [2ms]
2024-11-17 14:40:04.468 [info] > git config --get commit.template [6ms]
2024-11-17 14:40:04.476 [info] [Git][getRemotes] No remotes found in the git config file
2024-11-17 14:40:04.477 [info] > git for-each-ref --format=%(refname)%00%(upstream:short)%00%(objectname)%00%(upstream:track)%00%(upstream:remotename)%00%(upstream:remoteref) refs/heads/main refs/remotes/main [1ms]
2024-11-17 14:40:04.477 [warning] [Git][getBranch] No such branch: main
2024-11-17 14:40:04.489 [info] > git status -z -uall [5ms]
2024-11-17 14:40:04.491 [info] > git for-each-ref --sort -committerdate --format %(refname) %(objectname) %(*objectname) [3ms]
2024-11-17 14:40:05.519 [info] [Git][getRemotes] No remotes found in the git config file
2024-11-17 14:40:05.520 [info] > git config --get commit.template [5ms]
2024-11-17 14:40:05.520 [info] > git for-each-ref --format=%(refname)%00%(upstream:short)%00%(objectname)%00%(upstream:track)%00%(upstream:remotename)%00%(upstream:remoteref) refs/heads/main refs/remotes/main [2ms]
2024-11-17 14:40:05.520 [warning] [Git][getBranch] No such branch: main
2024-11-17 14:40:05.528 [info] > git status -z -uall [4ms]
2024-11-17 14:40:05.529 [info] > git for-each-ref --sort -committerdate --format %(refname) %(objectname) %(*objectname) [1ms]
2024-11-17 14:40:05.703 [info] > git ls-files --stage -- /home/vscode/progate_path/self_introduction_branch/self_introduction/src/favorite_food.md [2ms]
2024-11-17 14:40:05.708 [info] > git cat-file -s 74269fa32955c9c176c17d11a2ea3446fb8a72b0 [1ms]
2024-11-17 14:40:05.801 [info] > git show --textconv :src/favorite_food.md [2ms]
2024-11-17 14:40:08.734 [info] > git config --get commit.template [2ms]
2024-11-17 14:40:08.739 [info] [Git][getRemotes] No remotes found in the git config file
2024-11-17 14:40:08.740 [info] > git for-each-ref --format=%(refname)%00%(upstream:short)%00%(objectname)%00%(upstream:track)%00%(upstream:remotename)%00%(upstream:remoteref) refs/heads/main refs/remotes/main [1ms]
2024-11-17 14:40:08.749 [info] > git status -z -uall [5ms]
2024-11-17 14:40:08.751 [info] > git for-each-ref --sort -committerdate --format %(refname) %(objectname) %(*objectname) [3ms]
2024-11-17 14:40:08.759 [info] > git config --local branch.main.github-pr-owner-number [1ms]
2024-11-17 14:40:08.759 [warning] [Git][config] git config failed: Failed to execute git
2024-11-17 14:40:08.764 [info] > git config --local branch.main.remote [2ms]
2024-11-17 14:40:08.764 [warning] [Git][config] git config failed: Failed to execute git
2024-11-17 14:40:08.770 [info] > git config --local branch.main.merge [2ms]
2024-11-17 14:40:08.770 [warning] [Git][config] git config failed: Failed to execute git
2024-11-17 14:40:09.972 [info] > git ls-files --stage -- /home/vscode/progate_path/self_introduction_branch/self_introduction/src/favorite_food.md [2ms]
2024-11-17 14:40:09.977 [info] > git cat-file -s 74269fa32955c9c176c17d11a2ea3446fb8a72b0 [2ms]
2024-11-17 14:40:10.069 [info] > git show --textconv :src/favorite_food.md [2ms]
2024-11-17 14:40:10.541 [info] [Git][getRemotes] No remotes found in the git config file
2024-11-17 14:40:10.542 [info] > git config --get commit.template [7ms]
2024-11-17 14:40:10.543 [info] > git for-each-ref --format=%(refname)%00%(upstream:short)%00%(objectname)%00%(upstream:track)%00%(upstream:remotename)%00%(upstream:remoteref) refs/heads/main refs/remotes/main [2ms]
2024-11-17 14:40:10.552 [info] > git status -z -uall [5ms]
2024-11-17 14:40:10.554 [info] > git for-each-ref --sort -committerdate --format %(refname) %(objectname) %(*objectname) [2ms]
2024-11-17 14:40:27.901 [info] [Git][getRemotes] No remotes found in the git config file
2024-11-17 14:40:27.902 [info] > git config --get commit.template [5ms]
2024-11-17 14:40:27.903 [info] > git for-each-ref --format=%(refname)%00%(upstream:short)%00%(objectname)%00%(upstream:track)%00%(upstream:remotename)%00%(upstream:remoteref) refs/heads/main refs/remotes/main [2ms]
2024-11-17 14:40:27.912 [info] > git status -z -uall [5ms]
2024-11-17 14:40:27.913 [info] > git for-each-ref --sort -committerdate --format %(refname) %(objectname) %(*objectname) [2ms]
2024-11-17 14:40:36.806 [info] [Git][getRemotes] No remotes found in the git config file
2024-11-17 14:40:36.806 [info] > git for-each-ref --format=%(refname)%00%(upstream:short)%00%(objectname)%00%(upstream:track)%00%(upstream:remotename)%00%(upstream:remoteref) refs/heads/main refs/remotes/main [2ms]
2024-11-17 14:40:36.806 [info] > git config --get commit.template [7ms]
2024-11-17 14:40:36.815 [info] > git status -z -uall [5ms]
2024-11-17 14:40:36.816 [info] > git for-each-ref --sort -committerdate --format %(refname) %(objectname) %(*objectname) [2ms]
2024-11-17 14:40:36.990 [info] > git ls-files --stage -- /home/vscode/progate_path/self_introduction_branch/self_introduction/src/favorite_food.md [2ms]
2024-11-17 14:40:36.998 [info] > git cat-file -s 74269fa32955c9c176c17d11a2ea3446fb8a72b0 [3ms]
2024-11-17 14:40:37.091 [info] > git show --textconv :src/favorite_food.md [2ms]
2024-11-17 14:40:49.588 [info] > git config --get commit.template [2ms]
2024-11-17 14:40:49.592 [info] [Git][getRemotes] No remotes found in the git config file
2024-11-17 14:40:49.594 [info] > git for-each-ref --format=%(refname)%00%(upstream:short)%00%(objectname)%00%(upstream:track)%00%(upstream:remotename)%00%(upstream:remoteref) refs/heads/main refs/remotes/main [3ms]
2024-11-17 14:40:49.602 [info] > git status -z -uall [5ms]
2024-11-17 14:40:49.605 [info] > git for-each-ref --sort -committerdate --format %(refname) %(objectname) %(*objectname) [2ms]
2024-11-17 14:41:08.699 [info] [Git][getRemotes] No remotes found in the git config file
2024-11-17 14:41:08.699 [info] > git config --get commit.template [5ms]
2024-11-17 14:41:08.701 [info] > git for-each-ref --format=%(refname)%00%(upstream:short)%00%(objectname)%00%(upstream:track)%00%(upstream:remotename)%00%(upstream:remoteref) refs/heads/branch-a refs/remotes/branch-a [2ms]
2024-11-17 14:41:08.711 [info] > git status -z -uall [7ms]
2024-11-17 14:41:08.712 [info] > git for-each-ref --sort -committerdate --format %(refname) %(objectname) %(*objectname) [2ms]
2024-11-17 14:41:08.722 [info] > git for-each-ref --format=%(refname)%00%(upstream:short)%00%(objectname)%00%(upstream:track)%00%(upstream:remotename)%00%(upstream:remoteref) refs/heads/branch-a refs/remotes/branch-a [5ms]
2024-11-17 14:41:08.726 [info] > git config --local branch.branch-a.github-pr-owner-number [5ms]
2024-11-17 14:41:08.727 [warning] [Git][config] git config failed: Failed to execute git
2024-11-17 14:41:08.731 [info] > git config --local branch.branch-a.vscode-merge-base [5ms]
2024-11-17 14:41:08.731 [warning] [Git][config] git config failed: Failed to execute git
2024-11-17 14:41:08.736 [info] > git config --local branch.branch-a.remote [5ms]
2024-11-17 14:41:08.736 [warning] [Git][config] git config failed: Failed to execute git
2024-11-17 14:41:08.743 [info] > git reflog branch-a --grep-reflog=branch: Created from *. [7ms]
2024-11-17 14:41:08.749 [info] > git config --local branch.branch-a.merge [8ms]
2024-11-17 14:41:08.749 [warning] [Git][config] git config failed: Failed to execute git
2024-11-17 14:41:08.750 [info] > git for-each-ref --format=%(refname)%00%(upstream:short)%00%(objectname)%00%(upstream:track)%00%(upstream:remotename)%00%(upstream:remoteref) refs/heads/main refs/remotes/main [3ms]
2024-11-17 14:41:08.755 [info] > git symbolic-ref --short refs/remotes/origin/HEAD [1ms]
2024-11-17 14:41:08.755 [info] fatal: ref refs/remotes/origin/HEAD is not a symbolic ref
2024-11-17 14:41:08.756 [warning] [Repository][getDefaultBranch] Failed to get default branch details: Failed to execute git.
2024-11-17 14:41:09.758 [info] [Git][getRemotes] No remotes found in the git config file
2024-11-17 14:41:09.758 [info] > git config --get commit.template [8ms]
2024-11-17 14:41:09.761 [info] > git for-each-ref --format=%(refname)%00%(upstream:short)%00%(objectname)%00%(upstream:track)%00%(upstream:remotename)%00%(upstream:remoteref) refs/heads/branch-a refs/remotes/branch-a [3ms]
2024-11-17 14:41:09.774 [info] > git status -z -uall [9ms]
2024-11-17 14:41:09.777 [info] > git for-each-ref --sort -committerdate --format %(refname) %(objectname) %(*objectname) [4ms]
2024-11-17 14:41:09.944 [info] > git ls-files --stage -- /home/vscode/progate_path/self_introduction_branch/self_introduction/src/favorite_food.md [4ms]
2024-11-17 14:41:09.960 [info] > git cat-file -s 74269fa32955c9c176c17d11a2ea3446fb8a72b0 [5ms]
2024-11-17 14:41:10.051 [info] > git show --textconv :src/favorite_food.md [2ms]
2024-11-17 14:41:19.601 [info] [Git][getRemotes] No remotes found in the git config file
2024-11-17 14:41:19.602 [info] > git config --get commit.template [6ms]
2024-11-17 14:41:19.603 [info] > git for-each-ref --format=%(refname)%00%(upstream:short)%00%(objectname)%00%(upstream:track)%00%(upstream:remotename)%00%(upstream:remoteref) refs/heads/branch-a refs/remotes/branch-a [1ms]
2024-11-17 14:41:19.611 [info] > git status -z -uall [5ms]
2024-11-17 14:41:19.613 [info] > git for-each-ref --sort -committerdate --format %(refname) %(objectname) %(*objectname) [2ms]
2024-11-17 14:41:24.413 [info] [Git][getRemotes] No remotes found in the git config file
2024-11-17 14:41:24.414 [info] > git config --get commit.template [5ms]
2024-11-17 14:41:24.415 [info] > git for-each-ref --format=%(refname)%00%(upstream:short)%00%(objectname)%00%(upstream:track)%00%(upstream:remotename)%00%(upstream:remoteref) refs/heads/branch-a refs/remotes/branch-a [2ms]
2024-11-17 14:41:24.427 [info] > git status -z -uall [8ms]
2024-11-17 14:41:24.430 [info] > git for-each-ref --sort -committerdate --format %(refname) %(objectname) %(*objectname) [3ms]
2024-11-17 14:41:24.597 [info] > git ls-files --stage -- /home/vscode/progate_path/self_introduction_branch/self_introduction/src/favorite_food.md [1ms]
2024-11-17 14:41:24.603 [info] > git cat-file -s 74269fa32955c9c176c17d11a2ea3446fb8a72b0 [1ms]
2024-11-17 14:41:24.695 [info] > git show --textconv :src/favorite_food.md [2ms]
2024-11-17 14:41:40.157 [info] [Git][getRemotes] No remotes found in the git config file
2024-11-17 14:41:40.157 [info] > git config --get commit.template [6ms]
2024-11-17 14:41:40.160 [info] > git for-each-ref --format=%(refname)%00%(upstream:short)%00%(objectname)%00%(upstream:track)%00%(upstream:remotename)%00%(upstream:remoteref) refs/heads/branch-a refs/remotes/branch-a [3ms]
2024-11-17 14:41:40.176 [info] > git for-each-ref --sort -committerdate --format %(refname) %(objectname) %(*objectname) [7ms]
2024-11-17 14:41:40.178 [info] > git status -z -uall [14ms]
2024-11-17 14:41:45.083 [info] [Git][getRemotes] No remotes found in the git config file
2024-11-17 14:41:45.084 [info] > git config --get commit.template [5ms]
2024-11-17 14:41:45.085 [info] > git for-each-ref --format=%(refname)%00%(upstream:short)%00%(objectname)%00%(upstream:track)%00%(upstream:remotename)%00%(upstream:remoteref) refs/heads/branch-a refs/remotes/branch-a [2ms]
2024-11-17 14:41:45.094 [info] > git status -z -uall [6ms]
2024-11-17 14:41:45.095 [info] > git for-each-ref --sort -committerdate --format %(refname) %(objectname) %(*objectname) [2ms]
2024-11-17 14:41:45.268 [info] > git ls-files --stage -- /home/vscode/progate_path/self_introduction_branch/self_introduction/src/favorite_food.md [1ms]
2024-11-17 14:41:45.273 [info] > git cat-file -s 74269fa32955c9c176c17d11a2ea3446fb8a72b0 [2ms]
2024-11-17 14:41:45.365 [info] > git show --textconv :src/favorite_food.md [2ms]
2024-11-17 14:42:01.685 [info] [Git][getRemotes] No remotes found in the git config file
2024-11-17 14:42:01.685 [info] > git config --get commit.template [5ms]
2024-11-17 14:42:01.686 [info] > git for-each-ref --format=%(refname)%00%(upstream:short)%00%(objectname)%00%(upstream:track)%00%(upstream:remotename)%00%(upstream:remoteref) refs/heads/main refs/remotes/main [2ms]
2024-11-17 14:42:01.695 [info] > git status -z -uall [5ms]
2024-11-17 14:42:01.696 [info] > git for-each-ref --sort -committerdate --format %(refname) %(objectname) %(*objectname) [2ms]
2024-11-17 14:42:01.707 [info] > git for-each-ref --format=%(refname)%00%(upstream:short)%00%(objectname)%00%(upstream:track)%00%(upstream:remotename)%00%(upstream:remoteref) refs/heads/main refs/remotes/main [6ms]
2024-11-17 14:42:01.712 [info] > git config --local branch.main.github-pr-owner-number [6ms]
2024-11-17 14:42:01.712 [warning] [Git][config] git config failed: Failed to execute git
2024-11-17 14:42:01.717 [info] > git config --local branch.main.vscode-merge-base [6ms]
2024-11-17 14:42:01.717 [warning] [Git][config] git config failed: Failed to execute git
2024-11-17 14:42:01.725 [info] > git config --local branch.main.remote [9ms]
2024-11-17 14:42:01.725 [warning] [Git][config] git config failed: Failed to execute git
2024-11-17 14:42:01.730 [info] > git reflog main --grep-reflog=branch: Created from *. [9ms]
2024-11-17 14:42:01.736 [info] > git config --local branch.main.merge [7ms]
2024-11-17 14:42:01.736 [warning] [Git][config] git config failed: Failed to execute git
2024-11-17 14:42:01.739 [info] > git symbolic-ref --short refs/remotes/origin/HEAD [3ms]
2024-11-17 14:42:01.739 [info] fatal: ref refs/remotes/origin/HEAD is not a symbolic ref
2024-11-17 14:42:01.739 [warning] [Repository][getDefaultBranch] Failed to get default branch details: Failed to execute git.
2024-11-17 14:42:02.734 [info] [Git][getRemotes] No remotes found in the git config file
2024-11-17 14:42:02.735 [info] > git config --get commit.template [5ms]
2024-11-17 14:42:02.736 [info] > git for-each-ref --format=%(refname)%00%(upstream:short)%00%(objectname)%00%(upstream:track)%00%(upstream:remotename)%00%(upstream:remoteref) refs/heads/main refs/remotes/main [2ms]
2024-11-17 14:42:02.749 [info] > git status -z -uall [8ms]
2024-11-17 14:42:02.752 [info] > git for-each-ref --sort -committerdate --format %(refname) %(objectname) %(*objectname) [4ms]
2024-11-17 14:42:02.918 [info] > git ls-files --stage -- /home/vscode/progate_path/self_introduction_branch/self_introduction/src/favorite_food.md [2ms]
2024-11-17 14:42:02.923 [info] > git cat-file -s 74269fa32955c9c176c17d11a2ea3446fb8a72b0 [2ms]
2024-11-17 14:42:03.023 [info] > git show --textconv :src/favorite_food.md [9ms]
2024-11-17 14:42:10.400 [info] [Git][getRemotes] No remotes found in the git config file
2024-11-17 14:42:10.400 [info] > git config --get commit.template [5ms]
2024-11-17 14:42:10.402 [info] > git for-each-ref --format=%(refname)%00%(upstream:short)%00%(objectname)%00%(upstream:track)%00%(upstream:remotename)%00%(upstream:remoteref) refs/heads/main refs/remotes/main [2ms]
2024-11-17 14:42:10.411 [info] > git status -z -uall [6ms]
2024-11-17 14:42:10.412 [info] > git for-each-ref --sort -committerdate --format %(refname) %(objectname) %(*objectname) [2ms]
2024-11-17 14:42:11.452 [info] [Git][getRemotes] No remotes found in the git config file
2024-11-17 14:42:11.453 [info] > git config --get commit.template [5ms]
2024-11-17 14:42:11.454 [info] > git for-each-ref --format=%(refname)%00%(upstream:short)%00%(objectname)%00%(upstream:track)%00%(upstream:remotename)%00%(upstream:remoteref) refs/heads/main refs/remotes/main [2ms]
2024-11-17 14:42:11.462 [info] > git status -z -uall [5ms]
2024-11-17 14:42:11.464 [info] > git for-each-ref --sort -committerdate --format %(refname) %(objectname) %(*objectname) [2ms]
2024-11-17 14:42:11.636 [info] > git ls-files --stage -- /home/vscode/progate_path/self_introduction_branch/self_introduction/src/favorite_food.md [2ms]
2024-11-17 14:42:11.641 [info] > git cat-file -s 74269fa32955c9c176c17d11a2ea3446fb8a72b0 [1ms]
2024-11-17 14:42:11.735 [info] > git show --textconv :src/favorite_food.md [2ms]
2024-11-17 14:43:16.096 [info] [Git][getRemotes] No remotes found in the git config file
2024-11-17 14:43:16.096 [info] > git config --get commit.template [5ms]
2024-11-17 14:43:16.098 [info] > git for-each-ref --format=%(refname)%00%(upstream:short)%00%(objectname)%00%(upstream:track)%00%(upstream:remotename)%00%(upstream:remoteref) refs/heads/main refs/remotes/main [1ms]
2024-11-17 14:43:16.106 [info] > git status -z -uall [5ms]
2024-11-17 14:43:16.107 [info] > git for-each-ref --sort -committerdate --format %(refname) %(objectname) %(*objectname) [2ms]
2024-11-17 14:43:16.279 [info] > git ls-files --stage -- /home/vscode/progate_path/self_introduction_branch/self_introduction/src/favorite_food.md [2ms]
2024-11-17 14:43:16.284 [info] > git cat-file -s 74269fa32955c9c176c17d11a2ea3446fb8a72b0 [2ms]
2024-11-17 14:43:16.375 [info] > git show --textconv :src/favorite_food.md [2ms]
2024-11-17 14:43:23.740 [info] [Git][getRemotes] No remotes found in the git config file
2024-11-17 14:43:23.740 [info] > git config --get commit.template [5ms]
2024-11-17 14:43:23.742 [info] > git for-each-ref --format=%(refname)%00%(upstream:short)%00%(objectname)%00%(upstream:track)%00%(upstream:remotename)%00%(upstream:remoteref) refs/heads/main refs/remotes/main [2ms]
2024-11-17 14:43:23.752 [info] > git status -z -uall [7ms]
2024-11-17 14:43:23.752 [info] > git for-each-ref --sort -committerdate --format %(refname) %(objectname) %(*objectname) [3ms]
2024-11-17 14:43:40.065 [info] [Git][getRemotes] No remotes found in the git config file
2024-11-17 14:43:40.066 [info] > git config --get commit.template [5ms]
2024-11-17 14:43:40.067 [info] > git for-each-ref --format=%(refname)%00%(upstream:short)%00%(objectname)%00%(upstream:track)%00%(upstream:remotename)%00%(upstream:remoteref) refs/heads/main refs/remotes/main [2ms]
2024-11-17 14:43:40.076 [info] > git status -z -uall [5ms]
2024-11-17 14:43:40.077 [info] > git for-each-ref --sort -committerdate --format %(refname) %(objectname) %(*objectname) [2ms]
2024-11-17 14:43:40.248 [info] > git ls-files --stage -- /home/vscode/progate_path/self_introduction_branch/self_introduction/src/favorite_food.md [2ms]
2024-11-17 14:43:40.253 [info] > git cat-file -s 74269fa32955c9c176c17d11a2ea3446fb8a72b0 [2ms]
2024-11-17 14:43:40.344 [info] > git show --textconv :src/favorite_food.md [2ms]
2024-11-17 14:44:59.913 [info] > git check-ignore -v -z --stdin [2ms]
2024-11-17 14:45:21.634 [info] [Git][getRemotes] No remotes found in the git config file
2024-11-17 14:45:21.635 [info] > git config --get commit.template [7ms]
2024-11-17 14:45:21.637 [info] > git for-each-ref --format=%(refname)%00%(upstream:short)%00%(objectname)%00%(upstream:track)%00%(upstream:remotename)%00%(upstream:remoteref) refs/heads/main refs/remotes/main [3ms]
2024-11-17 14:45:21.648 [info] > git status -z -uall [7ms]
2024-11-17 14:45:21.648 [info] > git for-each-ref --sort -committerdate --format %(refname) %(objectname) %(*objectname) [1ms]
2024-11-17 14:45:21.814 [info] > git ls-files --stage -- /home/vscode/progate_path/self_introduction_branch/self_introduction/src/favorite_food.md [2ms]
2024-11-17 14:45:21.819 [info] > git cat-file -s 74269fa32955c9c176c17d11a2ea3446fb8a72b0 [1ms]
2024-11-17 14:45:21.910 [info] > git show --textconv :src/favorite_food.md [2ms]
2024-11-17 14:45:28.989 [info] [Git][getRemotes] No remotes found in the git config file
2024-11-17 14:45:28.990 [info] > git config --get commit.template [8ms]
2024-11-17 14:45:28.992 [info] > git for-each-ref --format=%(refname)%00%(upstream:short)%00%(objectname)%00%(upstream:track)%00%(upstream:remotename)%00%(upstream:remoteref) refs/heads/main refs/remotes/main [3ms]
2024-11-17 14:45:29.002 [info] > git status -z -uall [6ms]
2024-11-17 14:45:29.002 [info] > git for-each-ref --sort -committerdate --format %(refname) %(objectname) %(*objectname) [2ms]
2024-11-17 14:45:36.505 [info] [Git][getRemotes] No remotes found in the git config file
2024-11-17 14:45:36.506 [info] > git config --get commit.template [5ms]
2024-11-17 14:45:36.507 [info] > git for-each-ref --format=%(refname)%00%(upstream:short)%00%(objectname)%00%(upstream:track)%00%(upstream:remotename)%00%(upstream:remoteref) refs/heads/main refs/remotes/main [2ms]
2024-11-17 14:45:36.516 [info] > git status -z -uall [4ms]
2024-11-17 14:45:36.517 [info] > git for-each-ref --sort -committerdate --format %(refname) %(objectname) %(*objectname) [2ms]
2024-11-17 14:45:36.990 [info] > git ls-files --stage -- /home/vscode/progate_path/self_introduction_branch/self_introduction/src/favorite_food.md [2ms]
2024-11-17 14:45:36.995 [info] > git cat-file -s 74269fa32955c9c176c17d11a2ea3446fb8a72b0 [2ms]
2024-11-17 14:45:37.090 [info] > git show --textconv :src/favorite_food.md [3ms]
2024-11-17 14:46:19.113 [info] > git config --get commit.template [2ms]
2024-11-17 14:46:19.117 [info] [Git][getRemotes] No remotes found in the git config file
2024-11-17 14:46:19.119 [info] > git for-each-ref --format=%(refname)%00%(upstream:short)%00%(objectname)%00%(upstream:track)%00%(upstream:remotename)%00%(upstream:remoteref) refs/heads/main refs/remotes/main [2ms]
2024-11-17 14:46:19.127 [info] > git status -z -uall [5ms]
2024-11-17 14:46:19.128 [info] > git for-each-ref --sort -committerdate --format %(refname) %(objectname) %(*objectname) [2ms]
2024-11-17 14:46:19.304 [info] > git ls-files --stage -- /home/vscode/progate_path/self_introduction_branch/self_introduction/src/favorite_food.md [1ms]
2024-11-17 14:46:19.309 [info] > git cat-file -s 74269fa32955c9c176c17d11a2ea3446fb8a72b0 [1ms]
2024-11-17 14:46:19.404 [info] > git show --textconv :src/favorite_food.md [2ms]
2024-11-17 14:46:23.826 [info] [Git][getRemotes] No remotes found in the git config file
2024-11-17 14:46:23.830 [info] > git config --get commit.template [5ms]
2024-11-17 14:46:23.832 [info] > git for-each-ref --format=%(refname)%00%(upstream:short)%00%(objectname)%00%(upstream:track)%00%(upstream:remotename)%00%(upstream:remoteref) refs/heads/main refs/remotes/main [2ms]
2024-11-17 14:46:23.841 [info] > git status -z -uall [6ms]
2024-11-17 14:46:23.842 [info] > git for-each-ref --sort -committerdate --format %(refname) %(objectname) %(*objectname) [2ms]
2024-11-17 14:46:32.507 [info] [Git][getRemotes] No remotes found in the git config file
2024-11-17 14:46:32.508 [info] > git config --get commit.template [6ms]
2024-11-17 14:46:32.509 [info] > git for-each-ref --format=%(refname)%00%(upstream:short)%00%(objectname)%00%(upstream:track)%00%(upstream:remotename)%00%(upstream:remoteref) refs/heads/main refs/remotes/main [2ms]
2024-11-17 14:46:32.517 [info] > git status -z -uall [5ms]
2024-11-17 14:46:32.519 [info] > git for-each-ref --sort -committerdate --format %(refname) %(objectname) %(*objectname) [2ms]
2024-11-17 14:46:32.690 [info] > git ls-files --stage -- /home/vscode/progate_path/self_introduction_branch/self_introduction/src/favorite_food.md [2ms]
2024-11-17 14:46:32.695 [info] > git cat-file -s 74269fa32955c9c176c17d11a2ea3446fb8a72b0 [1ms]
2024-11-17 14:46:32.786 [info] > git show --textconv :src/favorite_food.md [2ms]
2024-11-17 14:46:58.369 [info] > git config --get commit.template [2ms]
2024-11-17 14:46:58.372 [info] [Git][getRemotes] No remotes found in the git config file
2024-11-17 14:46:58.374 [info] > git for-each-ref --format=%(refname)%00%(upstream:short)%00%(objectname)%00%(upstream:track)%00%(upstream:remotename)%00%(upstream:remoteref) refs/heads/main refs/remotes/main [2ms]
2024-11-17 14:46:58.382 [info] > git status -z -uall [5ms]
2024-11-17 14:46:58.384 [info] > git for-each-ref --sort -committerdate --format %(refname) %(objectname) %(*objectname) [2ms]
2024-11-17 14:47:13.042 [info] [Git][getRemotes] No remotes found in the git config file
2024-11-17 14:47:13.042 [info] > git config --get commit.template [5ms]
2024-11-17 14:47:13.043 [info] > git for-each-ref --format=%(refname)%00%(upstream:short)%00%(objectname)%00%(upstream:track)%00%(upstream:remotename)%00%(upstream:remoteref) refs/heads/main refs/remotes/main [1ms]
2024-11-17 14:47:13.053 [info] > git status -z -uall [6ms]
2024-11-17 14:47:13.054 [info] > git for-each-ref --sort -committerdate --format %(refname) %(objectname) %(*objectname) [3ms]
2024-11-17 14:47:13.225 [info] > git ls-files --stage -- /home/vscode/progate_path/self_introduction_branch/self_introduction/src/favorite_food.md [1ms]
2024-11-17 14:47:13.231 [info] > git cat-file -s 74269fa32955c9c176c17d11a2ea3446fb8a72b0 [0ms]
2024-11-17 14:47:13.321 [info] > git show --textconv :src/favorite_food.md [2ms]
2024-11-17 14:47:48.692 [info] [Git][getRemotes] No remotes found in the git config file
2024-11-17 14:47:48.693 [info] > git config --get commit.template [5ms]
2024-11-17 14:47:48.694 [info] > git for-each-ref --format=%(refname)%00%(upstream:short)%00%(objectname)%00%(upstream:track)%00%(upstream:remotename)%00%(upstream:remoteref) refs/heads/main refs/remotes/main [2ms]
2024-11-17 14:47:48.702 [info] > git status -z -uall [5ms]
2024-11-17 14:47:48.704 [info] > git for-each-ref --sort -committerdate --format %(refname) %(objectname) %(*objectname) [2ms]
2024-11-17 14:47:48.933 [info] > git ls-files --stage -- /home/vscode/progate_path/self_introduction_branch/self_introduction/src/favorite_food.md [1ms]
2024-11-17 14:47:48.938 [info] > git cat-file -s 74269fa32955c9c176c17d11a2ea3446fb8a72b0 [1ms]
2024-11-17 14:47:49.030 [info] > git show --textconv :src/favorite_food.md [2ms]
2024-11-17 14:48:07.883 [info] [Git][getRemotes] No remotes found in the git config file
2024-11-17 14:48:07.884 [info] > git config --get commit.template [5ms]
2024-11-17 14:48:07.885 [info] > git for-each-ref --format=%(refname)%00%(upstream:short)%00%(objectname)%00%(upstream:track)%00%(upstream:remotename)%00%(upstream:remoteref) refs/heads/main refs/remotes/main [2ms]
2024-11-17 14:48:07.894 [info] > git status -z -uall [5ms]
2024-11-17 14:48:07.895 [info] > git for-each-ref --sort -committerdate --format %(refname) %(objectname) %(*objectname) [2ms]
2024-11-17 14:48:16.797 [info] [Git][getRemotes] No remotes found in the git config file
2024-11-17 14:48:16.798 [info] > git config --get commit.template [5ms]
2024-11-17 14:48:16.799 [info] > git for-each-ref --format=%(refname)%00%(upstream:short)%00%(objectname)%00%(upstream:track)%00%(upstream:remotename)%00%(upstream:remoteref) refs/heads/main refs/remotes/main [2ms]
2024-11-17 14:48:16.807 [info] > git status -z -uall [5ms]
2024-11-17 14:48:16.808 [info] > git for-each-ref --sort -committerdate --format %(refname) %(objectname) %(*objectname) [2ms]
2024-11-17 14:48:23.632 [info] > git config --get commit.template [2ms]
2024-11-17 14:48:23.637 [info] [Git][getRemotes] No remotes found in the git config file
2024-11-17 14:48:23.637 [info] > git for-each-ref --format=%(refname)%00%(upstream:short)%00%(objectname)%00%(upstream:track)%00%(upstream:remotename)%00%(upstream:remoteref) refs/heads/main refs/remotes/main [2ms]
2024-11-17 14:48:23.646 [info] > git status -z -uall [5ms]
2024-11-17 14:48:23.648 [info] > git for-each-ref --sort -committerdate --format %(refname) %(objectname) %(*objectname) [3ms]
2024-11-17 14:48:24.682 [info] > git config --get commit.template [2ms]
2024-11-17 14:48:24.686 [info] [Git][getRemotes] No remotes found in the git config file
2024-11-17 14:48:24.687 [info] > git for-each-ref --format=%(refname)%00%(upstream:short)%00%(objectname)%00%(upstream:track)%00%(upstream:remotename)%00%(upstream:remoteref) refs/heads/main refs/remotes/main [1ms]
2024-11-17 14:48:24.696 [info] > git status -z -uall [5ms]
2024-11-17 14:48:24.697 [info] > git for-each-ref --sort -committerdate --format %(refname) %(objectname) %(*objectname) [2ms]
2024-11-17 14:48:24.871 [info] > git ls-files --stage -- /home/vscode/progate_path/self_introduction_branch/self_introduction/src/favorite_food.md [1ms]
2024-11-17 14:48:24.875 [info] > git cat-file -s d26ef61ee6071cc5b65884439c0144a5e02cb97b [1ms]
2024-11-17 14:48:24.965 [info] > git show --textconv :src/favorite_food.md [2ms]
2024-11-17 14:48:32.844 [info] [Git][getRemotes] No remotes found in the git config file
2024-11-17 14:48:32.845 [info] > git config --get commit.template [5ms]
2024-11-17 14:48:32.846 [info] > git for-each-ref --format=%(refname)%00%(upstream:short)%00%(objectname)%00%(upstream:track)%00%(upstream:remotename)%00%(upstream:remoteref) refs/heads/main refs/remotes/main [2ms]
2024-11-17 14:48:32.854 [info] > git status -z -uall [5ms]
2024-11-17 14:48:32.856 [info] > git for-each-ref --sort -committerdate --format %(refname) %(objectname) %(*objectname) [2ms]
2024-11-17 14:48:32.863 [info] > git config --local branch.main.github-pr-owner-number [2ms]
2024-11-17 14:48:32.863 [warning] [Git][config] git config failed: Failed to execute git
2024-11-17 14:48:32.868 [info] > git config --local branch.main.remote [2ms]
2024-11-17 14:48:32.868 [warning] [Git][config] git config failed: Failed to execute git
2024-11-17 14:48:32.873 [info] > git config --local branch.main.merge [2ms]
2024-11-17 14:48:32.873 [warning] [Git][config] git config failed: Failed to execute git
2024-11-17 14:48:33.893 [info] [Git][getRemotes] No remotes found in the git config file
2024-11-17 14:48:33.894 [info] > git config --get commit.template [6ms]
2024-11-17 14:48:33.895 [info] > git for-each-ref --format=%(refname)%00%(upstream:short)%00%(objectname)%00%(upstream:track)%00%(upstream:remotename)%00%(upstream:remoteref) refs/heads/main refs/remotes/main [2ms]
2024-11-17 14:48:33.903 [info] > git status -z -uall [5ms]
2024-11-17 14:48:33.905 [info] > git for-each-ref --sort -committerdate --format %(refname) %(objectname) %(*objectname) [3ms]
2024-11-17 14:48:34.081 [info] > git ls-files --stage -- /home/vscode/progate_path/self_introduction_branch/self_introduction/src/favorite_food.md [1ms]
2024-11-17 14:48:34.085 [info] > git cat-file -s d26ef61ee6071cc5b65884439c0144a5e02cb97b [1ms]
2024-11-17 14:48:34.181 [info] > git show --textconv :src/favorite_food.md [2ms]
2024-11-17 14:49:53.129 [info] [Git][getRemotes] No remotes found in the git config file
2024-11-17 14:49:53.130 [info] > git config --get commit.template [5ms]
2024-11-17 14:49:53.131 [info] > git for-each-ref --format=%(refname)%00%(upstream:short)%00%(objectname)%00%(upstream:track)%00%(upstream:remotename)%00%(upstream:remoteref) refs/heads/branch-a refs/remotes/branch-a [2ms]
2024-11-17 14:49:53.143 [info] > git status -z -uall [6ms]
2024-11-17 14:49:53.144 [info] > git for-each-ref --sort -committerdate --format %(refname) %(objectname) %(*objectname) [2ms]
2024-11-17 14:49:53.154 [info] > git for-each-ref --format=%(refname)%00%(upstream:short)%00%(objectname)%00%(upstream:track)%00%(upstream:remotename)%00%(upstream:remoteref) refs/heads/branch-a refs/remotes/branch-a [5ms]
2024-11-17 14:49:53.159 [info] > git config --local branch.branch-a.github-pr-owner-number [6ms]
2024-11-17 14:49:53.159 [warning] [Git][config] git config failed: Failed to execute git
2024-11-17 14:49:53.164 [info] > git config --local branch.branch-a.vscode-merge-base [6ms]
2024-11-17 14:49:53.164 [warning] [Git][config] git config failed: Failed to execute git
2024-11-17 14:49:53.182 [info] > git config --local branch.branch-a.remote [19ms]
2024-11-17 14:49:53.182 [warning] [Git][config] git config failed: Failed to execute git
2024-11-17 14:49:53.189 [info] > git config --local branch.branch-a.merge [2ms]
2024-11-17 14:49:53.190 [warning] [Git][config] git config failed: Failed to execute git
2024-11-17 14:49:53.191 [info] > git reflog branch-a --grep-reflog=branch: Created from *. [11ms]
2024-11-17 14:49:53.196 [info] > git for-each-ref --format=%(refname)%00%(upstream:short)%00%(objectname)%00%(upstream:track)%00%(upstream:remotename)%00%(upstream:remoteref) refs/heads/main refs/remotes/main [1ms]
2024-11-17 14:49:53.201 [info] > git symbolic-ref --short refs/remotes/origin/HEAD [1ms]
2024-11-17 14:49:53.202 [info] fatal: ref refs/remotes/origin/HEAD is not a symbolic ref
2024-11-17 14:49:53.202 [warning] [Repository][getDefaultBranch] Failed to get default branch details: Failed to execute git.
2024-11-17 14:49:54.195 [info] [Git][getRemotes] No remotes found in the git config file
2024-11-17 14:49:54.196 [info] > git config --get commit.template [7ms]
2024-11-17 14:49:54.198 [info] > git for-each-ref --format=%(refname)%00%(upstream:short)%00%(objectname)%00%(upstream:track)%00%(upstream:remotename)%00%(upstream:remoteref) refs/heads/branch-a refs/remotes/branch-a [3ms]
2024-11-17 14:49:54.207 [info] > git status -z -uall [5ms]
2024-11-17 14:49:54.208 [info] > git for-each-ref --sort -committerdate --format %(refname) %(objectname) %(*objectname) [2ms]
2024-11-17 14:49:54.374 [info] > git ls-files --stage -- /home/vscode/progate_path/self_introduction_branch/self_introduction/src/favorite_food.md [2ms]
2024-11-17 14:49:54.379 [info] > git cat-file -s 74269fa32955c9c176c17d11a2ea3446fb8a72b0 [2ms]
2024-11-17 14:49:54.469 [info] > git show --textconv :src/favorite_food.md [1ms]
2024-11-17 14:50:18.078 [info] > git config --get commit.template [1ms]
2024-11-17 14:50:18.084 [info] [Git][getRemotes] No remotes found in the git config file
2024-11-17 14:50:18.085 [info] > git for-each-ref --format=%(refname)%00%(upstream:short)%00%(objectname)%00%(upstream:track)%00%(upstream:remotename)%00%(upstream:remoteref) refs/heads/branch-a refs/remotes/branch-a [1ms]
2024-11-17 14:50:18.093 [info] > git status -z -uall [4ms]
2024-11-17 14:50:18.095 [info] > git for-each-ref --sort -committerdate --format %(refname) %(objectname) %(*objectname) [2ms]
2024-11-17 14:50:25.841 [info] [Git][getRemotes] No remotes found in the git config file
2024-11-17 14:50:25.841 [info] > git config --get commit.template [5ms]
2024-11-17 14:50:25.842 [info] > git for-each-ref --format=%(refname)%00%(upstream:short)%00%(objectname)%00%(upstream:track)%00%(upstream:remotename)%00%(upstream:remoteref) refs/heads/branch-a refs/remotes/branch-a [1ms]
2024-11-17 14:50:25.851 [info] > git status -z -uall [5ms]
2024-11-17 14:50:25.852 [info] > git for-each-ref --sort -committerdate --format %(refname) %(objectname) %(*objectname) [2ms]
2024-11-17 14:50:26.029 [info] > git ls-files --stage -- /home/vscode/progate_path/self_introduction_branch/self_introduction/src/favorite_food.md [3ms]
2024-11-17 14:50:26.034 [info] > git cat-file -s 74269fa32955c9c176c17d11a2ea3446fb8a72b0 [1ms]
2024-11-17 14:50:26.126 [info] > git show --textconv :src/favorite_food.md [1ms]
2024-11-17 14:50:47.502 [info] [Git][getRemotes] No remotes found in the git config file
2024-11-17 14:50:47.503 [info] > git config --get commit.template [5ms]
2024-11-17 14:50:47.504 [info] > git for-each-ref --format=%(refname)%00%(upstream:short)%00%(objectname)%00%(upstream:track)%00%(upstream:remotename)%00%(upstream:remoteref) refs/heads/branch-a refs/remotes/branch-a [2ms]
2024-11-17 14:50:47.512 [info] > git status -z -uall [4ms]
2024-11-17 14:50:47.514 [info] > git for-each-ref --sort -committerdate --format %(refname) %(objectname) %(*objectname) [2ms]
2024-11-17 14:50:47.686 [info] > git ls-files --stage -- /home/vscode/progate_path/self_introduction_branch/self_introduction/src/favorite_food.md [2ms]
2024-11-17 14:50:47.691 [info] > git cat-file -s 74269fa32955c9c176c17d11a2ea3446fb8a72b0 [2ms]
2024-11-17 14:50:47.789 [info] > git show --textconv :src/favorite_food.md [2ms]
2024-11-17 14:51:08.397 [info] [Git][getRemotes] No remotes found in the git config file
2024-11-17 14:51:08.397 [info] > git config --get commit.template [4ms]
2024-11-17 14:51:08.398 [info] > git for-each-ref --format=%(refname)%00%(upstream:short)%00%(objectname)%00%(upstream:track)%00%(upstream:remotename)%00%(upstream:remoteref) refs/heads/branch-a refs/remotes/branch-a [1ms]
2024-11-17 14:51:08.407 [info] > git status -z -uall [5ms]
2024-11-17 14:51:08.408 [info] > git for-each-ref --sort -committerdate --format %(refname) %(objectname) %(*objectname) [2ms]
2024-11-17 14:51:13.420 [info] [Git][getRemotes] No remotes found in the git config file
2024-11-17 14:51:13.421 [info] > git config --get commit.template [5ms]
2024-11-17 14:51:13.422 [info] > git for-each-ref --format=%(refname)%00%(upstream:short)%00%(objectname)%00%(upstream:track)%00%(upstream:remotename)%00%(upstream:remoteref) refs/heads/branch-a refs/remotes/branch-a [2ms]
2024-11-17 14:51:13.431 [info] > git status -z -uall [4ms]
2024-11-17 14:51:13.432 [info] > git for-each-ref --sort -committerdate --format %(refname) %(objectname) %(*objectname) [2ms]
2024-11-17 14:51:19.268 [info] [Git][getRemotes] No remotes found in the git config file
2024-11-17 14:51:19.268 [info] > git config --get commit.template [4ms]
2024-11-17 14:51:19.269 [info] > git for-each-ref --format=%(refname)%00%(upstream:short)%00%(objectname)%00%(upstream:track)%00%(upstream:remotename)%00%(upstream:remoteref) refs/heads/branch-a refs/remotes/branch-a [1ms]
2024-11-17 14:51:19.279 [info] > git status -z -uall [6ms]
2024-11-17 14:51:19.280 [info] > git for-each-ref --sort -committerdate --format %(refname) %(objectname) %(*objectname) [3ms]
2024-11-17 14:51:21.227 [info] [Git][getRemotes] No remotes found in the git config file
2024-11-17 14:51:21.228 [info] > git config --get commit.template [4ms]
2024-11-17 14:51:21.229 [info] > git for-each-ref --format=%(refname)%00%(upstream:short)%00%(objectname)%00%(upstream:track)%00%(upstream:remotename)%00%(upstream:remoteref) refs/heads/branch-a refs/remotes/branch-a [2ms]
2024-11-17 14:51:21.240 [info] > git status -z -uall [8ms]
2024-11-17 14:51:21.240 [info] > git for-each-ref --sort -committerdate --format %(refname) %(objectname) %(*objectname) [2ms]
2024-11-17 14:51:28.154 [info] [Git][getRemotes] No remotes found in the git config file
2024-11-17 14:51:28.155 [info] > git config --get commit.template [7ms]
2024-11-17 14:51:28.156 [info] > git for-each-ref --format=%(refname)%00%(upstream:short)%00%(objectname)%00%(upstream:track)%00%(upstream:remotename)%00%(upstream:remoteref) refs/heads/branch-a refs/remotes/branch-a [2ms]
2024-11-17 14:51:28.164 [info] > git status -z -uall [5ms]
2024-11-17 14:51:28.166 [info] > git for-each-ref --sort -committerdate --format %(refname) %(objectname) %(*objectname) [2ms]
2024-11-17 14:51:28.342 [info] > git ls-files --stage -- /home/vscode/progate_path/self_introduction_branch/self_introduction/src/favorite_food.md [1ms]
2024-11-17 14:51:28.347 [info] > git cat-file -s 74269fa32955c9c176c17d11a2ea3446fb8a72b0 [1ms]
2024-11-17 14:51:28.437 [info] > git show --textconv :src/favorite_food.md [2ms]
2024-11-17 14:52:10.263 [info] > git config --get commit.template [6ms]
2024-11-17 14:52:10.263 [info] [Git][getRemotes] No remotes found in the git config file
2024-11-17 14:52:10.264 [info] > git for-each-ref --format=%(refname)%00%(upstream:short)%00%(objectname)%00%(upstream:track)%00%(upstream:remotename)%00%(upstream:remoteref) refs/heads/branch-a refs/remotes/branch-a [2ms]
2024-11-17 14:52:10.272 [info] > git status -z -uall [5ms]
2024-11-17 14:52:10.273 [info] > git for-each-ref --sort -committerdate --format %(refname) %(objectname) %(*objectname) [1ms]
2024-11-17 14:52:15.284 [info] [Git][getRemotes] No remotes found in the git config file
2024-11-17 14:52:15.284 [info] > git config --get commit.template [5ms]
2024-11-17 14:52:15.285 [info] > git for-each-ref --format=%(refname)%00%(upstream:short)%00%(objectname)%00%(upstream:track)%00%(upstream:remotename)%00%(upstream:remoteref) refs/heads/branch-a refs/remotes/branch-a [1ms]
2024-11-17 14:52:15.295 [info] > git status -z -uall [6ms]
2024-11-17 14:52:15.295 [info] > git for-each-ref --sort -committerdate --format %(refname) %(objectname) %(*objectname) [2ms]
2024-11-17 14:52:18.717 [info] > git config --get commit.template [1ms]
2024-11-17 14:52:18.720 [info] [Git][getRemotes] No remotes found in the git config file
2024-11-17 14:52:18.722 [info] > git for-each-ref --format=%(refname)%00%(upstream:short)%00%(objectname)%00%(upstream:track)%00%(upstream:remotename)%00%(upstream:remoteref) refs/heads/branch-a refs/remotes/branch-a [2ms]
2024-11-17 14:52:18.730 [info] > git status -z -uall [4ms]
2024-11-17 14:52:18.736 [info] > git for-each-ref --sort -committerdate --format %(refname) %(objectname) %(*objectname) [6ms]
2024-11-17 14:52:20.212 [info] > git ls-files --stage -- /home/vscode/progate_path/self_introduction_branch/self_introduction/src/favorite_food.md [2ms]
2024-11-17 14:52:20.217 [info] > git cat-file -s 4a4dd38f6026ffb80848d51075732a9f05c7cd90 [1ms]
2024-11-17 14:52:20.311 [info] > git show --textconv :src/favorite_food.md [2ms]
2024-11-17 14:52:22.686 [info] [Git][getRemotes] No remotes found in the git config file
2024-11-17 14:52:22.687 [info] > git config --get commit.template [5ms]
2024-11-17 14:52:22.688 [info] > git for-each-ref --format=%(refname)%00%(upstream:short)%00%(objectname)%00%(upstream:track)%00%(upstream:remotename)%00%(upstream:remoteref) refs/heads/branch-a refs/remotes/branch-a [2ms]
2024-11-17 14:52:22.696 [info] > git status -z -uall [5ms]
2024-11-17 14:52:22.697 [info] > git for-each-ref --sort -committerdate --format %(refname) %(objectname) %(*objectname) [1ms]
2024-11-17 14:52:25.183 [info] [Git][getRemotes] No remotes found in the git config file
2024-11-17 14:52:25.183 [info] > git config --get commit.template [5ms]
2024-11-17 14:52:25.185 [info] > git for-each-ref --format=%(refname)%00%(upstream:short)%00%(objectname)%00%(upstream:track)%00%(upstream:remotename)%00%(upstream:remoteref) refs/heads/branch-a refs/remotes/branch-a [2ms]
2024-11-17 14:52:25.196 [info] > git status -z -uall [6ms]
2024-11-17 14:52:25.198 [info] > git for-each-ref --sort -committerdate --format %(refname) %(objectname) %(*objectname) [2ms]
2024-11-17 14:52:25.206 [info] > git config --local branch.branch-a.github-pr-owner-number [2ms]
2024-11-17 14:52:25.206 [warning] [Git][config] git config failed: Failed to execute git
2024-11-17 14:52:25.211 [info] > git config --local branch.branch-a.remote [2ms]
2024-11-17 14:52:25.212 [warning] [Git][config] git config failed: Failed to execute git
2024-11-17 14:52:25.217 [info] > git config --local branch.branch-a.merge [1ms]
2024-11-17 14:52:25.217 [warning] [Git][config] git config failed: Failed to execute git
2024-11-17 14:52:30.240 [info] [Git][getRemotes] No remotes found in the git config file
2024-11-17 14:52:30.240 [info] > git config --get commit.template [4ms]
2024-11-17 14:52:30.241 [info] > git for-each-ref --format=%(refname)%00%(upstream:short)%00%(objectname)%00%(upstream:track)%00%(upstream:remotename)%00%(upstream:remoteref) refs/heads/branch-a refs/remotes/branch-a [1ms]
2024-11-17 14:52:30.250 [info] > git status -z -uall [5ms]
2024-11-17 14:52:30.252 [info] > git for-each-ref --sort -committerdate --format %(refname) %(objectname) %(*objectname) [3ms]
2024-11-17 14:52:30.321 [info] > git ls-files --stage -- /home/vscode/progate_path/self_introduction_branch/self_introduction/src/favorite_food.md [1ms]
2024-11-17 14:52:30.326 [info] > git cat-file -s 4a4dd38f6026ffb80848d51075732a9f05c7cd90 [1ms]
2024-11-17 14:52:30.416 [info] > git show --textconv :src/favorite_food.md [2ms]
2024-11-17 14:53:15.482 [info] [Git][getRemotes] No remotes found in the git config file
2024-11-17 14:53:15.483 [info] > git config --get commit.template [5ms]
2024-11-17 14:53:15.484 [info] > git for-each-ref --format=%(refname)%00%(upstream:short)%00%(objectname)%00%(upstream:track)%00%(upstream:remotename)%00%(upstream:remoteref) refs/heads/branch-a refs/remotes/branch-a [2ms]
2024-11-17 14:53:15.495 [info] > git status -z -uall [7ms]
2024-11-17 14:53:15.496 [info] > git for-each-ref --sort -committerdate --format %(refname) %(objectname) %(*objectname) [2ms]
2024-11-17 14:53:15.864 [info] > git check-ignore -v -z --stdin [2ms]
2024-11-17 14:54:10.398 [info] > git config --get commit.template [2ms]
2024-11-17 14:54:10.403 [info] [Git][getRemotes] No remotes found in the git config file
2024-11-17 14:54:10.406 [info] > git for-each-ref --format=%(refname)%00%(upstream:short)%00%(objectname)%00%(upstream:track)%00%(upstream:remotename)%00%(upstream:remoteref) refs/heads/main refs/remotes/main [3ms]
2024-11-17 14:54:10.421 [info] > git status -z -uall [11ms]
2024-11-17 14:54:10.421 [info] > git for-each-ref --sort -committerdate --format %(refname) %(objectname) %(*objectname) [2ms]
2024-11-17 14:54:10.453 [info] > git for-each-ref --format=%(refname)%00%(upstream:short)%00%(objectname)%00%(upstream:track)%00%(upstream:remotename)%00%(upstream:remoteref) refs/heads/main refs/remotes/main [20ms]
2024-11-17 14:54:10.469 [info] > git config --local branch.main.github-pr-owner-number [17ms]
2024-11-17 14:54:10.469 [warning] [Git][config] git config failed: Failed to execute git
2024-11-17 14:54:10.475 [info] > git config --local branch.main.remote [2ms]
2024-11-17 14:54:10.475 [warning] [Git][config] git config failed: Failed to execute git
2024-11-17 14:54:10.479 [info] > git config --local branch.main.vscode-merge-base [11ms]
2024-11-17 14:54:10.479 [warning] [Git][config] git config failed: Failed to execute git
2024-11-17 14:54:10.483 [info] > git config --local branch.main.merge [4ms]
2024-11-17 14:54:10.483 [warning] [Git][config] git config failed: Failed to execute git
2024-11-17 14:54:10.485 [info] > git reflog main --grep-reflog=branch: Created from *. [2ms]
2024-11-17 14:54:10.490 [info] > git symbolic-ref --short refs/remotes/origin/HEAD [1ms]
2024-11-17 14:54:10.490 [info] fatal: ref refs/remotes/origin/HEAD is not a symbolic ref
2024-11-17 14:54:10.490 [warning] [Repository][getDefaultBranch] Failed to get default branch details: Failed to execute git.
2024-11-17 14:54:11.463 [info] [Git][getRemotes] No remotes found in the git config file
2024-11-17 14:54:11.463 [info] > git config --get commit.template [5ms]
2024-11-17 14:54:11.464 [info] > git for-each-ref --format=%(refname)%00%(upstream:short)%00%(objectname)%00%(upstream:track)%00%(upstream:remotename)%00%(upstream:remoteref) refs/heads/main refs/remotes/main [1ms]
2024-11-17 14:54:11.474 [info] > git status -z -uall [6ms]
2024-11-17 14:54:11.474 [info] > git for-each-ref --sort -committerdate --format %(refname) %(objectname) %(*objectname) [2ms]
2024-11-17 14:54:11.645 [info] > git ls-files --stage -- /home/vscode/progate_path/self_introduction_branch/self_introduction/src/favorite_food.md [2ms]
2024-11-17 14:54:11.650 [info] > git cat-file -s d26ef61ee6071cc5b65884439c0144a5e02cb97b [1ms]
2024-11-17 14:54:11.741 [info] > git show --textconv :src/favorite_food.md [2ms]
2024-11-17 14:54:27.574 [info] [Git][getRemotes] No remotes found in the git config file
2024-11-17 14:54:27.575 [info] > git config --get commit.template [5ms]
2024-11-17 14:54:27.576 [info] > git for-each-ref --format=%(refname)%00%(upstream:short)%00%(objectname)%00%(upstream:track)%00%(upstream:remotename)%00%(upstream:remoteref) refs/heads/main refs/remotes/main [2ms]
2024-11-17 14:54:27.584 [info] > git status -z -uall [4ms]
2024-11-17 14:54:27.586 [info] > git for-each-ref --sort -committerdate --format %(refname) %(objectname) %(*objectname) [2ms]
2024-11-17 14:54:35.828 [info] [Git][getRemotes] No remotes found in the git config file
2024-11-17 14:54:35.829 [info] > git config --get commit.template [5ms]
2024-11-17 14:54:35.830 [info] > git for-each-ref --format=%(refname)%00%(upstream:short)%00%(objectname)%00%(upstream:track)%00%(upstream:remotename)%00%(upstream:remoteref) refs/heads/main refs/remotes/main [2ms]
2024-11-17 14:54:35.838 [info] > git status -z -uall [5ms]
2024-11-17 14:54:35.840 [info] > git for-each-ref --sort -committerdate --format %(refname) %(objectname) %(*objectname) [2ms]
2024-11-17 14:54:38.377 [info] [Git][getRemotes] No remotes found in the git config file
2024-11-17 14:54:38.377 [info] > git for-each-ref --format=%(refname)%00%(upstream:short)%00%(objectname)%00%(upstream:track)%00%(upstream:remotename)%00%(upstream:remoteref) refs/heads/main refs/remotes/main [1ms]
2024-11-17 14:54:38.378 [info] > git config --get commit.template [8ms]
2024-11-17 14:54:38.386 [info] > git status -z -uall [5ms]
2024-11-17 14:54:38.389 [info] > git for-each-ref --sort -committerdate --format %(refname) %(objectname) %(*objectname) [3ms]
2024-11-17 14:54:42.141 [info] [Git][getRemotes] No remotes found in the git config file
2024-11-17 14:54:42.141 [info] > git config --get commit.template [5ms]
2024-11-17 14:54:42.142 [info] > git for-each-ref --format=%(refname)%00%(upstream:short)%00%(objectname)%00%(upstream:track)%00%(upstream:remotename)%00%(upstream:remoteref) refs/heads/main refs/remotes/main [1ms]
2024-11-17 14:54:42.151 [info] > git status -z -uall [5ms]
2024-11-17 14:54:42.152 [info] > git for-each-ref --sort -committerdate --format %(refname) %(objectname) %(*objectname) [2ms]
2024-11-17 14:54:42.223 [info] > git ls-files --stage -- /home/vscode/progate_path/self_introduction_branch/self_introduction/src/favorite_food.md [2ms]
2024-11-17 14:54:42.228 [info] > git cat-file -s 8481a95333701cbe1c41bfd15430eb522a4da962 [2ms]
2024-11-17 14:54:42.319 [info] > git show --textconv :src/favorite_food.md [2ms]
2024-11-17 14:54:43.810 [info] [Git][getRemotes] No remotes found in the git config file
2024-11-17 14:54:43.811 [info] > git config --get commit.template [5ms]
2024-11-17 14:54:43.812 [info] > git for-each-ref --format=%(refname)%00%(upstream:short)%00%(objectname)%00%(upstream:track)%00%(upstream:remotename)%00%(upstream:remoteref) refs/heads/main refs/remotes/main [2ms]
2024-11-17 14:54:43.821 [info] > git status -z -uall [5ms]
2024-11-17 14:54:43.823 [info] > git for-each-ref --sort -committerdate --format %(refname) %(objectname) %(*objectname) [3ms]
2024-11-17 14:54:43.830 [info] > git config --local branch.main.github-pr-owner-number [1ms]
2024-11-17 14:54:43.830 [warning] [Git][config] git config failed: Failed to execute git
2024-11-17 14:54:43.835 [info] > git config --local branch.main.remote [1ms]
2024-11-17 14:54:43.835 [warning] [Git][config] git config failed: Failed to execute git
2024-11-17 14:54:43.841 [info] > git config --local branch.main.merge [2ms]
2024-11-17 14:54:43.841 [warning] [Git][config] git config failed: Failed to execute git
2024-11-17 14:54:47.697 [info] [Git][getRemotes] No remotes found in the git config file
2024-11-17 14:54:47.697 [info] > git config --get commit.template [5ms]
2024-11-17 14:54:47.698 [info] > git for-each-ref --format=%(refname)%00%(upstream:short)%00%(objectname)%00%(upstream:track)%00%(upstream:remotename)%00%(upstream:remoteref) refs/heads/main refs/remotes/main [2ms]
2024-11-17 14:54:47.706 [info] > git status -z -uall [4ms]
2024-11-17 14:54:47.708 [info] > git for-each-ref --sort -committerdate --format %(refname) %(objectname) %(*objectname) [2ms]
2024-11-17 14:54:47.780 [info] > git ls-files --stage -- /home/vscode/progate_path/self_introduction_branch/self_introduction/src/favorite_food.md [2ms]
2024-11-17 14:54:47.785 [info] > git cat-file -s 8481a95333701cbe1c41bfd15430eb522a4da962 [2ms]
2024-11-17 14:54:47.875 [info] > git show --textconv :src/favorite_food.md [2ms]
2024-11-17 14:55:24.530 [info] [Git][getRemotes] No remotes found in the git config file
2024-11-17 14:55:24.532 [info] > git for-each-ref --format=%(refname)%00%(upstream:short)%00%(objectname)%00%(upstream:track)%00%(upstream:remotename)%00%(upstream:remoteref) refs/heads/main refs/remotes/main [2ms]
2024-11-17 14:55:24.541 [info] > git status -z -uall [5ms]
2024-11-17 14:55:24.542 [info] > git for-each-ref --sort -committerdate --format %(refname) %(objectname) %(*objectname) [2ms]
2024-11-17 14:55:24.723 [info] > git ls-files --stage -- /home/vscode/progate_path/self_introduction_branch/self_introduction/src/favorite_food.md [6ms]
2024-11-17 14:55:24.730 [info] > git cat-file -s 74269fa32955c9c176c17d11a2ea3446fb8a72b0 [2ms]
2024-11-17 14:55:24.821 [info] > git show --textconv :src/favorite_food.md [2ms]
2024-11-17 14:57:59.373 [info] [Git][getRemotes] No remotes found in the git config file
2024-11-17 14:57:59.375 [info] > git for-each-ref --format=%(refname)%00%(upstream:short)%00%(objectname)%00%(upstream:track)%00%(upstream:remotename)%00%(upstream:remoteref) refs/heads/main refs/remotes/main [2ms]
2024-11-17 14:57:59.385 [info] > git status -z -uall [5ms]
2024-11-17 14:57:59.386 [info] > git for-each-ref --sort -committerdate --format %(refname) %(objectname) %(*objectname) [2ms]
2024-11-17 14:58:04.393 [info] [Git][getRemotes] No remotes found in the git config file
2024-11-17 14:58:04.394 [info] > git for-each-ref --format=%(refname)%00%(upstream:short)%00%(objectname)%00%(upstream:track)%00%(upstream:remotename)%00%(upstream:remoteref) refs/heads/main refs/remotes/main [1ms]
2024-11-17 14:58:04.403 [info] > git status -z -uall [5ms]
2024-11-17 14:58:04.405 [info] > git for-each-ref --sort -committerdate --format %(refname) %(objectname) %(*objectname) [3ms]
2024-11-17 14:58:09.413 [info] [Git][getRemotes] No remotes found in the git config file
2024-11-17 14:58:09.415 [info] > git for-each-ref --format=%(refname)%00%(upstream:short)%00%(objectname)%00%(upstream:track)%00%(upstream:remotename)%00%(upstream:remoteref) refs/heads/main refs/remotes/main [2ms]
2024-11-17 14:58:09.424 [info] > git status -z -uall [6ms]
2024-11-17 14:58:09.425 [info] > git for-each-ref --sort -committerdate --format %(refname) %(objectname) %(*objectname) [2ms]
2024-11-17 14:58:49.352 [info] [Git][getRemotes] No remotes found in the git config file
2024-11-17 14:58:49.354 [info] > git for-each-ref --format=%(refname)%00%(upstream:short)%00%(objectname)%00%(upstream:track)%00%(upstream:remotename)%00%(upstream:remoteref) refs/heads/main refs/remotes/main [2ms]
2024-11-17 14:58:49.367 [info] > git status -z -uall [8ms]
2024-11-17 14:58:49.368 [info] > git for-each-ref --sort -committerdate --format %(refname) %(objectname) %(*objectname) [4ms]
2024-11-17 14:59:16.982 [info] [Git][getRemotes] No remotes found in the git config file
2024-11-17 14:59:16.983 [info] > git for-each-ref --format=%(refname)%00%(upstream:short)%00%(objectname)%00%(upstream:track)%00%(upstream:remotename)%00%(upstream:remoteref) refs/heads/main refs/remotes/main [1ms]
2024-11-17 14:59:16.994 [info] > git status -z -uall [7ms]
2024-11-17 14:59:16.995 [info] > git for-each-ref --sort -committerdate --format %(refname) %(objectname) %(*objectname) [3ms]
2024-11-17 14:59:19.027 [info] [Git][getRemotes] No remotes found in the git config file
2024-11-17 14:59:19.029 [info] > git for-each-ref --format=%(refname)%00%(upstream:short)%00%(objectname)%00%(upstream:track)%00%(upstream:remotename)%00%(upstream:remoteref) refs/heads/main refs/remotes/main [2ms]
2024-11-17 14:59:19.038 [info] > git status -z -uall [6ms]
2024-11-17 14:59:19.040 [info] > git for-each-ref --sort -committerdate --format %(refname) %(objectname) %(*objectname) [3ms]
2024-11-17 14:59:22.137 [info] [Git][getRemotes] No remotes found in the git config file
2024-11-17 14:59:22.139 [info] > git for-each-ref --format=%(refname)%00%(upstream:short)%00%(objectname)%00%(upstream:track)%00%(upstream:remotename)%00%(upstream:remoteref) refs/heads/main refs/remotes/main [2ms]
2024-11-17 14:59:22.147 [info] > git status -z -uall [5ms]
2024-11-17 14:59:22.150 [info] > git for-each-ref --sort -committerdate --format %(refname) %(objectname) %(*objectname) [3ms]
2024-11-17 14:59:22.230 [info] > git ls-files --stage -- /home/vscode/progate_path/self_introduction_branch/self_introduction/src/favorite_food.md [1ms]
2024-11-17 14:59:22.237 [info] > git cat-file -s bbcd7e3a4716ffa6c70e79f658606efc4320ad0c [3ms]
2024-11-17 14:59:22.330 [info] > git show --textconv :src/favorite_food.md [2ms]
2024-11-17 14:59:23.846 [info] > git config --get commit.template [2ms]
2024-11-17 14:59:23.850 [info] [Git][getRemotes] No remotes found in the git config file
2024-11-17 14:59:23.852 [info] > git for-each-ref --format=%(refname)%00%(upstream:short)%00%(objectname)%00%(upstream:track)%00%(upstream:remotename)%00%(upstream:remoteref) refs/heads/main refs/remotes/main [2ms]
2024-11-17 14:59:23.862 [info] > git status -z -uall [6ms]
2024-11-17 14:59:23.863 [info] > git for-each-ref --sort -committerdate --format %(refname) %(objectname) %(*objectname) [2ms]
2024-11-17 14:59:23.871 [info] > git config --local branch.main.github-pr-owner-number [2ms]
2024-11-17 14:59:23.871 [warning] [Git][config] git config failed: Failed to execute git
2024-11-17 14:59:23.878 [info] > git config --local branch.main.remote [0ms]
2024-11-17 14:59:23.878 [warning] [Git][config] git config failed: Failed to execute git
2024-11-17 14:59:23.885 [info] > git config --local branch.main.merge [1ms]
2024-11-17 14:59:23.885 [warning] [Git][config] git config failed: Failed to execute git
2024-11-17 14:59:25.087 [info] > git ls-files --stage -- /home/vscode/progate_path/self_introduction_branch/self_introduction/src/favorite_food.md [2ms]
2024-11-17 14:59:25.093 [info] > git cat-file -s bbcd7e3a4716ffa6c70e79f658606efc4320ad0c [2ms]
2024-11-17 14:59:25.185 [info] > git show --textconv :src/favorite_food.md [2ms]
2024-11-17 14:59:28.024 [info] [Git][getRemotes] No remotes found in the git config file
2024-11-17 14:59:28.025 [info] > git config --get commit.template [5ms]
2024-11-17 14:59:28.026 [info] > git for-each-ref --format=%(refname)%00%(upstream:short)%00%(objectname)%00%(upstream:track)%00%(upstream:remotename)%00%(upstream:remoteref) refs/heads/main refs/remotes/main [2ms]
2024-11-17 14:59:28.035 [info] > git status -z -uall [6ms]
2024-11-17 14:59:28.036 [info] > git for-each-ref --sort -committerdate --format %(refname) %(objectname) %(*objectname) [2ms]
2024-11-17 15:00:43.828 [info] [Git][getRemotes] No remotes found in the git config file
2024-11-17 15:00:43.829 [info] > git config --get commit.template [4ms]
2024-11-17 15:00:43.830 [info] > git for-each-ref --format=%(refname)%00%(upstream:short)%00%(objectname)%00%(upstream:track)%00%(upstream:remotename)%00%(upstream:remoteref) refs/heads/branch-a refs/remotes/branch-a [2ms]
2024-11-17 15:00:43.838 [info] > git status -z -uall [4ms]
2024-11-17 15:00:43.840 [info] > git for-each-ref --sort -committerdate --format %(refname) %(objectname) %(*objectname) [2ms]
2024-11-17 15:00:43.851 [info] > git for-each-ref --format=%(refname)%00%(upstream:short)%00%(objectname)%00%(upstream:track)%00%(upstream:remotename)%00%(upstream:remoteref) refs/heads/branch-a refs/remotes/branch-a [6ms]
2024-11-17 15:00:43.856 [info] > git config --local branch.branch-a.github-pr-owner-number [5ms]
2024-11-17 15:00:43.856 [warning] [Git][config] git config failed: Failed to execute git
2024-11-17 15:00:43.861 [info] > git config --local branch.branch-a.vscode-merge-base [6ms]
2024-11-17 15:00:43.861 [warning] [Git][config] git config failed: Failed to execute git
2024-11-17 15:00:43.865 [info] > git config --local branch.branch-a.remote [5ms]
2024-11-17 15:00:43.865 [warning] [Git][config] git config failed: Failed to execute git
2024-11-17 15:00:43.870 [info] > git reflog branch-a --grep-reflog=branch: Created from *. [5ms]
2024-11-17 15:00:43.876 [info] > git config --local branch.branch-a.merge [6ms]
2024-11-17 15:00:43.876 [warning] [Git][config] git config failed: Failed to execute git
2024-11-17 15:00:43.877 [info] > git for-each-ref --format=%(refname)%00%(upstream:short)%00%(objectname)%00%(upstream:track)%00%(upstream:remotename)%00%(upstream:remoteref) refs/heads/main refs/remotes/main [3ms]
2024-11-17 15:00:43.883 [info] > git symbolic-ref --short refs/remotes/origin/HEAD [2ms]
2024-11-17 15:00:43.883 [info] fatal: ref refs/remotes/origin/HEAD is not a symbolic ref
2024-11-17 15:00:43.883 [warning] [Repository][getDefaultBranch] Failed to get default branch details: Failed to execute git.
2024-11-17 15:00:44.886 [info] [Git][getRemotes] No remotes found in the git config file
2024-11-17 15:00:44.886 [info] > git config --get commit.template [4ms]
2024-11-17 15:00:44.888 [info] > git for-each-ref --format=%(refname)%00%(upstream:short)%00%(objectname)%00%(upstream:track)%00%(upstream:remotename)%00%(upstream:remoteref) refs/heads/branch-a refs/remotes/branch-a [2ms]
2024-11-17 15:00:44.897 [info] > git status -z -uall [6ms]
2024-11-17 15:00:44.898 [info] > git for-each-ref --sort -committerdate --format %(refname) %(objectname) %(*objectname) [2ms]
2024-11-17 15:00:45.070 [info] > git ls-files --stage -- /home/vscode/progate_path/self_introduction_branch/self_introduction/src/favorite_food.md [2ms]
2024-11-17 15:00:45.075 [info] > git cat-file -s 4a4dd38f6026ffb80848d51075732a9f05c7cd90 [2ms]
2024-11-17 15:00:45.185 [info] > git show --textconv :src/favorite_food.md [2ms]
2024-11-17 15:02:05.353 [info] [Git][getRemotes] No remotes found in the git config file
2024-11-17 15:02:05.354 [info] > git config --get commit.template [5ms]
2024-11-17 15:02:05.355 [info] > git for-each-ref --format=%(refname)%00%(upstream:short)%00%(objectname)%00%(upstream:track)%00%(upstream:remotename)%00%(upstream:remoteref) refs/heads/branch-a refs/remotes/branch-a [2ms]
2024-11-17 15:02:05.363 [info] > git status -z -uall [5ms]
2024-11-17 15:02:05.365 [info] > git for-each-ref --sort -committerdate --format %(refname) %(objectname) %(*objectname) [2ms]
2024-11-17 15:02:05.541 [info] > git ls-files --stage -- /home/vscode/progate_path/self_introduction_branch/self_introduction/src/favorite_food.md [2ms]
2024-11-17 15:02:05.546 [info] > git cat-file -s 4a4dd38f6026ffb80848d51075732a9f05c7cd90 [2ms]
2024-11-17 15:02:05.635 [info] > git show --textconv :src/favorite_food.md [2ms]
2024-11-17 15:02:11.110 [info] [Git][getRemotes] No remotes found in the git config file
2024-11-17 15:02:11.111 [info] > git config --get commit.template [6ms]
2024-11-17 15:02:11.114 [info] > git for-each-ref --format=%(refname)%00%(upstream:short)%00%(objectname)%00%(upstream:track)%00%(upstream:remotename)%00%(upstream:remoteref) refs/heads/branch-a refs/remotes/branch-a [4ms]
2024-11-17 15:02:11.122 [info] > git status -z -uall [5ms]
2024-11-17 15:02:11.124 [info] > git for-each-ref --sort -committerdate --format %(refname) %(objectname) %(*objectname) [3ms]
2024-11-17 15:02:12.175 [info] [Git][getRemotes] No remotes found in the git config file
2024-11-17 15:02:12.175 [info] > git config --get commit.template [8ms]
2024-11-17 15:02:12.177 [info] > git for-each-ref --format=%(refname)%00%(upstream:short)%00%(objectname)%00%(upstream:track)%00%(upstream:remotename)%00%(upstream:remoteref) refs/heads/branch-a refs/remotes/branch-a [2ms]
2024-11-17 15:02:12.186 [info] > git status -z -uall [5ms]
2024-11-17 15:02:12.188 [info] > git for-each-ref --sort -committerdate --format %(refname) %(objectname) %(*objectname) [3ms]
2024-11-17 15:02:12.352 [info] > git ls-files --stage -- /home/vscode/progate_path/self_introduction_branch/self_introduction/src/favorite_food.md [1ms]
2024-11-17 15:02:12.357 [info] > git cat-file -s 4a4dd38f6026ffb80848d51075732a9f05c7cd90 [2ms]
2024-11-17 15:02:12.453 [info] > git show --textconv :src/favorite_food.md [2ms]
2024-11-17 15:02:16.405 [info] [Git][getRemotes] No remotes found in the git config file
2024-11-17 15:02:16.406 [info] > git config --get commit.template [5ms]
2024-11-17 15:02:16.407 [info] > git for-each-ref --format=%(refname)%00%(upstream:short)%00%(objectname)%00%(upstream:track)%00%(upstream:remotename)%00%(upstream:remoteref) refs/heads/branch-a refs/remotes/branch-a [2ms]
2024-11-17 15:02:16.416 [info] > git status -z -uall [5ms]
2024-11-17 15:02:16.417 [info] > git for-each-ref --sort -committerdate --format %(refname) %(objectname) %(*objectname) [2ms]
2024-11-17 15:02:16.424 [info] > git config --local branch.branch-a.github-pr-owner-number [2ms]
2024-11-17 15:02:16.424 [warning] [Git][config] git config failed: Failed to execute git
2024-11-17 15:02:16.429 [info] > git config --local branch.branch-a.remote [2ms]
2024-11-17 15:02:16.429 [warning] [Git][config] git config failed: Failed to execute git
2024-11-17 15:02:16.434 [info] > git config --local branch.branch-a.merge [2ms]
2024-11-17 15:02:16.434 [warning] [Git][config] git config failed: Failed to execute git
2024-11-17 15:02:17.445 [info] [Git][getRemotes] No remotes found in the git config file
2024-11-17 15:02:17.445 [info] > git config --get commit.template [5ms]
2024-11-17 15:02:17.446 [info] > git for-each-ref --format=%(refname)%00%(upstream:short)%00%(objectname)%00%(upstream:track)%00%(upstream:remotename)%00%(upstream:remoteref) refs/heads/branch-a refs/remotes/branch-a [1ms]
2024-11-17 15:02:17.455 [info] > git status -z -uall [5ms]
2024-11-17 15:02:17.456 [info] > git for-each-ref --sort -committerdate --format %(refname) %(objectname) %(*objectname) [2ms]
2024-11-17 15:02:17.629 [info] > git ls-files --stage -- /home/vscode/progate_path/self_introduction_branch/self_introduction/src/favorite_food.md [2ms]
2024-11-17 15:02:17.633 [info] > git cat-file -s 4a4dd38f6026ffb80848d51075732a9f05c7cd90 [1ms]
2024-11-17 15:02:17.726 [info] > git show --textconv :src/favorite_food.md [2ms]
2024-11-17 15:02:48.179 [info] [Git][getRemotes] No remotes found in the git config file
2024-11-17 15:02:48.179 [info] > git config --get commit.template [5ms]
2024-11-17 15:02:48.180 [info] > git for-each-ref --format=%(refname)%00%(upstream:short)%00%(objectname)%00%(upstream:track)%00%(upstream:remotename)%00%(upstream:remoteref) refs/heads/main refs/remotes/main [1ms]
2024-11-17 15:02:48.189 [info] > git status -z -uall [5ms]
2024-11-17 15:02:48.191 [info] > git for-each-ref --sort -committerdate --format %(refname) %(objectname) %(*objectname) [3ms]
2024-11-17 15:02:48.204 [info] > git for-each-ref --format=%(refname)%00%(upstream:short)%00%(objectname)%00%(upstream:track)%00%(upstream:remotename)%00%(upstream:remoteref) refs/heads/main refs/remotes/main [7ms]
2024-11-17 15:02:48.209 [info] > git config --local branch.main.github-pr-owner-number [6ms]
2024-11-17 15:02:48.209 [warning] [Git][config] git config failed: Failed to execute git
2024-11-17 15:02:48.214 [info] > git config --local branch.main.vscode-merge-base [6ms]
2024-11-17 15:02:48.214 [warning] [Git][config] git config failed: Failed to execute git
2024-11-17 15:02:48.222 [info] > git reflog main --grep-reflog=branch: Created from *. [2ms]
2024-11-17 15:02:48.225 [info] > git config --local branch.main.remote [12ms]
2024-11-17 15:02:48.226 [warning] [Git][config] git config failed: Failed to execute git
2024-11-17 15:02:48.233 [info] > git symbolic-ref --short refs/remotes/origin/HEAD [8ms]
2024-11-17 15:02:48.233 [info] fatal: ref refs/remotes/origin/HEAD is not a symbolic ref
2024-11-17 15:02:48.233 [warning] [Repository][getDefaultBranch] Failed to get default branch details: Failed to execute git.
2024-11-17 15:02:48.235 [info] > git config --local branch.main.merge [4ms]
2024-11-17 15:02:48.235 [warning] [Git][config] git config failed: Failed to execute git
2024-11-17 15:02:49.232 [info] [Git][getRemotes] No remotes found in the git config file
2024-11-17 15:02:49.232 [info] > git config --get commit.template [5ms]
2024-11-17 15:02:49.233 [info] > git for-each-ref --format=%(refname)%00%(upstream:short)%00%(objectname)%00%(upstream:track)%00%(upstream:remotename)%00%(upstream:remoteref) refs/heads/main refs/remotes/main [1ms]
2024-11-17 15:02:49.244 [info] > git status -z -uall [7ms]
2024-11-17 15:02:49.244 [info] > git for-each-ref --sort -committerdate --format %(refname) %(objectname) %(*objectname) [2ms]
2024-11-17 15:02:49.416 [info] > git ls-files --stage -- /home/vscode/progate_path/self_introduction_branch/self_introduction/src/favorite_food.md [2ms]
2024-11-17 15:02:49.421 [info] > git cat-file -s bbcd7e3a4716ffa6c70e79f658606efc4320ad0c [1ms]
2024-11-17 15:02:49.513 [info] > git show --textconv :src/favorite_food.md [1ms]
2024-11-17 15:04:40.722 [info] [Git][getRemotes] No remotes found in the git config file
2024-11-17 15:04:40.723 [info] > git config --get commit.template [5ms]
2024-11-17 15:04:40.724 [info] > git for-each-ref --format=%(refname)%00%(upstream:short)%00%(objectname)%00%(upstream:track)%00%(upstream:remotename)%00%(upstream:remoteref) refs/heads/main refs/remotes/main [2ms]
2024-11-17 15:04:40.733 [info] > git status -z -uall [5ms]
2024-11-17 15:04:40.735 [info] > git for-each-ref --sort -committerdate --format %(refname) %(objectname) %(*objectname) [3ms]
2024-11-17 15:04:41.770 [info] [Git][getRemotes] No remotes found in the git config file
2024-11-17 15:04:41.770 [info] > git config --get commit.template [5ms]
2024-11-17 15:04:41.771 [info] > git for-each-ref --format=%(refname)%00%(upstream:short)%00%(objectname)%00%(upstream:track)%00%(upstream:remotename)%00%(upstream:remoteref) refs/heads/main refs/remotes/main [2ms]
2024-11-17 15:04:41.780 [info] > git status -z -uall [5ms]
2024-11-17 15:04:41.782 [info] > git for-each-ref --sort -committerdate --format %(refname) %(objectname) %(*objectname) [2ms]
2024-11-17 15:04:41.953 [info] > git ls-files --stage -- /home/vscode/progate_path/self_introduction_branch/self_introduction/src/favorite_food.md [1ms]
2024-11-17 15:04:41.959 [info] > git cat-file -s bbcd7e3a4716ffa6c70e79f658606efc4320ad0c [2ms]
2024-11-17 15:04:42.055 [info] > git show --textconv :src/favorite_food.md [3ms]
2024-11-17 15:04:58.609 [info] [Git][getRemotes] No remotes found in the git config file
2024-11-17 15:04:58.610 [info] > git config --get commit.template [6ms]
2024-11-17 15:04:58.611 [info] > git for-each-ref --format=%(refname)%00%(upstream:short)%00%(objectname)%00%(upstream:track)%00%(upstream:remotename)%00%(upstream:remoteref) refs/heads/branch-a refs/remotes/branch-a [2ms]
2024-11-17 15:04:58.621 [info] > git status -z -uall [6ms]
2024-11-17 15:04:58.622 [info] > git for-each-ref --sort -committerdate --format %(refname) %(objectname) %(*objectname) [2ms]
2024-11-17 15:04:58.634 [info] > git config --local branch.branch-a.github-pr-owner-number [1ms]
2024-11-17 15:04:58.634 [warning] [Git][config] git config failed: Failed to execute git
2024-11-17 15:04:58.638 [info] > git for-each-ref --format=%(refname)%00%(upstream:short)%00%(objectname)%00%(upstream:track)%00%(upstream:remotename)%00%(upstream:remoteref) refs/heads/branch-a refs/remotes/branch-a [11ms]
2024-11-17 15:04:58.642 [info] > git config --local branch.branch-a.remote [4ms]
2024-11-17 15:04:58.642 [warning] [Git][config] git config failed: Failed to execute git
2024-11-17 15:04:58.647 [info] > git config --local branch.branch-a.vscode-merge-base [5ms]
2024-11-17 15:04:58.647 [warning] [Git][config] git config failed: Failed to execute git
2024-11-17 15:04:58.654 [info] > git config --local branch.branch-a.merge [7ms]
2024-11-17 15:04:58.654 [warning] [Git][config] git config failed: Failed to execute git
2024-11-17 15:04:58.655 [info] > git reflog branch-a --grep-reflog=branch: Created from *. [2ms]
2024-11-17 15:04:58.661 [info] > git for-each-ref --format=%(refname)%00%(upstream:short)%00%(objectname)%00%(upstream:track)%00%(upstream:remotename)%00%(upstream:remoteref) refs/heads/main refs/remotes/main [2ms]
2024-11-17 15:04:58.666 [info] > git symbolic-ref --short refs/remotes/origin/HEAD [2ms]
2024-11-17 15:04:58.666 [info] fatal: ref refs/remotes/origin/HEAD is not a symbolic ref
2024-11-17 15:04:58.666 [warning] [Repository][getDefaultBranch] Failed to get default branch details: Failed to execute git.
2024-11-17 15:04:59.666 [info] [Git][getRemotes] No remotes found in the git config file
2024-11-17 15:04:59.666 [info] > git config --get commit.template [5ms]
2024-11-17 15:04:59.667 [info] > git for-each-ref --format=%(refname)%00%(upstream:short)%00%(objectname)%00%(upstream:track)%00%(upstream:remotename)%00%(upstream:remoteref) refs/heads/branch-a refs/remotes/branch-a [1ms]
2024-11-17 15:04:59.676 [info] > git status -z -uall [5ms]
2024-11-17 15:04:59.678 [info] > git for-each-ref --sort -committerdate --format %(refname) %(objectname) %(*objectname) [3ms]
2024-11-17 15:04:59.850 [info] > git ls-files --stage -- /home/vscode/progate_path/self_introduction_branch/self_introduction/src/favorite_food.md [2ms]
2024-11-17 15:04:59.855 [info] > git cat-file -s 4a4dd38f6026ffb80848d51075732a9f05c7cd90 [1ms]
2024-11-17 15:04:59.949 [info] > git show --textconv :src/favorite_food.md [2ms]
2024-11-17 15:05:10.774 [info] [Git][getRemotes] No remotes found in the git config file
2024-11-17 15:05:10.775 [info] > git config --get commit.template [6ms]
2024-11-17 15:05:10.776 [info] > git for-each-ref --format=%(refname)%00%(upstream:short)%00%(objectname)%00%(upstream:track)%00%(upstream:remotename)%00%(upstream:remoteref) refs/heads/branch-a refs/remotes/branch-a [2ms]
2024-11-17 15:05:10.787 [info] > git status -z -uall [7ms]
2024-11-17 15:05:10.787 [info] > git for-each-ref --sort -committerdate --format %(refname) %(objectname) %(*objectname) [3ms]
2024-11-17 15:05:18.372 [info] [Git][getRemotes] No remotes found in the git config file
2024-11-17 15:05:18.373 [info] > git config --get commit.template [6ms]
2024-11-17 15:05:18.375 [info] > git for-each-ref --format=%(refname)%00%(upstream:short)%00%(objectname)%00%(upstream:track)%00%(upstream:remotename)%00%(upstream:remoteref) refs/heads/branch-a refs/remotes/branch-a [3ms]
2024-11-17 15:05:18.393 [info] > git status -z -uall [12ms]
2024-11-17 15:05:18.396 [info] > git for-each-ref --sort -committerdate --format %(refname) %(objectname) %(*objectname) [3ms]
2024-11-17 15:05:20.801 [info] [Git][getRemotes] No remotes found in the git config file
2024-11-17 15:05:20.802 [info] > git config --get commit.template [5ms]
2024-11-17 15:05:20.803 [info] > git for-each-ref --format=%(refname)%00%(upstream:short)%00%(objectname)%00%(upstream:track)%00%(upstream:remotename)%00%(upstream:remoteref) refs/heads/branch-a refs/remotes/branch-a [2ms]
2024-11-17 15:05:20.813 [info] > git status -z -uall [6ms]
2024-11-17 15:05:20.815 [info] > git for-each-ref --sort -committerdate --format %(refname) %(objectname) %(*objectname) [4ms]
2024-11-17 15:05:27.472 [info] [Git][getRemotes] No remotes found in the git config file
2024-11-17 15:05:27.473 [info] > git config --get commit.template [7ms]
2024-11-17 15:05:27.474 [info] > git for-each-ref --format=%(refname)%00%(upstream:short)%00%(objectname)%00%(upstream:track)%00%(upstream:remotename)%00%(upstream:remoteref) refs/heads/branch-a refs/remotes/branch-a [2ms]
2024-11-17 15:05:27.486 [info] > git status -z -uall [8ms]
2024-11-17 15:05:27.487 [info] > git for-each-ref --sort -committerdate --format %(refname) %(objectname) %(*objectname) [4ms]
2024-11-17 15:05:27.925 [info] > git ls-files --stage -- /home/vscode/progate_path/self_introduction_branch/self_introduction/src/favorite_food.md [2ms]
2024-11-17 15:05:27.930 [info] > git cat-file -s 4a4dd38f6026ffb80848d51075732a9f05c7cd90 [1ms]
2024-11-17 15:05:28.030 [info] > git show --textconv :src/favorite_food.md [4ms]
2024-11-17 15:06:38.760 [info] [Git][getRemotes] No remotes found in the git config file
2024-11-17 15:06:38.760 [info] > git config --get commit.template [5ms]
2024-11-17 15:06:38.761 [info] > git for-each-ref --format=%(refname)%00%(upstream:short)%00%(objectname)%00%(upstream:track)%00%(upstream:remotename)%00%(upstream:remoteref) refs/heads/branch-a refs/remotes/branch-a [1ms]
2024-11-17 15:06:38.772 [info] > git status -z -uall [7ms]
2024-11-17 15:06:38.773 [info] > git for-each-ref --sort -committerdate --format %(refname) %(objectname) %(*objectname) [2ms]
2024-11-17 15:06:39.118 [info] > git check-ignore -v -z --stdin [2ms]
2024-11-17 15:07:09.554 [info] [Git][getRemotes] No remotes found in the git config file
2024-11-17 15:07:09.555 [info] > git config --get commit.template [6ms]
2024-11-17 15:07:09.556 [info] > git for-each-ref --format=%(refname)%00%(upstream:short)%00%(objectname)%00%(upstream:track)%00%(upstream:remotename)%00%(upstream:remoteref) refs/heads/branch-a refs/remotes/branch-a [2ms]
2024-11-17 15:07:09.565 [info] > git status -z -uall [5ms]
2024-11-17 15:07:09.567 [info] > git for-each-ref --sort -committerdate --format %(refname) %(objectname) %(*objectname) [3ms]
2024-11-17 15:07:09.738 [info] > git ls-files --stage -- /home/vscode/progate_path/self_introduction_branch/self_introduction/src/favorite_food.md [2ms]
2024-11-17 15:07:09.743 [info] > git cat-file -s 4a4dd38f6026ffb80848d51075732a9f05c7cd90 [1ms]
2024-11-17 15:07:09.840 [info] > git show --textconv :src/favorite_food.md [6ms]
2024-11-17 15:07:50.757 [info] [Git][getRemotes] No remotes found in the git config file
2024-11-17 15:07:50.757 [info] > git for-each-ref --format=%(refname)%00%(upstream:short)%00%(objectname)%00%(upstream:track)%00%(upstream:remotename)%00%(upstream:remoteref) refs/heads/branch-a refs/remotes/branch-a [0ms]
2024-11-17 15:07:50.758 [info] > git config --get commit.template [7ms]
2024-11-17 15:07:50.771 [info] > git status -z -uall [8ms]
2024-11-17 15:07:50.775 [info] > git for-each-ref --sort -committerdate --format %(refname) %(objectname) %(*objectname) [4ms]
2024-11-17 15:09:02.708 [info] [Git][getRemotes] No remotes found in the git config file
2024-11-17 15:09:02.709 [info] > git config --get commit.template [6ms]
2024-11-17 15:09:02.710 [info] > git for-each-ref --format=%(refname)%00%(upstream:short)%00%(objectname)%00%(upstream:track)%00%(upstream:remotename)%00%(upstream:remoteref) refs/heads/branch-a refs/remotes/branch-a [2ms]
2024-11-17 15:09:02.722 [info] > git status -z -uall [8ms]
2024-11-17 15:09:02.722 [info] > git for-each-ref --sort -committerdate --format %(refname) %(objectname) %(*objectname) [3ms]
2024-11-17 15:09:08.967 [info] > git config --get commit.template [2ms]
2024-11-17 15:09:08.971 [info] [Git][getRemotes] No remotes found in the git config file
2024-11-17 15:09:08.973 [info] > git for-each-ref --format=%(refname)%00%(upstream:short)%00%(objectname)%00%(upstream:track)%00%(upstream:remotename)%00%(upstream:remoteref) refs/heads/branch-a refs/remotes/branch-a [2ms]
2024-11-17 15:09:08.982 [info] > git status -z -uall [6ms]
2024-11-17 15:09:08.983 [info] > git for-each-ref --sort -committerdate --format %(refname) %(objectname) %(*objectname) [1ms]
2024-11-17 15:09:39.418 [info] [Git][getRemotes] No remotes found in the git config file
2024-11-17 15:09:39.419 [info] > git config --get commit.template [5ms]
2024-11-17 15:09:39.420 [info] > git for-each-ref --format=%(refname)%00%(upstream:short)%00%(objectname)%00%(upstream:track)%00%(upstream:remotename)%00%(upstream:remoteref) refs/heads/branch-a refs/remotes/branch-a [2ms]
2024-11-17 15:09:39.429 [info] > git status -z -uall [5ms]
2024-11-17 15:09:39.430 [info] > git for-each-ref --sort -committerdate --format %(refname) %(objectname) %(*objectname) [2ms]
2024-11-17 15:09:49.210 [info] [Git][getRemotes] No remotes found in the git config file
2024-11-17 15:09:49.210 [info] > git config --get commit.template [4ms]
2024-11-17 15:09:49.211 [info] > git for-each-ref --format=%(refname)%00%(upstream:short)%00%(objectname)%00%(upstream:track)%00%(upstream:remotename)%00%(upstream:remoteref) refs/heads/branch-a refs/remotes/branch-a [1ms]
2024-11-17 15:09:49.221 [info] > git status -z -uall [6ms]
2024-11-17 15:09:49.222 [info] > git for-each-ref --sort -committerdate --format %(refname) %(objectname) %(*objectname) [3ms]
2024-11-17 15:09:50.244 [info] [Git][getRemotes] No remotes found in the git config file
2024-11-17 15:09:50.244 [info] > git config --get commit.template [5ms]
2024-11-17 15:09:50.245 [info] > git for-each-ref --format=%(refname)%00%(upstream:short)%00%(objectname)%00%(upstream:track)%00%(upstream:remotename)%00%(upstream:remoteref) refs/heads/branch-a refs/remotes/branch-a [2ms]
2024-11-17 15:09:50.255 [info] > git status -z -uall [6ms]
2024-11-17 15:09:50.256 [info] > git for-each-ref --sort -committerdate --format %(refname) %(objectname) %(*objectname) [2ms]
2024-11-17 15:09:50.431 [info] > git ls-files --stage -- /home/vscode/progate_path/self_introduction_branch/self_introduction/src/favorite_food.md [2ms]
2024-11-17 15:09:50.436 [info] > git cat-file -s f01f466644c73306ab27c92b3697f5ed11c180da [1ms]
2024-11-17 15:09:50.539 [info] > git show --textconv :src/favorite_food.md [3ms]
