2024-11-17 15:10:38.112 [info] Reading sessions from keychain...
2024-11-17 15:10:38.112 [info] Getting sessions for all scopes...
2024-11-17 15:10:38.112 [info] Getting sessions for all scopes...
2024-11-17 15:10:38.112 [info] Getting sessions for user:email...
2024-11-17 15:10:38.112 [info] Got stored sessions!
2024-11-17 15:10:38.112 [info] Got 6 verified sessions.
2024-11-17 15:10:38.112 [info] Got 6 sessions for ...
2024-11-17 15:10:38.112 [info] Got 6 sessions for ...
2024-11-17 15:10:38.112 [info] Got 1 sessions for user:email...
2024-11-17 15:10:38.365 [info] Getting sessions for codespace,read:user,repo,user:email...
2024-11-17 15:10:38.365 [info] Got 1 sessions for codespace,read:user,repo,user:email...
2024-11-17 15:10:38.366 [info] Getting sessions for all scopes...
2024-11-17 15:10:38.366 [info] Got 6 sessions for ...
2024-11-17 15:10:38.629 [info] Getting sessions for all scopes...
2024-11-17 15:10:38.629 [info] Got 6 sessions for ...
2024-11-17 15:10:39.331 [info] Getting sessions for all scopes...
2024-11-17 15:10:39.331 [info] Got 6 sessions for ...
2024-11-17 15:10:39.580 [info] Getting sessions for all scopes...
2024-11-17 15:10:39.580 [info] Got 6 sessions for ...
2024-11-17 15:10:39.851 [info] Getting sessions for all scopes...
2024-11-17 15:10:39.851 [info] Got 6 sessions for ...
2024-11-17 15:10:40.301 [info] Getting sessions for read:user,repo,user:email,workflow...
2024-11-17 15:10:40.301 [info] Getting sessions for all scopes...
2024-11-17 15:10:40.301 [info] Got 1 sessions for read:user,repo,user:email,workflow...
2024-11-17 15:10:40.301 [info] Got 6 sessions for ...
2024-11-17 15:10:40.839 [info] Getting sessions for all scopes...
2024-11-17 15:10:40.840 [info] Getting sessions for all scopes...
2024-11-17 15:10:40.840 [info] Got 6 sessions for ...
2024-11-17 15:10:40.840 [info] Got 6 sessions for ...
2024-11-17 15:10:41.537 [info] Getting sessions for project,read:org,read:user,repo,user:email,workflow...
2024-11-17 15:10:41.537 [info] Got 0 sessions for project,read:org,read:user,repo,user:email,workflow...
2024-11-17 15:10:42.942 [info] Getting sessions for read:user,repo,user:email,workflow...
2024-11-17 15:10:42.943 [info] Got 1 sessions for read:user,repo,user:email,workflow...
2024-11-17 15:10:43.135 [info] Getting sessions for read:user,repo,user:email,workflow...
2024-11-17 15:10:43.135 [info] Got 1 sessions for read:user,repo,user:email,workflow...
2024-11-17 15:10:43.222 [info] Getting sessions for all scopes...
2024-11-17 15:10:43.222 [info] Getting sessions for all scopes...
2024-11-17 15:10:43.222 [info] Got 6 sessions for ...
2024-11-17 15:10:43.222 [info] Got 6 sessions for ...
2024-11-17 15:10:43.759 [info] Getting sessions for read:user,repo,user:email,workflow...
2024-11-17 15:10:43.759 [info] Got 1 sessions for read:user,repo,user:email,workflow...
2024-11-17 15:10:46.745 [info] Getting sessions for read:user,repo,user:email,workflow...
2024-11-17 15:10:46.745 [info] Got 1 sessions for read:user,repo,user:email,workflow...
2024-11-17 15:27:12.029 [info] Getting sessions for all scopes...
2024-11-17 15:27:12.029 [info] Got 6 sessions for ...
