2024-11-17 13:04:29.922 [warning] /home/vscode/.ssh/config: ENOENT: no such file or directory, open '/home/vscode/.ssh/config'
2024-11-17 13:04:29.923 [info] Activation> Extension version: 0.100.1
2024-11-17 13:04:33.008 [info] Looking for git repository
2024-11-17 13:04:33.008 [info] Found 0 repositories during activation
2024-11-17 13:04:33.008 [info] Git repository found, initializing review manager and pr tree view.
2024-11-17 13:04:33.012 [info] Registering git provider
2024-11-17 13:04:33.013 [info] Review+0> Validate state in progress
2024-11-17 13:04:33.013 [info] Review+0> Validating state...
2024-11-17 13:04:33.013 [info] Review+1> Validate state in progress
2024-11-17 13:04:33.013 [info] Review+1> Validating state...
2024-11-17 13:04:33.014 [info] Review+2> Validate state in progress
2024-11-17 13:04:33.014 [info] Review+2> Validating state...
2024-11-17 13:04:33.115 [info] Found GitHub remote for folder /home/vscode/environment
2024-11-17 13:04:33.116 [info] Found GitHub remote for folder /home/vscode/.oh-my-zsh
2024-11-17 13:04:33.178 [info] Found GitHub remote for folder /home/vscode/.nodenv
2024-11-17 13:04:33.610 [info] Trying to use globalState for assignableUsers.
2024-11-17 13:04:33.816 [info] Trying to use globalState for assignableUsers.
2024-11-17 13:04:33.934 [info] Review+2> No matching pull request metadata found locally for current branch main
2024-11-17 13:04:33.991 [info] Review+0> No matching pull request metadata found locally for current branch main
2024-11-17 13:04:34.064 [info] Trying to use globalState for assignableUsers.
2024-11-17 13:04:34.322 [info] Review+1> No matching pull request metadata found locally for current branch master
2024-11-17 13:04:34.364 [info] Using globalState assignableUsers for 1.
2024-11-17 13:04:34.390 [info] Using globalState assignableUsers for 1.
2024-11-17 13:04:34.536 [info] Using globalState assignableUsers for 1.
2024-11-17 13:04:35.947 [info] Review+2> No matching pull request metadata found on GitHub for current branch main
2024-11-17 13:04:35.948 [info] Review+0> No matching pull request metadata found on GitHub for current branch main
2024-11-17 13:04:35.964 [info] Review+1> No matching pull request metadata found on GitHub for current branch master
2024-11-17 13:08:52.355 [info] Repository file:///home/vscode/.progate/origins/8bD7b83bnNigx1-MPlVyv/self_introduction has been opened
2024-11-17 13:08:52.355 [info] Review+3> Validate state in progress
2024-11-17 13:08:52.355 [info] Review+3> Validating state...
2024-11-17 13:08:52.356 [warning] No remotes found. The following remotes are missing: origin, upstream
2024-11-17 13:08:52.356 [info] No GitHub remotes found for folder /home/vscode/.progate/origins/8bD7b83bnNigx1-MPlVyv/self_introduction
2024-11-17 13:08:52.389 [info] Review+3> Queuing additional validate state
2024-11-17 13:08:52.390 [info] Repo state for file:///home/vscode/.progate/origins/8bD7b83bnNigx1-MPlVyv/self_introduction changed.
2024-11-17 13:08:52.390 [info] Repo file:///home/vscode/.progate/origins/8bD7b83bnNigx1-MPlVyv/self_introduction has already been setup.
2024-11-17 13:08:52.756 [info] Review+3> Validating state...
2024-11-17 13:08:52.756 [warning] No remotes found. The following remotes are missing: origin, upstream
2024-11-17 13:08:52.756 [info] No GitHub remotes found for folder /home/vscode/.progate/origins/8bD7b83bnNigx1-MPlVyv/self_introduction
2024-11-17 13:08:52.770 [info] Review+3> No matching pull request metadata found locally for current branch master
2024-11-17 13:08:52.779 [info] Review+3> No matching pull request metadata found on GitHub for current branch master
2024-11-17 13:17:12.501 [info] Repository file:///home/vscode/progate_path/self_introduction_commit/self_introduction has been opened
2024-11-17 13:17:12.502 [info] Review+4> Validate state in progress
2024-11-17 13:17:12.502 [info] Review+4> Validating state...
2024-11-17 13:17:12.503 [warning] No remotes found. The following remotes are missing: origin, upstream
2024-11-17 13:17:12.503 [info] No GitHub remotes found for folder /home/vscode/progate_path/self_introduction_commit/self_introduction
2024-11-17 13:17:12.526 [info] Review+4> Queuing additional validate state
2024-11-17 13:17:12.526 [info] Repo state for file:///home/vscode/progate_path/self_introduction_commit/self_introduction changed.
2024-11-17 13:17:12.526 [info] Repo file:///home/vscode/progate_path/self_introduction_commit/self_introduction has already been setup.
2024-11-17 13:19:12.502 [error] Review+4> Timeout occurred while validating state.
2024-11-17 13:19:12.503 [info] Review+4> Validating state...
2024-11-17 13:19:12.503 [warning] No remotes found. The following remotes are missing: origin, upstream
2024-11-17 13:19:12.503 [info] No GitHub remotes found for folder /home/vscode/progate_path/self_introduction_commit/self_introduction
2024-11-17 13:19:12.513 [info] Review+4> No matching pull request metadata found locally for current branch main
2024-11-17 13:19:12.519 [info] Review+4> No matching pull request metadata found on GitHub for current branch main
2024-11-17 13:21:12.503 [error] Review+4> Timeout occurred while validating state.
