0 verbose cli /home/vscode/.nodenv/versions/18.17.1/bin/node /home/vscode/.nodenv/versions/18.17.1/bin/npm
1 info using npm@9.6.7
2 info using node@v18.17.1
3 timing npm:load:whichnode Completed in 3ms
4 timing config:load:defaults Completed in 4ms
5 timing config:load:file:/home/vscode/.nodenv/versions/18.17.1/lib/node_modules/npm/npmrc Completed in 1ms
6 timing config:load:builtin Completed in 1ms
7 timing config:load:cli Completed in 2ms
8 timing config:load:env Completed in 11ms
9 timing config:load:file:/vscode/bin/linux-x64/f1a4fb101478ce6ec82fe9627c43efbf9e98c813/.npmrc Completed in 0ms
10 timing config:load:project Completed in 2ms
11 timing config:load:file:/home/vscode/.npmrc Completed in 0ms
12 timing config:load:user Completed in 0ms
13 timing config:load:file:/home/vscode/.nodenv/versions/18.17.1/etc/npmrc Completed in 0ms
14 timing config:load:global Completed in 0ms
15 timing config:load:setEnvs Completed in 1ms
16 timing config:load Completed in 22ms
17 timing npm:load:configload Completed in 23ms
18 timing npm:load:mkdirpcache Completed in 0ms
19 timing npm:load:mkdirplogs Completed in 0ms
20 verbose title npm config get prefix
21 verbose argv "config" "get" "prefix"
22 timing npm:load:setTitle Completed in 9ms
23 timing config:load:flatten Completed in 4ms
24 timing npm:load:display Completed in 5ms
25 verbose logfile logs-max:10 dir:/home/vscode/.npm/_logs/2024-11-17T14_28_11_113Z-
26 verbose logfile /home/vscode/.npm/_logs/2024-11-17T14_28_11_113Z-debug-0.log
27 timing npm:load:logFile Completed in 12ms
28 timing npm:load:timers Completed in 0ms
29 timing npm:load:configScope Completed in 0ms
30 timing npm:load Completed in 65ms
31 timing command:config Completed in 2ms
32 verbose exit 0
33 timing npm Completed in 100ms
34 info ok
