2024-11-20 10:42:02.541 [info] [main] ログ レベル: Info
2024-11-20 10:42:02.541 [info] [main] Git の検証が検出されました: "git"
2024-11-20 10:42:02.541 [info] [main] "git" から Git "2.46.2" を使用しています
2024-11-20 10:42:02.541 [info] [Model][doInitialScan] Initial repository scan started
2024-11-20 10:42:02.541 [info] > git rev-parse --show-toplevel [3ms]
2024-11-20 10:42:02.541 [info] > git rev-parse --git-dir --git-common-dir [123ms]
2024-11-20 10:42:02.541 [info] [Model][openRepository] Opened repository: /home/vscode
2024-11-20 10:42:02.543 [info] > git rev-parse --show-toplevel [7ms]
2024-11-20 10:42:02.544 [info] > git config --get commit.template [11ms]
2024-11-20 10:42:02.558 [info] > git rev-parse --show-toplevel [10ms]
2024-11-20 10:42:02.671 [info] > git rev-parse --show-toplevel [100ms]
2024-11-20 10:42:02.673 [info] [Model][doInitialScan] Initial repository scan completed - repositories (1), closed repositories (0), parent repositories (0), unsafe repositories (0)
2024-11-20 10:42:02.673 [info] > git for-each-ref --format=%(refname)%00%(upstream:short)%00%(objectname)%00%(upstream:track)%00%(upstream:remotename)%00%(upstream:remoteref) refs/heads/main refs/remotes/main [116ms]
2024-11-20 10:42:04.113 [info] > git check-ignore -v -z --stdin [498ms]
2024-11-20 10:42:04.115 [info] > git for-each-ref --sort -committerdate --format %(refname) %(objectname) %(*objectname) [1432ms]
2024-11-20 10:42:05.525 [info] > git status -z -uall [2846ms]
2024-11-20 10:42:05.582 [info] > git for-each-ref --format=%(refname)%00%(upstream:short)%00%(objectname)%00%(upstream:track)%00%(upstream:remotename)%00%(upstream:remoteref) refs/heads/main refs/remotes/main [24ms]
2024-11-20 10:42:05.615 [info] > git config --get commit.template [34ms]
2024-11-20 10:42:05.633 [info] > git config --local branch.main.vscode-merge-base [43ms]
2024-11-20 10:42:05.633 [warning] [Git][config] git config failed: Failed to execute git
2024-11-20 10:42:05.730 [info] > git reflog main --grep-reflog=branch: Created from *. [82ms]
2024-11-20 10:42:05.737 [info] > git for-each-ref --format=%(refname)%00%(upstream:short)%00%(objectname)%00%(upstream:track)%00%(upstream:remotename)%00%(upstream:remoteref) refs/heads/main refs/remotes/main [115ms]
2024-11-20 10:42:05.770 [info] > git symbolic-ref --short refs/remotes/origin/HEAD [34ms]
2024-11-20 10:42:05.770 [info] fatal: ref refs/remotes/origin/HEAD is not a symbolic ref
2024-11-20 10:42:05.771 [warning] [Repository][getDefaultBranch] Failed to get default branch details: Failed to execute git.
2024-11-20 10:42:05.775 [info] > git for-each-ref --sort -committerdate --format %(refname) %(objectname) %(*objectname) [10ms]
2024-11-20 10:42:05.912 [info] > git status -z -uall [157ms]
2024-11-20 10:42:13.123 [info] > git check-ignore -v -z --stdin [2389ms]
2024-11-20 10:42:13.370 [info] > git config --get commit.template [12ms]
2024-11-20 10:42:13.371 [info] > git config --local branch.main.github-pr-owner-number [225ms]
2024-11-20 10:42:13.371 [warning] [Git][config] git config failed: Failed to execute git
2024-11-20 10:42:13.386 [info] > git config --local branch.main.remote [10ms]
2024-11-20 10:42:13.386 [warning] [Git][config] git config failed: Failed to execute git
2024-11-20 10:42:13.403 [info] > git for-each-ref --format=%(refname)%00%(upstream:short)%00%(objectname)%00%(upstream:track)%00%(upstream:remotename)%00%(upstream:remoteref) refs/heads/main refs/remotes/main [17ms]
2024-11-20 10:42:13.419 [info] > git config --local branch.main.merge [26ms]
2024-11-20 10:42:13.419 [warning] [Git][config] git config failed: Failed to execute git
2024-11-20 10:42:13.420 [info] > git for-each-ref --sort -committerdate --format %(refname) %(objectname) %(*objectname) [5ms]
2024-11-20 10:42:13.524 [info] > git status -z -uall [116ms]
2024-11-20 10:42:33.561 [info] > git config --get commit.template [10ms]
2024-11-20 10:42:33.563 [info] > git for-each-ref --format=%(refname)%00%(upstream:short)%00%(objectname)%00%(upstream:track)%00%(upstream:remotename)%00%(upstream:remoteref) refs/heads/main refs/remotes/main [3ms]
2024-11-20 10:42:33.592 [info] > git for-each-ref --sort -committerdate --format %(refname) %(objectname) %(*objectname) [3ms]
2024-11-20 10:42:33.831 [info] > git status -z -uall [252ms]
2024-11-20 10:42:41.725 [info] > git config --get commit.template [6ms]
2024-11-20 10:42:41.737 [info] > git for-each-ref --format=%(refname)%00%(upstream:short)%00%(objectname)%00%(upstream:track)%00%(upstream:remotename)%00%(upstream:remoteref) refs/heads/main refs/remotes/main [12ms]
2024-11-20 10:42:41.802 [info] > git for-each-ref --sort -committerdate --format %(refname) %(objectname) %(*objectname) [13ms]
2024-11-20 10:42:42.534 [info] > git status -z -uall [790ms]
2024-11-20 10:42:47.558 [info] > git config --get commit.template [8ms]
2024-11-20 10:42:47.558 [info] > git for-each-ref --format=%(refname)%00%(upstream:short)%00%(objectname)%00%(upstream:track)%00%(upstream:remotename)%00%(upstream:remoteref) refs/heads/main refs/remotes/main [2ms]
2024-11-20 10:42:47.578 [info] > git for-each-ref --sort -committerdate --format %(refname) %(objectname) %(*objectname) [9ms]
2024-11-20 10:42:47.723 [info] > git status -z -uall [160ms]
2024-11-20 10:43:43.321 [info] > git config --get commit.template [6ms]
2024-11-20 10:43:43.323 [info] > git for-each-ref --format=%(refname)%00%(upstream:short)%00%(objectname)%00%(upstream:track)%00%(upstream:remotename)%00%(upstream:remoteref) refs/heads/main refs/remotes/main [3ms]
2024-11-20 10:43:43.358 [info] > git for-each-ref --sort -committerdate --format %(refname) %(objectname) %(*objectname) [19ms]
2024-11-20 10:43:43.481 [info] > git status -z -uall [152ms]
2024-11-20 10:43:48.538 [info] > git for-each-ref --format=%(refname)%00%(upstream:short)%00%(objectname)%00%(upstream:track)%00%(upstream:remotename)%00%(upstream:remoteref) refs/heads/main refs/remotes/main [3ms]
2024-11-20 10:43:48.538 [info] > git config --get commit.template [11ms]
2024-11-20 10:43:48.573 [info] > git for-each-ref --sort -committerdate --format %(refname) %(objectname) %(*objectname) [19ms]
2024-11-20 10:43:48.660 [info] > git status -z -uall [118ms]
2024-11-20 10:44:18.424 [info] > git ls-files --stage -- /home/vscode/progate_path/self_introduction_push/self_introduction/src/favorite_food.md [4ms]
2024-11-20 10:44:19.162 [info] > git show --textconv :progate_path/self_introduction_push/self_introduction/src/favorite_food.md [748ms]
2024-11-20 10:44:19.165 [info] > git cat-file -s f5033617eeed106b96d7206b522114e8323b4198 [736ms]
2024-11-20 10:44:42.103 [info] > git log --format=%H%n%aN%n%aE%n%at%n%ct%n%P%n%D%n%B -z -n120 --follow -- /home/vscode/progate_path/self_introduction_push/self_introduction/src/favorite_food.md [1158ms]
2024-11-20 10:44:48.924 [info] > git config --get commit.template [1ms]
2024-11-20 10:44:48.947 [info] > git for-each-ref --format=%(refname)%00%(upstream:short)%00%(objectname)%00%(upstream:track)%00%(upstream:remotename)%00%(upstream:remoteref) refs/heads/main refs/remotes/main [3ms]
2024-11-20 10:44:48.965 [info] > git for-each-ref --sort -committerdate --format %(refname) %(objectname) %(*objectname) [3ms]
2024-11-20 10:44:49.060 [info] > git status -z -uall [107ms]
2024-11-20 10:45:11.377 [info] > git config --get commit.template [5ms]
2024-11-20 10:45:11.377 [info] > git for-each-ref --format=%(refname)%00%(upstream:short)%00%(objectname)%00%(upstream:track)%00%(upstream:remotename)%00%(upstream:remoteref) refs/heads/main refs/remotes/main [2ms]
2024-11-20 10:45:11.410 [info] > git for-each-ref --sort -committerdate --format %(refname) %(objectname) %(*objectname) [23ms]
2024-11-20 10:45:11.473 [info] > git status -z -uall [92ms]
2024-11-20 10:46:15.048 [info] > git config --get commit.template [2ms]
2024-11-20 10:46:15.053 [info] > git for-each-ref --format=%(refname)%00%(upstream:short)%00%(objectname)%00%(upstream:track)%00%(upstream:remotename)%00%(upstream:remoteref) refs/heads/main refs/remotes/main [1ms]
2024-11-20 10:46:15.064 [info] > git for-each-ref --sort -committerdate --format %(refname) %(objectname) %(*objectname) [2ms]
2024-11-20 10:46:15.168 [info] > git status -z -uall [111ms]
2024-11-20 10:46:20.196 [info] > git config --get commit.template [7ms]
2024-11-20 10:46:20.198 [info] > git for-each-ref --format=%(refname)%00%(upstream:short)%00%(objectname)%00%(upstream:track)%00%(upstream:remotename)%00%(upstream:remoteref) refs/heads/main refs/remotes/main [3ms]
2024-11-20 10:46:20.234 [info] > git for-each-ref --sort -committerdate --format %(refname) %(objectname) %(*objectname) [20ms]
2024-11-20 10:46:20.319 [info] > git status -z -uall [116ms]
2024-11-20 10:46:26.871 [info] > git config --get commit.template [5ms]
2024-11-20 10:46:26.872 [info] > git for-each-ref --format=%(refname)%00%(upstream:short)%00%(objectname)%00%(upstream:track)%00%(upstream:remotename)%00%(upstream:remoteref) refs/heads/main refs/remotes/main [2ms]
2024-11-20 10:46:26.893 [info] > git for-each-ref --sort -committerdate --format %(refname) %(objectname) %(*objectname) [13ms]
2024-11-20 10:46:26.959 [info] > git status -z -uall [83ms]
