2024-11-20 05:35:12.418 [info] Reading sessions from keychain...
2024-11-20 05:35:12.418 [info] Getting sessions for all scopes...
2024-11-20 05:35:12.418 [info] Getting sessions for all scopes...
2024-11-20 05:35:12.418 [info] Getting sessions for user:email...
2024-11-20 05:35:12.418 [info] Got stored sessions!
2024-11-20 05:35:12.418 [info] Got 6 verified sessions.
2024-11-20 05:35:12.418 [info] Got 6 sessions for ...
2024-11-20 05:35:12.418 [info] Got 6 sessions for ...
2024-11-20 05:35:12.418 [info] Got 1 sessions for user:email...
2024-11-20 05:35:12.509 [info] Getting sessions for codespace,read:user,repo,user:email...
2024-11-20 05:35:12.509 [info] Getting sessions for all scopes...
2024-11-20 05:35:12.509 [info] Got 1 sessions for codespace,read:user,repo,user:email...
2024-11-20 05:35:12.509 [info] Got 6 sessions for ...
2024-11-20 05:35:12.667 [info] Getting sessions for all scopes...
2024-11-20 05:35:12.667 [info] Got 6 sessions for ...
2024-11-20 05:35:13.321 [info] Getting sessions for all scopes...
2024-11-20 05:35:13.321 [info] Got 6 sessions for ...
2024-11-20 05:35:14.684 [info] Getting sessions for all scopes...
2024-11-20 05:35:14.685 [info] Got 6 sessions for ...
2024-11-20 05:35:14.948 [info] Getting sessions for all scopes...
2024-11-20 05:35:14.948 [info] Got 6 sessions for ...
2024-11-20 05:35:15.846 [info] Getting sessions for all scopes...
2024-11-20 05:35:15.847 [info] Got 6 sessions for ...
2024-11-20 05:35:16.125 [info] Getting sessions for read:user,repo,user:email,workflow...
2024-11-20 05:35:16.125 [info] Got 1 sessions for read:user,repo,user:email,workflow...
2024-11-20 05:35:16.261 [info] Getting sessions for all scopes...
2024-11-20 05:35:16.262 [info] Getting sessions for all scopes...
2024-11-20 05:35:16.262 [info] Got 6 sessions for ...
2024-11-20 05:35:16.262 [info] Got 6 sessions for ...
2024-11-20 05:35:17.364 [info] Getting sessions for project,read:org,read:user,repo,user:email,workflow...
2024-11-20 05:35:17.364 [info] Got 0 sessions for project,read:org,read:user,repo,user:email,workflow...
2024-11-20 05:35:17.447 [info] Getting sessions for read:user,repo,user:email,workflow...
2024-11-20 05:35:17.447 [info] Got 1 sessions for read:user,repo,user:email,workflow...
2024-11-20 05:35:19.895 [info] Getting sessions for read:user,repo,user:email,workflow...
2024-11-20 05:35:19.895 [info] Got 1 sessions for read:user,repo,user:email,workflow...
2024-11-20 05:35:20.018 [info] Getting sessions for all scopes...
2024-11-20 05:35:20.018 [info] Getting sessions for all scopes...
2024-11-20 05:35:20.018 [info] Got 6 sessions for ...
2024-11-20 05:35:20.018 [info] Got 6 sessions for ...
2024-11-20 05:35:20.946 [info] Getting sessions for read:user,repo,user:email,workflow...
2024-11-20 05:35:20.947 [info] Got 1 sessions for read:user,repo,user:email,workflow...
2024-11-20 05:35:24.826 [info] Getting sessions for read:user,repo,user:email,workflow...
2024-11-20 05:35:24.827 [info] Got 1 sessions for read:user,repo,user:email,workflow...
2024-11-20 05:50:22.042 [info] Getting sessions for all scopes...
2024-11-20 05:50:22.042 [info] Got 6 sessions for ...
2024-11-20 05:50:22.307 [info] Getting sessions for read:user,repo,user:email,workflow...
2024-11-20 05:50:22.307 [info] Got 1 sessions for read:user,repo,user:email,workflow...
2024-11-20 05:50:22.571 [info] Getting sessions for all scopes...
2024-11-20 05:50:22.571 [info] Got 6 sessions for ...
2024-11-20 05:50:22.826 [info] Getting sessions for read:user,repo,user:email,workflow...
2024-11-20 05:50:22.826 [info] Got 1 sessions for read:user,repo,user:email,workflow...
