2024-11-24 12:44:06.528 [info] Reading sessions from keychain...
2024-11-24 12:44:06.529 [info] Getting sessions for all scopes...
2024-11-24 12:44:06.529 [info] Getting sessions for all scopes...
2024-11-24 12:44:06.529 [info] Getting sessions for user:email...
2024-11-24 12:44:06.529 [info] Got stored sessions!
2024-11-24 12:44:06.529 [info] Got 6 verified sessions.
2024-11-24 12:44:06.529 [info] Got 6 sessions for ...
2024-11-24 12:44:06.529 [info] Got 6 sessions for ...
2024-11-24 12:44:06.529 [info] Got 1 sessions for user:email...
2024-11-24 12:44:07.019 [info] Getting sessions for codespace,read:user,repo,user:email...
2024-11-24 12:44:07.019 [info] Got 1 sessions for codespace,read:user,repo,user:email...
2024-11-24 12:44:07.025 [info] Getting sessions for all scopes...
2024-11-24 12:44:07.025 [info] Got 6 sessions for ...
2024-11-24 12:44:07.833 [info] Getting sessions for all scopes...
2024-11-24 12:44:07.833 [info] Got 6 sessions for ...
2024-11-24 12:44:08.709 [info] Getting sessions for all scopes...
2024-11-24 12:44:08.709 [info] Got 6 sessions for ...
2024-11-24 12:44:08.840 [info] Getting sessions for all scopes...
2024-11-24 12:44:08.840 [info] Got 6 sessions for ...
2024-11-24 12:44:09.401 [info] Getting sessions for all scopes...
2024-11-24 12:44:09.401 [info] Got 6 sessions for ...
2024-11-24 12:44:12.225 [info] Getting sessions for read:user,repo,user:email,workflow...
2024-11-24 12:44:12.225 [info] Getting sessions for all scopes...
2024-11-24 12:44:12.225 [info] Got 1 sessions for read:user,repo,user:email,workflow...
2024-11-24 12:44:12.225 [info] Got 6 sessions for ...
2024-11-24 12:44:20.676 [info] Getting sessions for read:user,repo,user:email,workflow...
2024-11-24 12:44:20.677 [info] Got 1 sessions for read:user,repo,user:email,workflow...
2024-11-24 12:44:26.006 [info] Getting sessions for all scopes...
2024-11-24 12:44:26.006 [info] Getting sessions for all scopes...
2024-11-24 12:44:26.006 [info] Got 6 sessions for ...
2024-11-24 12:44:26.006 [info] Got 6 sessions for ...
2024-11-24 12:44:26.111 [info] Getting sessions for project,read:org,read:user,repo,user:email,workflow...
2024-11-24 12:44:26.111 [info] Got 0 sessions for project,read:org,read:user,repo,user:email,workflow...
2024-11-24 12:44:26.285 [info] Getting sessions for read:user,repo,user:email,workflow...
2024-11-24 12:44:26.285 [info] Got 1 sessions for read:user,repo,user:email,workflow...
2024-11-24 12:44:26.374 [info] Getting sessions for read:user,repo,user:email,workflow...
2024-11-24 12:44:26.374 [info] Got 1 sessions for read:user,repo,user:email,workflow...
2024-11-24 12:44:26.549 [info] Getting sessions for read:user,repo,user:email,workflow...
2024-11-24 12:44:26.549 [info] Got 1 sessions for read:user,repo,user:email,workflow...
2024-11-24 12:44:26.624 [info] Getting sessions for all scopes...
2024-11-24 12:44:26.624 [info] Getting sessions for all scopes...
2024-11-24 12:44:26.625 [info] Got 6 sessions for ...
2024-11-24 12:44:26.625 [info] Got 6 sessions for ...
2024-11-24 12:44:28.074 [info] Getting sessions for read:user,repo,user:email,workflow...
2024-11-24 12:44:28.102 [info] Got 1 sessions for read:user,repo,user:email,workflow...
2024-11-24 12:44:35.639 [info] Getting sessions for read:user,repo,user:email,workflow...
2024-11-24 12:44:35.639 [info] Got 1 sessions for read:user,repo,user:email,workflow...
