2024-11-24 13:42:40.749 [info] Reading sessions from keychain...
2024-11-24 13:42:40.749 [info] Getting sessions for all scopes...
2024-11-24 13:42:40.749 [info] Getting sessions for all scopes...
2024-11-24 13:42:40.749 [info] Getting sessions for user:email...
2024-11-24 13:42:40.749 [info] Got stored sessions!
2024-11-24 13:42:40.749 [info] Got 6 verified sessions.
2024-11-24 13:42:40.749 [info] Got 6 sessions for ...
2024-11-24 13:42:40.749 [info] Got 6 sessions for ...
2024-11-24 13:42:40.749 [info] Got 1 sessions for user:email...
2024-11-24 13:42:40.882 [info] Getting sessions for codespace,read:user,repo,user:email...
2024-11-24 13:42:40.882 [info] Getting sessions for all scopes...
2024-11-24 13:42:40.882 [info] Got 1 sessions for codespace,read:user,repo,user:email...
2024-11-24 13:42:40.882 [info] Got 6 sessions for ...
2024-11-24 13:42:42.958 [info] Getting sessions for all scopes...
2024-11-24 13:42:42.958 [info] Got 6 sessions for ...
2024-11-24 13:42:43.154 [info] Getting sessions for all scopes...
2024-11-24 13:42:43.161 [info] Got 6 sessions for ...
2024-11-24 13:42:44.202 [info] Getting sessions for all scopes...
2024-11-24 13:42:44.204 [info] Got 6 sessions for ...
2024-11-24 13:42:44.882 [info] Getting sessions for read:user,repo,user:email,workflow...
2024-11-24 13:42:44.882 [info] Getting sessions for all scopes...
2024-11-24 13:42:44.897 [info] Got 1 sessions for read:user,repo,user:email,workflow...
2024-11-24 13:42:44.897 [info] Got 6 sessions for ...
2024-11-24 13:42:45.134 [info] Getting sessions for all scopes...
2024-11-24 13:42:45.134 [info] Getting sessions for all scopes...
2024-11-24 13:42:45.134 [info] Got 6 sessions for ...
2024-11-24 13:42:45.134 [info] Got 6 sessions for ...
2024-11-24 13:42:45.336 [info] Getting sessions for all scopes...
2024-11-24 13:42:45.337 [info] Got 6 sessions for ...
2024-11-24 13:42:45.436 [info] Getting sessions for project,read:org,read:user,repo,user:email,workflow...
2024-11-24 13:42:45.436 [info] Got 0 sessions for project,read:org,read:user,repo,user:email,workflow...
2024-11-24 13:42:45.939 [info] Getting sessions for read:user,repo,user:email,workflow...
2024-11-24 13:42:45.939 [info] Got 1 sessions for read:user,repo,user:email,workflow...
2024-11-24 13:42:46.181 [info] Getting sessions for read:user,repo,user:email,workflow...
2024-11-24 13:42:46.181 [info] Getting sessions for read:user,repo,user:email,workflow...
2024-11-24 13:42:46.181 [info] Got 1 sessions for read:user,repo,user:email,workflow...
2024-11-24 13:42:46.181 [info] Got 1 sessions for read:user,repo,user:email,workflow...
2024-11-24 13:42:46.271 [info] Getting sessions for all scopes...
2024-11-24 13:42:46.271 [info] Getting sessions for all scopes...
2024-11-24 13:42:46.271 [info] Got 6 sessions for ...
2024-11-24 13:42:46.271 [info] Got 6 sessions for ...
2024-11-24 13:42:51.551 [info] Getting sessions for read:user,repo,user:email,workflow...
2024-11-24 13:42:51.551 [info] Getting sessions for read:user,repo,user:email,workflow...
2024-11-24 13:42:51.551 [info] Got 1 sessions for read:user,repo,user:email,workflow...
2024-11-24 13:42:51.551 [info] Got 1 sessions for read:user,repo,user:email,workflow...
2024-11-24 13:42:56.026 [info] Getting sessions for read:user,repo,user:email,workflow...
2024-11-24 13:42:56.026 [info] Got 1 sessions for read:user,repo,user:email,workflow...
2024-11-24 13:42:56.786 [info] Getting sessions for read:user,repo,user:email,workflow...
2024-11-24 13:42:56.786 [info] Got 1 sessions for read:user,repo,user:email,workflow...
2024-11-24 13:59:25.905 [info] Getting sessions for all scopes...
2024-11-24 13:59:25.906 [info] Got 6 sessions for ...
2024-11-24 14:02:25.899 [info] Getting sessions for read:user,repo,user:email,workflow...
2024-11-24 14:02:25.899 [info] Got 1 sessions for read:user,repo,user:email,workflow...
2024-11-24 14:05:25.901 [info] Getting sessions for all scopes...
2024-11-24 14:05:25.901 [info] Got 6 sessions for ...
2024-11-24 14:07:57.970 [info] Getting sessions for read:user,repo,user:email,workflow...
2024-11-24 14:07:57.971 [info] Got 1 sessions for read:user,repo,user:email,workflow...
