2024-11-24 12:46:03.817 [info] [main] ログ レベル: Info
2024-11-24 12:46:03.817 [info] [main] Git の検証が検出されました: "git"
2024-11-24 12:46:03.817 [info] [main] "git" から Git "2.46.2" を使用しています
2024-11-24 12:46:03.817 [info] [Model][doInitialScan] Initial repository scan started
2024-11-24 12:46:03.817 [info] > git rev-parse --show-toplevel [24ms]
2024-11-24 12:46:03.817 [info] > git rev-parse --git-dir --git-common-dir [5ms]
2024-11-24 12:46:03.817 [info] [Model][openRepository] Opened repository: /home/vscode
2024-11-24 12:46:03.817 [info] > git rev-parse --show-toplevel [8ms]
2024-11-24 12:46:03.817 [info] > git config --get commit.template [12ms]
2024-11-24 12:46:03.829 [info] > git for-each-ref --format=%(refname)%00%(upstream:short)%00%(objectname)%00%(upstream:track)%00%(upstream:remotename)%00%(upstream:remoteref) refs/heads/main refs/remotes/main [5ms]
2024-11-24 12:46:03.838 [info] > git rev-parse --git-dir --git-common-dir [10ms]
2024-11-24 12:46:03.844 [info] [Model][openRepository] Opened repository: /home/vscode/progate_path/self_introduction_push/self_introduction
2024-11-24 12:46:03.852 [info] [Model][doInitialScan] Initial repository scan completed - repositories (2), closed repositories (0), parent repositories (0), unsafe repositories (0)
2024-11-24 12:46:03.859 [info] > git for-each-ref --sort -committerdate --format %(refname) %(objectname) %(*objectname) [22ms]
2024-11-24 12:46:03.872 [info] > git config --get commit.template [12ms]
2024-11-24 12:46:03.880 [info] > git for-each-ref --format=%(refname)%00%(upstream:short)%00%(objectname)%00%(upstream:track)%00%(upstream:remotename)%00%(upstream:remoteref) refs/heads/branch-a refs/remotes/branch-a [4ms]
2024-11-24 12:46:03.925 [info] > git for-each-ref --sort -committerdate --format %(refname) %(objectname) %(*objectname) [15ms]
2024-11-24 12:46:05.079 [info] > git status -z -uall [1247ms]
2024-11-24 12:46:05.079 [info] > git status -z -uall [1178ms]
2024-11-24 12:46:05.160 [info] > git check-ignore -v -z --stdin [21ms]
2024-11-24 12:46:05.161 [info] > git for-each-ref --format=%(refname)%00%(upstream:short)%00%(objectname)%00%(upstream:track)%00%(upstream:remotename)%00%(upstream:remoteref) refs/heads/main refs/remotes/main [39ms]
2024-11-24 12:46:07.231 [info] > git show --textconv :progate_path/self_introduction_push/self_introduction/src/favorite_food.md [105ms]
2024-11-24 12:46:07.232 [info] > git for-each-ref --format=%(refname)%00%(upstream:short)%00%(objectname)%00%(upstream:track)%00%(upstream:remotename)%00%(upstream:remoteref) refs/heads/branch-a refs/remotes/branch-a [1258ms]
2024-11-24 12:46:07.238 [info] > git config --local branch.main.vscode-merge-base [2071ms]
2024-11-24 12:46:07.238 [warning] [Git][config] git config failed: Failed to execute git
2024-11-24 12:46:07.244 [info] > git config --get commit.template [2085ms]
2024-11-24 12:46:07.313 [info] > git reflog main --grep-reflog=branch: Created from *. [69ms]
2024-11-24 12:46:07.317 [info] > git config --local branch.branch-a.vscode-merge-base [79ms]
2024-11-24 12:46:07.318 [warning] [Git][config] git config failed: Failed to execute git
2024-11-24 12:46:07.322 [info] > git ls-files --stage -- /home/vscode/progate_path/self_introduction_push/self_introduction/progate_path/self_introduction_push/self_introduction/src/favorite_food.md [191ms]
2024-11-24 12:46:07.326 [info] > git config --get commit.template [206ms]
2024-11-24 12:46:07.386 [info] > git reflog branch-a --grep-reflog=branch: Created from *. [65ms]
2024-11-24 12:46:07.391 [info] > git symbolic-ref --short refs/remotes/origin/HEAD [74ms]
2024-11-24 12:46:07.391 [info] fatal: ref refs/remotes/origin/HEAD is not a symbolic ref
2024-11-24 12:46:07.391 [warning] [Repository][getDefaultBranch] Failed to get default branch details: Failed to execute git.
2024-11-24 12:46:07.408 [info] > git for-each-ref --format=%(refname)%00%(upstream:short)%00%(objectname)%00%(upstream:track)%00%(upstream:remotename)%00%(upstream:remoteref) refs/heads/main refs/remotes/main [72ms]
2024-11-24 12:46:07.415 [info] > git cat-file -s f5033617eeed106b96d7206b522114e8323b4198 [90ms]
2024-11-24 12:46:07.528 [info] > git for-each-ref --format=%(refname)%00%(upstream:short)%00%(objectname)%00%(upstream:track)%00%(upstream:remotename)%00%(upstream:remoteref) refs/heads/branch-a refs/remotes/branch-a [130ms]
2024-11-24 12:46:07.567 [info] > git for-each-ref --format=%(refname)%00%(upstream:short)%00%(objectname)%00%(upstream:track)%00%(upstream:remotename)%00%(upstream:remoteref) refs/heads/main refs/remotes/main [177ms]
2024-11-24 12:46:07.597 [info] > git log --format=%H%n%aN%n%aE%n%at%n%ct%n%P%n%D%n%B -z -n163 --follow -- /home/vscode/progate_path/self_introduction_push/self_introduction/progate_path/self_introduction_push/self_introduction/src/favorite_food.md [264ms]
2024-11-24 12:46:07.732 [info] > git symbolic-ref --short refs/remotes/origin/HEAD [134ms]
2024-11-24 12:46:07.732 [info] fatal: ref refs/remotes/origin/HEAD is not a symbolic ref
2024-11-24 12:46:07.732 [warning] [Repository][getDefaultBranch] Failed to get default branch details: Failed to execute git.
2024-11-24 12:46:07.733 [info] > git for-each-ref --sort -committerdate --format %(refname) %(objectname) %(*objectname) [167ms]
2024-11-24 12:46:07.733 [info] > git for-each-ref --sort -committerdate --format %(refname) %(objectname) %(*objectname) [318ms]
2024-11-24 12:46:07.757 [info] > git status -z -uall [202ms]
2024-11-24 12:46:09.493 [info] > git status -z -uall [2082ms]
2024-11-24 12:46:14.523 [info] > git config --get commit.template [9ms]
2024-11-24 12:46:14.526 [info] > git for-each-ref --format=%(refname)%00%(upstream:short)%00%(objectname)%00%(upstream:track)%00%(upstream:remotename)%00%(upstream:remoteref) refs/heads/main refs/remotes/main [4ms]
2024-11-24 12:46:14.597 [info] > git for-each-ref --sort -committerdate --format %(refname) %(objectname) %(*objectname) [39ms]
2024-11-24 12:46:14.666 [info] > git status -z -uall [134ms]
2024-11-24 12:46:19.349 [info] > git check-ignore -v -z --stdin [3ms]
2024-11-24 12:46:25.885 [info] > git config --local branch.branch-a.github-pr-owner-number [119ms]
2024-11-24 12:46:25.885 [warning] [Git][config] git config failed: Failed to execute git
2024-11-24 12:46:25.905 [info] > git config --local branch.main.github-pr-owner-number [7ms]
2024-11-24 12:46:25.905 [warning] [Git][config] git config failed: Failed to execute git
2024-11-24 12:46:25.911 [info] > git config --local branch.branch-a.remote [20ms]
2024-11-24 12:46:25.911 [warning] [Git][config] git config failed: Failed to execute git
2024-11-24 12:46:25.933 [info] > git config --local branch.main.remote [22ms]
2024-11-24 12:46:25.933 [warning] [Git][config] git config failed: Failed to execute git
2024-11-24 12:46:25.944 [info] > git config --local branch.branch-a.merge [28ms]
2024-11-24 12:46:25.944 [warning] [Git][config] git config failed: Failed to execute git
2024-11-24 12:46:25.946 [info] > git config --local branch.main.merge [8ms]
2024-11-24 12:46:25.946 [warning] [Git][config] git config failed: Failed to execute git
2024-11-24 12:46:28.058 [info] > git config --get commit.template [33ms]
2024-11-24 12:46:28.070 [info] > git for-each-ref --format=%(refname)%00%(upstream:short)%00%(objectname)%00%(upstream:track)%00%(upstream:remotename)%00%(upstream:remoteref) refs/heads/main refs/remotes/main [2ms]
2024-11-24 12:46:28.102 [info] > git for-each-ref --sort -committerdate --format %(refname) %(objectname) %(*objectname) [9ms]
2024-11-24 12:46:28.173 [info] > git status -z -uall [97ms]
2024-11-24 12:46:59.722 [info] > git log --format=%H%n%aN%n%aE%n%at%n%ct%n%P%n%D%n%B -z -n163 --follow -- /home/vscode/progate_path/self_introduction_push/self_introduction/src/favorite_food.md [36ms]
2024-11-24 12:46:59.918 [info] > git show --textconv :src/favorite_food.md [7ms]
2024-11-24 12:46:59.920 [info] > git ls-files --stage -- /home/vscode/progate_path/self_introduction_push/self_introduction/src/favorite_food.md [3ms]
2024-11-24 12:46:59.928 [info] > git cat-file -s 54d6a16a5fd3cf66e6e81d166982c96d644f5b7e [3ms]
2024-11-24 12:47:03.495 [info] > git log --format=%H%n%aN%n%aE%n%at%n%ct%n%P%n%D%n%B -z -n163 --follow -- /home/vscode/progate_path/self_introduction_push/self_introduction/progate_path/self_introduction_push/self_introduction/src/favorite_food.md [38ms]
2024-11-24 12:47:03.708 [info] > git show --textconv :progate_path/self_introduction_push/self_introduction/src/favorite_food.md [7ms]
2024-11-24 12:47:03.713 [info] > git ls-files --stage -- /home/vscode/progate_path/self_introduction_push/self_introduction/progate_path/self_introduction_push/self_introduction/src/favorite_food.md [5ms]
2024-11-24 12:47:03.719 [info] > git cat-file -s f5033617eeed106b96d7206b522114e8323b4198 [1ms]
2024-11-24 12:47:08.812 [info] > git log --format=%H%n%aN%n%aE%n%at%n%ct%n%P%n%D%n%B -z -n163 --follow -- /home/vscode/progate_path/self_introduction_push/self_introduction/src/favorite_food.md [18ms]
2024-11-24 12:47:12.526 [info] > git log --format=%H%n%aN%n%aE%n%at%n%ct%n%P%n%D%n%B -z -n163 --follow -- /home/vscode/progate_path/self_introduction_push/self_introduction/progate_path/self_introduction_push/self_introduction/src/favorite_food.md [37ms]
2024-11-24 12:47:16.365 [info] > git config --get commit.template [6ms]
2024-11-24 12:47:16.366 [info] > git for-each-ref --format=%(refname)%00%(upstream:short)%00%(objectname)%00%(upstream:track)%00%(upstream:remotename)%00%(upstream:remoteref) refs/heads/branch-a refs/remotes/branch-a [2ms]
2024-11-24 12:47:16.381 [info] > git for-each-ref --sort -committerdate --format %(refname) %(objectname) %(*objectname) [3ms]
2024-11-24 12:47:16.443 [info] > git status -z -uall [72ms]
2024-11-24 12:47:22.205 [info] > git config --get commit.template [7ms]
2024-11-24 12:47:22.206 [info] > git for-each-ref --format=%(refname)%00%(upstream:short)%00%(objectname)%00%(upstream:track)%00%(upstream:remotename)%00%(upstream:remoteref) refs/heads/branch-a refs/remotes/branch-a [1ms]
2024-11-24 12:47:22.247 [info] > git for-each-ref --sort -committerdate --format %(refname) %(objectname) %(*objectname) [6ms]
2024-11-24 12:47:22.272 [info] > git status -z -uall [59ms]
2024-11-24 12:47:27.540 [info] > git config --get commit.template [6ms]
2024-11-24 12:47:27.541 [info] > git for-each-ref --format=%(refname)%00%(upstream:short)%00%(objectname)%00%(upstream:track)%00%(upstream:remotename)%00%(upstream:remoteref) refs/heads/main refs/remotes/main [2ms]
2024-11-24 12:47:27.572 [info] > git for-each-ref --sort -committerdate --format %(refname) %(objectname) %(*objectname) [14ms]
2024-11-24 12:47:27.639 [info] > git status -z -uall [93ms]
2024-11-24 12:47:52.529 [info] > git config --get commit.template [2ms]
2024-11-24 12:47:52.536 [info] > git for-each-ref --format=%(refname)%00%(upstream:short)%00%(objectname)%00%(upstream:track)%00%(upstream:remotename)%00%(upstream:remoteref) refs/heads/main refs/remotes/main [1ms]
2024-11-24 12:47:52.572 [info] > git for-each-ref --sort -committerdate --format %(refname) %(objectname) %(*objectname) [4ms]
2024-11-24 12:47:52.639 [info] > git status -z -uall [95ms]
2024-11-24 12:48:02.611 [info] > git config --get commit.template [2ms]
2024-11-24 12:48:02.619 [info] > git for-each-ref --format=%(refname)%00%(upstream:short)%00%(objectname)%00%(upstream:track)%00%(upstream:remotename)%00%(upstream:remoteref) refs/heads/main refs/remotes/main [2ms]
2024-11-24 12:48:02.650 [info] > git for-each-ref --sort -committerdate --format %(refname) %(objectname) %(*objectname) [19ms]
2024-11-24 12:48:02.718 [info] > git status -z -uall [94ms]
2024-11-24 12:48:06.417 [info] > git log --format=%H%n%aN%n%aE%n%at%n%ct%n%P%n%D%n%B -z -n163 --follow -- /home/vscode/progate_path/self_introduction_push/self_introduction/src/favorite_food.md [18ms]
2024-11-24 12:48:44.071 [warning] [Git][getHEAD] Failed to parse HEAD file: ENOENT: no such file or directory, open '/home/vscode/progate_path/self_introduction_push/self_introduction/.git/HEAD'
2024-11-24 12:48:44.076 [warning] [Git][getRemotes] Error: ENOENT: no such file or directory, open '/home/vscode/progate_path/self_introduction_push/self_introduction/.git/config'
2024-11-24 12:48:44.082 [info] > git remote --verbose [6ms]
2024-11-24 12:48:44.083 [info] > git symbolic-ref --short HEAD [12ms]
2024-11-24 12:48:44.089 [info] > git config --get commit.template [7ms]
2024-11-24 12:48:44.090 [info] > git for-each-ref --format=%(refname)%00%(upstream:short)%00%(objectname)%00%(upstream:track)%00%(upstream:remotename)%00%(upstream:remoteref) refs/heads/main refs/remotes/main [2ms]
2024-11-24 12:48:44.111 [info] > git for-each-ref --sort -committerdate --format %(refname) %(objectname) %(*objectname) [3ms]
2024-11-24 12:48:44.193 [info] > git status -z -uall [98ms]
2024-11-24 12:48:44.451 [info] > git for-each-ref --format=%(refname)%00%(upstream:short)%00%(objectname)%00%(upstream:track)%00%(upstream:remotename)%00%(upstream:remoteref) refs/heads/main refs/remotes/main [164ms]
2024-11-24 12:48:44.480 [info] > git config --local branch.main.vscode-merge-base [18ms]
2024-11-24 12:48:44.480 [warning] [Git][config] git config failed: Failed to execute git
2024-11-24 12:48:44.489 [info] > git reflog main --grep-reflog=branch: Created from *. [3ms]
2024-11-24 12:48:44.495 [info] > git symbolic-ref --short refs/remotes/origin/HEAD [1ms]
2024-11-24 12:48:44.495 [info] fatal: ref refs/remotes/origin/HEAD is not a symbolic ref
2024-11-24 12:48:44.496 [warning] [Repository][getDefaultBranch] Failed to get default branch details: Failed to execute git.
2024-11-24 12:48:44.680 [info] > git config --local branch.main.github-pr-owner-number [1ms]
2024-11-24 12:48:44.681 [warning] [Git][config] git config failed: Failed to execute git
2024-11-24 12:48:44.687 [info] > git config --local branch.main.remote [1ms]
2024-11-24 12:48:44.688 [warning] [Git][config] git config failed: Failed to execute git
2024-11-24 12:48:44.694 [info] > git config --local branch.main.merge [1ms]
2024-11-24 12:48:44.694 [warning] [Git][config] git config failed: Failed to execute git
2024-11-24 12:48:51.264 [info] > git check-ignore -v -z --stdin [3ms]
2024-11-24 12:51:34.451 [info] > git ls-files --stage -- /home/vscode/progate_path/self_introduction_push/self_introduction/progate_path/self_introduction_push/self_introduction/src/favorite_food.md [7ms]
2024-11-24 12:51:34.453 [info] > git show --textconv :progate_path/self_introduction_push/self_introduction/src/favorite_food.md [17ms]
2024-11-24 12:51:35.390 [info] > git show --textconv :src/favorite_food.md [7ms]
2024-11-24 12:51:35.393 [info] > git ls-files --stage -- /home/vscode/progate_path/self_introduction_push/self_introduction/src/favorite_food.md [4ms]
2024-11-24 12:51:35.400 [info] > git cat-file -s b04aec25c3fdeefb847241671728ad58085241b8 [2ms]
2024-11-24 12:52:36.078 [info] > git config --get commit.template [7ms]
2024-11-24 12:52:36.079 [info] > git for-each-ref --format=%(refname)%00%(upstream:short)%00%(objectname)%00%(upstream:track)%00%(upstream:remotename)%00%(upstream:remoteref) refs/heads/main refs/remotes/main [2ms]
2024-11-24 12:52:36.110 [info] > git for-each-ref --sort -committerdate --format %(refname) %(objectname) %(*objectname) [3ms]
2024-11-24 12:52:36.178 [info] > git status -z -uall [93ms]
2024-11-24 12:52:43.788 [info] > git config --get commit.template [2ms]
2024-11-24 12:52:43.795 [info] > git for-each-ref --format=%(refname)%00%(upstream:short)%00%(objectname)%00%(upstream:track)%00%(upstream:remotename)%00%(upstream:remoteref) refs/heads/main refs/remotes/main [2ms]
2024-11-24 12:52:43.824 [info] > git for-each-ref --sort -committerdate --format %(refname) %(objectname) %(*objectname) [10ms]
2024-11-24 12:52:43.900 [info] > git status -z -uall [100ms]
2024-11-24 12:55:22.717 [info] > git config --get commit.template [3ms]
2024-11-24 12:55:22.725 [info] > git for-each-ref --format=%(refname)%00%(upstream:short)%00%(objectname)%00%(upstream:track)%00%(upstream:remotename)%00%(upstream:remoteref) refs/heads/main refs/remotes/main [2ms]
2024-11-24 12:55:22.754 [info] > git for-each-ref --sort -committerdate --format %(refname) %(objectname) %(*objectname) [13ms]
2024-11-24 12:55:22.835 [info] > git status -z -uall [105ms]
2024-11-24 12:55:27.854 [info] > git config --get commit.template [6ms]
2024-11-24 12:55:27.855 [info] > git for-each-ref --format=%(refname)%00%(upstream:short)%00%(objectname)%00%(upstream:track)%00%(upstream:remotename)%00%(upstream:remoteref) refs/heads/main refs/remotes/main [2ms]
2024-11-24 12:55:27.901 [info] > git for-each-ref --sort -committerdate --format %(refname) %(objectname) %(*objectname) [35ms]
2024-11-24 12:55:27.976 [info] > git status -z -uall [116ms]
2024-11-24 12:55:34.044 [info] [Git][getRemotes] No remotes found in the git config file
2024-11-24 12:55:34.044 [info] > git config --get commit.template [8ms]
2024-11-24 12:55:34.046 [info] > git for-each-ref --format=%(refname)%00%(upstream:short)%00%(objectname)%00%(upstream:track)%00%(upstream:remotename)%00%(upstream:remoteref) refs/heads/main refs/remotes/main [3ms]
2024-11-24 12:55:34.046 [warning] [Git][getBranch] No such branch: main
2024-11-24 12:55:34.065 [info] > git status -z -uall [10ms]
2024-11-24 12:55:34.066 [info] > git for-each-ref --sort -committerdate --format %(refname) %(objectname) %(*objectname) [2ms]
2024-11-24 12:55:34.185 [info] > git config --local branch.main.github-pr-owner-number [107ms]
2024-11-24 12:55:34.185 [warning] [Git][config] git config failed: Failed to execute git
2024-11-24 12:55:34.198 [info] > git config --local branch.main.remote [7ms]
2024-11-24 12:55:34.198 [warning] [Git][config] git config failed: Failed to execute git
2024-11-24 12:55:34.213 [info] > git config --local branch.main.merge [9ms]
2024-11-24 12:55:34.213 [warning] [Git][config] git config failed: Failed to execute git
2024-11-24 12:55:34.379 [info] > git ls-files --stage -- /home/vscode/progate_path/self_introduction_push/self_introduction/src/favorite_food.md [2ms]
2024-11-24 12:55:34.473 [info] > git show --textconv :src/favorite_food.md [2ms]
2024-11-24 12:55:47.893 [info] [Git][getRemotes] No remotes found in the git config file
2024-11-24 12:55:47.895 [info] > git config --get commit.template [7ms]
2024-11-24 12:55:47.895 [info] > git for-each-ref --format=%(refname)%00%(upstream:short)%00%(objectname)%00%(upstream:track)%00%(upstream:remotename)%00%(upstream:remoteref) refs/heads/main refs/remotes/main [2ms]
2024-11-24 12:55:47.895 [warning] [Git][getBranch] No such branch: main
2024-11-24 12:55:47.908 [info] > git status -z -uall [6ms]
2024-11-24 12:55:47.908 [info] > git for-each-ref --sort -committerdate --format %(refname) %(objectname) %(*objectname) [2ms]
2024-11-24 12:55:49.000 [info] [Git][getRemotes] No remotes found in the git config file
2024-11-24 12:55:49.000 [info] > git config --get commit.template [7ms]
2024-11-24 12:55:49.001 [info] > git for-each-ref --format=%(refname)%00%(upstream:short)%00%(objectname)%00%(upstream:track)%00%(upstream:remotename)%00%(upstream:remoteref) refs/heads/main refs/remotes/main [1ms]
2024-11-24 12:55:49.001 [warning] [Git][getBranch] No such branch: main
2024-11-24 12:55:49.012 [info] > git status -z -uall [6ms]
2024-11-24 12:55:49.015 [info] > git for-each-ref --sort -committerdate --format %(refname) %(objectname) %(*objectname) [3ms]
2024-11-24 12:55:51.506 [info] > git ls-files --stage -- /home/vscode/progate_path/self_introduction_push/self_introduction/src/favorite_food.md [2ms]
2024-11-24 12:55:51.513 [info] > git cat-file -s b04aec25c3fdeefb847241671728ad58085241b8 [2ms]
2024-11-24 12:55:51.609 [info] > git show --textconv :src/favorite_food.md [3ms]
2024-11-24 12:55:53.616 [info] [Git][getRemotes] No remotes found in the git config file
2024-11-24 12:55:53.617 [info] > git config --get commit.template [6ms]
2024-11-24 12:55:53.618 [info] > git for-each-ref --format=%(refname)%00%(upstream:short)%00%(objectname)%00%(upstream:track)%00%(upstream:remotename)%00%(upstream:remoteref) refs/heads/main refs/remotes/main [2ms]
2024-11-24 12:55:53.629 [info] > git status -z -uall [6ms]
2024-11-24 12:55:53.631 [info] > git for-each-ref --sort -committerdate --format %(refname) %(objectname) %(*objectname) [3ms]
2024-11-24 12:55:53.744 [info] > git config --local branch.main.github-pr-owner-number [103ms]
2024-11-24 12:55:53.744 [warning] [Git][config] git config failed: Failed to execute git
2024-11-24 12:55:53.760 [info] > git config --local branch.main.remote [10ms]
2024-11-24 12:55:53.760 [warning] [Git][config] git config failed: Failed to execute git
2024-11-24 12:55:53.770 [info] > git config --local branch.main.merge [4ms]
2024-11-24 12:55:53.770 [warning] [Git][config] git config failed: Failed to execute git
2024-11-24 12:55:54.756 [info] [Git][getRemotes] No remotes found in the git config file
2024-11-24 12:55:54.757 [info] > git config --get commit.template [7ms]
2024-11-24 12:55:54.758 [info] > git for-each-ref --format=%(refname)%00%(upstream:short)%00%(objectname)%00%(upstream:track)%00%(upstream:remotename)%00%(upstream:remoteref) refs/heads/main refs/remotes/main [2ms]
2024-11-24 12:55:54.769 [info] > git status -z -uall [6ms]
2024-11-24 12:55:54.771 [info] > git for-each-ref --sort -committerdate --format %(refname) %(objectname) %(*objectname) [3ms]
2024-11-24 12:55:54.943 [info] > git ls-files --stage -- /home/vscode/progate_path/self_introduction_push/self_introduction/src/favorite_food.md [1ms]
2024-11-24 12:55:54.951 [info] > git cat-file -s b04aec25c3fdeefb847241671728ad58085241b8 [2ms]
2024-11-24 12:55:55.046 [info] > git show --textconv :src/favorite_food.md [2ms]
2024-11-24 12:56:22.558 [info] > git config --get commit.template [6ms]
2024-11-24 12:56:22.559 [info] > git for-each-ref --format=%(refname)%00%(upstream:short)%00%(objectname)%00%(upstream:track)%00%(upstream:remotename)%00%(upstream:remoteref) refs/heads/main refs/remotes/main [2ms]
2024-11-24 12:56:22.588 [info] > git for-each-ref --sort -committerdate --format %(refname) %(objectname) %(*objectname) [17ms]
2024-11-24 12:56:22.657 [info] > git status -z -uall [93ms]
2024-11-24 12:56:27.672 [info] > git config --get commit.template [6ms]
2024-11-24 12:56:27.673 [info] > git for-each-ref --format=%(refname)%00%(upstream:short)%00%(objectname)%00%(upstream:track)%00%(upstream:remotename)%00%(upstream:remoteref) refs/heads/main refs/remotes/main [1ms]
2024-11-24 12:56:27.705 [info] > git for-each-ref --sort -committerdate --format %(refname) %(objectname) %(*objectname) [5ms]
2024-11-24 12:56:27.797 [info] > git status -z -uall [119ms]
2024-11-24 12:56:39.690 [info] > git config --get commit.template [6ms]
2024-11-24 12:56:39.691 [info] > git for-each-ref --format=%(refname)%00%(upstream:short)%00%(objectname)%00%(upstream:track)%00%(upstream:remotename)%00%(upstream:remoteref) refs/heads/main refs/remotes/main [2ms]
2024-11-24 12:56:39.719 [info] > git for-each-ref --sort -committerdate --format %(refname) %(objectname) %(*objectname) [16ms]
2024-11-24 12:56:39.790 [info] > git status -z -uall [94ms]
2024-11-24 12:56:44.807 [info] > git config --get commit.template [7ms]
2024-11-24 12:56:44.808 [info] > git for-each-ref --format=%(refname)%00%(upstream:short)%00%(objectname)%00%(upstream:track)%00%(upstream:remotename)%00%(upstream:remoteref) refs/heads/main refs/remotes/main [2ms]
2024-11-24 12:56:44.846 [info] > git for-each-ref --sort -committerdate --format %(refname) %(objectname) %(*objectname) [8ms]
2024-11-24 12:56:44.914 [info] > git status -z -uall [100ms]
2024-11-24 12:57:10.152 [info] > git for-each-ref --format=%(refname)%00%(upstream:short)%00%(objectname)%00%(upstream:track)%00%(upstream:remotename)%00%(upstream:remoteref) refs/heads/main refs/remotes/main [2ms]
2024-11-24 12:57:10.152 [info] > git config --get commit.template [8ms]
2024-11-24 12:57:10.181 [info] > git for-each-ref --sort -committerdate --format %(refname) %(objectname) %(*objectname) [17ms]
2024-11-24 12:57:10.254 [info] > git status -z -uall [97ms]
2024-11-24 12:57:17.586 [info] > git config --get commit.template [6ms]
2024-11-24 12:57:17.588 [info] > git for-each-ref --format=%(refname)%00%(upstream:short)%00%(objectname)%00%(upstream:track)%00%(upstream:remotename)%00%(upstream:remoteref) refs/heads/main refs/remotes/main [1ms]
2024-11-24 12:57:17.601 [info] > git status -z -uall [8ms]
2024-11-24 12:57:17.601 [info] > git for-each-ref --sort -committerdate --format %(refname) %(objectname) %(*objectname) [3ms]
2024-11-24 12:57:17.779 [info] > git ls-files --stage -- /home/vscode/progate_path/self_introduction_push/self_introduction/src/favorite_food.md [2ms]
2024-11-24 12:57:17.785 [info] > git cat-file -s b04aec25c3fdeefb847241671728ad58085241b8 [1ms]
2024-11-24 12:57:17.881 [info] > git show --textconv :src/favorite_food.md [3ms]
2024-11-24 12:57:18.188 [info] > git config --local branch.main.github-pr-owner-number [2ms]
2024-11-24 12:57:18.188 [warning] [Git][config] git config failed: Failed to execute git
2024-11-24 12:57:18.195 [info] > git config --local branch.main.remote [2ms]
2024-11-24 12:57:18.195 [warning] [Git][config] git config failed: Failed to execute git
2024-11-24 12:57:18.202 [info] > git config --local branch.main.merge [1ms]
2024-11-24 12:57:18.202 [warning] [Git][config] git config failed: Failed to execute git
2024-11-24 12:57:22.821 [info] > git config --get commit.template [5ms]
2024-11-24 12:57:22.822 [info] > git for-each-ref --format=%(refname)%00%(upstream:short)%00%(objectname)%00%(upstream:track)%00%(upstream:remotename)%00%(upstream:remoteref) refs/heads/main refs/remotes/main [2ms]
2024-11-24 12:57:22.850 [info] > git for-each-ref --sort -committerdate --format %(refname) %(objectname) %(*objectname) [17ms]
2024-11-24 12:57:22.920 [info] > git status -z -uall [93ms]
2024-11-24 12:58:07.173 [info] > git config --get commit.template [8ms]
2024-11-24 12:58:07.173 [info] > git for-each-ref --format=%(refname)%00%(upstream:short)%00%(objectname)%00%(upstream:track)%00%(upstream:remotename)%00%(upstream:remoteref) refs/heads/main refs/remotes/main [2ms]
2024-11-24 12:58:07.202 [info] > git for-each-ref --sort -committerdate --format %(refname) %(objectname) %(*objectname) [5ms]
2024-11-24 12:58:07.272 [info] > git status -z -uall [94ms]
2024-11-24 12:58:12.290 [info] > git config --get commit.template [6ms]
2024-11-24 12:58:12.291 [info] > git for-each-ref --format=%(refname)%00%(upstream:short)%00%(objectname)%00%(upstream:track)%00%(upstream:remotename)%00%(upstream:remoteref) refs/heads/main refs/remotes/main [2ms]
2024-11-24 12:58:12.321 [info] > git for-each-ref --sort -committerdate --format %(refname) %(objectname) %(*objectname) [18ms]
2024-11-24 12:58:12.390 [info] > git status -z -uall [93ms]
2024-11-24 13:00:16.591 [info] > git config --get commit.template [6ms]
2024-11-24 13:00:16.592 [info] > git for-each-ref --format=%(refname)%00%(upstream:short)%00%(objectname)%00%(upstream:track)%00%(upstream:remotename)%00%(upstream:remoteref) refs/heads/main refs/remotes/main [2ms]
2024-11-24 13:00:16.619 [info] > git for-each-ref --sort -committerdate --format %(refname) %(objectname) %(*objectname) [16ms]
2024-11-24 13:00:16.710 [info] > git status -z -uall [113ms]
2024-11-24 13:00:42.368 [info] > git config --get commit.template [6ms]
2024-11-24 13:00:42.369 [info] > git for-each-ref --format=%(refname)%00%(upstream:short)%00%(objectname)%00%(upstream:track)%00%(upstream:remotename)%00%(upstream:remoteref) refs/heads/main refs/remotes/main [2ms]
2024-11-24 13:00:42.383 [info] > git for-each-ref --sort -committerdate --format %(refname) %(objectname) %(*objectname) [3ms]
2024-11-24 13:00:42.469 [info] > git status -z -uall [95ms]
2024-11-24 13:01:37.306 [info] > git config --get commit.template [2ms]
2024-11-24 13:01:37.312 [info] > git for-each-ref --format=%(refname)%00%(upstream:short)%00%(objectname)%00%(upstream:track)%00%(upstream:remotename)%00%(upstream:remoteref) refs/heads/main refs/remotes/main [1ms]
2024-11-24 13:01:37.328 [info] > git for-each-ref --sort -committerdate --format %(refname) %(objectname) %(*objectname) [3ms]
2024-11-24 13:01:37.450 [info] > git status -z -uall [132ms]
2024-11-24 13:01:56.069 [info] > git config --get commit.template [7ms]
2024-11-24 13:01:56.070 [info] > git for-each-ref --format=%(refname)%00%(upstream:short)%00%(objectname)%00%(upstream:track)%00%(upstream:remotename)%00%(upstream:remoteref) refs/heads/main refs/remotes/main [2ms]
2024-11-24 13:01:56.091 [info] > git for-each-ref --sort -committerdate --format %(refname) %(objectname) %(*objectname) [9ms]
2024-11-24 13:01:56.169 [info] > git status -z -uall [94ms]
2024-11-24 13:02:06.866 [info] > git config --get commit.template [1ms]
2024-11-24 13:02:06.873 [info] > git for-each-ref --format=%(refname)%00%(upstream:short)%00%(objectname)%00%(upstream:track)%00%(upstream:remotename)%00%(upstream:remoteref) refs/heads/main refs/remotes/main [2ms]
2024-11-24 13:02:06.901 [info] > git for-each-ref --sort -committerdate --format %(refname) %(objectname) %(*objectname) [17ms]
2024-11-24 13:02:06.971 [info] > git status -z -uall [93ms]
2024-11-24 13:02:35.025 [info] > git config --get commit.template [6ms]
2024-11-24 13:02:35.026 [info] > git for-each-ref --format=%(refname)%00%(upstream:short)%00%(objectname)%00%(upstream:track)%00%(upstream:remotename)%00%(upstream:remoteref) refs/heads/main refs/remotes/main [1ms]
2024-11-24 13:02:35.047 [info] > git for-each-ref --sort -committerdate --format %(refname) %(objectname) %(*objectname) [9ms]
2024-11-24 13:02:35.125 [info] > git status -z -uall [94ms]
2024-11-24 13:02:40.141 [info] > git config --get commit.template [6ms]
2024-11-24 13:02:40.143 [info] > git for-each-ref --format=%(refname)%00%(upstream:short)%00%(objectname)%00%(upstream:track)%00%(upstream:remotename)%00%(upstream:remoteref) refs/heads/main refs/remotes/main [2ms]
2024-11-24 13:02:40.171 [info] > git for-each-ref --sort -committerdate --format %(refname) %(objectname) %(*objectname) [17ms]
2024-11-24 13:02:40.241 [info] > git status -z -uall [93ms]
2024-11-24 13:06:02.067 [info] > git config --get commit.template [6ms]
2024-11-24 13:06:02.068 [info] > git for-each-ref --format=%(refname)%00%(upstream:short)%00%(objectname)%00%(upstream:track)%00%(upstream:remotename)%00%(upstream:remoteref) refs/heads/main refs/remotes/main [1ms]
2024-11-24 13:06:02.087 [info] > git for-each-ref --sort -committerdate --format %(refname) %(objectname) %(*objectname) [7ms]
2024-11-24 13:06:02.168 [info] > git status -z -uall [94ms]
2024-11-24 13:06:07.185 [info] > git config --get commit.template [7ms]
2024-11-24 13:06:07.186 [info] > git for-each-ref --format=%(refname)%00%(upstream:short)%00%(objectname)%00%(upstream:track)%00%(upstream:remotename)%00%(upstream:remoteref) refs/heads/main refs/remotes/main [1ms]
2024-11-24 13:06:07.214 [info] > git for-each-ref --sort -committerdate --format %(refname) %(objectname) %(*objectname) [16ms]
2024-11-24 13:06:07.285 [info] > git status -z -uall [94ms]
2024-11-24 13:07:39.014 [info] > git for-each-ref --format=%(refname)%00%(upstream:short)%00%(objectname)%00%(upstream:track)%00%(upstream:remotename)%00%(upstream:remoteref) refs/heads/main refs/remotes/main [2ms]
2024-11-24 13:07:39.014 [info] > git config --get commit.template [9ms]
2024-11-24 13:07:39.025 [info] > git status -z -uall [6ms]
2024-11-24 13:07:39.027 [info] > git for-each-ref --sort -committerdate --format %(refname) %(objectname) %(*objectname) [2ms]
2024-11-24 13:07:39.038 [info] > git merge-base refs/heads/main refs/remotes/origin/main [3ms]
2024-11-24 13:07:39.045 [info] > git diff --name-status -z --diff-filter=ADMR 3c3bf37e3bd1a0a7158114082bd11add59a80f3e...refs/remotes/origin/main [2ms]
2024-11-24 13:07:39.219 [info] > git config --local branch.main.github-pr-owner-number [1ms]
2024-11-24 13:07:39.219 [warning] [Git][config] git config failed: Failed to execute git
2024-11-24 13:07:40.110 [info] > git config --get commit.template [9ms]
2024-11-24 13:07:40.112 [info] > git for-each-ref --format=%(refname)%00%(upstream:short)%00%(objectname)%00%(upstream:track)%00%(upstream:remotename)%00%(upstream:remoteref) refs/heads/main refs/remotes/main [3ms]
2024-11-24 13:07:40.124 [info] > git status -z -uall [6ms]
2024-11-24 13:07:40.126 [info] > git for-each-ref --sort -committerdate --format %(refname) %(objectname) %(*objectname) [2ms]
2024-11-24 13:07:40.287 [info] > git ls-files --stage -- /home/vscode/progate_path/self_introduction_push/self_introduction/src/favorite_food.md [2ms]
2024-11-24 13:07:40.294 [info] > git cat-file -s b04aec25c3fdeefb847241671728ad58085241b8 [2ms]
2024-11-24 13:07:40.392 [info] > git show --textconv :src/favorite_food.md [2ms]
2024-11-24 13:08:05.006 [info] > git config --get commit.template [9ms]
2024-11-24 13:08:05.009 [info] > git for-each-ref --format=%(refname)%00%(upstream:short)%00%(objectname)%00%(upstream:track)%00%(upstream:remotename)%00%(upstream:remoteref) refs/heads/main refs/remotes/main [4ms]
2024-11-24 13:08:05.036 [info] > git for-each-ref --sort -committerdate --format %(refname) %(objectname) %(*objectname) [10ms]
2024-11-24 13:08:05.121 [info] > git status -z -uall [105ms]
2024-11-24 13:08:07.196 [info] > git config --get commit.template [5ms]
2024-11-24 13:08:07.198 [info] > git for-each-ref --format=%(refname)%00%(upstream:short)%00%(objectname)%00%(upstream:track)%00%(upstream:remotename)%00%(upstream:remoteref) refs/heads/update-favorite-food refs/remotes/update-favorite-food [2ms]
2024-11-24 13:08:07.210 [info] > git status -z -uall [7ms]
2024-11-24 13:08:07.212 [info] > git for-each-ref --sort -committerdate --format %(refname) %(objectname) %(*objectname) [3ms]
2024-11-24 13:08:07.226 [info] > git for-each-ref --format=%(refname)%00%(upstream:short)%00%(objectname)%00%(upstream:track)%00%(upstream:remotename)%00%(upstream:remoteref) refs/heads/update-favorite-food refs/remotes/update-favorite-food [2ms]
2024-11-24 13:08:07.232 [info] > git config --local branch.update-favorite-food.github-pr-base-branch ukahiro#pull_request_practice#main [13ms]
2024-11-24 13:08:07.241 [info] > git config --local branch.update-favorite-food.vscode-merge-base [10ms]
2024-11-24 13:08:07.241 [warning] [Git][config] git config failed: Failed to execute git
2024-11-24 13:08:07.247 [info] > git config --get commit.template [7ms]
2024-11-24 13:08:07.253 [info] > git reflog update-favorite-food --grep-reflog=branch: Created from *. [7ms]
2024-11-24 13:08:07.258 [info] > git for-each-ref --format=%(refname)%00%(upstream:short)%00%(objectname)%00%(upstream:track)%00%(upstream:remotename)%00%(upstream:remoteref) refs/heads/update-favorite-food refs/remotes/update-favorite-food [5ms]
2024-11-24 13:08:07.272 [info] > git status -z -uall [8ms]
2024-11-24 13:08:07.272 [info] > git reflog HEAD --grep-reflog=checkout: moving from .* to update-favorite-food [14ms]
2024-11-24 13:08:07.278 [info] > git for-each-ref --sort -committerdate --format %(refname) %(objectname) %(*objectname) [9ms]
2024-11-24 13:08:07.286 [info] > git for-each-ref --format=%(refname)%00%(upstream:short)%00%(objectname)%00%(upstream:track)%00%(upstream:remotename)%00%(upstream:remoteref) refs/heads/update-favorite-food refs/remotes/update-favorite-food [2ms]
2024-11-24 13:08:07.291 [info] > git for-each-ref --format=%(refname)%00%(upstream:short)%00%(objectname)%00%(upstream:track)%00%(upstream:remotename)%00%(upstream:remoteref) refs/heads/main refs/remotes/main [13ms]
2024-11-24 13:08:07.299 [info] > git config --local branch.update-favorite-food.vscode-merge-base [8ms]
2024-11-24 13:08:07.299 [warning] [Git][config] git config failed: Failed to execute git
2024-11-24 13:08:07.305 [info] > git for-each-ref --format=%(refname)%00%(upstream:short)%00%(objectname)%00%(upstream:track)%00%(upstream:remotename)%00%(upstream:remoteref) refs/remotes/origin/main [8ms]
2024-11-24 13:08:07.311 [info] > git reflog update-favorite-food --grep-reflog=branch: Created from *. [7ms]
2024-11-24 13:08:07.324 [info] > git config --local branch.update-favorite-food.vscode-merge-base origin/main [13ms]
2024-11-24 13:08:07.331 [info] > git reflog HEAD --grep-reflog=checkout: moving from .* to update-favorite-food [13ms]
2024-11-24 13:08:07.338 [info] > git config --get commit.template [8ms]
2024-11-24 13:08:07.338 [info] > git config --local branch.update-favorite-food.github-pr-owner-number [14ms]
2024-11-24 13:08:07.338 [warning] [Git][config] git config failed: Failed to execute git
2024-11-24 13:08:07.345 [info] > git for-each-ref --format=%(refname)%00%(upstream:short)%00%(objectname)%00%(upstream:track)%00%(upstream:remotename)%00%(upstream:remoteref) refs/heads/main refs/remotes/main [8ms]
2024-11-24 13:08:07.356 [info] > git config --local branch.update-favorite-food.remote [12ms]
2024-11-24 13:08:07.356 [warning] [Git][config] git config failed: Failed to execute git
2024-11-24 13:08:07.363 [info] > git for-each-ref --format=%(refname)%00%(upstream:short)%00%(objectname)%00%(upstream:track)%00%(upstream:remotename)%00%(upstream:remoteref) refs/heads/update-favorite-food refs/remotes/update-favorite-food [7ms]
2024-11-24 13:08:07.375 [info] > git for-each-ref --format=%(refname)%00%(upstream:short)%00%(objectname)%00%(upstream:track)%00%(upstream:remotename)%00%(upstream:remoteref) refs/remotes/origin/main [25ms]
2024-11-24 13:08:07.381 [info] > git status -z -uall [12ms]
2024-11-24 13:08:07.381 [info] > git for-each-ref --sort -committerdate --format %(refname) %(objectname) %(*objectname) [6ms]
2024-11-24 13:08:07.390 [info] > git config --local branch.update-favorite-food.merge [28ms]
2024-11-24 13:08:07.390 [warning] [Git][config] git config failed: Failed to execute git
2024-11-24 13:08:07.392 [info] > git for-each-ref --format=%(refname)%00%(upstream:short)%00%(objectname)%00%(upstream:track)%00%(upstream:remotename)%00%(upstream:remoteref) refs/heads/update-favorite-food refs/remotes/update-favorite-food [3ms]
2024-11-24 13:08:07.398 [info] > git config --local branch.update-favorite-food.vscode-merge-base origin/main [18ms]
2024-11-24 13:08:07.405 [info] > git config --local branch.update-favorite-food.vscode-merge-base [7ms]
2024-11-24 13:08:07.411 [info] > git config --get commit.template [7ms]
2024-11-24 13:08:07.417 [info] > git for-each-ref --format=%(refname)%00%(upstream:short)%00%(objectname)%00%(upstream:track)%00%(upstream:remotename)%00%(upstream:remoteref) refs/heads/origin/main refs/remotes/origin/main [7ms]
2024-11-24 13:08:07.418 [info] > git for-each-ref --format=%(refname)%00%(upstream:short)%00%(objectname)%00%(upstream:track)%00%(upstream:remotename)%00%(upstream:remoteref) refs/heads/update-favorite-food refs/remotes/update-favorite-food [2ms]
2024-11-24 13:08:07.430 [info] > git status -z -uall [7ms]
2024-11-24 13:08:07.431 [info] > git for-each-ref --sort -committerdate --format %(refname) %(objectname) %(*objectname) [2ms]
2024-11-24 13:08:08.662 [info] > git config --get commit.template [6ms]
2024-11-24 13:08:08.663 [info] > git for-each-ref --format=%(refname)%00%(upstream:short)%00%(objectname)%00%(upstream:track)%00%(upstream:remotename)%00%(upstream:remoteref) refs/heads/update-favorite-food refs/remotes/update-favorite-food [2ms]
2024-11-24 13:08:08.676 [info] > git status -z -uall [7ms]
2024-11-24 13:08:08.677 [info] > git for-each-ref --sort -committerdate --format %(refname) %(objectname) %(*objectname) [3ms]
2024-11-24 13:08:08.841 [info] > git ls-files --stage -- /home/vscode/progate_path/self_introduction_push/self_introduction/src/favorite_food.md [2ms]
2024-11-24 13:08:08.847 [info] > git cat-file -s b04aec25c3fdeefb847241671728ad58085241b8 [1ms]
2024-11-24 13:08:08.942 [info] > git show --textconv :src/favorite_food.md [3ms]
2024-11-24 13:08:10.138 [info] > git config --get commit.template [6ms]
2024-11-24 13:08:10.139 [info] > git for-each-ref --format=%(refname)%00%(upstream:short)%00%(objectname)%00%(upstream:track)%00%(upstream:remotename)%00%(upstream:remoteref) refs/heads/main refs/remotes/main [2ms]
2024-11-24 13:08:10.168 [info] > git for-each-ref --sort -committerdate --format %(refname) %(objectname) %(*objectname) [18ms]
2024-11-24 13:08:10.249 [info] > git status -z -uall [105ms]
2024-11-24 13:08:20.107 [info] > git config --get commit.template [6ms]
2024-11-24 13:08:20.108 [info] > git for-each-ref --format=%(refname)%00%(upstream:short)%00%(objectname)%00%(upstream:track)%00%(upstream:remotename)%00%(upstream:remoteref) refs/heads/main refs/remotes/main [1ms]
2024-11-24 13:08:20.135 [info] > git for-each-ref --sort -committerdate --format %(refname) %(objectname) %(*objectname) [3ms]
2024-11-24 13:08:20.206 [info] > git status -z -uall [93ms]
2024-11-24 13:08:25.225 [info] > git config --get commit.template [7ms]
2024-11-24 13:08:25.226 [info] > git for-each-ref --format=%(refname)%00%(upstream:short)%00%(objectname)%00%(upstream:track)%00%(upstream:remotename)%00%(upstream:remoteref) refs/heads/main refs/remotes/main [2ms]
2024-11-24 13:08:25.254 [info] > git for-each-ref --sort -committerdate --format %(refname) %(objectname) %(*objectname) [17ms]
2024-11-24 13:08:25.326 [info] > git status -z -uall [95ms]
2024-11-24 13:08:32.303 [info] > git rev-list --count 61f951c0311141563af9361c18cb0118c58eb74c.. -- /home/vscode/progate_path/self_introduction_push/self_introduction/src/favorite_food.md [2ms]
2024-11-24 13:08:32.303 [info] fatal: Invalid revision range 61f951c0311141563af9361c18cb0118c58eb74c..
2024-11-24 13:08:32.311 [info] > git log --format=%H%n%aN%n%aE%n%at%n%ct%n%P%n%D%n%B -z --follow -- /home/vscode/progate_path/self_introduction_push/self_introduction/src/favorite_food.md [3ms]
2024-11-24 13:08:46.813 [info] > git config --get commit.template [2ms]
2024-11-24 13:08:46.820 [info] > git for-each-ref --format=%(refname)%00%(upstream:short)%00%(objectname)%00%(upstream:track)%00%(upstream:remotename)%00%(upstream:remoteref) refs/heads/main refs/remotes/main [2ms]
2024-11-24 13:08:46.851 [info] > git for-each-ref --sort -committerdate --format %(refname) %(objectname) %(*objectname) [7ms]
2024-11-24 13:08:46.924 [info] > git status -z -uall [99ms]
2024-11-24 13:08:50.186 [info] > git config --get commit.template [2ms]
2024-11-24 13:08:50.193 [info] > git for-each-ref --format=%(refname)%00%(upstream:short)%00%(objectname)%00%(upstream:track)%00%(upstream:remotename)%00%(upstream:remoteref) refs/heads/update-favorite-food refs/remotes/update-favorite-food [2ms]
2024-11-24 13:08:50.205 [info] > git status -z -uall [7ms]
2024-11-24 13:08:50.206 [info] > git for-each-ref --sort -committerdate --format %(refname) %(objectname) %(*objectname) [2ms]
2024-11-24 13:08:51.295 [info] > git config --get commit.template [6ms]
2024-11-24 13:08:51.296 [info] > git for-each-ref --format=%(refname)%00%(upstream:short)%00%(objectname)%00%(upstream:track)%00%(upstream:remotename)%00%(upstream:remoteref) refs/heads/update-favorite-food refs/remotes/update-favorite-food [2ms]
2024-11-24 13:08:51.307 [info] > git status -z -uall [6ms]
2024-11-24 13:08:51.309 [info] > git for-each-ref --sort -committerdate --format %(refname) %(objectname) %(*objectname) [3ms]
2024-11-24 13:08:51.477 [info] > git ls-files --stage -- /home/vscode/progate_path/self_introduction_push/self_introduction/src/favorite_food.md [2ms]
2024-11-24 13:08:51.483 [info] > git cat-file -s ed240f012eab321a8be8227f4c3f61ae75168ed4 [2ms]
2024-11-24 13:08:51.576 [info] > git show --textconv :src/favorite_food.md [2ms]
2024-11-24 13:08:57.939 [info] > git config --get commit.template [7ms]
2024-11-24 13:08:57.940 [info] > git for-each-ref --format=%(refname)%00%(upstream:short)%00%(objectname)%00%(upstream:track)%00%(upstream:remotename)%00%(upstream:remoteref) refs/heads/main refs/remotes/main [2ms]
2024-11-24 13:08:57.968 [info] > git for-each-ref --sort -committerdate --format %(refname) %(objectname) %(*objectname) [17ms]
2024-11-24 13:08:58.042 [info] > git status -z -uall [97ms]
2024-11-24 13:09:06.147 [info] > git config --get commit.template [6ms]
2024-11-24 13:09:06.148 [info] > git for-each-ref --format=%(refname)%00%(upstream:short)%00%(objectname)%00%(upstream:track)%00%(upstream:remotename)%00%(upstream:remoteref) refs/heads/update-favorite-food refs/remotes/update-favorite-food [1ms]
2024-11-24 13:09:06.160 [info] > git status -z -uall [7ms]
2024-11-24 13:09:06.161 [info] > git for-each-ref --sort -committerdate --format %(refname) %(objectname) %(*objectname) [2ms]
2024-11-24 13:09:06.418 [info] > git config --local branch.update-favorite-food.github-pr-owner-number [2ms]
2024-11-24 13:09:06.418 [warning] [Git][config] git config failed: Failed to execute git
2024-11-24 13:09:06.425 [info] > git config --local branch.update-favorite-food.remote [2ms]
2024-11-24 13:09:06.425 [warning] [Git][config] git config failed: Failed to execute git
2024-11-24 13:09:06.431 [info] > git config --local branch.update-favorite-food.merge [2ms]
2024-11-24 13:09:06.431 [warning] [Git][config] git config failed: Failed to execute git
2024-11-24 13:09:07.285 [info] > git config --get commit.template [6ms]
2024-11-24 13:09:07.287 [info] > git for-each-ref --format=%(refname)%00%(upstream:short)%00%(objectname)%00%(upstream:track)%00%(upstream:remotename)%00%(upstream:remoteref) refs/heads/update-favorite-food refs/remotes/update-favorite-food [2ms]
2024-11-24 13:09:07.300 [info] > git status -z -uall [7ms]
2024-11-24 13:09:07.301 [info] > git for-each-ref --sort -committerdate --format %(refname) %(objectname) %(*objectname) [2ms]
2024-11-24 13:09:07.472 [info] > git ls-files --stage -- /home/vscode/progate_path/self_introduction_push/self_introduction/src/favorite_food.md [2ms]
2024-11-24 13:09:07.478 [info] > git cat-file -s ed240f012eab321a8be8227f4c3f61ae75168ed4 [1ms]
2024-11-24 13:09:07.573 [info] > git show --textconv :src/favorite_food.md [2ms]
2024-11-24 13:09:10.577 [info] > git config --get commit.template [6ms]
2024-11-24 13:09:10.578 [info] > git for-each-ref --format=%(refname)%00%(upstream:short)%00%(objectname)%00%(upstream:track)%00%(upstream:remotename)%00%(upstream:remoteref) refs/heads/main refs/remotes/main [1ms]
2024-11-24 13:09:10.602 [info] > git for-each-ref --sort -committerdate --format %(refname) %(objectname) %(*objectname) [12ms]
2024-11-24 13:09:10.691 [info] > git status -z -uall [108ms]
2024-11-24 13:09:14.728 [info] > git config --get commit.template [6ms]
2024-11-24 13:09:14.729 [info] > git for-each-ref --format=%(refname)%00%(upstream:short)%00%(objectname)%00%(upstream:track)%00%(upstream:remotename)%00%(upstream:remoteref) refs/heads/update-favorite-food refs/remotes/update-favorite-food [2ms]
2024-11-24 13:09:14.740 [info] > git status -z -uall [6ms]
2024-11-24 13:09:14.742 [info] > git for-each-ref --sort -committerdate --format %(refname) %(objectname) %(*objectname) [2ms]
2024-11-24 13:09:14.753 [info] > git merge-base refs/heads/update-favorite-food refs/remotes/origin/update-favorite-food [2ms]
2024-11-24 13:09:14.760 [info] > git diff --name-status -z --diff-filter=ADMR d412eb3a88040127a98dfd8e115f94f37e2b1feb...refs/remotes/origin/update-favorite-food [2ms]
2024-11-24 13:09:14.855 [info] > git config --local branch.update-favorite-food.github-pr-owner-number [1ms]
2024-11-24 13:09:14.856 [warning] [Git][config] git config failed: Failed to execute git
2024-11-24 13:09:49.946 [info] > git config --get commit.template [7ms]
2024-11-24 13:09:49.948 [info] > git config --get commit.template [3ms]
2024-11-24 13:09:49.958 [info] > git for-each-ref --format=%(refname)%00%(upstream:short)%00%(objectname)%00%(upstream:track)%00%(upstream:remotename)%00%(upstream:remoteref) refs/heads/update-favorite-food refs/remotes/update-favorite-food [5ms]
2024-11-24 13:09:49.970 [info] > git status -z -uall [6ms]
2024-11-24 13:09:49.971 [info] > git for-each-ref --format=%(refname)%00%(upstream:short)%00%(objectname)%00%(upstream:track)%00%(upstream:remotename)%00%(upstream:remoteref) refs/heads/main refs/remotes/main [13ms]
2024-11-24 13:09:49.983 [info] > git for-each-ref --sort -committerdate --format %(refname) %(objectname) %(*objectname) [13ms]
2024-11-24 13:09:50.000 [info] > git for-each-ref --sort -committerdate --format %(refname) %(objectname) %(*objectname) [17ms]
2024-11-24 13:09:50.035 [info] > git ls-files --stage -- /home/vscode/progate_path/self_introduction_push/self_introduction/src/favorite_food.md [2ms]
2024-11-24 13:09:50.046 [info] > git cat-file -s ed240f012eab321a8be8227f4c3f61ae75168ed4 [4ms]
2024-11-24 13:09:50.081 [info] > git status -z -uall [105ms]
2024-11-24 13:09:50.147 [info] > git show --textconv :src/favorite_food.md [2ms]
2024-11-24 13:10:05.265 [info] > git config --get commit.template [6ms]
2024-11-24 13:10:05.272 [info] > git for-each-ref --format=%(refname)%00%(upstream:short)%00%(objectname)%00%(upstream:track)%00%(upstream:remotename)%00%(upstream:remoteref) refs/heads/main refs/remotes/main [7ms]
2024-11-24 13:10:05.296 [info] > git for-each-ref --sort -committerdate --format %(refname) %(objectname) %(*objectname) [9ms]
2024-11-24 13:10:05.392 [info] > git status -z -uall [113ms]
2024-11-24 13:10:38.180 [info] > git config --get commit.template [8ms]
2024-11-24 13:10:38.182 [info] > git for-each-ref --format=%(refname)%00%(upstream:short)%00%(objectname)%00%(upstream:track)%00%(upstream:remotename)%00%(upstream:remoteref) refs/heads/main refs/remotes/main [3ms]
2024-11-24 13:10:38.211 [info] > git for-each-ref --sort -committerdate --format %(refname) %(objectname) %(*objectname) [18ms]
2024-11-24 13:10:38.278 [info] > git status -z -uall [91ms]
2024-11-24 13:10:43.310 [info] > git config --get commit.template [2ms]
2024-11-24 13:10:43.317 [info] > git for-each-ref --format=%(refname)%00%(upstream:short)%00%(objectname)%00%(upstream:track)%00%(upstream:remotename)%00%(upstream:remoteref) refs/heads/main refs/remotes/main [2ms]
2024-11-24 13:10:43.347 [info] > git for-each-ref --sort -committerdate --format %(refname) %(objectname) %(*objectname) [7ms]
2024-11-24 13:10:43.415 [info] > git status -z -uall [93ms]
2024-11-24 13:11:01.390 [info] > git config --get commit.template [1ms]
2024-11-24 13:11:01.404 [info] > git for-each-ref --format=%(refname)%00%(upstream:short)%00%(objectname)%00%(upstream:track)%00%(upstream:remotename)%00%(upstream:remoteref) refs/heads/main refs/remotes/main [5ms]
2024-11-24 13:11:01.451 [info] > git for-each-ref --sort -committerdate --format %(refname) %(objectname) %(*objectname) [28ms]
2024-11-24 13:11:01.547 [info] > git status -z -uall [135ms]
2024-11-24 13:11:08.760 [info] > git config --get commit.template [9ms]
2024-11-24 13:11:08.762 [info] > git for-each-ref --format=%(refname)%00%(upstream:short)%00%(objectname)%00%(upstream:track)%00%(upstream:remotename)%00%(upstream:remoteref) refs/heads/main refs/remotes/main [3ms]
2024-11-24 13:11:08.797 [info] > git for-each-ref --sort -committerdate --format %(refname) %(objectname) %(*objectname) [17ms]
2024-11-24 13:11:08.870 [info] > git status -z -uall [101ms]
2024-11-24 13:11:22.648 [info] > git config --get commit.template [7ms]
2024-11-24 13:11:22.649 [info] > git for-each-ref --format=%(refname)%00%(upstream:short)%00%(objectname)%00%(upstream:track)%00%(upstream:remotename)%00%(upstream:remoteref) refs/heads/main refs/remotes/main [2ms]
2024-11-24 13:11:22.680 [info] > git for-each-ref --sort -committerdate --format %(refname) %(objectname) %(*objectname) [4ms]
2024-11-24 13:11:22.746 [info] > git status -z -uall [92ms]
2024-11-24 13:12:18.037 [info] > git config --get commit.template [5ms]
2024-11-24 13:12:18.039 [info] > git for-each-ref --format=%(refname)%00%(upstream:short)%00%(objectname)%00%(upstream:track)%00%(upstream:remotename)%00%(upstream:remoteref) refs/heads/main refs/remotes/main [2ms]
2024-11-24 13:12:18.066 [info] > git for-each-ref --sort -committerdate --format %(refname) %(objectname) %(*objectname) [16ms]
2024-11-24 13:12:18.136 [info] > git status -z -uall [93ms]
