2024-11-17 14:24:00.322 [info] Reading sessions from keychain...
2024-11-17 14:24:00.322 [info] Getting sessions for all scopes...
2024-11-17 14:24:00.322 [info] Getting sessions for all scopes...
2024-11-17 14:24:00.322 [info] Getting sessions for user:email...
2024-11-17 14:24:00.322 [info] Got stored sessions!
2024-11-17 14:24:00.322 [info] Got 6 verified sessions.
2024-11-17 14:24:00.322 [info] Got 6 sessions for ...
2024-11-17 14:24:00.322 [info] Got 6 sessions for ...
2024-11-17 14:24:00.322 [info] Got 1 sessions for user:email...
2024-11-17 14:24:00.380 [info] Getting sessions for codespace,read:user,repo,user:email...
2024-11-17 14:24:00.380 [info] Got 1 sessions for codespace,read:user,repo,user:email...
2024-11-17 14:24:00.401 [info] Getting sessions for all scopes...
2024-11-17 14:24:00.401 [info] Got 6 sessions for ...
2024-11-17 14:24:00.518 [info] Getting sessions for all scopes...
2024-11-17 14:24:00.518 [info] Got 6 sessions for ...
2024-11-17 14:24:00.992 [info] Getting sessions for all scopes...
2024-11-17 14:24:00.992 [info] Got 6 sessions for ...
2024-11-17 14:24:02.474 [info] Getting sessions for all scopes...
2024-11-17 14:24:02.475 [info] Got 6 sessions for ...
2024-11-17 14:24:02.811 [info] Getting sessions for all scopes...
2024-11-17 14:24:02.811 [info] Got 6 sessions for ...
2024-11-17 14:24:03.202 [info] Getting sessions for all scopes...
2024-11-17 14:24:03.202 [info] Got 6 sessions for ...
2024-11-17 14:24:04.602 [info] Getting sessions for read:user,repo,user:email,workflow...
2024-11-17 14:24:04.606 [info] Got 1 sessions for read:user,repo,user:email,workflow...
2024-11-17 14:24:05.377 [info] Getting sessions for all scopes...
2024-11-17 14:24:05.377 [info] Getting sessions for all scopes...
2024-11-17 14:24:05.377 [info] Got 6 sessions for ...
2024-11-17 14:24:05.377 [info] Got 6 sessions for ...
2024-11-17 14:24:05.913 [info] Getting sessions for project,read:org,read:user,repo,user:email,workflow...
2024-11-17 14:24:05.913 [info] Got 0 sessions for project,read:org,read:user,repo,user:email,workflow...
2024-11-17 14:24:06.134 [info] Getting sessions for read:user,repo,user:email,workflow...
2024-11-17 14:24:06.134 [info] Got 1 sessions for read:user,repo,user:email,workflow...
2024-11-17 14:24:06.220 [info] Getting sessions for read:user,repo,user:email,workflow...
2024-11-17 14:24:06.220 [info] Got 1 sessions for read:user,repo,user:email,workflow...
2024-11-17 14:24:10.034 [info] Getting sessions for all scopes...
2024-11-17 14:24:10.034 [info] Getting sessions for all scopes...
2024-11-17 14:24:10.034 [info] Got 6 sessions for ...
2024-11-17 14:24:10.034 [info] Got 6 sessions for ...
2024-11-17 14:24:16.552 [info] Getting sessions for read:user,repo,user:email,workflow...
2024-11-17 14:24:16.552 [info] Got 1 sessions for read:user,repo,user:email,workflow...
2024-11-17 14:24:18.627 [info] Getting sessions for read:user,repo,user:email,workflow...
2024-11-17 14:24:18.627 [info] Got 1 sessions for read:user,repo,user:email,workflow...
2024-11-17 14:39:18.262 [info] Getting sessions for all scopes...
2024-11-17 14:39:18.264 [info] Got 6 sessions for ...
2024-11-17 14:39:18.516 [info] Getting sessions for read:user,repo,user:email,workflow...
2024-11-17 14:39:18.516 [info] Got 1 sessions for read:user,repo,user:email,workflow...
2024-11-17 14:39:18.774 [info] Getting sessions for all scopes...
2024-11-17 14:39:18.774 [info] Got 6 sessions for ...
2024-11-17 14:39:19.027 [info] Getting sessions for read:user,repo,user:email,workflow...
2024-11-17 14:39:19.028 [info] Got 1 sessions for read:user,repo,user:email,workflow...
