2024-11-17 13:09:17.556 [info] Reading sessions from keychain...
2024-11-17 13:09:17.557 [info] Getting sessions for all scopes...
2024-11-17 13:09:17.557 [info] Getting sessions for all scopes...
2024-11-17 13:09:17.557 [info] Getting sessions for user:email...
2024-11-17 13:09:17.561 [info] Got stored sessions!
2024-11-17 13:09:17.561 [info] Got 6 verified sessions.
2024-11-17 13:09:17.562 [info] Got 6 sessions for ...
2024-11-17 13:09:17.562 [info] Got 6 sessions for ...
2024-11-17 13:09:17.562 [info] Got 1 sessions for user:email...
2024-11-17 13:09:18.057 [info] Getting sessions for codespace,read:user,repo,user:email...
2024-11-17 13:09:18.057 [info] Getting sessions for all scopes...
2024-11-17 13:09:18.060 [info] Got 1 sessions for codespace,read:user,repo,user:email...
2024-11-17 13:09:18.060 [info] Got 6 sessions for ...
2024-11-17 13:09:18.902 [info] Getting sessions for all scopes...
2024-11-17 13:09:18.902 [info] Got 6 sessions for ...
2024-11-17 13:09:19.790 [info] Getting sessions for all scopes...
2024-11-17 13:09:19.790 [info] Got 6 sessions for ...
2024-11-17 13:09:20.773 [info] Getting sessions for all scopes...
2024-11-17 13:09:20.774 [info] Got 6 sessions for ...
2024-11-17 13:09:21.843 [info] Getting sessions for all scopes...
2024-11-17 13:09:21.844 [info] Got 6 sessions for ...
2024-11-17 13:09:22.172 [info] Getting sessions for read:user,repo,user:email,workflow...
2024-11-17 13:09:22.172 [info] Getting sessions for all scopes...
2024-11-17 13:09:22.173 [info] Got 1 sessions for read:user,repo,user:email,workflow...
2024-11-17 13:09:22.173 [info] Got 6 sessions for ...
2024-11-17 13:09:23.573 [info] Getting sessions for all scopes...
2024-11-17 13:09:23.574 [info] Getting sessions for all scopes...
2024-11-17 13:09:23.574 [info] Got 6 sessions for ...
2024-11-17 13:09:23.574 [info] Got 6 sessions for ...
2024-11-17 13:09:25.259 [info] Getting sessions for project,read:org,read:user,repo,user:email,workflow...
2024-11-17 13:09:25.260 [info] Got 0 sessions for project,read:org,read:user,repo,user:email,workflow...
2024-11-17 13:09:25.903 [info] Getting sessions for read:user,repo,user:email,workflow...
2024-11-17 13:09:25.903 [info] Got 1 sessions for read:user,repo,user:email,workflow...
2024-11-17 13:09:25.992 [info] Getting sessions for read:user,repo,user:email,workflow...
2024-11-17 13:09:25.993 [info] Got 1 sessions for read:user,repo,user:email,workflow...
2024-11-17 13:09:26.614 [info] Getting sessions for all scopes...
2024-11-17 13:09:26.615 [info] Getting sessions for all scopes...
2024-11-17 13:09:26.615 [info] Got 6 sessions for ...
2024-11-17 13:09:26.615 [info] Got 6 sessions for ...
2024-11-17 13:09:28.558 [info] Getting sessions for read:user,repo,user:email,workflow...
2024-11-17 13:09:28.559 [info] Got 1 sessions for read:user,repo,user:email,workflow...
2024-11-17 13:09:29.890 [info] Getting sessions for read:user,repo,user:email,workflow...
2024-11-17 13:09:29.890 [info] Got 1 sessions for read:user,repo,user:email,workflow...
2024-11-17 13:24:29.604 [info] Getting sessions for all scopes...
2024-11-17 13:24:29.604 [info] Got 6 sessions for ...
2024-11-17 13:24:29.862 [info] Getting sessions for read:user,repo,user:email,workflow...
2024-11-17 13:24:29.862 [info] Got 1 sessions for read:user,repo,user:email,workflow...
2024-11-17 13:24:30.118 [info] Getting sessions for all scopes...
2024-11-17 13:24:30.118 [info] Got 6 sessions for ...
2024-11-17 13:24:30.375 [info] Getting sessions for read:user,repo,user:email,workflow...
2024-11-17 13:24:30.375 [info] Got 1 sessions for read:user,repo,user:email,workflow...
