2024-11-17 14:31:31.036 [info] Reading sessions from keychain...
2024-11-17 14:31:31.036 [info] Getting sessions for all scopes...
2024-11-17 14:31:31.036 [info] Getting sessions for all scopes...
2024-11-17 14:31:31.036 [info] Getting sessions for user:email...
2024-11-17 14:31:31.036 [info] Got stored sessions!
2024-11-17 14:31:31.036 [info] Got 6 verified sessions.
2024-11-17 14:31:31.037 [info] Got 6 sessions for ...
2024-11-17 14:31:31.037 [info] Got 6 sessions for ...
2024-11-17 14:31:31.037 [info] Got 1 sessions for user:email...
2024-11-17 14:31:31.116 [info] Getting sessions for codespace,read:user,repo,user:email...
2024-11-17 14:31:31.116 [info] Got 1 sessions for codespace,read:user,repo,user:email...
2024-11-17 14:31:31.124 [info] Getting sessions for all scopes...
2024-11-17 14:31:31.124 [info] Got 6 sessions for ...
2024-11-17 14:31:31.218 [info] Getting sessions for all scopes...
2024-11-17 14:31:31.218 [info] Got 6 sessions for ...
2024-11-17 14:31:31.662 [info] Getting sessions for all scopes...
2024-11-17 14:31:31.663 [info] Got 6 sessions for ...
2024-11-17 14:31:32.515 [info] Getting sessions for all scopes...
2024-11-17 14:31:32.515 [info] Got 6 sessions for ...
2024-11-17 14:31:32.787 [info] Getting sessions for all scopes...
2024-11-17 14:31:32.788 [info] Got 6 sessions for ...
2024-11-17 14:31:33.274 [info] Getting sessions for all scopes...
2024-11-17 14:31:33.275 [info] Got 6 sessions for ...
2024-11-17 14:31:33.574 [info] Getting sessions for read:user,repo,user:email,workflow...
2024-11-17 14:31:33.575 [info] Got 1 sessions for read:user,repo,user:email,workflow...
2024-11-17 14:31:34.099 [info] Getting sessions for all scopes...
2024-11-17 14:31:34.099 [info] Getting sessions for all scopes...
2024-11-17 14:31:34.100 [info] Got 6 sessions for ...
2024-11-17 14:31:34.100 [info] Got 6 sessions for ...
2024-11-17 14:31:34.470 [info] Getting sessions for project,read:org,read:user,repo,user:email,workflow...
2024-11-17 14:31:34.470 [info] Got 0 sessions for project,read:org,read:user,repo,user:email,workflow...
2024-11-17 14:31:34.745 [info] Getting sessions for read:user,repo,user:email,workflow...
2024-11-17 14:31:34.746 [info] Got 1 sessions for read:user,repo,user:email,workflow...
2024-11-17 14:31:34.910 [info] Getting sessions for read:user,repo,user:email,workflow...
2024-11-17 14:31:34.910 [info] Got 1 sessions for read:user,repo,user:email,workflow...
2024-11-17 14:31:36.774 [info] Getting sessions for all scopes...
2024-11-17 14:31:36.774 [info] Getting sessions for all scopes...
2024-11-17 14:31:36.774 [info] Got 6 sessions for ...
2024-11-17 14:31:36.774 [info] Got 6 sessions for ...
2024-11-17 14:31:37.363 [info] Getting sessions for read:user,repo,user:email,workflow...
2024-11-17 14:31:37.363 [info] Got 1 sessions for read:user,repo,user:email,workflow...
2024-11-17 14:31:40.425 [info] Getting sessions for read:user,repo,user:email,workflow...
2024-11-17 14:31:40.425 [info] Got 1 sessions for read:user,repo,user:email,workflow...
