2024-11-24 12:46:07.756 [warning] /home/vscode/.ssh/config: ENOENT: no such file or directory, open '/home/vscode/.ssh/config'
2024-11-24 12:46:07.756 [info] Activation> Extension version: 0.100.3
2024-11-24 12:46:24.767 [info] Looking for git repository
2024-11-24 12:46:24.767 [info] Found 0 repositories during activation
2024-11-24 12:46:24.767 [info] Git repository found, initializing review manager and pr tree view.
2024-11-24 12:46:24.783 [info] Registering git provider
2024-11-24 12:46:24.784 [info] Review+0> Validate state in progress
2024-11-24 12:46:24.784 [info] Review+0> Validating state...
2024-11-24 12:46:24.784 [info] Review+1> Validate state in progress
2024-11-24 12:46:24.784 [info] Review+1> Validating state...
2024-11-24 12:46:24.897 [info] Found GitHub remote for folder /home/vscode/progate_path/self_introduction_push/self_introduction
2024-11-24 12:46:24.900 [info] Found GitHub remote for folder /home/vscode
2024-11-24 12:46:25.759 [info] Trying to use globalState for assignableUsers.
2024-11-24 12:46:25.891 [info] Review+0> No matching pull request metadata found locally for current branch branch-a
2024-11-24 12:46:25.893 [info] Trying to use globalState for assignableUsers.
2024-11-24 12:46:25.910 [info] Review+1> No matching pull request metadata found locally for current branch main
2024-11-24 12:46:25.945 [info] Review+0> No matching pull request metadata found on GitHub for current branch branch-a
2024-11-24 12:46:25.946 [info] Review+1> No matching pull request metadata found on GitHub for current branch main
2024-11-24 12:46:26.055 [info] Using globalState assignableUsers for 1.
2024-11-24 12:46:26.083 [info] Using globalState assignableUsers for 1.
2024-11-24 12:46:28.175 [info] Repo state for file:///home/vscode changed.
2024-11-24 12:46:28.175 [info] Repo file:///home/vscode has already been setup.
2024-11-24 12:47:17.189 [info] Repo state for file:///home/vscode/progate_path/self_introduction_push/self_introduction changed.
2024-11-24 12:47:17.189 [info] Repo file:///home/vscode/progate_path/self_introduction_push/self_introduction has already been setup.
2024-11-24 12:48:44.280 [info] Review+0> Validate state in progress
2024-11-24 12:48:44.280 [info] Review+0> Validating state...
2024-11-24 12:48:44.671 [info] Found GitHub remote for folder /home/vscode/progate_path/self_introduction_push/self_introduction
2024-11-24 12:48:44.673 [info] Using in-memory cached assignable users.
2024-11-24 12:48:44.686 [info] Review+0> No matching pull request metadata found locally for current branch main
2024-11-24 12:48:44.695 [info] Review+0> No matching pull request metadata found on GitHub for current branch main
2024-11-24 12:55:34.068 [info] Review+0> Validate state in progress
2024-11-24 12:55:34.068 [info] Review+0> Validating state...
2024-11-24 12:55:34.069 [warning] No remotes found. The following remotes are missing: origin, upstream
2024-11-24 12:55:34.069 [info] No GitHub remotes found for folder /home/vscode/progate_path/self_introduction_push/self_introduction
2024-11-24 12:55:34.191 [info] Review+0> No matching pull request metadata found locally for current branch main
2024-11-24 12:55:34.213 [info] Review+0> No matching pull request metadata found on GitHub for current branch main
2024-11-24 12:55:53.632 [info] Review+0> Validate state in progress
2024-11-24 12:55:53.632 [info] Review+0> Validating state...
2024-11-24 12:55:53.633 [warning] No remotes found. The following remotes are missing: origin, upstream
2024-11-24 12:55:53.633 [info] No GitHub remotes found for folder /home/vscode/progate_path/self_introduction_push/self_introduction
2024-11-24 12:55:53.750 [info] Review+0> No matching pull request metadata found locally for current branch main
2024-11-24 12:55:53.770 [info] Review+0> No matching pull request metadata found on GitHub for current branch main
2024-11-24 12:57:17.602 [info] Review+0> Validate state in progress
2024-11-24 12:57:17.602 [info] Review+0> Validating state...
2024-11-24 12:57:17.696 [info] Found GitHub remote for folder /home/vscode/progate_path/self_introduction_push/self_introduction
2024-11-24 12:57:18.180 [info] Using in-memory cached assignable users.
2024-11-24 12:57:18.193 [info] Review+0> No matching pull request metadata found locally for current branch main
2024-11-24 12:57:18.202 [info] Review+0> No matching pull request metadata found on GitHub for current branch main
2024-11-24 13:07:39.030 [info] Review+0> Validate state in progress
2024-11-24 13:07:39.030 [info] Review+0> Validating state...
2024-11-24 13:07:39.208 [info] Found GitHub remote for folder /home/vscode/progate_path/self_introduction_push/self_introduction
2024-11-24 13:07:39.209 [info] Using in-memory cached assignable users.
2024-11-24 13:07:39.219 [info] Review+0> No matching pull request metadata found locally for current branch main
2024-11-24 13:07:39.625 [info] Review+0> No matching pull request metadata found on GitHub for current branch main
2024-11-24 13:08:07.213 [info] Review+0> Validate state in progress
2024-11-24 13:08:07.213 [info] Review+0> Validating state...
2024-11-24 13:08:07.224 [info] PullRequestGitHelper> associate update-favorite-food with base branch ukahiro/pull_request_practice#main
2024-11-24 13:08:07.318 [info] Found GitHub remote for folder /home/vscode/progate_path/self_introduction_push/self_introduction
2024-11-24 13:08:07.318 [info] Using in-memory cached assignable users.
2024-11-24 13:08:07.344 [info] Review+0> No matching pull request metadata found locally for current branch update-favorite-food
2024-11-24 13:08:07.391 [info] Review+0> No matching pull request metadata found on GitHub for current branch update-favorite-food
2024-11-24 13:09:06.162 [info] Review+0> Validate state in progress
2024-11-24 13:09:06.162 [info] Review+0> Validating state...
2024-11-24 13:09:06.408 [info] Found GitHub remote for folder /home/vscode/progate_path/self_introduction_push/self_introduction
2024-11-24 13:09:06.408 [info] Using in-memory cached assignable users.
2024-11-24 13:09:06.423 [info] Review+0> No matching pull request metadata found locally for current branch update-favorite-food
2024-11-24 13:09:06.431 [info] Review+0> No matching pull request metadata found on GitHub for current branch update-favorite-food
2024-11-24 13:09:14.744 [info] Review+0> Validate state in progress
2024-11-24 13:09:14.744 [info] Review+0> Validating state...
2024-11-24 13:09:14.846 [info] Found GitHub remote for folder /home/vscode/progate_path/self_introduction_push/self_introduction
2024-11-24 13:09:14.846 [info] Using in-memory cached assignable users.
2024-11-24 13:09:14.856 [info] Review+0> No matching pull request metadata found locally for current branch update-favorite-food
2024-11-24 13:09:15.246 [info] Review+0> No matching pull request metadata found on GitHub for current branch update-favorite-food
