2024-11-24 12:46:01.299 [info] Reading sessions from keychain...
2024-11-24 12:46:01.299 [info] Getting sessions for all scopes...
2024-11-24 12:46:01.299 [info] Getting sessions for all scopes...
2024-11-24 12:46:01.299 [info] Getting sessions for user:email...
2024-11-24 12:46:01.303 [info] Got stored sessions!
2024-11-24 12:46:01.303 [info] Got 6 verified sessions.
2024-11-24 12:46:01.304 [info] Got 6 sessions for ...
2024-11-24 12:46:01.304 [info] Got 6 sessions for ...
2024-11-24 12:46:01.304 [info] Got 1 sessions for user:email...
2024-11-24 12:46:02.264 [info] Getting sessions for codespace,read:user,repo,user:email...
2024-11-24 12:46:02.264 [info] Got 1 sessions for codespace,read:user,repo,user:email...
2024-11-24 12:46:02.283 [info] Getting sessions for all scopes...
2024-11-24 12:46:02.283 [info] Got 6 sessions for ...
2024-11-24 12:46:02.585 [info] Getting sessions for all scopes...
2024-11-24 12:46:02.585 [info] Got 6 sessions for ...
2024-11-24 12:46:03.597 [info] Getting sessions for all scopes...
2024-11-24 12:46:03.597 [info] Got 6 sessions for ...
2024-11-24 12:46:04.087 [info] Getting sessions for all scopes...
2024-11-24 12:46:04.090 [info] Got 6 sessions for ...
2024-11-24 12:46:04.863 [info] Getting sessions for all scopes...
2024-11-24 12:46:04.864 [info] Got 6 sessions for ...
2024-11-24 12:46:07.123 [info] Getting sessions for read:user,repo,user:email,workflow...
2024-11-24 12:46:07.123 [info] Getting sessions for all scopes...
2024-11-24 12:46:07.131 [info] Got 1 sessions for read:user,repo,user:email,workflow...
2024-11-24 12:46:07.132 [info] Got 6 sessions for ...
2024-11-24 12:46:14.149 [info] Getting sessions for all scopes...
2024-11-24 12:46:14.149 [info] Getting sessions for all scopes...
2024-11-24 12:46:14.149 [info] Getting sessions for read:user,repo,user:email,workflow...
2024-11-24 12:46:14.149 [info] Got 6 sessions for ...
2024-11-24 12:46:14.149 [info] Got 6 sessions for ...
2024-11-24 12:46:14.149 [info] Got 1 sessions for read:user,repo,user:email,workflow...
2024-11-24 12:46:23.702 [info] Getting sessions for project,read:org,read:user,repo,user:email,workflow...
2024-11-24 12:46:23.704 [info] Got 0 sessions for project,read:org,read:user,repo,user:email,workflow...
2024-11-24 12:46:23.955 [info] Getting sessions for read:user,repo,user:email,workflow...
2024-11-24 12:46:23.955 [info] Got 1 sessions for read:user,repo,user:email,workflow...
2024-11-24 12:46:24.115 [info] Getting sessions for read:user,repo,user:email,workflow...
2024-11-24 12:46:24.115 [info] Got 1 sessions for read:user,repo,user:email,workflow...
2024-11-24 12:46:24.306 [info] Getting sessions for read:user,repo,user:email,workflow...
2024-11-24 12:46:24.306 [info] Got 1 sessions for read:user,repo,user:email,workflow...
2024-11-24 12:46:24.389 [info] Getting sessions for all scopes...
2024-11-24 12:46:24.389 [info] Getting sessions for all scopes...
2024-11-24 12:46:24.389 [info] Got 6 sessions for ...
2024-11-24 12:46:24.389 [info] Got 6 sessions for ...
2024-11-24 12:46:25.179 [info] Getting sessions for read:user,repo,user:email,workflow...
2024-11-24 12:46:25.188 [info] Got 1 sessions for read:user,repo,user:email,workflow...
2024-11-24 12:46:26.687 [info] Getting sessions for read:user,repo,user:email,workflow...
2024-11-24 12:46:26.687 [info] Got 1 sessions for read:user,repo,user:email,workflow...
2024-11-24 13:01:26.120 [info] Getting sessions for all scopes...
2024-11-24 13:01:26.120 [info] Got 6 sessions for ...
2024-11-24 13:01:26.381 [info] Getting sessions for read:user,repo,user:email,workflow...
2024-11-24 13:01:26.381 [info] Got 1 sessions for read:user,repo,user:email,workflow...
2024-11-24 13:01:26.714 [info] Getting sessions for all scopes...
2024-11-24 13:01:26.714 [info] Got 6 sessions for ...
2024-11-24 13:01:26.979 [info] Getting sessions for read:user,repo,user:email,workflow...
2024-11-24 13:01:26.979 [info] Got 1 sessions for read:user,repo,user:email,workflow...
2024-11-24 13:18:26.158 [info] Getting sessions for all scopes...
2024-11-24 13:18:26.159 [info] Got 6 sessions for ...
2024-11-24 13:21:26.080 [info] Getting sessions for read:user,repo,user:email,workflow...
2024-11-24 13:21:26.080 [info] Got 1 sessions for read:user,repo,user:email,workflow...
2024-11-24 13:24:26.092 [info] Getting sessions for all scopes...
2024-11-24 13:24:26.092 [info] Got 6 sessions for ...
2024-11-24 13:27:26.395 [info] Getting sessions for read:user,repo,user:email,workflow...
2024-11-24 13:27:26.395 [info] Got 1 sessions for read:user,repo,user:email,workflow...
