2024-11-17 14:23:54.640 [info] Expanding terminal instance, old id -334c9dba-1 -> new id undefined
2024-11-17 14:24:21.372 [warning] Shell integration cannot be enabled for executable "/bin/sh" and args []
2024-11-17 14:24:21.378 [warning] Shell integration cannot be enabled for executable "/bin/sh" and args []
2024-11-17 14:25:17.157 [warning] Shell integration cannot be enabled for executable "/bin/sh" and args []
2024-11-17 14:31:26.015 [info] Expanding terminal instance, old id 5bd339f1-12 -> new id undefined
2024-11-17 14:31:26.015 [info] Expanding terminal instance, old id 5bd339f1-14 -> new id undefined
2024-11-17 14:31:31.747 [warning] Persistent process "14": Process had no disconnect runners but was an orphan
2024-11-17 14:31:31.747 [info] Persistent process reconnection "14"
2024-11-17 14:31:31.764 [warning] Persistent process "12": Process had no disconnect runners but was an orphan
2024-11-17 14:31:31.764 [info] Persistent process reconnection "12"
2024-11-17 14:31:32.419 [info] Persistent process "14": Replaying 7088 chars and 1 size events
2024-11-17 14:31:32.420 [info] Persistent process "12": Replaying 256 chars and 1 size events
2024-11-17 14:31:41.848 [warning] Shell integration cannot be enabled for executable "/bin/sh" and args []
2024-11-17 15:10:32.901 [info] Expanding terminal instance, old id 5bd339f1-12 -> new id undefined
2024-11-17 15:10:32.902 [info] Expanding terminal instance, old id 5bd339f1-22 -> new id undefined
2024-11-17 15:10:38.741 [warning] Persistent process "22": Process had no disconnect runners but was an orphan
2024-11-17 15:10:38.741 [info] Persistent process reconnection "22"
2024-11-17 15:10:38.741 [warning] Persistent process "12": Process had no disconnect runners but was an orphan
2024-11-17 15:10:38.741 [info] Persistent process reconnection "12"
2024-11-17 15:10:39.368 [info] Persistent process "22": Replaying 2402 chars and 1 size events
2024-11-17 15:10:39.368 [info] Persistent process "12": Replaying 3068 chars and 1 size events
2024-11-17 15:10:48.080 [warning] Shell integration cannot be enabled for executable "/bin/sh" and args []
