2024-11-18 09:37:52.070 [info] [main] ログ レベル: Info
2024-11-18 09:37:52.070 [info] [main] Git の検証が検出されました: "git"
2024-11-18 09:37:52.070 [info] [main] "git" から Git "2.46.2" を使用しています
2024-11-18 09:37:52.070 [info] [Model][doInitialScan] Initial repository scan started
2024-11-18 09:37:52.070 [info] > git rev-parse --show-toplevel [129ms]
2024-11-18 09:37:52.070 [info] > git rev-parse --git-dir --git-common-dir [2ms]
2024-11-18 09:37:52.070 [info] [Model][openRepository] Opened repository: /home/vscode/progate_path/self_introduction_branch/self_introduction
2024-11-18 09:37:52.070 [info] > git rev-parse --show-toplevel [11ms]
2024-11-18 09:37:52.086 [info] [Git][getRemotes] No remotes found in the git config file
2024-11-18 09:37:52.099 [info] > git for-each-ref --format=%(refname)%00%(upstream:short)%00%(objectname)%00%(upstream:track)%00%(upstream:remotename)%00%(upstream:remoteref) refs/heads/main refs/remotes/main [13ms]
2024-11-18 09:37:52.113 [info] > git rev-parse --show-toplevel [38ms]
2024-11-18 09:37:52.230 [info] > git rev-parse --show-toplevel [109ms]
2024-11-18 09:37:52.233 [info] [Model][doInitialScan] Initial repository scan completed - repositories (1), closed repositories (0), parent repositories (0), unsafe repositories (0)
2024-11-18 09:37:53.088 [info] > git status -z -uall [981ms]
2024-11-18 09:37:53.088 [info] > git check-ignore -v -z --stdin [360ms]
2024-11-18 09:37:53.090 [info] > git for-each-ref --sort -committerdate --format %(refname) %(objectname) %(*objectname) [977ms]
2024-11-18 09:37:53.114 [info] > git for-each-ref --format=%(refname)%00%(upstream:short)%00%(objectname)%00%(upstream:track)%00%(upstream:remotename)%00%(upstream:remoteref) refs/heads/main refs/remotes/main [14ms]
2024-11-18 09:37:53.160 [info] > git config --local branch.main.vscode-merge-base [39ms]
2024-11-18 09:37:53.160 [warning] [Git][config] git config failed: Failed to execute git
2024-11-18 09:37:53.171 [info] [Git][getRemotes] No remotes found in the git config file
2024-11-18 09:37:53.181 [info] > git for-each-ref --format=%(refname)%00%(upstream:short)%00%(objectname)%00%(upstream:track)%00%(upstream:remotename)%00%(upstream:remoteref) refs/heads/main refs/remotes/main [10ms]
2024-11-18 09:37:53.191 [info] > git reflog main --grep-reflog=branch: Created from *. [26ms]
2024-11-18 09:37:53.353 [info] > git status -z -uall [168ms]
2024-11-18 09:37:53.354 [info] > git symbolic-ref --short refs/remotes/origin/HEAD [158ms]
2024-11-18 09:37:53.354 [info] fatal: ref refs/remotes/origin/HEAD is not a symbolic ref
2024-11-18 09:37:53.354 [warning] [Repository][getDefaultBranch] Failed to get default branch details: Failed to execute git.
2024-11-18 09:37:53.356 [info] > git for-each-ref --sort -committerdate --format %(refname) %(objectname) %(*objectname) [165ms]
2024-11-18 09:37:57.414 [info] > git config --local branch.main.github-pr-owner-number [28ms]
2024-11-18 09:37:57.414 [warning] [Git][config] git config failed: Failed to execute git
2024-11-18 09:37:57.422 [info] > git config --local branch.main.remote [1ms]
2024-11-18 09:37:57.422 [warning] [Git][config] git config failed: Failed to execute git
2024-11-18 09:37:57.433 [info] > git config --local branch.main.merge [2ms]
2024-11-18 09:37:57.433 [warning] [Git][config] git config failed: Failed to execute git
