2024-11-20 10:42:24.189 [info] Reading sessions from keychain...
2024-11-20 10:42:24.189 [info] Getting sessions for all scopes...
2024-11-20 10:42:24.190 [info] Getting sessions for all scopes...
2024-11-20 10:42:24.192 [info] Getting sessions for user:email...
2024-11-20 10:42:24.192 [info] Got stored sessions!
2024-11-20 10:42:24.192 [info] Got 6 verified sessions.
2024-11-20 10:42:24.192 [info] Got 6 sessions for ...
2024-11-20 10:42:24.193 [info] Got 6 sessions for ...
2024-11-20 10:42:24.193 [info] Got 1 sessions for user:email...
2024-11-20 10:42:25.680 [info] Getting sessions for codespace,read:user,repo,user:email...
2024-11-20 10:42:25.681 [info] Getting sessions for all scopes...
2024-11-20 10:42:25.681 [info] Got 1 sessions for codespace,read:user,repo,user:email...
2024-11-20 10:42:25.681 [info] Got 6 sessions for ...
2024-11-20 10:42:25.889 [info] Getting sessions for all scopes...
2024-11-20 10:42:25.890 [info] Got 6 sessions for ...
2024-11-20 10:42:26.784 [info] Getting sessions for all scopes...
2024-11-20 10:42:26.786 [info] Got 6 sessions for ...
2024-11-20 10:42:27.086 [info] Getting sessions for read:user,repo,user:email,workflow...
2024-11-20 10:42:27.086 [info] Getting sessions for all scopes...
2024-11-20 10:42:27.086 [info] Got 1 sessions for read:user,repo,user:email,workflow...
2024-11-20 10:42:27.087 [info] Got 6 sessions for ...
2024-11-20 10:42:27.504 [info] Getting sessions for all scopes...
2024-11-20 10:42:27.508 [info] Getting sessions for all scopes...
2024-11-20 10:42:27.508 [info] Getting sessions for all scopes...
2024-11-20 10:42:27.508 [info] Got 6 sessions for ...
2024-11-20 10:42:27.509 [info] Got 6 sessions for ...
2024-11-20 10:42:27.510 [info] Got 6 sessions for ...
2024-11-20 10:42:28.153 [info] Getting sessions for project,read:org,read:user,repo,user:email,workflow...
2024-11-20 10:42:28.153 [info] Getting sessions for all scopes...
2024-11-20 10:42:28.153 [info] Got 0 sessions for project,read:org,read:user,repo,user:email,workflow...
2024-11-20 10:42:28.153 [info] Got 6 sessions for ...
2024-11-20 10:42:28.327 [info] Getting sessions for read:user,repo,user:email,workflow...
2024-11-20 10:42:28.327 [info] Got 1 sessions for read:user,repo,user:email,workflow...
2024-11-20 10:42:28.412 [info] Getting sessions for read:user,repo,user:email,workflow...
2024-11-20 10:42:28.412 [info] Got 1 sessions for read:user,repo,user:email,workflow...
2024-11-20 10:42:28.619 [info] Getting sessions for all scopes...
2024-11-20 10:42:28.619 [info] Getting sessions for all scopes...
2024-11-20 10:42:28.619 [info] Got 6 sessions for ...
2024-11-20 10:42:28.619 [info] Got 6 sessions for ...
2024-11-20 10:42:30.850 [info] Getting sessions for read:user,repo,user:email,workflow...
2024-11-20 10:42:30.850 [info] Got 1 sessions for read:user,repo,user:email,workflow...
2024-11-20 10:42:32.480 [info] Getting sessions for read:user,repo,user:email,workflow...
2024-11-20 10:42:32.480 [info] Got 1 sessions for read:user,repo,user:email,workflow...
2024-11-20 10:45:15.385 [info] Getting sessions for read:user,repo,user:email,workflow...
2024-11-20 10:45:15.385 [info] Got 1 sessions for read:user,repo,user:email,workflow...
2024-11-20 10:45:16.286 [info] Getting sessions for read:user,repo,user:email,workflow...
2024-11-20 10:45:16.286 [info] Got 1 sessions for read:user,repo,user:email,workflow...
