2024-11-20 10:42:25.698 [info] [main] ログ レベル: Info
2024-11-20 10:42:25.698 [info] [main] Git の検証が検出されました: "git"
2024-11-20 10:42:25.698 [info] [main] "git" から Git "2.46.2" を使用しています
2024-11-20 10:42:25.698 [info] [Model][doInitialScan] Initial repository scan started
2024-11-20 10:42:25.698 [info] > git rev-parse --show-toplevel [6ms]
2024-11-20 10:42:25.699 [info] fatal: this operation must be run in a work tree
2024-11-20 10:42:25.701 [info] > git rev-parse --show-toplevel [3ms]
2024-11-20 10:42:25.701 [info] fatal: this operation must be run in a work tree
2024-11-20 10:42:25.709 [info] > git rev-parse --show-toplevel [2ms]
2024-11-20 10:42:25.709 [info] fatal: this operation must be run in a work tree
2024-11-20 10:42:25.717 [info] > git rev-parse --show-toplevel [3ms]
2024-11-20 10:42:25.717 [info] fatal: this operation must be run in a work tree
2024-11-20 10:42:25.727 [info] > git rev-parse --show-toplevel [4ms]
2024-11-20 10:42:25.727 [info] fatal: this operation must be run in a work tree
2024-11-20 10:42:25.740 [info] > git rev-parse --show-toplevel [6ms]
2024-11-20 10:42:25.740 [info] fatal: this operation must be run in a work tree
2024-11-20 10:42:25.747 [info] > git rev-parse --show-toplevel [2ms]
2024-11-20 10:42:25.747 [info] fatal: this operation must be run in a work tree
2024-11-20 10:42:25.752 [info] [Model][doInitialScan] Initial repository scan completed - repositories (0), closed repositories (0), parent repositories (0), unsafe repositories (0)
2024-11-20 10:45:14.812 [info] > git rev-parse --show-toplevel [2ms]
2024-11-20 10:45:14.817 [info] > git rev-parse --git-dir --git-common-dir [1ms]
2024-11-20 10:45:14.829 [info] [Model][openRepository] Opened repository: /home/vscode
2024-11-20 10:45:14.845 [info] > git config --get commit.template [6ms]
2024-11-20 10:45:14.846 [info] > git for-each-ref --format=%(refname)%00%(upstream:short)%00%(objectname)%00%(upstream:track)%00%(upstream:remotename)%00%(upstream:remoteref) refs/heads/main refs/remotes/main [2ms]
2024-11-20 10:45:14.859 [info] > git for-each-ref --sort -committerdate --format %(refname) %(objectname) %(*objectname) [4ms]
2024-11-20 10:45:14.948 [info] > git status -z -uall [98ms]
2024-11-20 10:45:14.983 [info] > git for-each-ref --format=%(refname)%00%(upstream:short)%00%(objectname)%00%(upstream:track)%00%(upstream:remotename)%00%(upstream:remoteref) refs/heads/main refs/remotes/main [11ms]
2024-11-20 10:45:14.988 [info] > git config --get commit.template [8ms]
2024-11-20 10:45:14.989 [info] > git config --local branch.main.vscode-merge-base [2ms]
2024-11-20 10:45:14.989 [warning] [Git][config] git config failed: Failed to execute git
2024-11-20 10:45:14.998 [info] > git reflog main --grep-reflog=branch: Created from *. [6ms]
2024-11-20 10:45:15.002 [info] > git for-each-ref --format=%(refname)%00%(upstream:short)%00%(objectname)%00%(upstream:track)%00%(upstream:remotename)%00%(upstream:remoteref) refs/heads/main refs/remotes/main [5ms]
2024-11-20 10:45:15.012 [info] > git symbolic-ref --short refs/remotes/origin/HEAD [10ms]
2024-11-20 10:45:15.012 [info] fatal: ref refs/remotes/origin/HEAD is not a symbolic ref
2024-11-20 10:45:15.012 [warning] [Repository][getDefaultBranch] Failed to get default branch details: Failed to execute git.
2024-11-20 10:45:15.015 [info] > git for-each-ref --sort -committerdate --format %(refname) %(objectname) %(*objectname) [4ms]
2024-11-20 10:45:15.175 [info] > git status -z -uall [169ms]
2024-11-20 10:45:15.564 [info] > git check-ignore -v -z --stdin [74ms]
2024-11-20 10:45:16.191 [info] > git config --local branch.main.github-pr-owner-number [225ms]
2024-11-20 10:45:16.192 [warning] [Git][config] git config failed: Failed to execute git
2024-11-20 10:45:16.218 [info] > git config --local branch.main.remote [19ms]
2024-11-20 10:45:16.218 [warning] [Git][config] git config failed: Failed to execute git
2024-11-20 10:45:16.226 [info] > git config --local branch.main.merge [2ms]
2024-11-20 10:45:16.226 [warning] [Git][config] git config failed: Failed to execute git
2024-11-20 10:45:52.876 [info] > git config --get commit.template [5ms]
2024-11-20 10:45:52.877 [info] > git for-each-ref --format=%(refname)%00%(upstream:short)%00%(objectname)%00%(upstream:track)%00%(upstream:remotename)%00%(upstream:remoteref) refs/heads/main refs/remotes/main [2ms]
2024-11-20 10:45:52.903 [info] > git for-each-ref --sort -committerdate --format %(refname) %(objectname) %(*objectname) [18ms]
2024-11-20 10:45:52.979 [info] > git status -z -uall [98ms]
2024-11-20 10:45:58.860 [info] > git check-ignore -v -z --stdin [5ms]
2024-11-20 10:46:01.141 [info] > git check-ignore -v -z --stdin [3ms]
2024-11-20 10:46:03.009 [info] > git check-ignore -v -z --stdin [3ms]
2024-11-20 10:46:05.341 [info] > git check-ignore -v -z --stdin [4ms]
2024-11-20 10:46:06.233 [info] > git check-ignore -v -z --stdin [4ms]
2024-11-20 10:46:14.332 [info] > git config --get commit.template [5ms]
2024-11-20 10:46:14.333 [info] > git for-each-ref --format=%(refname)%00%(upstream:short)%00%(objectname)%00%(upstream:track)%00%(upstream:remotename)%00%(upstream:remoteref) refs/heads/main refs/remotes/main [2ms]
2024-11-20 10:46:14.343 [info] > git for-each-ref --sort -committerdate --format %(refname) %(objectname) %(*objectname) [2ms]
2024-11-20 10:46:14.418 [info] > git status -z -uall [81ms]
