2024-11-24 12:44:21.074 [warning] /home/vscode/.ssh/config: ENOENT: no such file or directory, open '/home/vscode/.ssh/config'
2024-11-24 12:44:21.074 [info] Activation> Extension version: 0.100.3
2024-11-24 12:44:27.114 [info] Looking for git repository
2024-11-24 12:44:27.114 [info] Found 0 repositories during activation
2024-11-24 12:44:27.114 [info] Git repository found, initializing review manager and pr tree view.
2024-11-24 12:44:27.118 [info] Registering git provider
2024-11-24 12:44:27.118 [info] Review+0> Validate state in progress
2024-11-24 12:44:27.118 [info] Review+0> Validating state...
2024-11-24 12:44:27.118 [info] Review+1> Validate state in progress
2024-11-24 12:44:27.118 [info] Review+1> Validating state...
2024-11-24 12:44:27.276 [info] Found GitHub remote for folder /home/vscode/progate_path/self_introduction_push/self_introduction
2024-11-24 12:44:27.277 [info] Found GitHub remote for folder /home/vscode
2024-11-24 12:44:27.789 [info] Trying to use globalState for assignableUsers.
2024-11-24 12:44:28.022 [info] Trying to use globalState for assignableUsers.
2024-11-24 12:44:28.124 [info] Review+1> No matching pull request metadata found locally for current branch main
2024-11-24 12:44:28.133 [info] Review+0> No matching pull request metadata found locally for current branch branch-a
2024-11-24 12:44:28.180 [info] Review+1> No matching pull request metadata found on GitHub for current branch main
2024-11-24 12:44:28.230 [info] Review+0> No matching pull request metadata found on GitHub for current branch branch-a
2024-11-24 12:44:28.501 [info] Repo state for file:///home/vscode changed.
2024-11-24 12:44:28.502 [info] Repo file:///home/vscode has already been setup.
2024-11-24 12:44:29.181 [info] Repo state for file:///home/vscode/progate_path/self_introduction_push/self_introduction changed.
2024-11-24 12:44:29.182 [info] Repo file:///home/vscode/progate_path/self_introduction_push/self_introduction has already been setup.
2024-11-24 12:44:30.202 [info] Using globalState assignableUsers for 1.
2024-11-24 12:44:30.252 [info] Using globalState assignableUsers for 1.
