2024-11-17 14:25:03.893 [info] Reading sessions from keychain...
2024-11-17 14:25:03.893 [info] Getting sessions for all scopes...
2024-11-17 14:25:03.893 [info] Getting sessions for all scopes...
2024-11-17 14:25:03.893 [info] Getting sessions for user:email...
2024-11-17 14:25:03.897 [info] Got stored sessions!
2024-11-17 14:25:03.897 [info] Got 6 verified sessions.
2024-11-17 14:25:03.897 [info] Got 6 sessions for ...
2024-11-17 14:25:03.898 [info] Got 6 sessions for ...
2024-11-17 14:25:03.898 [info] Got 1 sessions for user:email...
2024-11-17 14:25:04.240 [info] Getting sessions for codespace,read:user,repo,user:email...
2024-11-17 14:25:04.240 [info] Got 1 sessions for codespace,read:user,repo,user:email...
2024-11-17 14:25:04.246 [info] Getting sessions for all scopes...
2024-11-17 14:25:04.246 [info] Got 6 sessions for ...
2024-11-17 14:25:04.595 [info] Getting sessions for all scopes...
2024-11-17 14:25:04.595 [info] Got 6 sessions for ...
2024-11-17 14:25:06.086 [info] Getting sessions for all scopes...
2024-11-17 14:25:06.086 [info] Got 6 sessions for ...
2024-11-17 14:25:06.830 [info] Getting sessions for all scopes...
2024-11-17 14:25:06.830 [info] Got 6 sessions for ...
2024-11-17 14:25:07.180 [info] Getting sessions for all scopes...
2024-11-17 14:25:07.180 [info] Getting sessions for all scopes...
2024-11-17 14:25:07.180 [info] Getting sessions for read:user,repo,user:email,workflow...
2024-11-17 14:25:07.180 [info] Getting sessions for all scopes...
2024-11-17 14:25:07.180 [info] Got 6 sessions for ...
2024-11-17 14:25:07.181 [info] Got 6 sessions for ...
2024-11-17 14:25:07.181 [info] Got 1 sessions for read:user,repo,user:email,workflow...
2024-11-17 14:25:07.181 [info] Got 6 sessions for ...
2024-11-17 14:25:07.434 [info] Getting sessions for all scopes...
2024-11-17 14:25:07.435 [info] Got 6 sessions for ...
2024-11-17 14:25:07.901 [info] Getting sessions for project,read:org,read:user,repo,user:email,workflow...
2024-11-17 14:25:07.901 [info] Got 0 sessions for project,read:org,read:user,repo,user:email,workflow...
2024-11-17 14:25:08.049 [info] Getting sessions for read:user,repo,user:email,workflow...
2024-11-17 14:25:08.049 [info] Got 1 sessions for read:user,repo,user:email,workflow...
2024-11-17 14:25:10.556 [info] Getting sessions for read:user,repo,user:email,workflow...
2024-11-17 14:25:10.556 [info] Got 1 sessions for read:user,repo,user:email,workflow...
2024-11-17 14:25:10.648 [info] Getting sessions for all scopes...
2024-11-17 14:25:10.648 [info] Getting sessions for all scopes...
2024-11-17 14:25:10.648 [info] Got 6 sessions for ...
2024-11-17 14:25:10.648 [info] Got 6 sessions for ...
2024-11-17 14:25:11.468 [info] Getting sessions for read:user,repo,user:email,workflow...
2024-11-17 14:25:11.468 [info] Got 1 sessions for read:user,repo,user:email,workflow...
2024-11-17 14:25:15.249 [info] Getting sessions for read:user,repo,user:email,workflow...
2024-11-17 14:25:15.249 [info] Got 1 sessions for read:user,repo,user:email,workflow...
