2024-11-17 15:10:41.273 [warning] /home/vscode/.ssh/config: ENOENT: no such file or directory, open '/home/vscode/.ssh/config'
2024-11-17 15:10:41.273 [info] Activation> Extension version: 0.100.1
2024-11-17 15:10:43.748 [info] Looking for git repository
2024-11-17 15:10:43.748 [info] Found 0 repositories during activation
2024-11-17 15:10:43.748 [info] Git repository found, initializing review manager and pr tree view.
2024-11-17 15:10:43.751 [info] Registering git provider
2024-11-17 15:10:43.751 [info] Review+0> Validate state in progress
2024-11-17 15:10:43.751 [info] Review+0> Validating state...
2024-11-17 15:10:43.751 [warning] No remotes found. The following remotes are missing: origin, upstream
2024-11-17 15:10:43.751 [info] No GitHub remotes found for folder /home/vscode/progate_path/self_introduction_branch/self_introduction
2024-11-17 15:10:43.787 [info] Review+0> No matching pull request metadata found locally for current branch branch-a
2024-11-17 15:10:43.796 [info] Review+0> No matching pull request metadata found on GitHub for current branch branch-a
2024-11-17 15:10:47.522 [info] Review+0> Validate state in progress
2024-11-17 15:10:47.522 [info] Review+0> Validating state...
2024-11-17 15:10:47.522 [info] Repo state for file:///home/vscode/progate_path/self_introduction_branch/self_introduction changed.
2024-11-17 15:10:47.522 [info] Repo file:///home/vscode/progate_path/self_introduction_branch/self_introduction has already been setup.
2024-11-17 15:10:47.523 [warning] No remotes found. The following remotes are missing: origin, upstream
2024-11-17 15:10:47.523 [info] No GitHub remotes found for folder /home/vscode/progate_path/self_introduction_branch/self_introduction
2024-11-17 15:10:47.534 [info] Review+0> No matching pull request metadata found locally for current branch branch-a
2024-11-17 15:10:47.542 [info] Review+0> No matching pull request metadata found on GitHub for current branch branch-a
2024-11-17 15:11:23.211 [info] Review+0> Validate state in progress
2024-11-17 15:11:23.211 [info] Review+0> Validating state...
2024-11-17 15:11:23.216 [warning] No remotes found. The following remotes are missing: origin, upstream
2024-11-17 15:11:23.216 [info] No GitHub remotes found for folder /home/vscode/progate_path/self_introduction_branch/self_introduction
2024-11-17 15:11:23.231 [info] Review+0> No matching pull request metadata found locally for current branch main
2024-11-17 15:11:23.252 [info] Review+0> No matching pull request metadata found on GitHub for current branch main
