2024-11-18 08:37:17.526 [info] Reading sessions from keychain...
2024-11-18 08:37:17.526 [info] Getting sessions for all scopes...
2024-11-18 08:37:17.526 [info] Getting sessions for all scopes...
2024-11-18 08:37:17.526 [info] Getting sessions for user:email...
2024-11-18 08:37:17.528 [info] Got stored sessions!
2024-11-18 08:37:17.528 [info] Got 6 verified sessions.
2024-11-18 08:37:17.528 [info] Got 6 sessions for ...
2024-11-18 08:37:17.528 [info] Got 6 sessions for ...
2024-11-18 08:37:17.528 [info] Got 1 sessions for user:email...
2024-11-18 08:37:17.619 [info] Getting sessions for codespace,read:user,repo,user:email...
2024-11-18 08:37:17.620 [info] Got 1 sessions for codespace,read:user,repo,user:email...
2024-11-18 08:37:17.719 [info] Getting sessions for all scopes...
2024-11-18 08:37:17.719 [info] Got 6 sessions for ...
2024-11-18 08:37:18.416 [info] Getting sessions for all scopes...
2024-11-18 08:37:18.419 [info] Got 6 sessions for ...
2024-11-18 08:37:18.655 [info] Getting sessions for all scopes...
2024-11-18 08:37:18.656 [info] Got 6 sessions for ...
2024-11-18 08:37:19.332 [info] Getting sessions for all scopes...
2024-11-18 08:37:19.332 [info] Got 6 sessions for ...
2024-11-18 08:37:19.850 [info] Getting sessions for read:user,repo,user:email,workflow...
2024-11-18 08:37:19.850 [info] Getting sessions for all scopes...
2024-11-18 08:37:19.850 [info] Got 1 sessions for read:user,repo,user:email,workflow...
2024-11-18 08:37:19.850 [info] Got 6 sessions for ...
2024-11-18 08:37:20.455 [info] Getting sessions for all scopes...
2024-11-18 08:37:20.455 [info] Got 6 sessions for ...
2024-11-18 08:37:20.555 [info] Getting sessions for all scopes...
2024-11-18 08:37:20.555 [info] Getting sessions for all scopes...
2024-11-18 08:37:20.555 [info] Got 6 sessions for ...
2024-11-18 08:37:20.555 [info] Got 6 sessions for ...
2024-11-18 08:37:21.311 [info] Getting sessions for project,read:org,read:user,repo,user:email,workflow...
2024-11-18 08:37:21.311 [info] Got 0 sessions for project,read:org,read:user,repo,user:email,workflow...
2024-11-18 08:37:23.013 [info] Getting sessions for read:user,repo,user:email,workflow...
2024-11-18 08:37:23.013 [info] Got 1 sessions for read:user,repo,user:email,workflow...
2024-11-18 08:37:23.188 [info] Getting sessions for read:user,repo,user:email,workflow...
2024-11-18 08:37:23.188 [info] Got 1 sessions for read:user,repo,user:email,workflow...
2024-11-18 08:37:23.288 [info] Getting sessions for all scopes...
2024-11-18 08:37:23.288 [info] Getting sessions for all scopes...
2024-11-18 08:37:23.288 [info] Got 6 sessions for ...
2024-11-18 08:37:23.288 [info] Got 6 sessions for ...
2024-11-18 08:37:24.348 [info] Getting sessions for read:user,repo,user:email,workflow...
2024-11-18 08:37:24.348 [info] Got 1 sessions for read:user,repo,user:email,workflow...
2024-11-18 08:37:28.306 [info] Getting sessions for read:user,repo,user:email,workflow...
2024-11-18 08:37:28.306 [info] Got 1 sessions for read:user,repo,user:email,workflow...
2024-11-18 08:54:15.317 [info] Getting sessions for all scopes...
2024-11-18 08:54:15.317 [info] Got 6 sessions for ...
2024-11-18 08:57:15.320 [info] Getting sessions for read:user,repo,user:email,workflow...
2024-11-18 08:57:15.320 [info] Got 1 sessions for read:user,repo,user:email,workflow...
2024-11-18 09:00:15.312 [info] Getting sessions for all scopes...
2024-11-18 09:00:15.312 [info] Got 6 sessions for ...
2024-11-18 09:03:15.310 [info] Getting sessions for read:user,repo,user:email,workflow...
2024-11-18 09:03:15.310 [info] Got 1 sessions for read:user,repo,user:email,workflow...
