2024-11-17 12:32:21.293 [info] Reading sessions from keychain...
2024-11-17 12:32:21.294 [info] Getting sessions for all scopes...
2024-11-17 12:32:21.294 [info] Getting sessions for all scopes...
2024-11-17 12:32:21.294 [info] Getting sessions for user:email...
2024-11-17 12:32:21.294 [info] Got stored sessions!
2024-11-17 12:32:21.294 [info] Got 6 verified sessions.
2024-11-17 12:32:21.295 [info] Got 6 sessions for ...
2024-11-17 12:32:21.295 [info] Got 6 sessions for ...
2024-11-17 12:32:21.295 [info] Got 1 sessions for user:email...
2024-11-17 12:32:21.437 [info] Getting sessions for codespace,read:user,repo,user:email...
2024-11-17 12:32:21.437 [info] Got 1 sessions for codespace,read:user,repo,user:email...
2024-11-17 12:32:21.441 [info] Getting sessions for all scopes...
2024-11-17 12:32:21.441 [info] Got 6 sessions for ...
2024-11-17 12:32:21.721 [info] Getting sessions for all scopes...
2024-11-17 12:32:21.722 [info] Got 6 sessions for ...
2024-11-17 12:32:22.474 [info] Getting sessions for all scopes...
2024-11-17 12:32:22.474 [info] Got 6 sessions for ...
2024-11-17 12:32:22.663 [info] Getting sessions for all scopes...
2024-11-17 12:32:22.663 [info] Got 6 sessions for ...
2024-11-17 12:32:23.162 [info] Getting sessions for all scopes...
2024-11-17 12:32:23.163 [info] Got 6 sessions for ...
2024-11-17 12:32:23.918 [info] Getting sessions for read:user,repo,user:email,workflow...
2024-11-17 12:32:23.918 [info] Getting sessions for all scopes...
2024-11-17 12:32:23.918 [info] Getting sessions for all scopes...
2024-11-17 12:32:23.919 [info] Getting sessions for all scopes...
2024-11-17 12:32:23.919 [info] Got 1 sessions for read:user,repo,user:email,workflow...
2024-11-17 12:32:23.919 [info] Got 6 sessions for ...
2024-11-17 12:32:23.919 [info] Got 6 sessions for ...
2024-11-17 12:32:23.920 [info] Got 6 sessions for ...
2024-11-17 12:32:24.200 [info] Getting sessions for read:user,repo,user:email,workflow...
2024-11-17 12:32:24.200 [info] Got 1 sessions for read:user,repo,user:email,workflow...
2024-11-17 12:32:24.589 [info] Getting sessions for project,read:org,read:user,repo,user:email,workflow...
2024-11-17 12:32:24.589 [info] Got 0 sessions for project,read:org,read:user,repo,user:email,workflow...
2024-11-17 12:32:24.778 [info] Getting sessions for read:user,repo,user:email,workflow...
2024-11-17 12:32:24.778 [info] Got 1 sessions for read:user,repo,user:email,workflow...
2024-11-17 12:32:24.952 [info] Getting sessions for read:user,repo,user:email,workflow...
2024-11-17 12:32:24.952 [info] Got 1 sessions for read:user,repo,user:email,workflow...
2024-11-17 12:32:25.038 [info] Getting sessions for all scopes...
2024-11-17 12:32:25.038 [info] Getting sessions for all scopes...
2024-11-17 12:32:25.038 [info] Got 6 sessions for ...
2024-11-17 12:32:25.038 [info] Got 6 sessions for ...
2024-11-17 12:32:26.943 [info] Getting sessions for read:user,repo,user:email,workflow...
2024-11-17 12:32:26.943 [info] Got 1 sessions for read:user,repo,user:email,workflow...
2024-11-17 12:32:30.538 [info] Getting sessions for read:user,repo,user:email,workflow...
2024-11-17 12:32:30.538 [info] Got 1 sessions for read:user,repo,user:email,workflow...
2024-11-17 12:47:28.336 [info] Getting sessions for all scopes...
2024-11-17 12:47:28.336 [info] Got 6 sessions for ...
2024-11-17 12:47:28.602 [info] Getting sessions for read:user,repo,user:email,workflow...
2024-11-17 12:47:28.602 [info] Got 1 sessions for read:user,repo,user:email,workflow...
2024-11-17 12:47:28.955 [info] Getting sessions for all scopes...
2024-11-17 12:47:28.955 [info] Got 6 sessions for ...
2024-11-17 12:47:29.363 [info] Getting sessions for read:user,repo,user:email,workflow...
2024-11-17 12:47:29.363 [info] Got 1 sessions for read:user,repo,user:email,workflow...
2024-11-17 13:02:29.999 [info] Getting sessions for all scopes...
2024-11-17 13:02:29.999 [info] Got 6 sessions for ...
2024-11-17 13:02:30.256 [info] Getting sessions for read:user,repo,user:email,workflow...
2024-11-17 13:02:30.257 [info] Got 1 sessions for read:user,repo,user:email,workflow...
2024-11-17 13:02:30.512 [info] Getting sessions for all scopes...
2024-11-17 13:02:30.512 [info] Got 6 sessions for ...
2024-11-17 13:02:30.766 [info] Getting sessions for read:user,repo,user:email,workflow...
2024-11-17 13:02:30.767 [info] Got 1 sessions for read:user,repo,user:email,workflow...
