2024-11-20 05:43:31.189 [info] Reading sessions from keychain...
2024-11-20 05:43:31.190 [info] Getting sessions for all scopes...
2024-11-20 05:43:31.190 [info] Getting sessions for all scopes...
2024-11-20 05:43:31.190 [info] Getting sessions for user:email...
2024-11-20 05:43:31.190 [info] Got stored sessions!
2024-11-20 05:43:31.190 [info] Got 6 verified sessions.
2024-11-20 05:43:31.190 [info] Got 6 sessions for ...
2024-11-20 05:43:31.190 [info] Got 6 sessions for ...
2024-11-20 05:43:31.190 [info] Got 1 sessions for user:email...
2024-11-20 05:43:31.386 [info] Getting sessions for codespace,read:user,repo,user:email...
2024-11-20 05:43:31.387 [info] Got 1 sessions for codespace,read:user,repo,user:email...
2024-11-20 05:43:31.389 [info] Getting sessions for all scopes...
2024-11-20 05:43:31.389 [info] Got 6 sessions for ...
2024-11-20 05:43:31.601 [info] Getting sessions for all scopes...
2024-11-20 05:43:31.602 [info] Got 6 sessions for ...
2024-11-20 05:43:32.631 [info] Getting sessions for all scopes...
2024-11-20 05:43:32.632 [info] Got 6 sessions for ...
2024-11-20 05:43:32.834 [info] Getting sessions for all scopes...
2024-11-20 05:43:32.834 [info] Got 6 sessions for ...
2024-11-20 05:43:33.196 [info] Getting sessions for all scopes...
2024-11-20 05:43:33.196 [info] Got 6 sessions for ...
2024-11-20 05:43:33.642 [info] Getting sessions for read:user,repo,user:email,workflow...
2024-11-20 05:43:33.643 [info] Getting sessions for all scopes...
2024-11-20 05:43:33.643 [info] Got 1 sessions for read:user,repo,user:email,workflow...
2024-11-20 05:43:33.643 [info] Got 6 sessions for ...
2024-11-20 05:43:34.209 [info] Getting sessions for all scopes...
2024-11-20 05:43:34.209 [info] Getting sessions for all scopes...
2024-11-20 05:43:34.209 [info] Got 6 sessions for ...
2024-11-20 05:43:34.209 [info] Got 6 sessions for ...
2024-11-20 05:43:34.752 [info] Getting sessions for project,read:org,read:user,repo,user:email,workflow...
2024-11-20 05:43:34.752 [info] Got 0 sessions for project,read:org,read:user,repo,user:email,workflow...
2024-11-20 05:43:34.837 [info] Getting sessions for read:user,repo,user:email,workflow...
2024-11-20 05:43:34.837 [info] Got 1 sessions for read:user,repo,user:email,workflow...
2024-11-20 05:43:36.384 [info] Getting sessions for read:user,repo,user:email,workflow...
2024-11-20 05:43:36.384 [info] Got 1 sessions for read:user,repo,user:email,workflow...
2024-11-20 05:43:36.468 [info] Getting sessions for all scopes...
2024-11-20 05:43:36.468 [info] Getting sessions for all scopes...
2024-11-20 05:43:36.468 [info] Got 6 sessions for ...
2024-11-20 05:43:36.468 [info] Got 6 sessions for ...
2024-11-20 05:43:37.129 [info] Getting sessions for read:user,repo,user:email,workflow...
2024-11-20 05:43:37.129 [info] Got 1 sessions for read:user,repo,user:email,workflow...
2024-11-20 05:43:40.035 [info] Getting sessions for read:user,repo,user:email,workflow...
2024-11-20 05:43:40.036 [info] Got 1 sessions for read:user,repo,user:email,workflow...
