2024-11-18 09:37:49.172 [info] Reading sessions from keychain...
2024-11-18 09:37:49.172 [info] Getting sessions for all scopes...
2024-11-18 09:37:49.172 [info] Getting sessions for all scopes...
2024-11-18 09:37:49.172 [info] Getting sessions for user:email...
2024-11-18 09:37:49.175 [info] Got stored sessions!
2024-11-18 09:37:49.175 [info] Got 6 verified sessions.
2024-11-18 09:37:49.180 [info] Got 6 sessions for ...
2024-11-18 09:37:49.180 [info] Got 6 sessions for ...
2024-11-18 09:37:49.180 [info] Got 1 sessions for user:email...
2024-11-18 09:37:49.587 [info] Getting sessions for codespace,read:user,repo,user:email...
2024-11-18 09:37:49.587 [info] Got 1 sessions for codespace,read:user,repo,user:email...
2024-11-18 09:37:49.765 [info] Getting sessions for all scopes...
2024-11-18 09:37:49.765 [info] Got 6 sessions for ...
2024-11-18 09:37:51.901 [info] Getting sessions for all scopes...
2024-11-18 09:37:51.901 [info] Got 6 sessions for ...
2024-11-18 09:37:52.122 [info] Getting sessions for all scopes...
2024-11-18 09:37:52.123 [info] Got 6 sessions for ...
2024-11-18 09:37:52.730 [info] Getting sessions for all scopes...
2024-11-18 09:37:52.731 [info] Got 6 sessions for ...
2024-11-18 09:37:53.223 [info] Getting sessions for read:user,repo,user:email,workflow...
2024-11-18 09:37:53.223 [info] Getting sessions for all scopes...
2024-11-18 09:37:53.224 [info] Getting sessions for all scopes...
2024-11-18 09:37:53.224 [info] Getting sessions for all scopes...
2024-11-18 09:37:53.224 [info] Got 1 sessions for read:user,repo,user:email,workflow...
2024-11-18 09:37:53.227 [info] Got 6 sessions for ...
2024-11-18 09:37:53.227 [info] Got 6 sessions for ...
2024-11-18 09:37:53.227 [info] Got 6 sessions for ...
2024-11-18 09:37:53.455 [info] Getting sessions for all scopes...
2024-11-18 09:37:53.455 [info] Got 6 sessions for ...
2024-11-18 09:37:53.856 [info] Getting sessions for project,read:org,read:user,repo,user:email,workflow...
2024-11-18 09:37:53.856 [info] Got 0 sessions for project,read:org,read:user,repo,user:email,workflow...
2024-11-18 09:37:53.948 [info] Getting sessions for read:user,repo,user:email,workflow...
2024-11-18 09:37:53.948 [info] Got 1 sessions for read:user,repo,user:email,workflow...
2024-11-18 09:37:56.488 [info] Getting sessions for read:user,repo,user:email,workflow...
2024-11-18 09:37:56.488 [info] Got 1 sessions for read:user,repo,user:email,workflow...
2024-11-18 09:37:56.577 [info] Getting sessions for all scopes...
2024-11-18 09:37:56.577 [info] Getting sessions for all scopes...
2024-11-18 09:37:56.577 [info] Got 6 sessions for ...
2024-11-18 09:37:56.577 [info] Got 6 sessions for ...
2024-11-18 09:37:57.386 [info] Getting sessions for read:user,repo,user:email,workflow...
2024-11-18 09:37:57.386 [info] Got 1 sessions for read:user,repo,user:email,workflow...
2024-11-18 09:38:02.202 [info] Getting sessions for read:user,repo,user:email,workflow...
2024-11-18 09:38:02.202 [info] Got 1 sessions for read:user,repo,user:email,workflow...
2024-11-18 09:54:15.343 [info] Getting sessions for all scopes...
2024-11-18 09:54:15.343 [info] Got 6 sessions for ...
2024-11-18 09:57:15.348 [info] Getting sessions for read:user,repo,user:email,workflow...
2024-11-18 09:57:15.348 [info] Got 1 sessions for read:user,repo,user:email,workflow...
