2024-11-17 13:29:36.538 [info] Reading sessions from keychain...
2024-11-17 13:29:36.538 [info] Getting sessions for all scopes...
2024-11-17 13:29:36.538 [info] Getting sessions for all scopes...
2024-11-17 13:29:36.538 [info] Getting sessions for user:email...
2024-11-17 13:29:36.538 [info] Got stored sessions!
2024-11-17 13:29:36.538 [info] Got 6 verified sessions.
2024-11-17 13:29:36.538 [info] Got 6 sessions for ...
2024-11-17 13:29:36.538 [info] Got 6 sessions for ...
2024-11-17 13:29:36.538 [info] Got 1 sessions for user:email...
2024-11-17 13:29:36.617 [info] Getting sessions for codespace,read:user,repo,user:email...
2024-11-17 13:29:36.617 [info] Got 1 sessions for codespace,read:user,repo,user:email...
2024-11-17 13:29:36.622 [info] Getting sessions for all scopes...
2024-11-17 13:29:36.622 [info] Got 6 sessions for ...
2024-11-17 13:29:36.774 [info] Getting sessions for all scopes...
2024-11-17 13:29:36.774 [info] Got 6 sessions for ...
2024-11-17 13:29:36.947 [info] Getting sessions for all scopes...
2024-11-17 13:29:36.947 [info] Got 6 sessions for ...
2024-11-17 13:29:38.065 [info] Getting sessions for all scopes...
2024-11-17 13:29:38.065 [info] Got 6 sessions for ...
2024-11-17 13:29:38.206 [info] Getting sessions for all scopes...
2024-11-17 13:29:38.207 [info] Got 6 sessions for ...
2024-11-17 13:29:38.676 [info] Getting sessions for all scopes...
2024-11-17 13:29:38.676 [info] Got 6 sessions for ...
2024-11-17 13:29:38.879 [info] Getting sessions for read:user,repo,user:email,workflow...
2024-11-17 13:29:38.880 [info] Got 1 sessions for read:user,repo,user:email,workflow...
2024-11-17 13:29:39.001 [info] Getting sessions for all scopes...
2024-11-17 13:29:39.002 [info] Getting sessions for all scopes...
2024-11-17 13:29:39.002 [info] Got 6 sessions for ...
2024-11-17 13:29:39.002 [info] Got 6 sessions for ...
2024-11-17 13:29:39.427 [info] Getting sessions for project,read:org,read:user,repo,user:email,workflow...
2024-11-17 13:29:39.427 [info] Got 0 sessions for project,read:org,read:user,repo,user:email,workflow...
2024-11-17 13:29:39.611 [info] Getting sessions for read:user,repo,user:email,workflow...
2024-11-17 13:29:39.611 [info] Got 1 sessions for read:user,repo,user:email,workflow...
2024-11-17 13:29:39.696 [info] Getting sessions for read:user,repo,user:email,workflow...
2024-11-17 13:29:39.696 [info] Got 1 sessions for read:user,repo,user:email,workflow...
2024-11-17 13:29:41.111 [info] Getting sessions for all scopes...
2024-11-17 13:29:41.111 [info] Getting sessions for all scopes...
2024-11-17 13:29:41.111 [info] Got 6 sessions for ...
2024-11-17 13:29:41.111 [info] Got 6 sessions for ...
2024-11-17 13:29:41.658 [info] Getting sessions for read:user,repo,user:email,workflow...
2024-11-17 13:29:41.658 [info] Got 1 sessions for read:user,repo,user:email,workflow...
2024-11-17 13:29:44.505 [info] Getting sessions for read:user,repo,user:email,workflow...
2024-11-17 13:29:44.506 [info] Got 1 sessions for read:user,repo,user:email,workflow...
2024-11-17 13:44:42.595 [info] Getting sessions for all scopes...
2024-11-17 13:44:42.595 [info] Got 6 sessions for ...
2024-11-17 13:44:42.851 [info] Getting sessions for read:user,repo,user:email,workflow...
2024-11-17 13:44:42.851 [info] Got 1 sessions for read:user,repo,user:email,workflow...
2024-11-17 13:44:43.111 [info] Getting sessions for all scopes...
2024-11-17 13:44:43.111 [info] Got 6 sessions for ...
2024-11-17 13:44:43.367 [info] Getting sessions for read:user,repo,user:email,workflow...
2024-11-17 13:44:43.367 [info] Got 1 sessions for read:user,repo,user:email,workflow...
2024-11-17 13:59:43.939 [info] Getting sessions for all scopes...
2024-11-17 13:59:43.939 [info] Got 6 sessions for ...
2024-11-17 13:59:44.199 [info] Getting sessions for read:user,repo,user:email,workflow...
2024-11-17 13:59:44.200 [info] Got 1 sessions for read:user,repo,user:email,workflow...
2024-11-17 13:59:44.458 [info] Getting sessions for all scopes...
2024-11-17 13:59:44.458 [info] Got 6 sessions for ...
2024-11-17 13:59:44.716 [info] Getting sessions for read:user,repo,user:email,workflow...
2024-11-17 13:59:44.716 [info] Got 1 sessions for read:user,repo,user:email,workflow...
