2024-11-17 14:23:55.776 [info] Reading sessions from keychain...
2024-11-17 14:23:55.777 [info] Getting sessions for all scopes...
2024-11-17 14:23:55.777 [info] Getting sessions for all scopes...
2024-11-17 14:23:55.777 [info] Getting sessions for user:email...
2024-11-17 14:23:55.794 [info] Got stored sessions!
2024-11-17 14:23:55.795 [info] Got 6 verified sessions.
2024-11-17 14:23:55.795 [info] Got 6 sessions for ...
2024-11-17 14:23:55.795 [info] Got 6 sessions for ...
2024-11-17 14:23:55.795 [info] Got 1 sessions for user:email...
2024-11-17 14:23:55.857 [info] Getting sessions for codespace,read:user,repo,user:email...
2024-11-17 14:23:55.857 [info] Got 1 sessions for codespace,read:user,repo,user:email...
2024-11-17 14:23:55.884 [info] Getting sessions for all scopes...
2024-11-17 14:23:55.884 [info] Got 6 sessions for ...
2024-11-17 14:23:55.975 [info] Getting sessions for all scopes...
2024-11-17 14:23:55.975 [info] Got 6 sessions for ...
2024-11-17 14:23:56.230 [info] Getting sessions for all scopes...
2024-11-17 14:23:56.230 [info] Got 6 sessions for ...
2024-11-17 14:23:59.550 [info] Getting sessions for all scopes...
2024-11-17 14:23:59.552 [info] Got 6 sessions for ...
2024-11-17 14:23:59.744 [info] Getting sessions for all scopes...
2024-11-17 14:23:59.744 [info] Got 6 sessions for ...
2024-11-17 14:24:00.149 [info] Getting sessions for all scopes...
2024-11-17 14:24:00.149 [info] Got 6 sessions for ...
2024-11-17 14:24:00.344 [info] Getting sessions for read:user,repo,user:email,workflow...
2024-11-17 14:24:00.345 [info] Got 1 sessions for read:user,repo,user:email,workflow...
2024-11-17 14:24:04.143 [info] Getting sessions for all scopes...
2024-11-17 14:24:04.143 [info] Getting sessions for all scopes...
2024-11-17 14:24:04.143 [info] Got 6 sessions for ...
2024-11-17 14:24:04.143 [info] Got 6 sessions for ...
2024-11-17 14:24:05.295 [info] Getting sessions for project,read:org,read:user,repo,user:email,workflow...
2024-11-17 14:24:05.295 [info] Got 0 sessions for project,read:org,read:user,repo,user:email,workflow...
2024-11-17 14:24:05.381 [info] Getting sessions for read:user,repo,user:email,workflow...
2024-11-17 14:24:05.381 [info] Got 1 sessions for read:user,repo,user:email,workflow...
2024-11-17 14:24:10.482 [info] Getting sessions for read:user,repo,user:email,workflow...
2024-11-17 14:24:10.482 [info] Got 1 sessions for read:user,repo,user:email,workflow...
2024-11-17 14:24:10.598 [info] Getting sessions for all scopes...
2024-11-17 14:24:10.598 [info] Getting sessions for all scopes...
2024-11-17 14:24:10.598 [info] Got 6 sessions for ...
2024-11-17 14:24:10.598 [info] Got 6 sessions for ...
2024-11-17 14:24:12.221 [info] Getting sessions for read:user,repo,user:email,workflow...
2024-11-17 14:24:12.221 [info] Got 1 sessions for read:user,repo,user:email,workflow...
2024-11-17 14:24:19.467 [info] Getting sessions for read:user,repo,user:email,workflow...
2024-11-17 14:24:19.468 [info] Got 1 sessions for read:user,repo,user:email,workflow...
2024-11-17 14:41:12.000 [info] Getting sessions for all scopes...
2024-11-17 14:41:12.000 [info] Got 6 sessions for ...
2024-11-17 14:44:12.012 [info] Getting sessions for read:user,repo,user:email,workflow...
2024-11-17 14:44:12.012 [info] Got 1 sessions for read:user,repo,user:email,workflow...
2024-11-17 14:47:12.014 [info] Getting sessions for all scopes...
2024-11-17 14:47:12.014 [info] Got 6 sessions for ...
2024-11-17 14:50:12.003 [info] Getting sessions for read:user,repo,user:email,workflow...
2024-11-17 14:50:12.003 [info] Got 1 sessions for read:user,repo,user:email,workflow...
2024-11-17 15:08:12.008 [info] Getting sessions for all scopes...
2024-11-17 15:08:12.008 [info] Got 6 sessions for ...
2024-11-17 15:11:12.024 [info] Getting sessions for read:user,repo,user:email,workflow...
2024-11-17 15:11:12.026 [info] Got 1 sessions for read:user,repo,user:email,workflow...
2024-11-17 15:14:12.013 [info] Getting sessions for all scopes...
2024-11-17 15:14:12.013 [info] Got 6 sessions for ...
2024-11-17 15:17:12.030 [info] Getting sessions for read:user,repo,user:email,workflow...
2024-11-17 15:17:12.030 [info] Got 1 sessions for read:user,repo,user:email,workflow...
