2024-11-20 05:43:32.806 [info] [main] ログ レベル: Info
2024-11-20 05:43:32.806 [info] [main] Git の検証が検出されました: "git"
2024-11-20 05:43:32.806 [info] [main] "git" から Git "2.46.2" を使用しています
2024-11-20 05:43:32.806 [info] [Model][doInitialScan] Initial repository scan started
2024-11-20 05:43:32.806 [info] > git rev-parse --show-toplevel [151ms]
2024-11-20 05:43:32.806 [info] fatal: this operation must be run in a work tree
2024-11-20 05:43:32.952 [info] > git rev-parse --show-toplevel [147ms]
2024-11-20 05:43:32.952 [info] fatal: this operation must be run in a work tree
2024-11-20 05:43:32.963 [info] > git rev-parse --show-toplevel [3ms]
2024-11-20 05:43:32.963 [info] fatal: this operation must be run in a work tree
2024-11-20 05:43:32.977 [info] > git rev-parse --show-toplevel [7ms]
2024-11-20 05:43:32.977 [info] fatal: this operation must be run in a work tree
2024-11-20 05:43:32.988 [info] > git rev-parse --show-toplevel [3ms]
2024-11-20 05:43:32.988 [info] fatal: this operation must be run in a work tree
2024-11-20 05:43:32.997 [info] > git rev-parse --show-toplevel [3ms]
2024-11-20 05:43:32.997 [info] fatal: this operation must be run in a work tree
2024-11-20 05:43:33.005 [info] > git rev-parse --show-toplevel [2ms]
2024-11-20 05:43:33.005 [info] fatal: this operation must be run in a work tree
2024-11-20 05:43:33.007 [info] [Model][doInitialScan] Initial repository scan completed - repositories (0), closed repositories (0), parent repositories (0), unsafe repositories (0)
2024-11-20 05:44:05.623 [info] > git rev-parse --show-toplevel [2ms]
2024-11-20 05:44:10.365 [info] > git rev-parse --show-toplevel [1ms]
2024-11-20 05:44:10.371 [info] > git rev-parse --git-dir --git-common-dir [2ms]
2024-11-20 05:44:10.383 [info] [Model][openRepository] Opened repository: /home/vscode
2024-11-20 05:44:10.402 [info] [Git][getRemotes] No remotes found in the git config file
2024-11-20 05:44:10.403 [info] > git config --get commit.template [7ms]
2024-11-20 05:44:10.404 [info] > git for-each-ref --format=%(refname)%00%(upstream:short)%00%(objectname)%00%(upstream:track)%00%(upstream:remotename)%00%(upstream:remoteref) refs/heads/main refs/remotes/main [3ms]
2024-11-20 05:44:10.422 [info] > git for-each-ref --sort -committerdate --format %(refname) %(objectname) %(*objectname) [5ms]
2024-11-20 05:44:11.041 [info] > git check-ignore -v -z --stdin [12ms]
2024-11-20 05:44:12.770 [info] > git status -z -uall [2360ms]
2024-11-20 05:44:12.827 [info] > git for-each-ref --format=%(refname)%00%(upstream:short)%00%(objectname)%00%(upstream:track)%00%(upstream:remotename)%00%(upstream:remoteref) refs/heads/main refs/remotes/main [22ms]
2024-11-20 05:44:12.836 [info] > git config --get commit.template [11ms]
2024-11-20 05:44:12.836 [info] > git config --local branch.main.github-pr-owner-number [19ms]
2024-11-20 05:44:12.836 [warning] [Git][config] git config failed: Failed to execute git
2024-11-20 05:44:12.846 [info] > git config --local branch.main.vscode-merge-base [12ms]
2024-11-20 05:44:12.846 [warning] [Git][config] git config failed: Failed to execute git
2024-11-20 05:44:12.861 [info] [Git][getRemotes] No remotes found in the git config file
2024-11-20 05:44:12.862 [info] > git config --local branch.main.remote [17ms]
2024-11-20 05:44:12.862 [warning] [Git][config] git config failed: Failed to execute git
2024-11-20 05:44:12.871 [info] > git for-each-ref --format=%(refname)%00%(upstream:short)%00%(objectname)%00%(upstream:track)%00%(upstream:remotename)%00%(upstream:remoteref) refs/heads/main refs/remotes/main [10ms]
2024-11-20 05:44:12.894 [info] > git reflog main --grep-reflog=branch: Created from *. [41ms]
2024-11-20 05:44:13.128 [info] > git symbolic-ref --short refs/remotes/origin/HEAD [210ms]
2024-11-20 05:44:13.128 [info] fatal: ref refs/remotes/origin/HEAD is not a symbolic ref
2024-11-20 05:44:13.128 [warning] [Repository][getDefaultBranch] Failed to get default branch details: Failed to execute git.
2024-11-20 05:44:13.129 [info] > git for-each-ref --sort -committerdate --format %(refname) %(objectname) %(*objectname) [235ms]
2024-11-20 05:44:13.130 [info] > git config --local branch.main.merge [260ms]
2024-11-20 05:44:13.130 [warning] [Git][config] git config failed: Failed to execute git
2024-11-20 05:44:13.166 [info] > git status -z -uall [285ms]
2024-11-20 05:47:27.043 [info] [Git][getRemotes] No remotes found in the git config file
2024-11-20 05:47:27.044 [info] > git config --get commit.template [6ms]
2024-11-20 05:47:27.045 [info] > git for-each-ref --format=%(refname)%00%(upstream:short)%00%(objectname)%00%(upstream:track)%00%(upstream:remotename)%00%(upstream:remoteref) refs/heads/main refs/remotes/main [2ms]
2024-11-20 05:47:27.088 [info] > git for-each-ref --sort -committerdate --format %(refname) %(objectname) %(*objectname) [9ms]
2024-11-20 05:47:27.161 [info] > git status -z -uall [110ms]
2024-11-20 05:47:27.176 [info] > git config --local branch.main.github-pr-owner-number [3ms]
2024-11-20 05:47:27.176 [warning] [Git][config] git config failed: Failed to execute git
2024-11-20 05:47:27.183 [info] > git config --local branch.main.remote [2ms]
2024-11-20 05:47:27.183 [warning] [Git][config] git config failed: Failed to execute git
2024-11-20 05:47:27.190 [info] > git config --local branch.main.merge [2ms]
2024-11-20 05:47:27.190 [warning] [Git][config] git config failed: Failed to execute git
