2024-11-24 12:41:26.367 [info] Reading sessions from keychain...
2024-11-24 12:41:26.368 [info] Getting sessions for all scopes...
2024-11-24 12:41:26.368 [info] Getting sessions for all scopes...
2024-11-24 12:41:26.368 [info] Getting sessions for user:email...
2024-11-24 12:41:26.368 [info] Got stored sessions!
2024-11-24 12:41:26.368 [info] Got 6 verified sessions.
2024-11-24 12:41:26.368 [info] Got 6 sessions for ...
2024-11-24 12:41:26.368 [info] Got 6 sessions for ...
2024-11-24 12:41:26.368 [info] Got 1 sessions for user:email...
2024-11-24 12:41:26.464 [info] Getting sessions for codespace,read:user,repo,user:email...
2024-11-24 12:41:26.464 [info] Got 1 sessions for codespace,read:user,repo,user:email...
2024-11-24 12:41:26.465 [info] Getting sessions for all scopes...
2024-11-24 12:41:26.465 [info] Got 6 sessions for ...
2024-11-24 12:41:26.551 [info] Getting sessions for all scopes...
2024-11-24 12:41:26.551 [info] Got 6 sessions for ...
2024-11-24 12:41:28.838 [info] Getting sessions for all scopes...
2024-11-24 12:41:28.838 [info] Got 6 sessions for ...
2024-11-24 12:41:29.027 [info] Getting sessions for all scopes...
2024-11-24 12:41:29.027 [info] Got 6 sessions for ...
2024-11-24 12:41:29.156 [info] Getting sessions for all scopes...
2024-11-24 12:41:29.156 [info] Got 6 sessions for ...
2024-11-24 12:41:29.992 [info] Getting sessions for read:user,repo,user:email,workflow...
2024-11-24 12:41:29.992 [info] Getting sessions for all scopes...
2024-11-24 12:41:29.993 [info] Got 1 sessions for read:user,repo,user:email,workflow...
2024-11-24 12:41:29.993 [info] Got 6 sessions for ...
2024-11-24 12:41:31.738 [info] Getting sessions for all scopes...
2024-11-24 12:41:31.738 [info] Getting sessions for all scopes...
2024-11-24 12:41:31.740 [info] Got 6 sessions for ...
2024-11-24 12:41:31.740 [info] Got 6 sessions for ...
2024-11-24 12:41:41.309 [info] Getting sessions for read:user,repo,user:email,workflow...
2024-11-24 12:41:41.337 [info] Got 1 sessions for read:user,repo,user:email,workflow...
2024-11-24 12:41:48.448 [info] Getting sessions for project,read:org,read:user,repo,user:email,workflow...
2024-11-24 12:41:48.448 [info] Got 0 sessions for project,read:org,read:user,repo,user:email,workflow...
2024-11-24 12:41:48.641 [info] Getting sessions for read:user,repo,user:email,workflow...
2024-11-24 12:41:48.642 [info] Got 1 sessions for read:user,repo,user:email,workflow...
2024-11-24 12:41:49.038 [info] Getting sessions for read:user,repo,user:email,workflow...
2024-11-24 12:41:49.038 [info] Got 1 sessions for read:user,repo,user:email,workflow...
2024-11-24 12:41:49.126 [info] Getting sessions for all scopes...
2024-11-24 12:41:49.126 [info] Getting sessions for all scopes...
2024-11-24 12:41:49.126 [info] Got 6 sessions for ...
2024-11-24 12:41:49.126 [info] Got 6 sessions for ...
2024-11-24 12:41:49.204 [info] Getting sessions for read:user,repo,user:email,workflow...
2024-11-24 12:41:49.204 [info] Got 1 sessions for read:user,repo,user:email,workflow...
2024-11-24 12:41:50.989 [info] Getting sessions for read:user,repo,user:email,workflow...
2024-11-24 12:41:50.989 [info] Got 1 sessions for read:user,repo,user:email,workflow...
2024-11-24 12:41:52.909 [info] Getting sessions for read:user,repo,user:email,workflow...
2024-11-24 12:41:52.909 [info] Got 1 sessions for read:user,repo,user:email,workflow...
